digraph mygraph {
  node [shape=box];
  "//:test_math_helpers (6953f50)"
  "//:test_math_helpers (6953f50)" -> "//:gemmlowp_test_headers (4e67ca8)"
  "//:test_math_helpers (6953f50)" -> "//:test/test_math_helpers.cc (null)"
  "//:test_math_helpers (6953f50)" -> "@local_config_cc//:cc-compiler-k8 (4e67ca8)"
  "//:test_fixedpoint (6953f50)"
  "//:test_fixedpoint (6953f50)" -> "//:gemmlowp_test_headers (4e67ca8)"
  "//:test_fixedpoint (6953f50)" -> "//:test/test_fixedpoint.cc (null)"
  "//:test_fixedpoint (6953f50)" -> "@local_config_cc//:cc-compiler-k8 (4e67ca8)"
  "//:test_blocking_counter (6953f50)"
  "//:test_blocking_counter (6953f50)" -> "//:android (6953f50)\n//:test/test_blocking_counter.cc (null)\n//:windows (6953f50)"
  "//:test_blocking_counter (6953f50)" -> "//:gemmlowp_test_headers (4e67ca8)"
  "//:test_blocking_counter (6953f50)" -> "@local_config_cc//:cc-compiler-k8 (4e67ca8)"
  "//:test_allocator (6953f50)"
  "//:test_allocator (6953f50)" -> "//:gemmlowp_test_headers (4e67ca8)"
  "//:test_allocator (6953f50)" -> "//:test/test_allocator.cc (null)"
  "//:test_allocator (6953f50)" -> "@local_config_cc//:cc-compiler-k8 (4e67ca8)"
  "//:test/test_math_helpers.cc (null)"
  "//:test/test_fixedpoint.cc (null)"
  "//:test/test_allocator.cc (null)"
  "//:test (6953f50)"
  "//:test (6953f50)" -> "//:eight_bit_int_gemm (4e67ca8)"
  "//:test (6953f50)" -> "//:gemmlowp_test_headers (4e67ca8)"
  "//:test (6953f50)" -> "//:test/test.cc (null)\n//:test/test_data.cc (null)"
  "//:test (6953f50)" -> "@local_config_cc//:cc-compiler-k8 (4e67ca8)"
  "@local_config_cc//:cc-compiler-k8 (4e67ca8)"
  "@local_config_cc//:cc-compiler-k8 (4e67ca8)" -> "@local_config_cc//:compiler_deps (016b1f6)"
  "@local_config_cc//:cc-compiler-k8 (4e67ca8)" -> "@local_config_cc//:empty (016b1f6)\n@local_config_cc//:local (4e67ca8)"
  "@local_config_cc//:empty (016b1f6)\n@local_config_cc//:local (4e67ca8)"
  "@local_config_cc//:compiler_deps (016b1f6)"
  "@local_config_cc//:compiler_deps (016b1f6)" -> "@local_config_cc//:builtin_include_directory_paths (null)"
  "@local_config_cc//:builtin_include_directory_paths (null)"
  "//:test/test.cc (null)\n//:test/test_data.cc (null)"
  "//:profiler (4e67ca8)"
  "//:profiler (4e67ca8)" -> "//:profiling/instrumentation.h (null)\n//:profiling/profiler.h (null)\n//:profiling/pthread_everywhere.h (null)"
  "//:eight_bit_int_gemm_sources (4e67ca8)"
  "//:eight_bit_int_gemm_sources (4e67ca8)" -> "//:eight_bit_int_gemm_headers (4e67ca8)"
  "//:eight_bit_int_gemm_sources (4e67ca8)" -> "//:eight_bit_int_gemm_sources_with_no_headers (4e67ca8)"
  "//:eight_bit_int_gemm_sources (4e67ca8)" -> "//:gemmlowp_headers (4e67ca8)"
  "//:eight_bit_int_gemm_public_headers (4e67ca8)"
  "//:eight_bit_int_gemm_public_headers (4e67ca8)" -> "//:eight_bit_int_gemm_headers (4e67ca8)"
  "//:eight_bit_int_gemm_public_headers (4e67ca8)" -> "//:gemmlowp_public_headers (4e67ca8)"
  "//:eight_bit_int_gemm (4e67ca8)"
  "//:eight_bit_int_gemm (4e67ca8)" -> "//:android (4e67ca8)\n//:windows (4e67ca8)"
  "//:eight_bit_int_gemm (4e67ca8)" -> "//:eight_bit_int_gemm_headers (4e67ca8)"
  "//:eight_bit_int_gemm (4e67ca8)" -> "//:eight_bit_int_gemm_sources_with_no_headers (4e67ca8)"
  "//:eight_bit_int_gemm (4e67ca8)" -> "//:gemmlowp (4e67ca8)"
  "//:eight_bit_int_gemm (4e67ca8)" -> "//:gemmlowp_private_headers (4e67ca8)"
  "//:eight_bit_int_gemm (4e67ca8)" -> "//:gemmlowp_public_headers (4e67ca8)"
  "//:gemmlowp (4e67ca8)"
  "//:gemmlowp (4e67ca8)" -> "//:android (4e67ca8)\n//:windows (4e67ca8)"
  "//:gemmlowp (4e67ca8)" -> "//:fixedpoint (4e67ca8)"
  "//:gemmlowp (4e67ca8)" -> "//:gemmlowp_headers (4e67ca8)"
  "//:fixedpoint (4e67ca8)"
  "//:fixedpoint (4e67ca8)" -> "//:fixedpoint/fixedpoint.h (null)"
  "//:fixedpoint (4e67ca8)" -> "//:fixedpoint_private_headers (4e67ca8)"
  "//:fixedpoint_private_headers (4e67ca8)"
  "//:fixedpoint_private_headers (4e67ca8)" -> "//:fixedpoint/fixedpoint.h (null)"
  "//:fixedpoint_private_headers (4e67ca8)" -> "//:fixedpoint/fixedpoint_avx.h (null)\n//:fixedpoint/fixedpoint_msa.h (null)\n//:fixedpoint/fixedpoint_neon.h (null)\n//:fixedpoint/fixedpoint_sse.h (null)\n//:fixedpoint/fixedpoint_wasmsimd.h (null)\n//:internal/common.h (null)\n//:internal/detect_platform.h (null)"
  "//:eight_bit_int_gemm_sources_with_no_headers (4e67ca8)"
  "//:eight_bit_int_gemm_sources_with_no_headers (4e67ca8)" -> "//:eight_bit_int_gemm/eight_bit_int_gemm.cc (null)"
  "//:eight_bit_int_gemm/eight_bit_int_gemm.cc (null)"
  "//:eight_bit_int_gemm_headers (4e67ca8)"
  "//:eight_bit_int_gemm_headers (4e67ca8)" -> "//:eight_bit_int_gemm/eight_bit_int_gemm.h (null)"
  "//:eight_bit_int_gemm/eight_bit_int_gemm.h (null)"
  "//:benchmark (4e67ca8)\n//:benchmark_profile (4e67ca8)"
  "//:benchmark (4e67ca8)\n//:benchmark_profile (4e67ca8)" -> "//:android (4e67ca8)\n//:windows (4e67ca8)"
  "//:benchmark (4e67ca8)\n//:benchmark_profile (4e67ca8)" -> "//:gemmlowp_test_headers (4e67ca8)"
  "//:benchmark (4e67ca8)\n//:benchmark_profile (4e67ca8)" -> "//:test/benchmark.cc (null)"
  "//:test/benchmark.cc (null)"
  "//:gemmlowp_test_headers (4e67ca8)"
  "//:gemmlowp_test_headers (4e67ca8)" -> "//:gemmlowp_headers (4e67ca8)"
  "//:gemmlowp_test_headers (4e67ca8)" -> "//:test/test.h (null)\n//:test/test_data.h (null)"
  "//:test/test.h (null)\n//:test/test_data.h (null)"
  "//:gemmlowp_headers (4e67ca8)"
  "//:gemmlowp_headers (4e67ca8)" -> "//:gemmlowp_private_headers (4e67ca8)"
  "//:gemmlowp_headers (4e67ca8)" -> "//:gemmlowp_public_headers (4e67ca8)"
  "//:gemmlowp_public_headers (4e67ca8)"
  "//:gemmlowp_public_headers (4e67ca8)" -> "//:meta/base.h (null)\n//:meta/legacy_multi_thread_common.h (null)\n//:meta/legacy_multi_thread_gemm.h (null)\n//:meta/legacy_multi_thread_gemv.h (null)\n//:meta/legacy_operations_common.h (null)\n//:meta/legacy_single_thread_gemm.h (null)\n//:meta/multi_thread_common.h (null)\n//:meta/multi_thread_gemm.h (null)\n//:meta/multi_thread_transform.h (null)\n//:meta/quantized_mul_kernels.h (null)\n//:meta/quantized_mul_kernels_arm_32.h (null)\n...and 13 more items"
  "//:gemmlowp_public_headers (4e67ca8)" -> "//:profiling/instrumentation.h (null)\n//:profiling/profiler.h (null)\n//:profiling/pthread_everywhere.h (null)"
  "//:profiling/instrumentation.h (null)\n//:profiling/profiler.h (null)\n//:profiling/pthread_everywhere.h (null)"
  "//:meta/base.h (null)\n//:meta/legacy_multi_thread_common.h (null)\n//:meta/legacy_multi_thread_gemm.h (null)\n//:meta/legacy_multi_thread_gemv.h (null)\n//:meta/legacy_operations_common.h (null)\n//:meta/legacy_single_thread_gemm.h (null)\n//:meta/multi_thread_common.h (null)\n//:meta/multi_thread_gemm.h (null)\n//:meta/multi_thread_transform.h (null)\n//:meta/quantized_mul_kernels.h (null)\n//:meta/quantized_mul_kernels_arm_32.h (null)\n...and 13 more items"
  "//:gemmlowp_private_headers (4e67ca8)"
  "//:gemmlowp_private_headers (4e67ca8)" -> "//:fixedpoint/fixedpoint.h (null)"
  "//:gemmlowp_private_headers (4e67ca8)" -> "//:fixedpoint/fixedpoint_avx.h (null)\n//:fixedpoint/fixedpoint_msa.h (null)\n//:fixedpoint/fixedpoint_neon.h (null)\n//:fixedpoint/fixedpoint_sse.h (null)\n//:fixedpoint/fixedpoint_wasmsimd.h (null)\n//:internal/common.h (null)\n//:internal/detect_platform.h (null)"
  "//:gemmlowp_private_headers (4e67ca8)" -> "//:internal/allocator.h (null)\n//:internal/block_params.h (null)\n//:internal/compute.h (null)\n//:internal/dispatch_gemm_shape.h (null)\n//:internal/kernel.h (null)\n//:internal/kernel_avx.h (null)\n//:internal/kernel_default.h (null)\n//:internal/kernel_msa.h (null)\n//:internal/kernel_neon.h (null)\n//:internal/kernel_reference.h (null)\n//:internal/kernel_sse.h (null)\n//:internal/multi_thread_gemm.h (null)\n//:internal/output.h (null)\n//:internal/output_avx.h (null)\n...and 16 more items"
  "//:internal/allocator.h (null)\n//:internal/block_params.h (null)\n//:internal/compute.h (null)\n//:internal/dispatch_gemm_shape.h (null)\n//:internal/kernel.h (null)\n//:internal/kernel_avx.h (null)\n//:internal/kernel_default.h (null)\n//:internal/kernel_msa.h (null)\n//:internal/kernel_neon.h (null)\n//:internal/kernel_reference.h (null)\n//:internal/kernel_sse.h (null)\n//:internal/multi_thread_gemm.h (null)\n//:internal/output.h (null)\n//:internal/output_avx.h (null)\n...and 16 more items"
  "//:fixedpoint/fixedpoint_avx.h (null)\n//:fixedpoint/fixedpoint_msa.h (null)\n//:fixedpoint/fixedpoint_neon.h (null)\n//:fixedpoint/fixedpoint_sse.h (null)\n//:fixedpoint/fixedpoint_wasmsimd.h (null)\n//:internal/common.h (null)\n//:internal/detect_platform.h (null)"
  "//:fixedpoint/fixedpoint.h (null)"
  "//:android (6953f50)\n//:test/test_blocking_counter.cc (null)\n//:windows (6953f50)"
  "//:android (4e67ca8)\n//:windows (4e67ca8)"
}
