digraph mygraph {
  node [shape=box];
  "//:go_default_test (6953f50)"
  "//:go_default_test (6953f50)" -> "//:builtins_benchmark_test.go (null)\n//:interpreter_test.go (null)\n//:jsonnet_test.go (null)\n//:main_test.go (null)\n//:testdata/argcapture_builtin_call.golden (null)\n//:testdata/argcapture_builtin_call.jsonnet (null)\n//:testdata/argcapture_builtin_call.linter.golden (null)\n//:testdata/array.golden (null)\n//:testdata/array.jsonnet (null)\n//:testdata/array.linter.golden (null)\n//:testdata/array_comp_try_iterate_over_obj.golden (null)\n...and 2030 more items"
  "//:go_default_test (6953f50)" -> "//:go_default_library (4e67ca8)"
  "//:go_default_test (6953f50)" -> "//ast:go_default_library (4e67ca8)"
  "//:go_default_test (6953f50)" -> "//internal/parser:go_default_library (4e67ca8)"
  "//:go_default_test (6953f50)" -> "//internal/testutils:go_default_library (4e67ca8)"
  "//:go_default_test (6953f50)" -> "@go_sdk//:go_linux_amd64-impl (4e67ca8)"
  "@go_sdk//:go_linux_amd64-impl (4e67ca8)"
  "@go_sdk//:go_linux_amd64-impl (4e67ca8)" -> "@go_sdk//:builder_reset (016b1f6)"
  "@go_sdk//:go_linux_amd64-impl (4e67ca8)" -> "@go_sdk//:go_sdk (016b1f6)"
  "@go_sdk//:builder_reset (016b1f6)"
  "@go_sdk//:builder_reset (016b1f6)" -> "@go_sdk//:builder (016b1f6)"
  "@go_sdk//:builder (016b1f6)"
  "@go_sdk//:builder (016b1f6)" -> "@go_sdk//:go_sdk (016b1f6)"
  "@go_sdk//:builder (016b1f6)" -> "@io_bazel_rules_go//go/tools/builders:builder_srcs (016b1f6)"
  "@io_bazel_rules_go//go/tools/builders:builder_srcs (016b1f6)"
  "@io_bazel_rules_go//go/tools/builders:builder_srcs (016b1f6)" -> "@bazel_tools//src/conditions:windows (016b1f6)"
  "@io_bazel_rules_go//go/tools/builders:builder_srcs (016b1f6)" -> "@io_bazel_rules_go//go/tools/builders:ar.go (null)\n@io_bazel_rules_go//go/tools/builders:asm.go (null)\n@io_bazel_rules_go//go/tools/builders:builder.go (null)\n@io_bazel_rules_go//go/tools/builders:cgo2.go (null)\n@io_bazel_rules_go//go/tools/builders:compilepkg.go (null)\n@io_bazel_rules_go//go/tools/builders:cover.go (null)\n@io_bazel_rules_go//go/tools/builders:edit.go (null)\n@io_bazel_rules_go//go/tools/builders:embedcfg.go (null)\n...and 14 more items"
  "@io_bazel_rules_go//go/tools/builders:ar.go (null)\n@io_bazel_rules_go//go/tools/builders:asm.go (null)\n@io_bazel_rules_go//go/tools/builders:builder.go (null)\n@io_bazel_rules_go//go/tools/builders:cgo2.go (null)\n@io_bazel_rules_go//go/tools/builders:compilepkg.go (null)\n@io_bazel_rules_go//go/tools/builders:cover.go (null)\n@io_bazel_rules_go//go/tools/builders:edit.go (null)\n@io_bazel_rules_go//go/tools/builders:embedcfg.go (null)\n...and 14 more items"
  "@bazel_tools//src/conditions:windows (016b1f6)"
  "@bazel_tools//src/conditions:windows (016b1f6)" -> "@platforms//os:windows (016b1f6)"
  "@platforms//os:windows (016b1f6)"
  "@platforms//os:windows (016b1f6)" -> "@platforms//os:os (016b1f6)"
  "@platforms//os:os (016b1f6)"
  "@go_sdk//:go_sdk (016b1f6)"
  "@go_sdk//:go_sdk (016b1f6)" -> "@go_sdk//:ROOT (null)"
  "@go_sdk//:go_sdk (016b1f6)" -> "@go_sdk//:bin/go (null)"
  "@go_sdk//:go_sdk (016b1f6)" -> "@go_sdk//:headers (016b1f6)"
  "@go_sdk//:go_sdk (016b1f6)" -> "@go_sdk//:libs (016b1f6)"
  "@go_sdk//:go_sdk (016b1f6)" -> "@go_sdk//:package_list (016b1f6)"
  "@go_sdk//:go_sdk (016b1f6)" -> "@go_sdk//:srcs (016b1f6)"
  "@go_sdk//:go_sdk (016b1f6)" -> "@go_sdk//:tools (016b1f6)"
  "@go_sdk//:tools (016b1f6)"
  "@go_sdk//:tools (016b1f6)" -> "@go_sdk//:bin/gofmt (null)\n@go_sdk//:pkg/tool/linux_amd64/addr2line (null)\n@go_sdk//:pkg/tool/linux_amd64/asm (null)\n@go_sdk//:pkg/tool/linux_amd64/buildid (null)\n@go_sdk//:pkg/tool/linux_amd64/cgo (null)\n@go_sdk//:pkg/tool/linux_amd64/compile (null)\n@go_sdk//:pkg/tool/linux_amd64/cover (null)\n@go_sdk//:pkg/tool/linux_amd64/dist (null)\n@go_sdk//:pkg/tool/linux_amd64/doc (null)\n@go_sdk//:pkg/tool/linux_amd64/fix (null)\n@go_sdk//:pkg/tool/linux_amd64/link (null)\n...and 7 more items"
  "@go_sdk//:bin/gofmt (null)\n@go_sdk//:pkg/tool/linux_amd64/addr2line (null)\n@go_sdk//:pkg/tool/linux_amd64/asm (null)\n@go_sdk//:pkg/tool/linux_amd64/buildid (null)\n@go_sdk//:pkg/tool/linux_amd64/cgo (null)\n@go_sdk//:pkg/tool/linux_amd64/compile (null)\n@go_sdk//:pkg/tool/linux_amd64/cover (null)\n@go_sdk//:pkg/tool/linux_amd64/dist (null)\n@go_sdk//:pkg/tool/linux_amd64/doc (null)\n@go_sdk//:pkg/tool/linux_amd64/fix (null)\n@go_sdk//:pkg/tool/linux_amd64/link (null)\n...and 7 more items"
  "@go_sdk//:package_list (016b1f6)"
  "@go_sdk//:package_list (016b1f6)" -> "@go_sdk//:ROOT (null)"
  "@go_sdk//:package_list (016b1f6)" -> "@go_sdk//:srcs (016b1f6)"
  "@go_sdk//:srcs (016b1f6)"
  "@go_sdk//:srcs (016b1f6)" -> "@go_sdk//:src/Make.dist (null)\n@go_sdk//:src/README.vendor (null)\n@go_sdk//:src/all.bash (null)\n@go_sdk//:src/all.bat (null)\n@go_sdk//:src/all.rc (null)\n@go_sdk//:src/archive/tar/common.go (null)\n@go_sdk//:src/archive/tar/example_test.go (null)\n@go_sdk//:src/archive/tar/format.go (null)\n@go_sdk//:src/archive/tar/fuzz_test.go (null)\n@go_sdk//:src/archive/tar/reader.go (null)\n@go_sdk//:src/archive/tar/reader_test.go (null)\n@go_sdk//:src/archive/tar/stat_actime1.go (null)\n...and 8165 more items"
  "@go_sdk//:src/Make.dist (null)\n@go_sdk//:src/README.vendor (null)\n@go_sdk//:src/all.bash (null)\n@go_sdk//:src/all.bat (null)\n@go_sdk//:src/all.rc (null)\n@go_sdk//:src/archive/tar/common.go (null)\n@go_sdk//:src/archive/tar/example_test.go (null)\n@go_sdk//:src/archive/tar/format.go (null)\n@go_sdk//:src/archive/tar/fuzz_test.go (null)\n@go_sdk//:src/archive/tar/reader.go (null)\n@go_sdk//:src/archive/tar/reader_test.go (null)\n@go_sdk//:src/archive/tar/stat_actime1.go (null)\n...and 8165 more items"
  "@go_sdk//:libs (016b1f6)"
  "@go_sdk//:libs (016b1f6)" -> "@go_sdk//:pkg/linux_amd64/archive/tar.a (null)\n@go_sdk//:pkg/linux_amd64/archive/zip.a (null)\n@go_sdk//:pkg/linux_amd64/bufio.a (null)\n@go_sdk//:pkg/linux_amd64/bytes.a (null)\n@go_sdk//:pkg/linux_amd64/compress/bzip2.a (null)\n@go_sdk//:pkg/linux_amd64/compress/flate.a (null)\n@go_sdk//:pkg/linux_amd64/compress/gzip.a (null)\n@go_sdk//:pkg/linux_amd64/compress/lzw.a (null)\n@go_sdk//:pkg/linux_amd64/compress/zlib.a (null)\n@go_sdk//:pkg/linux_amd64/container/heap.a (null)\n...and 228 more items"
  "@go_sdk//:pkg/linux_amd64/archive/tar.a (null)\n@go_sdk//:pkg/linux_amd64/archive/zip.a (null)\n@go_sdk//:pkg/linux_amd64/bufio.a (null)\n@go_sdk//:pkg/linux_amd64/bytes.a (null)\n@go_sdk//:pkg/linux_amd64/compress/bzip2.a (null)\n@go_sdk//:pkg/linux_amd64/compress/flate.a (null)\n@go_sdk//:pkg/linux_amd64/compress/gzip.a (null)\n@go_sdk//:pkg/linux_amd64/compress/lzw.a (null)\n@go_sdk//:pkg/linux_amd64/compress/zlib.a (null)\n@go_sdk//:pkg/linux_amd64/container/heap.a (null)\n...and 228 more items"
  "@go_sdk//:headers (016b1f6)"
  "@go_sdk//:headers (016b1f6)" -> "@go_sdk//:pkg/include/asm_amd64.h (null)\n@go_sdk//:pkg/include/asm_ppc64x.h (null)\n@go_sdk//:pkg/include/funcdata.h (null)\n@go_sdk//:pkg/include/textflag.h (null)"
  "@go_sdk//:pkg/include/asm_amd64.h (null)\n@go_sdk//:pkg/include/asm_ppc64x.h (null)\n@go_sdk//:pkg/include/funcdata.h (null)\n@go_sdk//:pkg/include/textflag.h (null)"
  "@go_sdk//:bin/go (null)"
  "@go_sdk//:ROOT (null)"
  "//internal/testutils:go_default_library (4e67ca8)"
  "//internal/testutils:go_default_library (4e67ca8)" -> "//internal/testutils:test_utils.go (null)"
  "//internal/testutils:go_default_library (4e67ca8)" -> "@com_github_sergi_go_diff//diffmatchpatch:go_default_library (4e67ca8)"
  "@com_github_sergi_go_diff//diffmatchpatch:go_default_library (4e67ca8)"
  "@com_github_sergi_go_diff//diffmatchpatch:go_default_library (4e67ca8)" -> "@com_github_sergi_go_diff//diffmatchpatch:diffmatchpatch (4e67ca8)"
  "@com_github_sergi_go_diff//diffmatchpatch:diffmatchpatch (4e67ca8)"
  "@com_github_sergi_go_diff//diffmatchpatch:diffmatchpatch (4e67ca8)" -> "@com_github_sergi_go_diff//diffmatchpatch:diff.go (null)\n@com_github_sergi_go_diff//diffmatchpatch:diffmatchpatch.go (null)\n@com_github_sergi_go_diff//diffmatchpatch:match.go (null)\n@com_github_sergi_go_diff//diffmatchpatch:mathutil.go (null)\n@com_github_sergi_go_diff//diffmatchpatch:operation_string.go (null)\n@com_github_sergi_go_diff//diffmatchpatch:patch.go (null)\n@com_github_sergi_go_diff//diffmatchpatch:stringutil.go (null)"
  "@com_github_sergi_go_diff//diffmatchpatch:diff.go (null)\n@com_github_sergi_go_diff//diffmatchpatch:diffmatchpatch.go (null)\n@com_github_sergi_go_diff//diffmatchpatch:match.go (null)\n@com_github_sergi_go_diff//diffmatchpatch:mathutil.go (null)\n@com_github_sergi_go_diff//diffmatchpatch:operation_string.go (null)\n@com_github_sergi_go_diff//diffmatchpatch:patch.go (null)\n@com_github_sergi_go_diff//diffmatchpatch:stringutil.go (null)"
  "//internal/testutils:test_utils.go (null)"
  "//:go_default_library (4e67ca8)"
  "//:go_default_library (4e67ca8)" -> "//:builtins.go (null)\n//:doc.go (null)\n//:error_formatter.go (null)\n//:imports.go (null)\n//:interpreter.go (null)\n//:runtime_error.go (null)\n//:thunks.go (null)\n//:util.go (null)\n//:value.go (null)\n//:vm.go (null)\n//:yaml.go (null)"
  "//:go_default_library (4e67ca8)" -> "//ast:go_default_library (4e67ca8)"
  "//:go_default_library (4e67ca8)" -> "//astgen:go_default_library (4e67ca8)"
  "//:go_default_library (4e67ca8)" -> "//internal/errors:go_default_library (4e67ca8)"
  "//:go_default_library (4e67ca8)" -> "//internal/parser:go_default_library (4e67ca8)"
  "//:go_default_library (4e67ca8)" -> "//internal/program:go_default_library (4e67ca8)"
  "//:go_default_library (4e67ca8)" -> "@io_k8s_sigs_yaml//:go_default_library (4e67ca8)"
  "//:go_default_library (4e67ca8)" -> "@org_golang_x_crypto//sha3:go_default_library (4e67ca8)"
  "@org_golang_x_crypto//sha3:go_default_library (4e67ca8)"
  "@org_golang_x_crypto//sha3:go_default_library (4e67ca8)" -> "@org_golang_x_crypto//sha3:sha3 (4e67ca8)"
  "@org_golang_x_crypto//sha3:sha3 (4e67ca8)"
  "@org_golang_x_crypto//sha3:sha3 (4e67ca8)" -> "@io_bazel_rules_go//go/platform:s390x (4e67ca8)"
  "@org_golang_x_crypto//sha3:sha3 (4e67ca8)" -> "@org_golang_x_crypto//sha3:doc.go (null)\n@org_golang_x_crypto//sha3:hashes.go (null)\n@org_golang_x_crypto//sha3:hashes_generic.go (null)\n@org_golang_x_crypto//sha3:keccakf.go (null)\n@org_golang_x_crypto//sha3:keccakf_amd64.go (null)\n@org_golang_x_crypto//sha3:keccakf_amd64.s (null)\n@org_golang_x_crypto//sha3:register.go (null)\n@org_golang_x_crypto//sha3:sha3.go (null)\n@org_golang_x_crypto//sha3:sha3_s390x.go (null)\n@org_golang_x_crypto//sha3:sha3_s390x.s (null)\n...and 5 more items"
  "@org_golang_x_crypto//sha3:doc.go (null)\n@org_golang_x_crypto//sha3:hashes.go (null)\n@org_golang_x_crypto//sha3:hashes_generic.go (null)\n@org_golang_x_crypto//sha3:keccakf.go (null)\n@org_golang_x_crypto//sha3:keccakf_amd64.go (null)\n@org_golang_x_crypto//sha3:keccakf_amd64.s (null)\n@org_golang_x_crypto//sha3:register.go (null)\n@org_golang_x_crypto//sha3:sha3.go (null)\n@org_golang_x_crypto//sha3:sha3_s390x.go (null)\n@org_golang_x_crypto//sha3:sha3_s390x.s (null)\n...and 5 more items"
  "@io_bazel_rules_go//go/platform:s390x (4e67ca8)"
  "@io_bazel_rules_go//go/platform:s390x (4e67ca8)" -> "@io_bazel_rules_go//go/toolchain:s390x (4e67ca8)"
  "@io_bazel_rules_go//go/toolchain:s390x (4e67ca8)"
  "@io_bazel_rules_go//go/toolchain:s390x (4e67ca8)" -> "@platforms//cpu:s390x (4e67ca8)"
  "@platforms//cpu:s390x (4e67ca8)"
  "@platforms//cpu:s390x (4e67ca8)" -> "@platforms//cpu:cpu (4e67ca8)"
  "@platforms//cpu:cpu (4e67ca8)"
  "@io_k8s_sigs_yaml//:go_default_library (4e67ca8)"
  "@io_k8s_sigs_yaml//:go_default_library (4e67ca8)" -> "@io_k8s_sigs_yaml//:yaml (4e67ca8)"
  "@io_k8s_sigs_yaml//:yaml (4e67ca8)"
  "@io_k8s_sigs_yaml//:yaml (4e67ca8)" -> "@in_gopkg_yaml_v2//:yaml_v2 (4e67ca8)"
  "@io_k8s_sigs_yaml//:yaml (4e67ca8)" -> "@io_k8s_sigs_yaml//:fields.go (null)\n@io_k8s_sigs_yaml//:yaml.go (null)\n@io_k8s_sigs_yaml//:yaml_go110.go (null)"
  "@io_k8s_sigs_yaml//:fields.go (null)\n@io_k8s_sigs_yaml//:yaml.go (null)\n@io_k8s_sigs_yaml//:yaml_go110.go (null)"
  "@in_gopkg_yaml_v2//:yaml_v2 (4e67ca8)"
  "@in_gopkg_yaml_v2//:yaml_v2 (4e67ca8)" -> "@in_gopkg_yaml_v2//:apic.go (null)\n@in_gopkg_yaml_v2//:decode.go (null)\n@in_gopkg_yaml_v2//:emitterc.go (null)\n@in_gopkg_yaml_v2//:encode.go (null)\n@in_gopkg_yaml_v2//:parserc.go (null)\n@in_gopkg_yaml_v2//:readerc.go (null)\n@in_gopkg_yaml_v2//:resolve.go (null)\n@in_gopkg_yaml_v2//:scannerc.go (null)\n@in_gopkg_yaml_v2//:sorter.go (null)\n@in_gopkg_yaml_v2//:writerc.go (null)\n@in_gopkg_yaml_v2//:yaml.go (null)\n@in_gopkg_yaml_v2//:yamlh.go (null)\n...and 1 more items"
  "@in_gopkg_yaml_v2//:apic.go (null)\n@in_gopkg_yaml_v2//:decode.go (null)\n@in_gopkg_yaml_v2//:emitterc.go (null)\n@in_gopkg_yaml_v2//:encode.go (null)\n@in_gopkg_yaml_v2//:parserc.go (null)\n@in_gopkg_yaml_v2//:readerc.go (null)\n@in_gopkg_yaml_v2//:resolve.go (null)\n@in_gopkg_yaml_v2//:scannerc.go (null)\n@in_gopkg_yaml_v2//:sorter.go (null)\n@in_gopkg_yaml_v2//:writerc.go (null)\n@in_gopkg_yaml_v2//:yaml.go (null)\n@in_gopkg_yaml_v2//:yamlh.go (null)\n...and 1 more items"
  "//internal/program:go_default_library (4e67ca8)"
  "//internal/program:go_default_library (4e67ca8)" -> "//ast:go_default_library (4e67ca8)"
  "//internal/program:go_default_library (4e67ca8)" -> "//internal/errors:go_default_library (4e67ca8)"
  "//internal/program:go_default_library (4e67ca8)" -> "//internal/parser:go_default_library (4e67ca8)"
  "//internal/program:go_default_library (4e67ca8)" -> "//internal/program:desugarer.go (null)\n//internal/program:program.go (null)\n//internal/program:static_analyzer.go (null)"
  "//internal/parser:go_default_library (4e67ca8)"
  "//internal/parser:go_default_library (4e67ca8)" -> "//ast:go_default_library (4e67ca8)"
  "//internal/parser:go_default_library (4e67ca8)" -> "//internal/errors:go_default_library (4e67ca8)"
  "//internal/parser:go_default_library (4e67ca8)" -> "//internal/parser:context.go (null)\n//internal/parser:lexer.go (null)\n//internal/parser:literalfield_set.go (null)\n//internal/parser:parser.go (null)\n//internal/parser:string_util.go (null)"
  "//internal/errors:go_default_library (4e67ca8)"
  "//internal/errors:go_default_library (4e67ca8)" -> "//ast:go_default_library (4e67ca8)"
  "//internal/errors:go_default_library (4e67ca8)" -> "//internal/errors:static_error.go (null)"
  "//astgen:go_default_library (4e67ca8)"
  "//astgen:go_default_library (4e67ca8)" -> "//ast:go_default_library (4e67ca8)"
  "//astgen:go_default_library (4e67ca8)" -> "//astgen:stdast.go (4e67ca8)"
  "//astgen:stdast.go (4e67ca8)"
  "//astgen:stdast.go (4e67ca8)" -> "//astgen:dumpstdlibast (4e67ca8)"
  "//astgen:dumpstdlibast (4e67ca8)"
  "//astgen:dumpstdlibast (4e67ca8)" -> "//cmd/dumpstdlibast:dumpstdlibast (016b1f6)"
  "//astgen:dumpstdlibast (4e67ca8)" -> "@cpp_jsonnet//stdlib:stdlib (4e67ca8)"
  "@cpp_jsonnet//stdlib:stdlib (4e67ca8)"
  "@cpp_jsonnet//stdlib:stdlib (4e67ca8)" -> "@cpp_jsonnet//stdlib:std.jsonnet (null)"
  "@cpp_jsonnet//stdlib:std.jsonnet (null)"
  "//cmd/dumpstdlibast:dumpstdlibast (016b1f6)"
  "//cmd/dumpstdlibast:dumpstdlibast (016b1f6)" -> "//cmd/dumpstdlibast:go_default_library (016b1f6)"
  "//cmd/dumpstdlibast:go_default_library (016b1f6)"
  "//cmd/dumpstdlibast:go_default_library (016b1f6)" -> "//ast:go_default_library (016b1f6)"
  "//cmd/dumpstdlibast:go_default_library (016b1f6)" -> "//cmd/dumpstdlibast:dumpstdlibast.go (null)"
  "//cmd/dumpstdlibast:go_default_library (016b1f6)" -> "//internal/dump:go_default_library (016b1f6)"
  "//cmd/dumpstdlibast:go_default_library (016b1f6)" -> "//internal/program:go_default_library (016b1f6)"
  "//internal/program:go_default_library (016b1f6)"
  "//internal/program:go_default_library (016b1f6)" -> "//ast:go_default_library (016b1f6)"
  "//internal/program:go_default_library (016b1f6)" -> "//internal/errors:go_default_library (016b1f6)"
  "//internal/program:go_default_library (016b1f6)" -> "//internal/parser:go_default_library (016b1f6)"
  "//internal/program:go_default_library (016b1f6)" -> "//internal/program:desugarer.go (null)\n//internal/program:program.go (null)\n//internal/program:static_analyzer.go (null)"
  "//internal/program:desugarer.go (null)\n//internal/program:program.go (null)\n//internal/program:static_analyzer.go (null)"
  "//internal/parser:go_default_library (016b1f6)"
  "//internal/parser:go_default_library (016b1f6)" -> "//ast:go_default_library (016b1f6)"
  "//internal/parser:go_default_library (016b1f6)" -> "//internal/errors:go_default_library (016b1f6)"
  "//internal/parser:go_default_library (016b1f6)" -> "//internal/parser:context.go (null)\n//internal/parser:lexer.go (null)\n//internal/parser:literalfield_set.go (null)\n//internal/parser:parser.go (null)\n//internal/parser:string_util.go (null)"
  "//internal/parser:context.go (null)\n//internal/parser:lexer.go (null)\n//internal/parser:literalfield_set.go (null)\n//internal/parser:parser.go (null)\n//internal/parser:string_util.go (null)"
  "//internal/errors:go_default_library (016b1f6)"
  "//internal/errors:go_default_library (016b1f6)" -> "//ast:go_default_library (016b1f6)"
  "//internal/errors:go_default_library (016b1f6)" -> "//internal/errors:static_error.go (null)"
  "//internal/errors:static_error.go (null)"
  "//internal/dump:go_default_library (016b1f6)"
  "//internal/dump:go_default_library (016b1f6)" -> "//internal/dump:dump.go (null)\n//internal/dump:pointermap.go (null)\n//internal/dump:utils.go (null)"
  "//internal/dump:dump.go (null)\n//internal/dump:pointermap.go (null)\n//internal/dump:utils.go (null)"
  "//cmd/dumpstdlibast:dumpstdlibast.go (null)"
  "//ast:go_default_library (016b1f6)"
  "//ast:go_default_library (016b1f6)" -> "//ast:ast.go (null)\n//ast:clone.go (null)\n//ast:fodder.go (null)\n//ast:identifier_set.go (null)\n//ast:location.go (null)\n//ast:util.go (null)"
  "//ast:go_default_library (4e67ca8)"
  "//ast:go_default_library (4e67ca8)" -> "//ast:ast.go (null)\n//ast:clone.go (null)\n//ast:fodder.go (null)\n//ast:identifier_set.go (null)\n//ast:location.go (null)\n//ast:util.go (null)"
  "//ast:ast.go (null)\n//ast:clone.go (null)\n//ast:fodder.go (null)\n//ast:identifier_set.go (null)\n//ast:location.go (null)\n//ast:util.go (null)"
  "//:gazelle (4e67ca8)"
  "//:gazelle (4e67ca8)" -> "//:gazelle-runner (4e67ca8)"
  "//:gazelle-runner (4e67ca8)"
  "//:builtins_benchmark_test.go (null)\n//:interpreter_test.go (null)\n//:jsonnet_test.go (null)\n//:main_test.go (null)\n//:testdata/argcapture_builtin_call.golden (null)\n//:testdata/argcapture_builtin_call.jsonnet (null)\n//:testdata/argcapture_builtin_call.linter.golden (null)\n//:testdata/array.golden (null)\n//:testdata/array.jsonnet (null)\n//:testdata/array.linter.golden (null)\n//:testdata/array_comp_try_iterate_over_obj.golden (null)\n...and 2030 more items"
  "//:builtins.go (null)\n//:doc.go (null)\n//:error_formatter.go (null)\n//:imports.go (null)\n//:interpreter.go (null)\n//:runtime_error.go (null)\n//:thunks.go (null)\n//:util.go (null)\n//:value.go (null)\n//:vm.go (null)\n//:yaml.go (null)"
}
