digraph mygraph {
  node [shape=box];
  "//:test_parse_options (571fbeb)"
  "//:test_parse_options (571fbeb)" -> "//:opt (571fbeb)"
  "//:test_parse_options (571fbeb)" -> "//:test/rpc/test_parse_options.cc (null)"
  "//:test_parse_options (571fbeb)" -> "//:test_common (1ca46bc)"
  "//:test_parse_options (571fbeb)" -> "@local_config_cc//:cc-compiler-k8 (1ca46bc)"
  "//:test_parse_options (571fbeb)" -> "@mimalloc//:mimalloc (1ca46bc)"
  "//:test_object_storage (571fbeb)"
  "//:test_object_storage (571fbeb)" -> "//:opt (571fbeb)"
  "//:test_object_storage (571fbeb)" -> "//:test/rpc/test_object_storage.cc (null)"
  "//:test_object_storage (571fbeb)" -> "//:test_common (1ca46bc)"
  "//:test_object_storage (571fbeb)" -> "@local_config_cc//:cc-compiler-k8 (1ca46bc)"
  "//:test_object_storage (571fbeb)" -> "@mimalloc//:mimalloc (1ca46bc)"
  "//:test_command_test (571fbeb)"
  "//:test_command_test (571fbeb)" -> "//:opt (571fbeb)"
  "//:test_command_test (571fbeb)" -> "//:test/rpc/test_command_test.cc (null)"
  "//:test_command_test (571fbeb)" -> "//:test_common (1ca46bc)"
  "//:test_command_test (571fbeb)" -> "@local_config_cc//:cc-compiler-k8 (1ca46bc)"
  "//:test_command_test (571fbeb)" -> "@mimalloc//:mimalloc (1ca46bc)"
  "//:test_command_slot (571fbeb)"
  "//:test_command_slot (571fbeb)" -> "//:opt (571fbeb)"
  "//:test_command_slot (571fbeb)" -> "//:test/rpc/test_command_slot.cc (null)"
  "//:test_command_slot (571fbeb)" -> "//:test_common (1ca46bc)"
  "//:test_command_slot (571fbeb)" -> "@local_config_cc//:cc-compiler-k8 (1ca46bc)"
  "//:test_command_slot (571fbeb)" -> "@mimalloc//:mimalloc (1ca46bc)"
  "//:test_command_map (571fbeb)"
  "//:test_command_map (571fbeb)" -> "//:opt (571fbeb)"
  "//:test_command_map (571fbeb)" -> "//:test/rpc/test_command_map.cc (null)"
  "//:test_command_map (571fbeb)" -> "//:test_common (1ca46bc)"
  "//:test_command_map (571fbeb)" -> "@local_config_cc//:cc-compiler-k8 (1ca46bc)"
  "//:test_command_map (571fbeb)" -> "@mimalloc//:mimalloc (1ca46bc)"
  "//:test_command_dynamic (571fbeb)"
  "//:test_command_dynamic (571fbeb)" -> "//:opt (571fbeb)"
  "//:test_command_dynamic (571fbeb)" -> "//:test/src/test_command_dynamic.cc (null)"
  "//:test_command_dynamic (571fbeb)" -> "//:test_common (1ca46bc)"
  "//:test_command_dynamic (571fbeb)" -> "@local_config_cc//:cc-compiler-k8 (1ca46bc)"
  "//:test_command_dynamic (571fbeb)" -> "@mimalloc//:mimalloc (1ca46bc)"
  "@local_config_cc//:cc-compiler-k8 (1ca46bc)"
  "@local_config_cc//:cc-compiler-k8 (1ca46bc)" -> "@local_config_cc//:compiler_deps (3dd38aa)"
  "@local_config_cc//:cc-compiler-k8 (1ca46bc)" -> "@local_config_cc//:empty (3dd38aa)\n@local_config_cc//:local (1ca46bc)"
  "@local_config_cc//:empty (3dd38aa)\n@local_config_cc//:local (1ca46bc)"
  "@local_config_cc//:compiler_deps (3dd38aa)"
  "@local_config_cc//:compiler_deps (3dd38aa)" -> "@local_config_cc//:builtin_include_directory_paths (null)"
  "@local_config_cc//:builtin_include_directory_paths (null)"
  "//:test_common (1ca46bc)"
  "//:test_common (1ca46bc)" -> "//:opt (1ca46bc)"
  "//:test_common (1ca46bc)" -> "//:rtorrent_common (1ca46bc)"
  "//:test_common (1ca46bc)" -> "//:test/main.cc (null)"
  "//:test_common (1ca46bc)" -> "@com_google_googletest//:gtest (1ca46bc)"
  "@com_google_googletest//:gtest (1ca46bc)"
  "@com_google_googletest//:gtest (1ca46bc)" -> "@com_google_absl//absl/debugging:failure_signal_handler (1ca46bc)"
  "@com_google_googletest//:gtest (1ca46bc)" -> "@com_google_absl//absl/debugging:stacktrace (1ca46bc)"
  "@com_google_googletest//:gtest (1ca46bc)" -> "@com_google_absl//absl/debugging:symbolize (1ca46bc)"
  "@com_google_googletest//:gtest (1ca46bc)" -> "@com_google_absl//absl/strings:strings (1ca46bc)"
  "@com_google_googletest//:gtest (1ca46bc)" -> "@com_google_absl//absl/types:any (1ca46bc)"
  "@com_google_googletest//:gtest (1ca46bc)" -> "@com_google_absl//absl/types:optional (1ca46bc)"
  "@com_google_googletest//:gtest (1ca46bc)" -> "@com_google_absl//absl/types:variant (1ca46bc)"
  "@com_google_googletest//:gtest (1ca46bc)" -> "@com_google_googletest//:googlemock/include/gmock/gmock-actions.h (null)\n@com_google_googletest//:googlemock/include/gmock/gmock-cardinalities.h (null)\n@com_google_googletest//:googlemock/include/gmock/gmock-function-mocker.h (null)\n@com_google_googletest//:googlemock/include/gmock/gmock-matchers.h (null)\n@com_google_googletest//:googlemock/include/gmock/gmock-more-actions.h (null)\n@com_google_googletest//:googlemock/include/gmock/gmock-more-matchers.h (null)\n...and 46 more items"
  "@com_google_googletest//:gtest (1ca46bc)" -> "@com_google_googletest//:windows (1ca46bc)"
  "@com_google_googletest//:windows (1ca46bc)"
  "@com_google_googletest//:windows (1ca46bc)" -> "@platforms//os:windows (1ca46bc)"
  "@com_google_googletest//:googlemock/include/gmock/gmock-actions.h (null)\n@com_google_googletest//:googlemock/include/gmock/gmock-cardinalities.h (null)\n@com_google_googletest//:googlemock/include/gmock/gmock-function-mocker.h (null)\n@com_google_googletest//:googlemock/include/gmock/gmock-matchers.h (null)\n@com_google_googletest//:googlemock/include/gmock/gmock-more-actions.h (null)\n@com_google_googletest//:googlemock/include/gmock/gmock-more-matchers.h (null)\n...and 46 more items"
  "@com_google_absl//absl/types:variant (1ca46bc)"
  "@com_google_absl//absl/types:variant (1ca46bc)" -> "@com_google_absl//absl:clang-cl_compiler (1ca46bc)\n@com_google_absl//absl:clang_compiler (1ca46bc)\n@com_google_absl//absl:msvc_compiler (1ca46bc)"
  "@com_google_absl//absl/types:variant (1ca46bc)" -> "@com_google_absl//absl/base:base_internal (1ca46bc)"
  "@com_google_absl//absl/types:variant (1ca46bc)" -> "@com_google_absl//absl/base:config (1ca46bc)"
  "@com_google_absl//absl/types:variant (1ca46bc)" -> "@com_google_absl//absl/base:core_headers (1ca46bc)"
  "@com_google_absl//absl/types:variant (1ca46bc)" -> "@com_google_absl//absl/meta:type_traits (1ca46bc)"
  "@com_google_absl//absl/types:variant (1ca46bc)" -> "@com_google_absl//absl/types:bad_variant_access (1ca46bc)"
  "@com_google_absl//absl/types:variant (1ca46bc)" -> "@com_google_absl//absl/types:internal/variant.h (null)\n@com_google_absl//absl/types:variant.h (null)"
  "@com_google_absl//absl/types:variant (1ca46bc)" -> "@com_google_absl//absl/utility:utility (1ca46bc)"
  "@com_google_absl//absl/types:internal/variant.h (null)\n@com_google_absl//absl/types:variant.h (null)"
  "@com_google_absl//absl/types:bad_variant_access (1ca46bc)"
  "@com_google_absl//absl/types:bad_variant_access (1ca46bc)" -> "@com_google_absl//absl:clang-cl_compiler (1ca46bc)\n@com_google_absl//absl:clang_compiler (1ca46bc)\n@com_google_absl//absl:msvc_compiler (1ca46bc)"
  "@com_google_absl//absl/types:bad_variant_access (1ca46bc)" -> "@com_google_absl//absl/base:config (1ca46bc)"
  "@com_google_absl//absl/types:bad_variant_access (1ca46bc)" -> "@com_google_absl//absl/base:raw_logging_internal (1ca46bc)"
  "@com_google_absl//absl/types:bad_variant_access (1ca46bc)" -> "@com_google_absl//absl/types:bad_variant_access.cc (null)\n@com_google_absl//absl/types:bad_variant_access.h (null)"
  "@com_google_absl//absl/types:bad_variant_access.cc (null)\n@com_google_absl//absl/types:bad_variant_access.h (null)"
  "@com_google_absl//absl/types:optional (1ca46bc)"
  "@com_google_absl//absl/types:optional (1ca46bc)" -> "@com_google_absl//absl:clang-cl_compiler (1ca46bc)\n@com_google_absl//absl:clang_compiler (1ca46bc)\n@com_google_absl//absl:msvc_compiler (1ca46bc)"
  "@com_google_absl//absl/types:optional (1ca46bc)" -> "@com_google_absl//absl/base:base_internal (1ca46bc)"
  "@com_google_absl//absl/types:optional (1ca46bc)" -> "@com_google_absl//absl/base:config (1ca46bc)"
  "@com_google_absl//absl/types:optional (1ca46bc)" -> "@com_google_absl//absl/base:core_headers (1ca46bc)"
  "@com_google_absl//absl/types:optional (1ca46bc)" -> "@com_google_absl//absl/memory:memory (1ca46bc)"
  "@com_google_absl//absl/types:optional (1ca46bc)" -> "@com_google_absl//absl/meta:type_traits (1ca46bc)"
  "@com_google_absl//absl/types:optional (1ca46bc)" -> "@com_google_absl//absl/types:bad_optional_access (1ca46bc)"
  "@com_google_absl//absl/types:optional (1ca46bc)" -> "@com_google_absl//absl/types:internal/optional.h (null)\n@com_google_absl//absl/types:optional.h (null)"
  "@com_google_absl//absl/types:optional (1ca46bc)" -> "@com_google_absl//absl/utility:utility (1ca46bc)"
  "@com_google_absl//absl/types:internal/optional.h (null)\n@com_google_absl//absl/types:optional.h (null)"
  "@com_google_absl//absl/types:bad_optional_access (1ca46bc)"
  "@com_google_absl//absl/types:bad_optional_access (1ca46bc)" -> "@com_google_absl//absl:clang-cl_compiler (1ca46bc)\n@com_google_absl//absl:clang_compiler (1ca46bc)\n@com_google_absl//absl:msvc_compiler (1ca46bc)"
  "@com_google_absl//absl/types:bad_optional_access (1ca46bc)" -> "@com_google_absl//absl/base:config (1ca46bc)"
  "@com_google_absl//absl/types:bad_optional_access (1ca46bc)" -> "@com_google_absl//absl/base:raw_logging_internal (1ca46bc)"
  "@com_google_absl//absl/types:bad_optional_access (1ca46bc)" -> "@com_google_absl//absl/types:bad_optional_access.cc (null)\n@com_google_absl//absl/types:bad_optional_access.h (null)"
  "@com_google_absl//absl/types:bad_optional_access.cc (null)\n@com_google_absl//absl/types:bad_optional_access.h (null)"
  "@com_google_absl//absl/types:any (1ca46bc)"
  "@com_google_absl//absl/types:any (1ca46bc)" -> "@com_google_absl//absl:clang-cl_compiler (1ca46bc)\n@com_google_absl//absl:clang_compiler (1ca46bc)\n@com_google_absl//absl:msvc_compiler (1ca46bc)"
  "@com_google_absl//absl/types:any (1ca46bc)" -> "@com_google_absl//absl/base:config (1ca46bc)"
  "@com_google_absl//absl/types:any (1ca46bc)" -> "@com_google_absl//absl/base:core_headers (1ca46bc)"
  "@com_google_absl//absl/types:any (1ca46bc)" -> "@com_google_absl//absl/base:fast_type_id (1ca46bc)"
  "@com_google_absl//absl/types:any (1ca46bc)" -> "@com_google_absl//absl/meta:type_traits (1ca46bc)"
  "@com_google_absl//absl/types:any (1ca46bc)" -> "@com_google_absl//absl/types:any.h (null)"
  "@com_google_absl//absl/types:any (1ca46bc)" -> "@com_google_absl//absl/types:bad_any_cast (1ca46bc)"
  "@com_google_absl//absl/types:any (1ca46bc)" -> "@com_google_absl//absl/utility:utility (1ca46bc)"
  "@com_google_absl//absl/utility:utility (1ca46bc)"
  "@com_google_absl//absl/utility:utility (1ca46bc)" -> "@com_google_absl//absl:clang-cl_compiler (1ca46bc)\n@com_google_absl//absl:clang_compiler (1ca46bc)\n@com_google_absl//absl:msvc_compiler (1ca46bc)"
  "@com_google_absl//absl/utility:utility (1ca46bc)" -> "@com_google_absl//absl/base:base_internal (1ca46bc)"
  "@com_google_absl//absl/utility:utility (1ca46bc)" -> "@com_google_absl//absl/base:config (1ca46bc)"
  "@com_google_absl//absl/utility:utility (1ca46bc)" -> "@com_google_absl//absl/meta:type_traits (1ca46bc)"
  "@com_google_absl//absl/utility:utility (1ca46bc)" -> "@com_google_absl//absl/utility:utility.h (null)"
  "@com_google_absl//absl/utility:utility.h (null)"
  "@com_google_absl//absl/types:bad_any_cast (1ca46bc)"
  "@com_google_absl//absl/types:bad_any_cast (1ca46bc)" -> "@com_google_absl//absl:clang-cl_compiler (1ca46bc)\n@com_google_absl//absl:clang_compiler (1ca46bc)\n@com_google_absl//absl:msvc_compiler (1ca46bc)"
  "@com_google_absl//absl/types:bad_any_cast (1ca46bc)" -> "@com_google_absl//absl/base:config (1ca46bc)"
  "@com_google_absl//absl/types:bad_any_cast (1ca46bc)" -> "@com_google_absl//absl/types:bad_any_cast.h (null)"
  "@com_google_absl//absl/types:bad_any_cast (1ca46bc)" -> "@com_google_absl//absl/types:bad_any_cast_impl (1ca46bc)"
  "@com_google_absl//absl/types:bad_any_cast_impl (1ca46bc)"
  "@com_google_absl//absl/types:bad_any_cast_impl (1ca46bc)" -> "@com_google_absl//absl:clang-cl_compiler (1ca46bc)\n@com_google_absl//absl:clang_compiler (1ca46bc)\n@com_google_absl//absl:msvc_compiler (1ca46bc)"
  "@com_google_absl//absl/types:bad_any_cast_impl (1ca46bc)" -> "@com_google_absl//absl/base:config (1ca46bc)"
  "@com_google_absl//absl/types:bad_any_cast_impl (1ca46bc)" -> "@com_google_absl//absl/base:raw_logging_internal (1ca46bc)"
  "@com_google_absl//absl/types:bad_any_cast_impl (1ca46bc)" -> "@com_google_absl//absl/types:bad_any_cast.cc (null)"
  "@com_google_absl//absl/types:bad_any_cast_impl (1ca46bc)" -> "@com_google_absl//absl/types:bad_any_cast.h (null)"
  "@com_google_absl//absl/types:bad_any_cast.cc (null)"
  "@com_google_absl//absl/types:bad_any_cast.h (null)"
  "@com_google_absl//absl/types:any.h (null)"
  "@com_google_absl//absl/base:fast_type_id (1ca46bc)"
  "@com_google_absl//absl/base:fast_type_id (1ca46bc)" -> "@com_google_absl//absl:clang-cl_compiler (1ca46bc)\n@com_google_absl//absl:clang_compiler (1ca46bc)\n@com_google_absl//absl:msvc_compiler (1ca46bc)"
  "@com_google_absl//absl/base:fast_type_id (1ca46bc)" -> "@com_google_absl//absl/base:config (1ca46bc)"
  "@com_google_absl//absl/base:fast_type_id (1ca46bc)" -> "@com_google_absl//absl/base:internal/fast_type_id.h (null)"
  "@com_google_absl//absl/base:internal/fast_type_id.h (null)"
  "@com_google_absl//absl/debugging:failure_signal_handler (1ca46bc)"
  "@com_google_absl//absl/debugging:failure_signal_handler (1ca46bc)" -> "@com_google_absl//absl:clang-cl_compiler (1ca46bc)\n@com_google_absl//absl:clang_compiler (1ca46bc)\n@com_google_absl//absl:msvc_compiler (1ca46bc)"
  "@com_google_absl//absl/debugging:failure_signal_handler (1ca46bc)" -> "@com_google_absl//absl/base:base (1ca46bc)"
  "@com_google_absl//absl/debugging:failure_signal_handler (1ca46bc)" -> "@com_google_absl//absl/base:config (1ca46bc)"
  "@com_google_absl//absl/debugging:failure_signal_handler (1ca46bc)" -> "@com_google_absl//absl/base:core_headers (1ca46bc)"
  "@com_google_absl//absl/debugging:failure_signal_handler (1ca46bc)" -> "@com_google_absl//absl/base:errno_saver (1ca46bc)"
  "@com_google_absl//absl/debugging:failure_signal_handler (1ca46bc)" -> "@com_google_absl//absl/base:raw_logging_internal (1ca46bc)"
  "@com_google_absl//absl/debugging:failure_signal_handler (1ca46bc)" -> "@com_google_absl//absl/debugging:examine_stack (1ca46bc)"
  "@com_google_absl//absl/debugging:failure_signal_handler (1ca46bc)" -> "@com_google_absl//absl/debugging:failure_signal_handler.cc (null)\n@com_google_absl//absl/debugging:failure_signal_handler.h (null)"
  "@com_google_absl//absl/debugging:failure_signal_handler (1ca46bc)" -> "@com_google_absl//absl/debugging:stacktrace (1ca46bc)"
  "@com_google_absl//absl/debugging:failure_signal_handler.cc (null)\n@com_google_absl//absl/debugging:failure_signal_handler.h (null)"
  "@com_google_absl//absl/debugging:examine_stack (1ca46bc)"
  "@com_google_absl//absl/debugging:examine_stack (1ca46bc)" -> "@com_google_absl//absl:clang-cl_compiler (1ca46bc)\n@com_google_absl//absl:clang_compiler (1ca46bc)\n@com_google_absl//absl:msvc_compiler (1ca46bc)"
  "@com_google_absl//absl/debugging:examine_stack (1ca46bc)" -> "@com_google_absl//absl/base:config (1ca46bc)"
  "@com_google_absl//absl/debugging:examine_stack (1ca46bc)" -> "@com_google_absl//absl/base:core_headers (1ca46bc)"
  "@com_google_absl//absl/debugging:examine_stack (1ca46bc)" -> "@com_google_absl//absl/base:raw_logging_internal (1ca46bc)"
  "@com_google_absl//absl/debugging:examine_stack (1ca46bc)" -> "@com_google_absl//absl/debugging:internal/examine_stack.cc (null)\n@com_google_absl//absl/debugging:internal/examine_stack.h (null)"
  "@com_google_absl//absl/debugging:examine_stack (1ca46bc)" -> "@com_google_absl//absl/debugging:stacktrace (1ca46bc)"
  "@com_google_absl//absl/debugging:examine_stack (1ca46bc)" -> "@com_google_absl//absl/debugging:symbolize (1ca46bc)"
  "@com_google_absl//absl/debugging:symbolize (1ca46bc)"
  "@com_google_absl//absl/debugging:symbolize (1ca46bc)" -> "@com_google_absl//absl:clang-cl_compiler (1ca46bc)\n@com_google_absl//absl:clang_compiler (1ca46bc)\n@com_google_absl//absl:msvc_compiler (1ca46bc)"
  "@com_google_absl//absl/debugging:symbolize (1ca46bc)" -> "@com_google_absl//absl/base:base (1ca46bc)"
  "@com_google_absl//absl/debugging:symbolize (1ca46bc)" -> "@com_google_absl//absl/base:config (1ca46bc)"
  "@com_google_absl//absl/debugging:symbolize (1ca46bc)" -> "@com_google_absl//absl/base:core_headers (1ca46bc)"
  "@com_google_absl//absl/debugging:symbolize (1ca46bc)" -> "@com_google_absl//absl/base:dynamic_annotations (1ca46bc)"
  "@com_google_absl//absl/debugging:symbolize (1ca46bc)" -> "@com_google_absl//absl/base:malloc_internal (1ca46bc)"
  "@com_google_absl//absl/debugging:symbolize (1ca46bc)" -> "@com_google_absl//absl/base:raw_logging_internal (1ca46bc)"
  "@com_google_absl//absl/debugging:symbolize (1ca46bc)" -> "@com_google_absl//absl/debugging:debugging_internal (1ca46bc)"
  "@com_google_absl//absl/debugging:symbolize (1ca46bc)" -> "@com_google_absl//absl/debugging:demangle_internal (1ca46bc)"
  "@com_google_absl//absl/debugging:symbolize (1ca46bc)" -> "@com_google_absl//absl/debugging:internal/symbolize.h (null)\n@com_google_absl//absl/debugging:symbolize.cc (null)\n@com_google_absl//absl/debugging:symbolize.h (null)\n@com_google_absl//absl/debugging:symbolize_darwin.inc (null)\n@com_google_absl//absl/debugging:symbolize_elf.inc (null)\n@com_google_absl//absl/debugging:symbolize_unimplemented.inc (null)\n@com_google_absl//absl/debugging:symbolize_win32.inc (null)"
  "@com_google_absl//absl/debugging:symbolize (1ca46bc)" -> "@com_google_absl//absl/strings:strings (1ca46bc)"
  "@com_google_absl//absl/strings:strings (1ca46bc)"
  "@com_google_absl//absl/strings:strings (1ca46bc)" -> "@com_google_absl//absl:clang-cl_compiler (1ca46bc)\n@com_google_absl//absl:clang_compiler (1ca46bc)\n@com_google_absl//absl:msvc_compiler (1ca46bc)"
  "@com_google_absl//absl/strings:strings (1ca46bc)" -> "@com_google_absl//absl/base:base (1ca46bc)"
  "@com_google_absl//absl/strings:strings (1ca46bc)" -> "@com_google_absl//absl/base:config (1ca46bc)"
  "@com_google_absl//absl/strings:strings (1ca46bc)" -> "@com_google_absl//absl/base:core_headers (1ca46bc)"
  "@com_google_absl//absl/strings:strings (1ca46bc)" -> "@com_google_absl//absl/base:endian (1ca46bc)"
  "@com_google_absl//absl/strings:strings (1ca46bc)" -> "@com_google_absl//absl/base:raw_logging_internal (1ca46bc)"
  "@com_google_absl//absl/strings:strings (1ca46bc)" -> "@com_google_absl//absl/base:throw_delegate (1ca46bc)"
  "@com_google_absl//absl/strings:strings (1ca46bc)" -> "@com_google_absl//absl/memory:memory (1ca46bc)"
  "@com_google_absl//absl/strings:strings (1ca46bc)" -> "@com_google_absl//absl/meta:type_traits (1ca46bc)"
  "@com_google_absl//absl/strings:strings (1ca46bc)" -> "@com_google_absl//absl/numeric:bits (1ca46bc)"
  "@com_google_absl//absl/strings:strings (1ca46bc)" -> "@com_google_absl//absl/numeric:int128 (1ca46bc)"
  "@com_google_absl//absl/strings:strings (1ca46bc)" -> "@com_google_absl//absl/strings:ascii.cc (null)\n@com_google_absl//absl/strings:ascii.h (null)\n@com_google_absl//absl/strings:charconv.cc (null)\n@com_google_absl//absl/strings:charconv.h (null)\n@com_google_absl//absl/strings:escaping.cc (null)\n@com_google_absl//absl/strings:escaping.h (null)\n@com_google_absl//absl/strings:internal/charconv_bigint.cc (null)\n@com_google_absl//absl/strings:internal/charconv_bigint.h (null)\n...and 24 more items"
  "@com_google_absl//absl/strings:strings (1ca46bc)" -> "@com_google_absl//absl/strings:internal (1ca46bc)"
  "@com_google_absl//absl/strings:internal (1ca46bc)"
  "@com_google_absl//absl/strings:internal (1ca46bc)" -> "@com_google_absl//absl:clang-cl_compiler (1ca46bc)\n@com_google_absl//absl:clang_compiler (1ca46bc)\n@com_google_absl//absl:msvc_compiler (1ca46bc)"
  "@com_google_absl//absl/strings:internal (1ca46bc)" -> "@com_google_absl//absl/base:config (1ca46bc)"
  "@com_google_absl//absl/strings:internal (1ca46bc)" -> "@com_google_absl//absl/base:core_headers (1ca46bc)"
  "@com_google_absl//absl/strings:internal (1ca46bc)" -> "@com_google_absl//absl/base:endian (1ca46bc)"
  "@com_google_absl//absl/strings:internal (1ca46bc)" -> "@com_google_absl//absl/base:raw_logging_internal (1ca46bc)"
  "@com_google_absl//absl/strings:internal (1ca46bc)" -> "@com_google_absl//absl/meta:type_traits (1ca46bc)"
  "@com_google_absl//absl/strings:internal (1ca46bc)" -> "@com_google_absl//absl/strings:internal/char_map.h (null)\n@com_google_absl//absl/strings:internal/escaping.cc (null)\n@com_google_absl//absl/strings:internal/escaping.h (null)\n@com_google_absl//absl/strings:internal/ostringstream.cc (null)\n@com_google_absl//absl/strings:internal/ostringstream.h (null)\n@com_google_absl//absl/strings:internal/resize_uninitialized.h (null)\n@com_google_absl//absl/strings:internal/utf8.cc (null)\n...and 1 more items"
  "@com_google_absl//absl/strings:internal/char_map.h (null)\n@com_google_absl//absl/strings:internal/escaping.cc (null)\n@com_google_absl//absl/strings:internal/escaping.h (null)\n@com_google_absl//absl/strings:internal/ostringstream.cc (null)\n@com_google_absl//absl/strings:internal/ostringstream.h (null)\n@com_google_absl//absl/strings:internal/resize_uninitialized.h (null)\n@com_google_absl//absl/strings:internal/utf8.cc (null)\n...and 1 more items"
  "@com_google_absl//absl/strings:ascii.cc (null)\n@com_google_absl//absl/strings:ascii.h (null)\n@com_google_absl//absl/strings:charconv.cc (null)\n@com_google_absl//absl/strings:charconv.h (null)\n@com_google_absl//absl/strings:escaping.cc (null)\n@com_google_absl//absl/strings:escaping.h (null)\n@com_google_absl//absl/strings:internal/charconv_bigint.cc (null)\n@com_google_absl//absl/strings:internal/charconv_bigint.h (null)\n...and 24 more items"
  "@com_google_absl//absl/numeric:int128 (1ca46bc)"
  "@com_google_absl//absl/numeric:int128 (1ca46bc)" -> "@com_google_absl//absl:clang-cl_compiler (1ca46bc)\n@com_google_absl//absl:clang_compiler (1ca46bc)\n@com_google_absl//absl:msvc_compiler (1ca46bc)"
  "@com_google_absl//absl/numeric:int128 (1ca46bc)" -> "@com_google_absl//absl/base:config (1ca46bc)"
  "@com_google_absl//absl/numeric:int128 (1ca46bc)" -> "@com_google_absl//absl/base:core_headers (1ca46bc)"
  "@com_google_absl//absl/numeric:int128 (1ca46bc)" -> "@com_google_absl//absl/numeric:bits (1ca46bc)"
  "@com_google_absl//absl/numeric:int128 (1ca46bc)" -> "@com_google_absl//absl/numeric:int128.cc (null)\n@com_google_absl//absl/numeric:int128.h (null)\n@com_google_absl//absl/numeric:int128_have_intrinsic.inc (null)\n@com_google_absl//absl/numeric:int128_no_intrinsic.inc (null)"
  "@com_google_absl//absl/numeric:int128.cc (null)\n@com_google_absl//absl/numeric:int128.h (null)\n@com_google_absl//absl/numeric:int128_have_intrinsic.inc (null)\n@com_google_absl//absl/numeric:int128_no_intrinsic.inc (null)"
  "@com_google_absl//absl/numeric:bits (1ca46bc)"
  "@com_google_absl//absl/numeric:bits (1ca46bc)" -> "@com_google_absl//absl:clang-cl_compiler (1ca46bc)\n@com_google_absl//absl:clang_compiler (1ca46bc)\n@com_google_absl//absl:msvc_compiler (1ca46bc)"
  "@com_google_absl//absl/numeric:bits (1ca46bc)" -> "@com_google_absl//absl/base:config (1ca46bc)"
  "@com_google_absl//absl/numeric:bits (1ca46bc)" -> "@com_google_absl//absl/base:core_headers (1ca46bc)"
  "@com_google_absl//absl/numeric:bits (1ca46bc)" -> "@com_google_absl//absl/numeric:bits.h (null)\n@com_google_absl//absl/numeric:internal/bits.h (null)"
  "@com_google_absl//absl/numeric:bits.h (null)\n@com_google_absl//absl/numeric:internal/bits.h (null)"
  "@com_google_absl//absl/memory:memory (1ca46bc)"
  "@com_google_absl//absl/memory:memory (1ca46bc)" -> "@com_google_absl//absl:clang-cl_compiler (1ca46bc)\n@com_google_absl//absl:clang_compiler (1ca46bc)\n@com_google_absl//absl:msvc_compiler (1ca46bc)"
  "@com_google_absl//absl/memory:memory (1ca46bc)" -> "@com_google_absl//absl/base:core_headers (1ca46bc)"
  "@com_google_absl//absl/memory:memory (1ca46bc)" -> "@com_google_absl//absl/memory:memory.h (null)"
  "@com_google_absl//absl/memory:memory (1ca46bc)" -> "@com_google_absl//absl/meta:type_traits (1ca46bc)"
  "@com_google_absl//absl/memory:memory.h (null)"
  "@com_google_absl//absl/base:throw_delegate (1ca46bc)"
  "@com_google_absl//absl/base:throw_delegate (1ca46bc)" -> "@com_google_absl//absl:clang-cl_compiler (1ca46bc)\n@com_google_absl//absl:clang_compiler (1ca46bc)\n@com_google_absl//absl:msvc_compiler (1ca46bc)"
  "@com_google_absl//absl/base:throw_delegate (1ca46bc)" -> "@com_google_absl//absl/base:config (1ca46bc)"
  "@com_google_absl//absl/base:throw_delegate (1ca46bc)" -> "@com_google_absl//absl/base:internal/throw_delegate.cc (null)\n@com_google_absl//absl/base:internal/throw_delegate.h (null)"
  "@com_google_absl//absl/base:throw_delegate (1ca46bc)" -> "@com_google_absl//absl/base:raw_logging_internal (1ca46bc)"
  "@com_google_absl//absl/base:internal/throw_delegate.cc (null)\n@com_google_absl//absl/base:internal/throw_delegate.h (null)"
  "@com_google_absl//absl/base:endian (1ca46bc)"
  "@com_google_absl//absl/base:endian (1ca46bc)" -> "@com_google_absl//absl:clang-cl_compiler (1ca46bc)\n@com_google_absl//absl:clang_compiler (1ca46bc)\n@com_google_absl//absl:msvc_compiler (1ca46bc)"
  "@com_google_absl//absl/base:endian (1ca46bc)" -> "@com_google_absl//absl/base:base (1ca46bc)"
  "@com_google_absl//absl/base:endian (1ca46bc)" -> "@com_google_absl//absl/base:config (1ca46bc)"
  "@com_google_absl//absl/base:endian (1ca46bc)" -> "@com_google_absl//absl/base:core_headers (1ca46bc)"
  "@com_google_absl//absl/base:endian (1ca46bc)" -> "@com_google_absl//absl/base:internal/endian.h (null)\n@com_google_absl//absl/base:internal/unaligned_access.h (null)"
  "@com_google_absl//absl/base:internal/endian.h (null)\n@com_google_absl//absl/base:internal/unaligned_access.h (null)"
  "@com_google_absl//absl/debugging:internal/symbolize.h (null)\n@com_google_absl//absl/debugging:symbolize.cc (null)\n@com_google_absl//absl/debugging:symbolize.h (null)\n@com_google_absl//absl/debugging:symbolize_darwin.inc (null)\n@com_google_absl//absl/debugging:symbolize_elf.inc (null)\n@com_google_absl//absl/debugging:symbolize_unimplemented.inc (null)\n@com_google_absl//absl/debugging:symbolize_win32.inc (null)"
  "@com_google_absl//absl/debugging:demangle_internal (1ca46bc)"
  "@com_google_absl//absl/debugging:demangle_internal (1ca46bc)" -> "@com_google_absl//absl:clang-cl_compiler (1ca46bc)\n@com_google_absl//absl:clang_compiler (1ca46bc)\n@com_google_absl//absl:msvc_compiler (1ca46bc)"
  "@com_google_absl//absl/debugging:demangle_internal (1ca46bc)" -> "@com_google_absl//absl/base:base (1ca46bc)"
  "@com_google_absl//absl/debugging:demangle_internal (1ca46bc)" -> "@com_google_absl//absl/base:config (1ca46bc)"
  "@com_google_absl//absl/debugging:demangle_internal (1ca46bc)" -> "@com_google_absl//absl/base:core_headers (1ca46bc)"
  "@com_google_absl//absl/debugging:demangle_internal (1ca46bc)" -> "@com_google_absl//absl/debugging:internal/demangle.cc (null)\n@com_google_absl//absl/debugging:internal/demangle.h (null)"
  "@com_google_absl//absl/debugging:internal/demangle.cc (null)\n@com_google_absl//absl/debugging:internal/demangle.h (null)"
  "@com_google_absl//absl/base:malloc_internal (1ca46bc)"
  "@com_google_absl//absl/base:malloc_internal (1ca46bc)" -> "@com_google_absl//absl:clang-cl_compiler (1ca46bc)\n@com_google_absl//absl:clang_compiler (1ca46bc)\n@com_google_absl//absl:msvc_compiler (1ca46bc)"
  "@com_google_absl//absl/base:malloc_internal (1ca46bc)" -> "@com_google_absl//absl:wasm (1ca46bc)"
  "@com_google_absl//absl/base:malloc_internal (1ca46bc)" -> "@com_google_absl//absl/base:base (1ca46bc)"
  "@com_google_absl//absl/base:malloc_internal (1ca46bc)" -> "@com_google_absl//absl/base:base_internal (1ca46bc)"
  "@com_google_absl//absl/base:malloc_internal (1ca46bc)" -> "@com_google_absl//absl/base:config (1ca46bc)"
  "@com_google_absl//absl/base:malloc_internal (1ca46bc)" -> "@com_google_absl//absl/base:core_headers (1ca46bc)"
  "@com_google_absl//absl/base:malloc_internal (1ca46bc)" -> "@com_google_absl//absl/base:dynamic_annotations (1ca46bc)"
  "@com_google_absl//absl/base:malloc_internal (1ca46bc)" -> "@com_google_absl//absl/base:internal/direct_mmap.h (null)\n@com_google_absl//absl/base:internal/low_level_alloc.cc (null)\n@com_google_absl//absl/base:internal/low_level_alloc.h (null)"
  "@com_google_absl//absl/base:malloc_internal (1ca46bc)" -> "@com_google_absl//absl/base:raw_logging_internal (1ca46bc)"
  "@com_google_absl//absl/base:internal/direct_mmap.h (null)\n@com_google_absl//absl/base:internal/low_level_alloc.cc (null)\n@com_google_absl//absl/base:internal/low_level_alloc.h (null)"
  "@com_google_absl//absl/debugging:stacktrace (1ca46bc)"
  "@com_google_absl//absl/debugging:stacktrace (1ca46bc)" -> "@com_google_absl//absl:clang-cl_compiler (1ca46bc)\n@com_google_absl//absl:clang_compiler (1ca46bc)\n@com_google_absl//absl:msvc_compiler (1ca46bc)"
  "@com_google_absl//absl/debugging:stacktrace (1ca46bc)" -> "@com_google_absl//absl/base:config (1ca46bc)"
  "@com_google_absl//absl/debugging:stacktrace (1ca46bc)" -> "@com_google_absl//absl/base:core_headers (1ca46bc)"
  "@com_google_absl//absl/debugging:stacktrace (1ca46bc)" -> "@com_google_absl//absl/debugging:debugging_internal (1ca46bc)"
  "@com_google_absl//absl/debugging:stacktrace (1ca46bc)" -> "@com_google_absl//absl/debugging:internal/stacktrace_aarch64-inl.inc (null)\n@com_google_absl//absl/debugging:internal/stacktrace_arm-inl.inc (null)\n@com_google_absl//absl/debugging:internal/stacktrace_config.h (null)\n@com_google_absl//absl/debugging:internal/stacktrace_generic-inl.inc (null)\n@com_google_absl//absl/debugging:internal/stacktrace_powerpc-inl.inc (null)\n@com_google_absl//absl/debugging:internal/stacktrace_unimplemented-inl.inc (null)\n...and 4 more items"
  "@com_google_absl//absl/debugging:internal/stacktrace_aarch64-inl.inc (null)\n@com_google_absl//absl/debugging:internal/stacktrace_arm-inl.inc (null)\n@com_google_absl//absl/debugging:internal/stacktrace_config.h (null)\n@com_google_absl//absl/debugging:internal/stacktrace_generic-inl.inc (null)\n@com_google_absl//absl/debugging:internal/stacktrace_powerpc-inl.inc (null)\n@com_google_absl//absl/debugging:internal/stacktrace_unimplemented-inl.inc (null)\n...and 4 more items"
  "@com_google_absl//absl/debugging:debugging_internal (1ca46bc)"
  "@com_google_absl//absl/debugging:debugging_internal (1ca46bc)" -> "@com_google_absl//absl:clang-cl_compiler (1ca46bc)\n@com_google_absl//absl:clang_compiler (1ca46bc)\n@com_google_absl//absl:msvc_compiler (1ca46bc)"
  "@com_google_absl//absl/debugging:debugging_internal (1ca46bc)" -> "@com_google_absl//absl/base:config (1ca46bc)"
  "@com_google_absl//absl/debugging:debugging_internal (1ca46bc)" -> "@com_google_absl//absl/base:core_headers (1ca46bc)"
  "@com_google_absl//absl/debugging:debugging_internal (1ca46bc)" -> "@com_google_absl//absl/base:dynamic_annotations (1ca46bc)"
  "@com_google_absl//absl/debugging:debugging_internal (1ca46bc)" -> "@com_google_absl//absl/base:errno_saver (1ca46bc)"
  "@com_google_absl//absl/debugging:debugging_internal (1ca46bc)" -> "@com_google_absl//absl/base:raw_logging_internal (1ca46bc)"
  "@com_google_absl//absl/debugging:debugging_internal (1ca46bc)" -> "@com_google_absl//absl/debugging:internal/address_is_readable.cc (null)\n@com_google_absl//absl/debugging:internal/address_is_readable.h (null)\n@com_google_absl//absl/debugging:internal/elf_mem_image.cc (null)\n@com_google_absl//absl/debugging:internal/elf_mem_image.h (null)\n@com_google_absl//absl/debugging:internal/vdso_support.cc (null)\n@com_google_absl//absl/debugging:internal/vdso_support.h (null)"
  "@com_google_absl//absl/debugging:internal/address_is_readable.cc (null)\n@com_google_absl//absl/debugging:internal/address_is_readable.h (null)\n@com_google_absl//absl/debugging:internal/elf_mem_image.cc (null)\n@com_google_absl//absl/debugging:internal/elf_mem_image.h (null)\n@com_google_absl//absl/debugging:internal/vdso_support.cc (null)\n@com_google_absl//absl/debugging:internal/vdso_support.h (null)"
  "@com_google_absl//absl/debugging:internal/examine_stack.cc (null)\n@com_google_absl//absl/debugging:internal/examine_stack.h (null)"
  "@com_google_absl//absl/base:base (1ca46bc)"
  "@com_google_absl//absl/base:base (1ca46bc)" -> "@com_google_absl//absl:clang-cl_compiler (1ca46bc)\n@com_google_absl//absl:clang_compiler (1ca46bc)\n@com_google_absl//absl:msvc_compiler (1ca46bc)"
  "@com_google_absl//absl/base:base (1ca46bc)" -> "@com_google_absl//absl:wasm (1ca46bc)"
  "@com_google_absl//absl/base:base (1ca46bc)" -> "@com_google_absl//absl/base:atomic_hook (1ca46bc)"
  "@com_google_absl//absl/base:base (1ca46bc)" -> "@com_google_absl//absl/base:base_internal (1ca46bc)"
  "@com_google_absl//absl/base:base (1ca46bc)" -> "@com_google_absl//absl/base:call_once.h (null)\n@com_google_absl//absl/base:casts.h (null)\n@com_google_absl//absl/base:internal/cycleclock.cc (null)\n@com_google_absl//absl/base:internal/cycleclock.h (null)\n@com_google_absl//absl/base:internal/low_level_scheduling.h (null)\n@com_google_absl//absl/base:internal/per_thread_tls.h (null)\n@com_google_absl//absl/base:internal/spinlock.cc (null)\n@com_google_absl//absl/base:internal/spinlock.h (null)\n...and 7 more items"
  "@com_google_absl//absl/base:base (1ca46bc)" -> "@com_google_absl//absl/base:config (1ca46bc)"
  "@com_google_absl//absl/base:base (1ca46bc)" -> "@com_google_absl//absl/base:core_headers (1ca46bc)"
  "@com_google_absl//absl/base:base (1ca46bc)" -> "@com_google_absl//absl/base:dynamic_annotations (1ca46bc)"
  "@com_google_absl//absl/base:base (1ca46bc)" -> "@com_google_absl//absl/base:log_severity (1ca46bc)"
  "@com_google_absl//absl/base:base (1ca46bc)" -> "@com_google_absl//absl/base:raw_logging_internal (1ca46bc)"
  "@com_google_absl//absl/base:base (1ca46bc)" -> "@com_google_absl//absl/base:spinlock_wait (1ca46bc)"
  "@com_google_absl//absl/base:base (1ca46bc)" -> "@com_google_absl//absl/meta:type_traits (1ca46bc)"
  "@com_google_absl//absl/base:spinlock_wait (1ca46bc)"
  "@com_google_absl//absl/base:spinlock_wait (1ca46bc)" -> "@com_google_absl//absl:clang-cl_compiler (1ca46bc)\n@com_google_absl//absl:clang_compiler (1ca46bc)\n@com_google_absl//absl:msvc_compiler (1ca46bc)"
  "@com_google_absl//absl/base:spinlock_wait (1ca46bc)" -> "@com_google_absl//absl/base:base_internal (1ca46bc)"
  "@com_google_absl//absl/base:spinlock_wait (1ca46bc)" -> "@com_google_absl//absl/base:core_headers (1ca46bc)"
  "@com_google_absl//absl/base:spinlock_wait (1ca46bc)" -> "@com_google_absl//absl/base:errno_saver (1ca46bc)"
  "@com_google_absl//absl/base:spinlock_wait (1ca46bc)" -> "@com_google_absl//absl/base:internal/spinlock_akaros.inc (null)\n@com_google_absl//absl/base:internal/spinlock_linux.inc (null)\n@com_google_absl//absl/base:internal/spinlock_posix.inc (null)\n@com_google_absl//absl/base:internal/spinlock_wait.cc (null)\n@com_google_absl//absl/base:internal/spinlock_wait.h (null)\n@com_google_absl//absl/base:internal/spinlock_win32.inc (null)"
  "@com_google_absl//absl/base:internal/spinlock_akaros.inc (null)\n@com_google_absl//absl/base:internal/spinlock_linux.inc (null)\n@com_google_absl//absl/base:internal/spinlock_posix.inc (null)\n@com_google_absl//absl/base:internal/spinlock_wait.cc (null)\n@com_google_absl//absl/base:internal/spinlock_wait.h (null)\n@com_google_absl//absl/base:internal/spinlock_win32.inc (null)"
  "@com_google_absl//absl/base:errno_saver (1ca46bc)"
  "@com_google_absl//absl/base:errno_saver (1ca46bc)" -> "@com_google_absl//absl:clang-cl_compiler (1ca46bc)\n@com_google_absl//absl:clang_compiler (1ca46bc)\n@com_google_absl//absl:msvc_compiler (1ca46bc)"
  "@com_google_absl//absl/base:errno_saver (1ca46bc)" -> "@com_google_absl//absl/base:config (1ca46bc)"
  "@com_google_absl//absl/base:errno_saver (1ca46bc)" -> "@com_google_absl//absl/base:internal/errno_saver.h (null)"
  "@com_google_absl//absl/base:internal/errno_saver.h (null)"
  "@com_google_absl//absl/base:raw_logging_internal (1ca46bc)"
  "@com_google_absl//absl/base:raw_logging_internal (1ca46bc)" -> "@com_google_absl//absl:clang-cl_compiler (1ca46bc)\n@com_google_absl//absl:clang_compiler (1ca46bc)\n@com_google_absl//absl:msvc_compiler (1ca46bc)"
  "@com_google_absl//absl/base:raw_logging_internal (1ca46bc)" -> "@com_google_absl//absl/base:atomic_hook (1ca46bc)"
  "@com_google_absl//absl/base:raw_logging_internal (1ca46bc)" -> "@com_google_absl//absl/base:config (1ca46bc)"
  "@com_google_absl//absl/base:raw_logging_internal (1ca46bc)" -> "@com_google_absl//absl/base:core_headers (1ca46bc)"
  "@com_google_absl//absl/base:raw_logging_internal (1ca46bc)" -> "@com_google_absl//absl/base:internal/raw_logging.cc (null)\n@com_google_absl//absl/base:internal/raw_logging.h (null)"
  "@com_google_absl//absl/base:raw_logging_internal (1ca46bc)" -> "@com_google_absl//absl/base:log_severity (1ca46bc)"
  "@com_google_absl//absl/base:internal/raw_logging.cc (null)\n@com_google_absl//absl/base:internal/raw_logging.h (null)"
  "@com_google_absl//absl/base:log_severity (1ca46bc)"
  "@com_google_absl//absl/base:log_severity (1ca46bc)" -> "@com_google_absl//absl:clang-cl_compiler (1ca46bc)\n@com_google_absl//absl:clang_compiler (1ca46bc)\n@com_google_absl//absl:msvc_compiler (1ca46bc)"
  "@com_google_absl//absl/base:log_severity (1ca46bc)" -> "@com_google_absl//absl/base:config (1ca46bc)"
  "@com_google_absl//absl/base:log_severity (1ca46bc)" -> "@com_google_absl//absl/base:core_headers (1ca46bc)"
  "@com_google_absl//absl/base:log_severity (1ca46bc)" -> "@com_google_absl//absl/base:log_severity.cc (null)\n@com_google_absl//absl/base:log_severity.h (null)"
  "@com_google_absl//absl/base:log_severity.cc (null)\n@com_google_absl//absl/base:log_severity.h (null)"
  "@com_google_absl//absl/base:dynamic_annotations (1ca46bc)"
  "@com_google_absl//absl/base:dynamic_annotations (1ca46bc)" -> "@com_google_absl//absl:clang-cl_compiler (1ca46bc)\n@com_google_absl//absl:clang_compiler (1ca46bc)\n@com_google_absl//absl:msvc_compiler (1ca46bc)"
  "@com_google_absl//absl/base:dynamic_annotations (1ca46bc)" -> "@com_google_absl//absl/base:config (1ca46bc)"
  "@com_google_absl//absl/base:dynamic_annotations (1ca46bc)" -> "@com_google_absl//absl/base:core_headers (1ca46bc)"
  "@com_google_absl//absl/base:dynamic_annotations (1ca46bc)" -> "@com_google_absl//absl/base:dynamic_annotations.h (null)\n@com_google_absl//absl/base:internal/dynamic_annotations.h (null)"
  "@com_google_absl//absl/base:dynamic_annotations.h (null)\n@com_google_absl//absl/base:internal/dynamic_annotations.h (null)"
  "@com_google_absl//absl/base:call_once.h (null)\n@com_google_absl//absl/base:casts.h (null)\n@com_google_absl//absl/base:internal/cycleclock.cc (null)\n@com_google_absl//absl/base:internal/cycleclock.h (null)\n@com_google_absl//absl/base:internal/low_level_scheduling.h (null)\n@com_google_absl//absl/base:internal/per_thread_tls.h (null)\n@com_google_absl//absl/base:internal/spinlock.cc (null)\n@com_google_absl//absl/base:internal/spinlock.h (null)\n...and 7 more items"
  "@com_google_absl//absl/base:base_internal (1ca46bc)"
  "@com_google_absl//absl/base:base_internal (1ca46bc)" -> "@com_google_absl//absl:clang-cl_compiler (1ca46bc)\n@com_google_absl//absl:clang_compiler (1ca46bc)\n@com_google_absl//absl:msvc_compiler (1ca46bc)"
  "@com_google_absl//absl/base:base_internal (1ca46bc)" -> "@com_google_absl//absl/base:config (1ca46bc)"
  "@com_google_absl//absl/base:base_internal (1ca46bc)" -> "@com_google_absl//absl/base:internal/hide_ptr.h (null)\n@com_google_absl//absl/base:internal/identity.h (null)\n@com_google_absl//absl/base:internal/inline_variable.h (null)\n@com_google_absl//absl/base:internal/invoke.h (null)\n@com_google_absl//absl/base:internal/scheduling_mode.h (null)"
  "@com_google_absl//absl/base:base_internal (1ca46bc)" -> "@com_google_absl//absl/meta:type_traits (1ca46bc)"
  "@com_google_absl//absl/meta:type_traits (1ca46bc)"
  "@com_google_absl//absl/meta:type_traits (1ca46bc)" -> "@com_google_absl//absl:clang-cl_compiler (1ca46bc)\n@com_google_absl//absl:clang_compiler (1ca46bc)\n@com_google_absl//absl:msvc_compiler (1ca46bc)"
  "@com_google_absl//absl/meta:type_traits (1ca46bc)" -> "@com_google_absl//absl/base:config (1ca46bc)"
  "@com_google_absl//absl/meta:type_traits (1ca46bc)" -> "@com_google_absl//absl/meta:type_traits.h (null)"
  "@com_google_absl//absl/meta:type_traits.h (null)"
  "@com_google_absl//absl/base:internal/hide_ptr.h (null)\n@com_google_absl//absl/base:internal/identity.h (null)\n@com_google_absl//absl/base:internal/inline_variable.h (null)\n@com_google_absl//absl/base:internal/invoke.h (null)\n@com_google_absl//absl/base:internal/scheduling_mode.h (null)"
  "@com_google_absl//absl/base:atomic_hook (1ca46bc)"
  "@com_google_absl//absl/base:atomic_hook (1ca46bc)" -> "@com_google_absl//absl:clang-cl_compiler (1ca46bc)\n@com_google_absl//absl:clang_compiler (1ca46bc)\n@com_google_absl//absl:msvc_compiler (1ca46bc)"
  "@com_google_absl//absl/base:atomic_hook (1ca46bc)" -> "@com_google_absl//absl/base:config (1ca46bc)"
  "@com_google_absl//absl/base:atomic_hook (1ca46bc)" -> "@com_google_absl//absl/base:core_headers (1ca46bc)"
  "@com_google_absl//absl/base:atomic_hook (1ca46bc)" -> "@com_google_absl//absl/base:internal/atomic_hook.h (null)"
  "@com_google_absl//absl/base:internal/atomic_hook.h (null)"
  "@com_google_absl//absl/base:core_headers (1ca46bc)"
  "@com_google_absl//absl/base:core_headers (1ca46bc)" -> "@com_google_absl//absl:clang-cl_compiler (1ca46bc)\n@com_google_absl//absl:clang_compiler (1ca46bc)\n@com_google_absl//absl:msvc_compiler (1ca46bc)"
  "@com_google_absl//absl/base:core_headers (1ca46bc)" -> "@com_google_absl//absl/base:attributes.h (null)\n@com_google_absl//absl/base:const_init.h (null)\n@com_google_absl//absl/base:internal/thread_annotations.h (null)\n@com_google_absl//absl/base:macros.h (null)\n@com_google_absl//absl/base:optimization.h (null)\n@com_google_absl//absl/base:port.h (null)\n@com_google_absl//absl/base:thread_annotations.h (null)"
  "@com_google_absl//absl/base:core_headers (1ca46bc)" -> "@com_google_absl//absl/base:config (1ca46bc)"
  "@com_google_absl//absl/base:attributes.h (null)\n@com_google_absl//absl/base:const_init.h (null)\n@com_google_absl//absl/base:internal/thread_annotations.h (null)\n@com_google_absl//absl/base:macros.h (null)\n@com_google_absl//absl/base:optimization.h (null)\n@com_google_absl//absl/base:port.h (null)\n@com_google_absl//absl/base:thread_annotations.h (null)"
  "@com_google_absl//absl/base:config (1ca46bc)"
  "@com_google_absl//absl/base:config (1ca46bc)" -> "@com_google_absl//absl:clang-cl_compiler (1ca46bc)\n@com_google_absl//absl:clang_compiler (1ca46bc)\n@com_google_absl//absl:msvc_compiler (1ca46bc)"
  "@com_google_absl//absl/base:config (1ca46bc)" -> "@com_google_absl//absl/base:config.h (null)\n@com_google_absl//absl/base:options.h (null)\n@com_google_absl//absl/base:policy_checks.h (null)"
  "@com_google_absl//absl/base:config.h (null)\n@com_google_absl//absl/base:options.h (null)\n@com_google_absl//absl/base:policy_checks.h (null)"
  "@com_google_absl//absl:wasm (1ca46bc)"
  "@com_google_absl//absl:clang-cl_compiler (1ca46bc)\n@com_google_absl//absl:clang_compiler (1ca46bc)\n@com_google_absl//absl:msvc_compiler (1ca46bc)"
  "@com_google_absl//absl:clang-cl_compiler (1ca46bc)\n@com_google_absl//absl:clang_compiler (1ca46bc)\n@com_google_absl//absl:msvc_compiler (1ca46bc)" -> "@bazel_tools//tools/cpp:compiler (1ca46bc)"
  "@bazel_tools//tools/cpp:compiler (1ca46bc)"
  "//:test/src/test_command_dynamic.cc (null)"
  "//:test/rpc/test_parse_options.cc (null)"
  "//:test/rpc/test_object_storage.cc (null)"
  "//:test/rpc/test_command_test.cc (null)"
  "//:test/rpc/test_command_slot.cc (null)"
  "//:test/rpc/test_command_map.cc (null)"
  "//:test/main.cc (null)"
  "//:rtorrent-rpm (1ca46bc)"
  "//:rtorrent-rpm (1ca46bc)" -> "//:doc/rtorrent.spec (null)\n@rules_pkg_rpmbuild//:rpmbuild_auto (1ca46bc)"
  "//:rtorrent-rpm (1ca46bc)" -> "//:rtorrent-pkg-data (1ca46bc)"
  "//:rtorrent-rpm (1ca46bc)" -> "@rules_pkg//pkg:make_rpm (3dd38aa)"
  "@rules_pkg//pkg:make_rpm (3dd38aa)"
  "@rules_pkg//pkg:make_rpm (3dd38aa)" -> "@rules_pkg//pkg:not_compatible (3dd38aa)"
  "@rules_pkg//pkg:make_rpm (3dd38aa)" -> "@rules_pkg//toolchains/rpm:have_rpmbuild (3dd38aa)"
  "@rules_pkg//toolchains/rpm:have_rpmbuild (3dd38aa)"
  "@rules_pkg//toolchains/rpm:have_rpmbuild (3dd38aa)" -> "@rules_pkg//toolchains/rpm:is_rpmbuild_available (3dd38aa)"
  "@rules_pkg//toolchains/rpm:is_rpmbuild_available (3dd38aa)"
  "@rules_pkg//pkg:not_compatible (3dd38aa)"
  "@rules_pkg//pkg:not_compatible (3dd38aa)" -> "@rules_pkg//pkg:not_compatible_setting (3dd38aa)"
  "@rules_pkg//pkg:not_compatible_setting (3dd38aa)"
  "//:rtorrent-deb (1ca46bc)"
  "//:rtorrent-deb (1ca46bc)" -> "//:rtorrent-pkg-data (1ca46bc)"
  "//:rtorrent-pkg-data (1ca46bc)"
  "//:rtorrent-pkg-data (1ca46bc)" -> "//:rtorrent-bin (1ca46bc)"
  "//:rtorrent-pkg-data (1ca46bc)" -> "//:rtorrent-cfg (1ca46bc)"
  "//:rtorrent-pkg-data (1ca46bc)" -> "//:rtorrent-service (1ca46bc)"
  "//:rtorrent-pkg-data (1ca46bc)" -> "@rules_pkg//pkg/private:private_stamp_detect (1ca46bc)"
  "//:rtorrent-service (1ca46bc)"
  "//:rtorrent-service (1ca46bc)" -> "//:doc/rtorrent@.service (null)"
  "//:rtorrent-service (1ca46bc)" -> "@rules_pkg//pkg/private:private_stamp_detect (1ca46bc)"
  "//:rtorrent-cfg (1ca46bc)"
  "//:rtorrent-cfg (1ca46bc)" -> "//:doc/rtorrent.rc (null)"
  "//:rtorrent-cfg (1ca46bc)" -> "@rules_pkg//pkg/private:private_stamp_detect (1ca46bc)"
  "//:rtorrent-bin (1ca46bc)"
  "//:rtorrent-bin (1ca46bc)" -> "//:rtorrent (1ca46bc)"
  "//:rtorrent-bin (1ca46bc)" -> "@rules_pkg//pkg/private:private_stamp_detect (1ca46bc)"
  "@rules_pkg//pkg/private:private_stamp_detect (1ca46bc)"
  "//:rtorrent (1ca46bc)"
  "//:rtorrent (1ca46bc)" -> "//:opt (1ca46bc)"
  "//:rtorrent (1ca46bc)" -> "//:rtorrent_common (1ca46bc)"
  "//:rtorrent (1ca46bc)" -> "//:src/main.cc (null)"
  "//:rtorrent (1ca46bc)" -> "@mimalloc//:mimalloc (1ca46bc)"
  "@mimalloc//:mimalloc (1ca46bc)"
  "@mimalloc//:mimalloc (1ca46bc)" -> "@mimalloc//:_mimalloc (1ca46bc)"
  "@mimalloc//:_mimalloc (1ca46bc)"
  "@mimalloc//:_mimalloc (1ca46bc)" -> "@mimalloc//:all (1ca46bc)"
  "@mimalloc//:all (1ca46bc)"
  "@mimalloc//:all (1ca46bc)" -> "@mimalloc//:.gitattributes (null)\n@mimalloc//:.gitignore (null)\n@mimalloc//:BUILD.bazel (null)\n@mimalloc//:CMakeLists.txt (null)\n@mimalloc//:LICENSE (null)\n@mimalloc//:WORKSPACE (null)\n@mimalloc//:azure-pipelines.yml (null)\n@mimalloc//:bin/mimalloc-redirect.dll (null)\n@mimalloc//:bin/mimalloc-redirect.lib (null)\n@mimalloc//:bin/mimalloc-redirect32.dll (null)\n@mimalloc//:bin/mimalloc-redirect32.lib (null)\n@mimalloc//:bin/minject.exe (null)\n...and 249 more items"
  "@mimalloc//:.gitattributes (null)\n@mimalloc//:.gitignore (null)\n@mimalloc//:BUILD.bazel (null)\n@mimalloc//:CMakeLists.txt (null)\n@mimalloc//:LICENSE (null)\n@mimalloc//:WORKSPACE (null)\n@mimalloc//:azure-pipelines.yml (null)\n@mimalloc//:bin/mimalloc-redirect.dll (null)\n@mimalloc//:bin/mimalloc-redirect.lib (null)\n@mimalloc//:bin/mimalloc-redirect32.dll (null)\n@mimalloc//:bin/mimalloc-redirect32.lib (null)\n@mimalloc//:bin/minject.exe (null)\n...and 249 more items"
  "//:src/main.cc (null)"
  "//:rtorrent_common (1ca46bc)"
  "//:rtorrent_common (1ca46bc)" -> "//:buildinfo (1ca46bc)"
  "//:rtorrent_common (1ca46bc)" -> "//:included_headers (1ca46bc)"
  "//:rtorrent_common (1ca46bc)" -> "//:opt (1ca46bc)"
  "//:rtorrent_common (1ca46bc)" -> "//:src/command_download.cc (null)\n//:src/command_dynamic.cc (null)\n//:src/command_events.cc (null)\n//:src/command_file.cc (null)\n//:src/command_fs.cc (null)\n//:src/command_groups.cc (null)\n//:src/command_helpers.cc (null)\n//:src/command_local.cc (null)\n//:src/command_logging.cc (null)\n//:src/command_logic.cc (null)\n//:src/command_network.cc (null)\n//:src/command_peer.cc (null)\n//:src/command_scheduler.cc (null)\n//:src/command_throttle.cc (null)\n...and 81 more items"
  "//:rtorrent_common (1ca46bc)" -> "@curl//:curl (1ca46bc)"
  "//:rtorrent_common (1ca46bc)" -> "@json//:json (1ca46bc)"
  "//:rtorrent_common (1ca46bc)" -> "@libtorrent//:torrent (1ca46bc)"
  "//:rtorrent_common (1ca46bc)" -> "@ncurses//:ncursesw (1ca46bc)"
  "//:rtorrent_common (1ca46bc)" -> "@platforms//os:macos (1ca46bc)"
  "//:rtorrent_common (1ca46bc)" -> "@xmlrpc//:xmlrpc (1ca46bc)"
  "@xmlrpc//:xmlrpc (1ca46bc)"
  "@xmlrpc//:xmlrpc (1ca46bc)" -> "@platforms//os:macos (1ca46bc)"
  "@xmlrpc//:xmlrpc (1ca46bc)" -> "@xmlrpc//:all (1ca46bc)"
  "@xmlrpc//:all (1ca46bc)"
  "@xmlrpc//:all (1ca46bc)" -> "@xmlrpc//:BUILD.bazel (null)\n@xmlrpc//:GNUmakefile (null)\n@xmlrpc//:Makefile (null)\n@xmlrpc//:README (null)\n@xmlrpc//:WORKSPACE (null)\n@xmlrpc//:Windows/CleanAll.bat (null)\n@xmlrpc//:Windows/CleanWin32.bat (null)\n@xmlrpc//:Windows/ConfigureWin32.bat (null)\n@xmlrpc//:Windows/ReadMeWin32.txt (null)\n@xmlrpc//:Windows/UsingCURLinWin32.txt (null)\n@xmlrpc//:Windows/UsingProxyDSP.txt (null)\n@xmlrpc//:Windows/delsln.bat (null)\n@xmlrpc//:Windows/diffcfg.bat (null)\n...and 615 more items"
  "@xmlrpc//:BUILD.bazel (null)\n@xmlrpc//:GNUmakefile (null)\n@xmlrpc//:Makefile (null)\n@xmlrpc//:README (null)\n@xmlrpc//:WORKSPACE (null)\n@xmlrpc//:Windows/CleanAll.bat (null)\n@xmlrpc//:Windows/CleanWin32.bat (null)\n@xmlrpc//:Windows/ConfigureWin32.bat (null)\n@xmlrpc//:Windows/ReadMeWin32.txt (null)\n@xmlrpc//:Windows/UsingCURLinWin32.txt (null)\n@xmlrpc//:Windows/UsingProxyDSP.txt (null)\n@xmlrpc//:Windows/delsln.bat (null)\n@xmlrpc//:Windows/diffcfg.bat (null)\n...and 615 more items"
  "@ncurses//:ncursesw (1ca46bc)"
  "@ncurses//:ncursesw (1ca46bc)" -> "@ncurses//:include/curses.h (1ca46bc)"
  "@ncurses//:ncursesw (1ca46bc)" -> "@ncurses//:include/hashed_db.h (null)\n@ncurses//:include/nc_alloc.h (null)\n@ncurses//:include/nc_panel.h (null)\n@ncurses//:include/nc_string.h (null)\n@ncurses//:include/nc_termios.h (null)\n@ncurses//:include/nc_tparm.h (null)\n@ncurses//:include/term_entry.h (null)\n@ncurses//:include/tic.h (null)\n@ncurses//:ncurses/SigAction.h (null)\n@ncurses//:ncurses/base/define_key.c (null)\n@ncurses//:ncurses/base/key_defined.c (null)\n@ncurses//:ncurses/base/keybound.c (null)\n...and 168 more items"
  "@ncurses//:ncursesw (1ca46bc)" -> "@ncurses//:include/hashsize.h (1ca46bc)"
  "@ncurses//:ncursesw (1ca46bc)" -> "@ncurses//:include/ncurses.h (1ca46bc)"
  "@ncurses//:ncursesw (1ca46bc)" -> "@ncurses//:include/ncurses_cfg.h (1ca46bc)"
  "@ncurses//:ncursesw (1ca46bc)" -> "@ncurses//:include/ncurses_def.h (1ca46bc)"
  "@ncurses//:ncursesw (1ca46bc)" -> "@ncurses//:include/ncurses_dll.h (1ca46bc)"
  "@ncurses//:ncursesw (1ca46bc)" -> "@ncurses//:include/parametrized.h (1ca46bc)"
  "@ncurses//:ncursesw (1ca46bc)" -> "@ncurses//:include/term.h (1ca46bc)"
  "@ncurses//:ncursesw (1ca46bc)" -> "@ncurses//:include/termcap.h (1ca46bc)"
  "@ncurses//:ncursesw (1ca46bc)" -> "@ncurses//:include/unctrl.h (1ca46bc)"
  "@ncurses//:ncursesw (1ca46bc)" -> "@ncurses//:ncurses/codes.c (1ca46bc)"
  "@ncurses//:ncursesw (1ca46bc)" -> "@ncurses//:ncurses/comp_captab.c (1ca46bc)"
  "@ncurses//:ncursesw (1ca46bc)" -> "@ncurses//:ncurses/comp_userdefs.c (1ca46bc)"
  "@ncurses//:ncursesw (1ca46bc)" -> "@ncurses//:ncurses/expanded.c (1ca46bc)"
  "@ncurses//:ncursesw (1ca46bc)" -> "@ncurses//:ncurses/fallback.c (1ca46bc)"
  "@ncurses//:ncursesw (1ca46bc)" -> "@ncurses//:ncurses/init_keytry.h (1ca46bc)"
  "@ncurses//:ncursesw (1ca46bc)" -> "@ncurses//:ncurses/lib_gen.c (1ca46bc)"
  "@ncurses//:ncursesw (1ca46bc)" -> "@ncurses//:ncurses/lib_keyname.c (1ca46bc)"
  "@ncurses//:ncursesw (1ca46bc)" -> "@ncurses//:ncurses/names.c (1ca46bc)"
  "@ncurses//:ncursesw (1ca46bc)" -> "@ncurses//:ncurses/tinfo/doalloc.c (null)"
  "@ncurses//:ncursesw (1ca46bc)" -> "@ncurses//:ncurses/unctrl.c (1ca46bc)"
  "@ncurses//:ncursesw (1ca46bc)" -> "@ncurses//:textual-includes (1ca46bc)"
  "@ncurses//:textual-includes (1ca46bc)"
  "@ncurses//:textual-includes (1ca46bc)" -> "@ncurses//:include/capdefaults.c (null)"
  "@ncurses//:textual-includes (1ca46bc)" -> "@ncurses//:ncurses/names.c (1ca46bc)"
  "@ncurses//:textual-includes (1ca46bc)" -> "@ncurses//:ncurses/tinfo/doalloc.c (null)"
  "@ncurses//:include/capdefaults.c (null)"
  "@ncurses//:ncurses/unctrl.c (1ca46bc)"
  "@ncurses//:ncurses/unctrl.c (1ca46bc)" -> "@ncurses//:ncurses/unctrl (1ca46bc)"
  "@ncurses//:ncurses/unctrl (1ca46bc)"
  "@ncurses//:ncurses/tinfo/doalloc.c (null)"
  "@ncurses//:ncurses/names.c (1ca46bc)"
  "@ncurses//:ncurses/names.c (1ca46bc)" -> "@ncurses//:ncurses/names (1ca46bc)"
  "@ncurses//:ncurses/names (1ca46bc)"
  "@ncurses//:ncurses/lib_keyname.c (1ca46bc)"
  "@ncurses//:ncurses/lib_keyname.c (1ca46bc)" -> "@ncurses//:ncurses/lib_keyname (1ca46bc)"
  "@ncurses//:ncurses/lib_keyname (1ca46bc)"
  "@ncurses//:ncurses/lib_gen.c (1ca46bc)"
  "@ncurses//:ncurses/lib_gen.c (1ca46bc)" -> "@ncurses//:ncurses/lib_gen (1ca46bc)"
  "@ncurses//:ncurses/lib_gen (1ca46bc)"
  "@ncurses//:ncurses/init_keytry.h (1ca46bc)"
  "@ncurses//:ncurses/init_keytry.h (1ca46bc)" -> "@ncurses//:ncurses/init_keytry (1ca46bc)"
  "@ncurses//:ncurses/init_keytry (1ca46bc)"
  "@ncurses//:ncurses/fallback.c (1ca46bc)"
  "@ncurses//:ncurses/fallback.c (1ca46bc)" -> "@ncurses//:ncurses/fallback (1ca46bc)"
  "@ncurses//:ncurses/fallback (1ca46bc)"
  "@ncurses//:ncurses/expanded.c (1ca46bc)"
  "@ncurses//:ncurses/expanded.c (1ca46bc)" -> "@ncurses//:ncurses/expanded (1ca46bc)"
  "@ncurses//:ncurses/expanded (1ca46bc)"
  "@ncurses//:ncurses/comp_userdefs.c (1ca46bc)"
  "@ncurses//:ncurses/comp_userdefs.c (1ca46bc)" -> "@ncurses//:ncurses/comp_userdefs (1ca46bc)"
  "@ncurses//:ncurses/comp_userdefs (1ca46bc)"
  "@ncurses//:ncurses/comp_captab.c (1ca46bc)"
  "@ncurses//:ncurses/comp_captab.c (1ca46bc)" -> "@ncurses//:ncurses/comp_captab (1ca46bc)"
  "@ncurses//:ncurses/comp_captab (1ca46bc)"
  "@ncurses//:ncurses/codes.c (1ca46bc)"
  "@ncurses//:ncurses/codes.c (1ca46bc)" -> "@ncurses//:ncurses/codes (1ca46bc)"
  "@ncurses//:ncurses/codes (1ca46bc)"
  "@ncurses//:include/unctrl.h (1ca46bc)"
  "@ncurses//:include/unctrl.h (1ca46bc)" -> "@ncurses//:include/unctrl (1ca46bc)"
  "@ncurses//:include/unctrl (1ca46bc)"
  "@ncurses//:include/termcap.h (1ca46bc)"
  "@ncurses//:include/termcap.h (1ca46bc)" -> "@ncurses//:include/termcap (1ca46bc)"
  "@ncurses//:include/termcap (1ca46bc)"
  "@ncurses//:include/term.h (1ca46bc)"
  "@ncurses//:include/term.h (1ca46bc)" -> "@ncurses//:include/term (1ca46bc)"
  "@ncurses//:include/term (1ca46bc)"
  "@ncurses//:include/parametrized.h (1ca46bc)"
  "@ncurses//:include/parametrized.h (1ca46bc)" -> "@ncurses//:include/parametrized (1ca46bc)"
  "@ncurses//:include/parametrized (1ca46bc)"
  "@ncurses//:include/ncurses_dll.h (1ca46bc)"
  "@ncurses//:include/ncurses_dll.h (1ca46bc)" -> "@ncurses//:include/ncurses_dll (1ca46bc)"
  "@ncurses//:include/ncurses_dll (1ca46bc)"
  "@ncurses//:include/ncurses_def.h (1ca46bc)"
  "@ncurses//:include/ncurses_def.h (1ca46bc)" -> "@ncurses//:include/ncurses_def (1ca46bc)"
  "@ncurses//:include/ncurses_def (1ca46bc)"
  "@ncurses//:include/ncurses_cfg.h (1ca46bc)"
  "@ncurses//:include/ncurses_cfg.h (1ca46bc)" -> "@ncurses//:include/ncurses_cfg (1ca46bc)"
  "@ncurses//:include/ncurses_cfg (1ca46bc)"
  "@ncurses//:include/ncurses.h (1ca46bc)"
  "@ncurses//:include/ncurses.h (1ca46bc)" -> "@ncurses//:symlink-ncurses (1ca46bc)"
  "@ncurses//:symlink-ncurses (1ca46bc)"
  "@ncurses//:symlink-ncurses (1ca46bc)" -> "@ncurses//:include/curses.h (1ca46bc)"
  "@ncurses//:include/hashsize.h (1ca46bc)"
  "@ncurses//:include/hashsize.h (1ca46bc)" -> "@ncurses//:include/hashsize (1ca46bc)"
  "@ncurses//:include/hashsize (1ca46bc)"
  "@ncurses//:include/hashed_db.h (null)\n@ncurses//:include/nc_alloc.h (null)\n@ncurses//:include/nc_panel.h (null)\n@ncurses//:include/nc_string.h (null)\n@ncurses//:include/nc_termios.h (null)\n@ncurses//:include/nc_tparm.h (null)\n@ncurses//:include/term_entry.h (null)\n@ncurses//:include/tic.h (null)\n@ncurses//:ncurses/SigAction.h (null)\n@ncurses//:ncurses/base/define_key.c (null)\n@ncurses//:ncurses/base/key_defined.c (null)\n@ncurses//:ncurses/base/keybound.c (null)\n...and 168 more items"
  "@ncurses//:include/curses.h (1ca46bc)"
  "@ncurses//:include/curses.h (1ca46bc)" -> "@ncurses//:include/curses (1ca46bc)"
  "@ncurses//:include/curses (1ca46bc)"
  "@libtorrent//:torrent (1ca46bc)"
  "@libtorrent//:torrent (1ca46bc)" -> "@boringssl//:crypto (1ca46bc)"
  "@libtorrent//:torrent (1ca46bc)" -> "@libtorrent//:buildinfo (1ca46bc)"
  "@libtorrent//:torrent (1ca46bc)" -> "@libtorrent//:exported_headers (1ca46bc)"
  "@libtorrent//:torrent (1ca46bc)" -> "@libtorrent//:included_headers (1ca46bc)"
  "@libtorrent//:torrent (1ca46bc)" -> "@libtorrent//:opt (1ca46bc)\n@libtorrent//:src/data/chunk.cc (null)\n@libtorrent//:src/data/chunk_list.cc (null)\n@libtorrent//:src/data/chunk_part.cc (null)\n@libtorrent//:src/data/hash_check_queue.cc (null)\n@libtorrent//:src/data/hash_chunk.cc (null)\n@libtorrent//:src/data/hash_queue.cc (null)\n@libtorrent//:src/data/hash_queue_node.cc (null)\n@libtorrent//:src/data/hash_torrent.cc (null)\n@libtorrent//:src/data/memory_chunk.cc (null)\n...and 100 more items"
  "@libtorrent//:torrent (1ca46bc)" -> "@zlib//:zlib (1ca46bc)"
  "@libtorrent//:opt (1ca46bc)\n@libtorrent//:src/data/chunk.cc (null)\n@libtorrent//:src/data/chunk_list.cc (null)\n@libtorrent//:src/data/chunk_part.cc (null)\n@libtorrent//:src/data/hash_check_queue.cc (null)\n@libtorrent//:src/data/hash_chunk.cc (null)\n@libtorrent//:src/data/hash_queue.cc (null)\n@libtorrent//:src/data/hash_queue_node.cc (null)\n@libtorrent//:src/data/hash_torrent.cc (null)\n@libtorrent//:src/data/memory_chunk.cc (null)\n...and 100 more items"
  "@libtorrent//:included_headers (1ca46bc)"
  "@libtorrent//:included_headers (1ca46bc)" -> "@libtorrent//:include/data/chunk.h (null)\n@libtorrent//:include/data/chunk_handle.h (null)\n@libtorrent//:include/data/chunk_iterator.h (null)\n@libtorrent//:include/data/chunk_list.h (null)\n@libtorrent//:include/data/chunk_list_node.h (null)\n@libtorrent//:include/data/chunk_part.h (null)\n@libtorrent//:include/data/hash_check_queue.h (null)\n@libtorrent//:include/data/hash_chunk.h (null)\n@libtorrent//:include/data/hash_queue.h (null)\n...and 68 more items"
  "@libtorrent//:included_headers (1ca46bc)" -> "@libtorrent//:include/torrent/bitfield.h (null)\n@libtorrent//:include/torrent/chunk_manager.h (null)\n@libtorrent//:include/torrent/common.h (null)\n@libtorrent//:include/torrent/connection_manager.h (null)\n@libtorrent//:include/torrent/data/block.h (null)\n@libtorrent//:include/torrent/data/block_failed.h (null)\n@libtorrent//:include/torrent/data/block_list.h (null)\n@libtorrent//:include/torrent/data/block_transfer.h (null)\n...and 77 more items"
  "@libtorrent//:include/data/chunk.h (null)\n@libtorrent//:include/data/chunk_handle.h (null)\n@libtorrent//:include/data/chunk_iterator.h (null)\n@libtorrent//:include/data/chunk_list.h (null)\n@libtorrent//:include/data/chunk_list_node.h (null)\n@libtorrent//:include/data/chunk_part.h (null)\n@libtorrent//:include/data/hash_check_queue.h (null)\n@libtorrent//:include/data/hash_chunk.h (null)\n@libtorrent//:include/data/hash_queue.h (null)\n...and 68 more items"
  "@libtorrent//:exported_headers (1ca46bc)"
  "@libtorrent//:exported_headers (1ca46bc)" -> "@libtorrent//:include/torrent/bitfield.h (null)\n@libtorrent//:include/torrent/chunk_manager.h (null)\n@libtorrent//:include/torrent/common.h (null)\n@libtorrent//:include/torrent/connection_manager.h (null)\n@libtorrent//:include/torrent/data/block.h (null)\n@libtorrent//:include/torrent/data/block_failed.h (null)\n@libtorrent//:include/torrent/data/block_list.h (null)\n@libtorrent//:include/torrent/data/block_transfer.h (null)\n...and 77 more items"
  "@libtorrent//:include/torrent/bitfield.h (null)\n@libtorrent//:include/torrent/chunk_manager.h (null)\n@libtorrent//:include/torrent/common.h (null)\n@libtorrent//:include/torrent/connection_manager.h (null)\n@libtorrent//:include/torrent/data/block.h (null)\n@libtorrent//:include/torrent/data/block_failed.h (null)\n@libtorrent//:include/torrent/data/block_list.h (null)\n@libtorrent//:include/torrent/data/block_transfer.h (null)\n...and 77 more items"
  "@libtorrent//:buildinfo (1ca46bc)"
  "@libtorrent//:buildinfo (1ca46bc)" -> "@libtorrent//:cmake_rules (1ca46bc)"
  "@libtorrent//:cmake_rules (1ca46bc)"
  "@libtorrent//:cmake_rules (1ca46bc)" -> "@libtorrent//:CMakeLists.txt (null)\n@libtorrent//:cmake/GenerateLibtorrentBuildinfo.cmake (null)"
  "@libtorrent//:CMakeLists.txt (null)\n@libtorrent//:cmake/GenerateLibtorrentBuildinfo.cmake (null)"
  "@json//:json (1ca46bc)"
  "@json//:json (1ca46bc)" -> "@json//:include/nlohmann/adl_serializer.hpp (null)\n@json//:include/nlohmann/byte_container_with_subtype.hpp (null)\n@json//:include/nlohmann/detail/conversions/from_json.hpp (null)\n@json//:include/nlohmann/detail/conversions/to_chars.hpp (null)\n@json//:include/nlohmann/detail/conversions/to_json.hpp (null)\n@json//:include/nlohmann/detail/exceptions.hpp (null)\n@json//:include/nlohmann/detail/hash.hpp (null)\n@json//:include/nlohmann/detail/input/binary_reader.hpp (null)\n...and 33 more items"
  "@json//:include/nlohmann/adl_serializer.hpp (null)\n@json//:include/nlohmann/byte_container_with_subtype.hpp (null)\n@json//:include/nlohmann/detail/conversions/from_json.hpp (null)\n@json//:include/nlohmann/detail/conversions/to_chars.hpp (null)\n@json//:include/nlohmann/detail/conversions/to_json.hpp (null)\n@json//:include/nlohmann/detail/exceptions.hpp (null)\n@json//:include/nlohmann/detail/hash.hpp (null)\n@json//:include/nlohmann/detail/input/binary_reader.hpp (null)\n...and 33 more items"
  "@curl//:curl (1ca46bc)"
  "@curl//:curl (1ca46bc)" -> "@boringssl//:ssl (1ca46bc)"
  "@curl//:curl (1ca46bc)" -> "@cares//:ares (1ca46bc)"
  "@curl//:curl (1ca46bc)" -> "@curl//:include/curl/curl.h (null)\n@curl//:include/curl/curlver.h (null)\n@curl//:include/curl/easy.h (null)\n@curl//:include/curl/mprintf.h (null)\n@curl//:include/curl/multi.h (null)\n@curl//:include/curl/options.h (null)\n@curl//:include/curl/stdcheaders.h (null)\n@curl//:include/curl/system.h (null)\n@curl//:include/curl/typecheck-gcc.h (null)\n@curl//:include/curl/urlapi.h (null)\n@curl//:lib/altsvc.c (null)\n@curl//:lib/altsvc.h (null)\n@curl//:lib/amigaos.c (null)\n...and 295 more items"
  "@curl//:curl (1ca46bc)" -> "@curl//:include/curl_config.h (1ca46bc)"
  "@curl//:curl (1ca46bc)" -> "@platforms//os:macos (1ca46bc)"
  "@curl//:curl (1ca46bc)" -> "@platforms//os:windows (1ca46bc)"
  "@curl//:curl (1ca46bc)" -> "@zlib//:zlib (1ca46bc)"
  "@zlib//:zlib (1ca46bc)"
  "@zlib//:zlib (1ca46bc)" -> "@zlib//:all (1ca46bc)"
  "@zlib//:all (1ca46bc)"
  "@zlib//:all (1ca46bc)" -> "@zlib//:.gitattributes (null)\n@zlib//:.github/workflows/analyze.yml (null)\n@zlib//:.github/workflows/cmake.yml (null)\n@zlib//:.github/workflows/configure.yml (null)\n@zlib//:.github/workflows/fuzz.yml (null)\n@zlib//:.github/workflows/libpng.yml (null)\n@zlib//:.github/workflows/nmake.yml (null)\n@zlib//:.github/workflows/pigz.yml (null)\n@zlib//:.github/workflows/pkgcheck.yml (null)\n@zlib//:.github/workflows/release.yml (null)\n@zlib//:.gitignore (null)\n...and 192 more items"
  "@zlib//:.gitattributes (null)\n@zlib//:.github/workflows/analyze.yml (null)\n@zlib//:.github/workflows/cmake.yml (null)\n@zlib//:.github/workflows/configure.yml (null)\n@zlib//:.github/workflows/fuzz.yml (null)\n@zlib//:.github/workflows/libpng.yml (null)\n@zlib//:.github/workflows/nmake.yml (null)\n@zlib//:.github/workflows/pigz.yml (null)\n@zlib//:.github/workflows/pkgcheck.yml (null)\n@zlib//:.github/workflows/release.yml (null)\n@zlib//:.gitignore (null)\n...and 192 more items"
  "@curl//:include/curl_config.h (1ca46bc)"
  "@curl//:include/curl_config.h (1ca46bc)" -> "@curl//:configure (1ca46bc)"
  "@curl//:configure (1ca46bc)"
  "@curl//:include/curl/curl.h (null)\n@curl//:include/curl/curlver.h (null)\n@curl//:include/curl/easy.h (null)\n@curl//:include/curl/mprintf.h (null)\n@curl//:include/curl/multi.h (null)\n@curl//:include/curl/options.h (null)\n@curl//:include/curl/stdcheaders.h (null)\n@curl//:include/curl/system.h (null)\n@curl//:include/curl/typecheck-gcc.h (null)\n@curl//:include/curl/urlapi.h (null)\n@curl//:lib/altsvc.c (null)\n@curl//:lib/altsvc.h (null)\n@curl//:lib/amigaos.c (null)\n...and 295 more items"
  "@cares//:ares (1ca46bc)"
  "@cares//:ares (1ca46bc)" -> "@cares//:ares_config.h (1ca46bc)"
  "@cares//:ares (1ca46bc)" -> "@cares//:include/ares.h (null)\n@cares//:include/ares_build.h (null)\n@cares//:include/ares_dns.h (null)\n@cares//:include/ares_rules.h (null)\n@cares//:include/ares_version.h (null)\n@cares//:src/lib/ares__close_sockets.c (null)\n@cares//:src/lib/ares__get_hostent.c (null)\n@cares//:src/lib/ares__parse_into_addrinfo.c (null)\n@cares//:src/lib/ares__read_line.c (null)\n@cares//:src/lib/ares__readaddrinfo.c (null)\n@cares//:src/lib/ares__sortaddrinfo.c (null)\n...and 71 more items"
  "@cares//:ares (1ca46bc)" -> "@platforms//os:macos (1ca46bc)"
  "@cares//:include/ares.h (null)\n@cares//:include/ares_build.h (null)\n@cares//:include/ares_dns.h (null)\n@cares//:include/ares_rules.h (null)\n@cares//:include/ares_version.h (null)\n@cares//:src/lib/ares__close_sockets.c (null)\n@cares//:src/lib/ares__get_hostent.c (null)\n@cares//:src/lib/ares__parse_into_addrinfo.c (null)\n@cares//:src/lib/ares__read_line.c (null)\n@cares//:src/lib/ares__readaddrinfo.c (null)\n@cares//:src/lib/ares__sortaddrinfo.c (null)\n...and 71 more items"
  "@cares//:ares_config.h (1ca46bc)"
  "@cares//:ares_config.h (1ca46bc)" -> "@cares//:configure (1ca46bc)"
  "@cares//:configure (1ca46bc)"
  "@cares//:configure (1ca46bc)" -> "@platforms//os:macos (1ca46bc)"
  "@boringssl//:ssl (1ca46bc)"
  "@boringssl//:ssl (1ca46bc)" -> "@boringssl//:crypto (1ca46bc)"
  "@boringssl//:ssl (1ca46bc)" -> "@boringssl//:linux_aarch64 (1ca46bc)"
  "@boringssl//:ssl (1ca46bc)" -> "@boringssl//:linux_ppc64le (1ca46bc)"
  "@boringssl//:ssl (1ca46bc)" -> "@boringssl//:linux_x86_64 (1ca46bc)"
  "@boringssl//:ssl (1ca46bc)" -> "@boringssl//:macos_aarch64 (1ca46bc)"
  "@boringssl//:ssl (1ca46bc)" -> "@boringssl//:macos_x86_64 (1ca46bc)"
  "@boringssl//:ssl (1ca46bc)" -> "@boringssl//:src/include/openssl/dtls1.h (null)\n@boringssl//:src/include/openssl/srtp.h (null)\n@boringssl//:src/include/openssl/ssl.h (null)\n@boringssl//:src/include/openssl/ssl3.h (null)\n@boringssl//:src/include/openssl/tls1.h (null)\n@boringssl//:src/ssl/bio_ssl.cc (null)\n@boringssl//:src/ssl/d1_both.cc (null)\n@boringssl//:src/ssl/d1_lib.cc (null)\n@boringssl//:src/ssl/d1_pkt.cc (null)\n@boringssl//:src/ssl/d1_srtp.cc (null)\n@boringssl//:src/ssl/dtls_method.cc (null)\n...and 32 more items"
  "@boringssl//:ssl (1ca46bc)" -> "@platforms//os:linux (1ca46bc)"
  "@boringssl//:ssl (1ca46bc)" -> "@platforms//os:macos (1ca46bc)"
  "@boringssl//:ssl (1ca46bc)" -> "@platforms//os:windows (1ca46bc)"
  "@boringssl//:src/include/openssl/dtls1.h (null)\n@boringssl//:src/include/openssl/srtp.h (null)\n@boringssl//:src/include/openssl/ssl.h (null)\n@boringssl//:src/include/openssl/ssl3.h (null)\n@boringssl//:src/include/openssl/tls1.h (null)\n@boringssl//:src/ssl/bio_ssl.cc (null)\n@boringssl//:src/ssl/d1_both.cc (null)\n@boringssl//:src/ssl/d1_lib.cc (null)\n@boringssl//:src/ssl/d1_pkt.cc (null)\n@boringssl//:src/ssl/d1_srtp.cc (null)\n@boringssl//:src/ssl/dtls_method.cc (null)\n...and 32 more items"
  "@boringssl//:crypto (1ca46bc)"
  "@boringssl//:crypto (1ca46bc)" -> "@boringssl//:err_data.c (null)\n@boringssl//:linux-x86_64/crypto/chacha/chacha-x86_64.S (null)\n@boringssl//:linux-x86_64/crypto/cipher_extra/aes128gcmsiv-x86_64.S (null)\n@boringssl//:linux-x86_64/crypto/cipher_extra/chacha20_poly1305_x86_64.S (null)\n@boringssl//:linux-x86_64/crypto/fipsmodule/aesni-gcm-x86_64.S (null)\n@boringssl//:linux-x86_64/crypto/fipsmodule/aesni-x86_64.S (null)\n@boringssl//:linux-x86_64/crypto/fipsmodule/ghash-ssse3-x86_64.S (null)\n...and 447 more items"
  "@boringssl//:crypto (1ca46bc)" -> "@boringssl//:linux_aarch64 (1ca46bc)"
  "@boringssl//:crypto (1ca46bc)" -> "@boringssl//:linux_ppc64le (1ca46bc)"
  "@boringssl//:crypto (1ca46bc)" -> "@boringssl//:linux_x86_64 (1ca46bc)"
  "@boringssl//:crypto (1ca46bc)" -> "@boringssl//:macos_aarch64 (1ca46bc)"
  "@boringssl//:crypto (1ca46bc)" -> "@boringssl//:macos_x86_64 (1ca46bc)"
  "@boringssl//:crypto (1ca46bc)" -> "@platforms//os:android (1ca46bc)"
  "@boringssl//:crypto (1ca46bc)" -> "@platforms//os:linux (1ca46bc)"
  "@boringssl//:crypto (1ca46bc)" -> "@platforms//os:macos (1ca46bc)"
  "@boringssl//:crypto (1ca46bc)" -> "@platforms//os:windows (1ca46bc)"
  "@platforms//os:windows (1ca46bc)"
  "@platforms//os:windows (1ca46bc)" -> "@platforms//os:os (1ca46bc)"
  "@platforms//os:android (1ca46bc)"
  "@platforms//os:android (1ca46bc)" -> "@platforms//os:os (1ca46bc)"
  "@boringssl//:macos_x86_64 (1ca46bc)"
  "@boringssl//:macos_x86_64 (1ca46bc)" -> "@platforms//cpu:x86_64 (1ca46bc)"
  "@boringssl//:macos_x86_64 (1ca46bc)" -> "@platforms//os:macos (1ca46bc)"
  "@boringssl//:macos_aarch64 (1ca46bc)"
  "@boringssl//:macos_aarch64 (1ca46bc)" -> "@platforms//cpu:aarch64 (1ca46bc)"
  "@boringssl//:macos_aarch64 (1ca46bc)" -> "@platforms//os:macos (1ca46bc)"
  "@platforms//os:macos (1ca46bc)"
  "@platforms//os:macos (1ca46bc)" -> "@platforms//os:osx (1ca46bc)"
  "@platforms//os:osx (1ca46bc)"
  "@platforms//os:osx (1ca46bc)" -> "@platforms//os:os (1ca46bc)"
  "@boringssl//:linux_x86_64 (1ca46bc)"
  "@boringssl//:linux_x86_64 (1ca46bc)" -> "@platforms//cpu:x86_64 (1ca46bc)"
  "@boringssl//:linux_x86_64 (1ca46bc)" -> "@platforms//os:linux (1ca46bc)"
  "@platforms//cpu:x86_64 (1ca46bc)"
  "@platforms//cpu:x86_64 (1ca46bc)" -> "@platforms//cpu:cpu (1ca46bc)"
  "@boringssl//:linux_ppc64le (1ca46bc)"
  "@boringssl//:linux_ppc64le (1ca46bc)" -> "@platforms//cpu:ppc (1ca46bc)"
  "@boringssl//:linux_ppc64le (1ca46bc)" -> "@platforms//os:linux (1ca46bc)"
  "@platforms//cpu:ppc (1ca46bc)"
  "@platforms//cpu:ppc (1ca46bc)" -> "@platforms//cpu:cpu (1ca46bc)"
  "@boringssl//:linux_aarch64 (1ca46bc)"
  "@boringssl//:linux_aarch64 (1ca46bc)" -> "@platforms//cpu:aarch64 (1ca46bc)"
  "@boringssl//:linux_aarch64 (1ca46bc)" -> "@platforms//os:linux (1ca46bc)"
  "@platforms//os:linux (1ca46bc)"
  "@platforms//os:linux (1ca46bc)" -> "@platforms//os:os (1ca46bc)"
  "@platforms//os:os (1ca46bc)"
  "@platforms//cpu:aarch64 (1ca46bc)"
  "@platforms//cpu:aarch64 (1ca46bc)" -> "@platforms//cpu:cpu (1ca46bc)"
  "@platforms//cpu:cpu (1ca46bc)"
  "@boringssl//:err_data.c (null)\n@boringssl//:linux-x86_64/crypto/chacha/chacha-x86_64.S (null)\n@boringssl//:linux-x86_64/crypto/cipher_extra/aes128gcmsiv-x86_64.S (null)\n@boringssl//:linux-x86_64/crypto/cipher_extra/chacha20_poly1305_x86_64.S (null)\n@boringssl//:linux-x86_64/crypto/fipsmodule/aesni-gcm-x86_64.S (null)\n@boringssl//:linux-x86_64/crypto/fipsmodule/aesni-x86_64.S (null)\n@boringssl//:linux-x86_64/crypto/fipsmodule/ghash-ssse3-x86_64.S (null)\n...and 447 more items"
  "//:src/command_download.cc (null)\n//:src/command_dynamic.cc (null)\n//:src/command_events.cc (null)\n//:src/command_file.cc (null)\n//:src/command_fs.cc (null)\n//:src/command_groups.cc (null)\n//:src/command_helpers.cc (null)\n//:src/command_local.cc (null)\n//:src/command_logging.cc (null)\n//:src/command_logic.cc (null)\n//:src/command_network.cc (null)\n//:src/command_peer.cc (null)\n//:src/command_scheduler.cc (null)\n//:src/command_throttle.cc (null)\n...and 81 more items"
  "//:opt (571fbeb)"
  "//:opt (1ca46bc)"
  "//:included_headers (1ca46bc)"
  "//:included_headers (1ca46bc)" -> "//:include/command_helpers.h (null)\n//:include/control.h (null)\n//:include/core/curl_get.h (null)\n//:include/core/curl_socket.h (null)\n//:include/core/curl_stack.h (null)\n//:include/core/dht_manager.h (null)\n//:include/core/download.h (null)\n//:include/core/download_factory.h (null)\n//:include/core/download_list.h (null)\n//:include/core/download_slot_map.h (null)\n//:include/core/download_store.h (null)\n//:include/core/http_queue.h (null)\n...and 86 more items"
  "//:include/command_helpers.h (null)\n//:include/control.h (null)\n//:include/core/curl_get.h (null)\n//:include/core/curl_socket.h (null)\n//:include/core/curl_stack.h (null)\n//:include/core/dht_manager.h (null)\n//:include/core/download.h (null)\n//:include/core/download_factory.h (null)\n//:include/core/download_list.h (null)\n//:include/core/download_slot_map.h (null)\n//:include/core/download_store.h (null)\n//:include/core/http_queue.h (null)\n...and 86 more items"
  "//:doc/rtorrent@.service (null)"
  "//:doc/rtorrent.spec (null)\n@rules_pkg_rpmbuild//:rpmbuild_auto (1ca46bc)"
  "//:doc/rtorrent.rc (null)"
  "//:buildinfo (1ca46bc)"
  "//:buildinfo (1ca46bc)" -> "//:cmake_rules (1ca46bc)"
  "//:cmake_rules (1ca46bc)"
  "//:cmake_rules (1ca46bc)" -> "//:CMakeLists.txt (null)\n//:cmake/FindJSON.cmake (null)\n//:cmake/FindTorrent.cmake (null)\n//:cmake/GenerateRTorrentBuildinfo.cmake (null)"
  "//:CMakeLists.txt (null)\n//:cmake/FindJSON.cmake (null)\n//:cmake/FindTorrent.cmake (null)\n//:cmake/GenerateRTorrentBuildinfo.cmake (null)"
}
