digraph mygraph {
  node [shape=box];
  "//:tools_nogo_actual (d258334)"
  "//:tools_nogo_actual (d258334)" -> "@org_golang_x_tools//go/analysis/passes/asmdecl:go_default_library (d258334)"
  "//:tools_nogo_actual (d258334)" -> "@org_golang_x_tools//go/analysis/passes/assign:go_default_library (d258334)"
  "//:tools_nogo_actual (d258334)" -> "@org_golang_x_tools//go/analysis/passes/atomic:go_default_library (d258334)"
  "//:tools_nogo_actual (d258334)" -> "@org_golang_x_tools//go/analysis/passes/atomicalign:go_default_library (d258334)"
  "//:tools_nogo_actual (d258334)" -> "@org_golang_x_tools//go/analysis/passes/bools:go_default_library (d258334)"
  "//:tools_nogo_actual (d258334)" -> "@org_golang_x_tools//go/analysis/passes/buildssa:go_default_library (d258334)"
  "//:tools_nogo_actual (d258334)" -> "@org_golang_x_tools//go/analysis/passes/buildtag:go_default_library (d258334)"
  "//:tools_nogo_actual (d258334)" -> "@org_golang_x_tools//go/analysis/passes/composite:go_default_library (d258334)"
  "//:tools_nogo_actual (d258334)" -> "@org_golang_x_tools//go/analysis/passes/copylock:go_default_library (d258334)"
  "//:tools_nogo_actual (d258334)" -> "@org_golang_x_tools//go/analysis/passes/ctrlflow:go_default_library (d258334)"
  "//:tools_nogo_actual (d258334)" -> "@org_golang_x_tools//go/analysis/passes/deepequalerrors:go_default_library (d258334)"
  "//:tools_nogo_actual (d258334)" -> "@org_golang_x_tools//go/analysis/passes/errorsas:go_default_library (d258334)"
  "//:tools_nogo_actual (d258334)" -> "@org_golang_x_tools//go/analysis/passes/findcall:go_default_library (d258334)"
  "//:tools_nogo_actual (d258334)" -> "@org_golang_x_tools//go/analysis/passes/httpresponse:go_default_library (d258334)"
  "//:tools_nogo_actual (d258334)" -> "@org_golang_x_tools//go/analysis/passes/ifaceassert:go_default_library (d258334)"
  "//:tools_nogo_actual (d258334)" -> "@org_golang_x_tools//go/analysis/passes/inspect:go_default_library (d258334)"
  "//:tools_nogo_actual (d258334)" -> "@org_golang_x_tools//go/analysis/passes/loopclosure:go_default_library (d258334)"
  "//:tools_nogo_actual (d258334)" -> "@org_golang_x_tools//go/analysis/passes/lostcancel:go_default_library (d258334)"
  "//:tools_nogo_actual (d258334)" -> "@org_golang_x_tools//go/analysis/passes/nilfunc:go_default_library (d258334)"
  "//:tools_nogo_actual (d258334)" -> "@org_golang_x_tools//go/analysis/passes/nilness:go_default_library (d258334)"
  "//:tools_nogo_actual (d258334)" -> "@org_golang_x_tools//go/analysis/passes/pkgfact:go_default_library (d258334)"
  "//:tools_nogo_actual (d258334)" -> "@org_golang_x_tools//go/analysis/passes/printf:go_default_library (d258334)"
  "//:tools_nogo_actual (d258334)" -> "@org_golang_x_tools//go/analysis/passes/shadow:go_default_library (d258334)"
  "//:tools_nogo_actual (d258334)" -> "@org_golang_x_tools//go/analysis/passes/shift:go_default_library (d258334)"
  "//:tools_nogo_actual (d258334)" -> "@org_golang_x_tools//go/analysis/passes/sortslice:go_default_library (d258334)"
  "//:tools_nogo_actual (d258334)" -> "@org_golang_x_tools//go/analysis/passes/stdmethods:go_default_library (d258334)"
  "//:tools_nogo_actual (d258334)" -> "@org_golang_x_tools//go/analysis/passes/stringintconv:go_default_library (d258334)"
  "//:tools_nogo_actual (d258334)" -> "@org_golang_x_tools//go/analysis/passes/structtag:go_default_library (d258334)"
  "//:tools_nogo_actual (d258334)" -> "@org_golang_x_tools//go/analysis/passes/testinggoroutine:go_default_library (d258334)"
  "//:tools_nogo_actual (d258334)" -> "@org_golang_x_tools//go/analysis/passes/tests:go_default_library (d258334)"
  "//:tools_nogo_actual (d258334)" -> "@org_golang_x_tools//go/analysis/passes/unmarshal:go_default_library (d258334)"
  "//:tools_nogo_actual (d258334)" -> "@org_golang_x_tools//go/analysis/passes/unreachable:go_default_library (d258334)"
  "//:tools_nogo_actual (d258334)" -> "@org_golang_x_tools//go/analysis/passes/unsafeptr:go_default_library (d258334)"
  "//:tools_nogo_actual (d258334)" -> "@org_golang_x_tools//go/analysis/passes/unusedresult:go_default_library (d258334)"
  "@org_golang_x_tools//go/analysis/passes/unusedresult:go_default_library (d258334)"
  "@org_golang_x_tools//go/analysis/passes/unusedresult:go_default_library (d258334)" -> "@org_golang_x_tools//go/analysis/passes/unusedresult:unusedresult (d258334)"
  "@org_golang_x_tools//go/analysis/passes/unusedresult:unusedresult (d258334)"
  "@org_golang_x_tools//go/analysis/passes/unusedresult:unusedresult (d258334)" -> "@org_golang_x_tools//go/analysis:analysis (d258334)"
  "@org_golang_x_tools//go/analysis/passes/unusedresult:unusedresult (d258334)" -> "@org_golang_x_tools//go/analysis/passes/inspect:inspect (d258334)"
  "@org_golang_x_tools//go/analysis/passes/unusedresult:unusedresult (d258334)" -> "@org_golang_x_tools//go/analysis/passes/internal/analysisutil:analysisutil (d258334)"
  "@org_golang_x_tools//go/analysis/passes/unusedresult:unusedresult (d258334)" -> "@org_golang_x_tools//go/analysis/passes/unusedresult:unusedresult.go (null)"
  "@org_golang_x_tools//go/analysis/passes/unusedresult:unusedresult (d258334)" -> "@org_golang_x_tools//go/ast/inspector:inspector (d258334)"
  "@org_golang_x_tools//go/analysis/passes/unusedresult:unusedresult (d258334)" -> "@org_golang_x_tools//internal/typeparams:typeparams (d258334)"
  "@org_golang_x_tools//go/analysis/passes/unusedresult:unusedresult.go (null)"
  "@org_golang_x_tools//go/analysis/passes/unsafeptr:go_default_library (d258334)"
  "@org_golang_x_tools//go/analysis/passes/unsafeptr:go_default_library (d258334)" -> "@org_golang_x_tools//go/analysis/passes/unsafeptr:unsafeptr (d258334)"
  "@org_golang_x_tools//go/analysis/passes/unsafeptr:unsafeptr (d258334)"
  "@org_golang_x_tools//go/analysis/passes/unsafeptr:unsafeptr (d258334)" -> "@org_golang_x_tools//go/analysis:analysis (d258334)"
  "@org_golang_x_tools//go/analysis/passes/unsafeptr:unsafeptr (d258334)" -> "@org_golang_x_tools//go/analysis/passes/inspect:inspect (d258334)"
  "@org_golang_x_tools//go/analysis/passes/unsafeptr:unsafeptr (d258334)" -> "@org_golang_x_tools//go/analysis/passes/internal/analysisutil:analysisutil (d258334)"
  "@org_golang_x_tools//go/analysis/passes/unsafeptr:unsafeptr (d258334)" -> "@org_golang_x_tools//go/analysis/passes/unsafeptr:unsafeptr.go (null)"
  "@org_golang_x_tools//go/analysis/passes/unsafeptr:unsafeptr (d258334)" -> "@org_golang_x_tools//go/ast/inspector:inspector (d258334)"
  "@org_golang_x_tools//go/analysis/passes/unsafeptr:unsafeptr.go (null)"
  "@org_golang_x_tools//go/analysis/passes/unreachable:go_default_library (d258334)"
  "@org_golang_x_tools//go/analysis/passes/unreachable:go_default_library (d258334)" -> "@org_golang_x_tools//go/analysis/passes/unreachable:unreachable (d258334)"
  "@org_golang_x_tools//go/analysis/passes/unreachable:unreachable (d258334)"
  "@org_golang_x_tools//go/analysis/passes/unreachable:unreachable (d258334)" -> "@org_golang_x_tools//go/analysis:analysis (d258334)"
  "@org_golang_x_tools//go/analysis/passes/unreachable:unreachable (d258334)" -> "@org_golang_x_tools//go/analysis/passes/inspect:inspect (d258334)"
  "@org_golang_x_tools//go/analysis/passes/unreachable:unreachable (d258334)" -> "@org_golang_x_tools//go/analysis/passes/unreachable:unreachable.go (null)"
  "@org_golang_x_tools//go/analysis/passes/unreachable:unreachable (d258334)" -> "@org_golang_x_tools//go/ast/inspector:inspector (d258334)"
  "@org_golang_x_tools//go/analysis/passes/unreachable:unreachable.go (null)"
  "@org_golang_x_tools//go/analysis/passes/unmarshal:go_default_library (d258334)"
  "@org_golang_x_tools//go/analysis/passes/unmarshal:go_default_library (d258334)" -> "@org_golang_x_tools//go/analysis/passes/unmarshal:unmarshal (d258334)"
  "@org_golang_x_tools//go/analysis/passes/unmarshal:unmarshal (d258334)"
  "@org_golang_x_tools//go/analysis/passes/unmarshal:unmarshal (d258334)" -> "@org_golang_x_tools//go/analysis:analysis (d258334)"
  "@org_golang_x_tools//go/analysis/passes/unmarshal:unmarshal (d258334)" -> "@org_golang_x_tools//go/analysis/passes/inspect:inspect (d258334)"
  "@org_golang_x_tools//go/analysis/passes/unmarshal:unmarshal (d258334)" -> "@org_golang_x_tools//go/analysis/passes/unmarshal:unmarshal.go (null)"
  "@org_golang_x_tools//go/analysis/passes/unmarshal:unmarshal (d258334)" -> "@org_golang_x_tools//go/ast/inspector:inspector (d258334)"
  "@org_golang_x_tools//go/analysis/passes/unmarshal:unmarshal (d258334)" -> "@org_golang_x_tools//go/types/typeutil:typeutil (d258334)"
  "@org_golang_x_tools//go/analysis/passes/unmarshal:unmarshal (d258334)" -> "@org_golang_x_tools//internal/typeparams:typeparams (d258334)"
  "@org_golang_x_tools//go/analysis/passes/unmarshal:unmarshal.go (null)"
  "@org_golang_x_tools//go/analysis/passes/tests:go_default_library (d258334)"
  "@org_golang_x_tools//go/analysis/passes/tests:go_default_library (d258334)" -> "@org_golang_x_tools//go/analysis/passes/tests:tests (d258334)"
  "@org_golang_x_tools//go/analysis/passes/tests:tests (d258334)"
  "@org_golang_x_tools//go/analysis/passes/tests:tests (d258334)" -> "@org_golang_x_tools//go/analysis:analysis (d258334)"
  "@org_golang_x_tools//go/analysis/passes/tests:tests (d258334)" -> "@org_golang_x_tools//go/analysis/passes/tests:tests.go (null)"
  "@org_golang_x_tools//go/analysis/passes/tests:tests (d258334)" -> "@org_golang_x_tools//internal/analysisinternal:analysisinternal (d258334)"
  "@org_golang_x_tools//go/analysis/passes/tests:tests (d258334)" -> "@org_golang_x_tools//internal/typeparams:typeparams (d258334)"
  "@org_golang_x_tools//internal/analysisinternal:analysisinternal (d258334)"
  "@org_golang_x_tools//internal/analysisinternal:analysisinternal (d258334)" -> "@org_golang_x_tools//internal/analysisinternal:analysis.go (null)"
  "@org_golang_x_tools//internal/analysisinternal:analysis.go (null)"
  "@org_golang_x_tools//go/analysis/passes/tests:tests.go (null)"
  "@org_golang_x_tools//go/analysis/passes/testinggoroutine:go_default_library (d258334)"
  "@org_golang_x_tools//go/analysis/passes/testinggoroutine:go_default_library (d258334)" -> "@org_golang_x_tools//go/analysis/passes/testinggoroutine:testinggoroutine (d258334)"
  "@org_golang_x_tools//go/analysis/passes/testinggoroutine:testinggoroutine (d258334)"
  "@org_golang_x_tools//go/analysis/passes/testinggoroutine:testinggoroutine (d258334)" -> "@org_golang_x_tools//go/analysis:analysis (d258334)"
  "@org_golang_x_tools//go/analysis/passes/testinggoroutine:testinggoroutine (d258334)" -> "@org_golang_x_tools//go/analysis/passes/inspect:inspect (d258334)"
  "@org_golang_x_tools//go/analysis/passes/testinggoroutine:testinggoroutine (d258334)" -> "@org_golang_x_tools//go/analysis/passes/internal/analysisutil:analysisutil (d258334)"
  "@org_golang_x_tools//go/analysis/passes/testinggoroutine:testinggoroutine (d258334)" -> "@org_golang_x_tools//go/analysis/passes/testinggoroutine:testinggoroutine.go (null)"
  "@org_golang_x_tools//go/analysis/passes/testinggoroutine:testinggoroutine (d258334)" -> "@org_golang_x_tools//go/ast/inspector:inspector (d258334)"
  "@org_golang_x_tools//go/analysis/passes/testinggoroutine:testinggoroutine (d258334)" -> "@org_golang_x_tools//internal/typeparams:typeparams (d258334)"
  "@org_golang_x_tools//go/analysis/passes/testinggoroutine:testinggoroutine.go (null)"
  "@org_golang_x_tools//go/analysis/passes/structtag:go_default_library (d258334)"
  "@org_golang_x_tools//go/analysis/passes/structtag:go_default_library (d258334)" -> "@org_golang_x_tools//go/analysis/passes/structtag:structtag (d258334)"
  "@org_golang_x_tools//go/analysis/passes/structtag:structtag (d258334)"
  "@org_golang_x_tools//go/analysis/passes/structtag:structtag (d258334)" -> "@org_golang_x_tools//go/analysis:analysis (d258334)"
  "@org_golang_x_tools//go/analysis/passes/structtag:structtag (d258334)" -> "@org_golang_x_tools//go/analysis/passes/inspect:inspect (d258334)"
  "@org_golang_x_tools//go/analysis/passes/structtag:structtag (d258334)" -> "@org_golang_x_tools//go/analysis/passes/structtag:structtag.go (null)"
  "@org_golang_x_tools//go/analysis/passes/structtag:structtag (d258334)" -> "@org_golang_x_tools//go/ast/inspector:inspector (d258334)"
  "@org_golang_x_tools//go/analysis/passes/structtag:structtag.go (null)"
  "@org_golang_x_tools//go/analysis/passes/stringintconv:go_default_library (d258334)"
  "@org_golang_x_tools//go/analysis/passes/stringintconv:go_default_library (d258334)" -> "@org_golang_x_tools//go/analysis/passes/stringintconv:stringintconv (d258334)"
  "@org_golang_x_tools//go/analysis/passes/stringintconv:stringintconv (d258334)"
  "@org_golang_x_tools//go/analysis/passes/stringintconv:stringintconv (d258334)" -> "@org_golang_x_tools//go/analysis:analysis (d258334)"
  "@org_golang_x_tools//go/analysis/passes/stringintconv:stringintconv (d258334)" -> "@org_golang_x_tools//go/analysis/passes/inspect:inspect (d258334)"
  "@org_golang_x_tools//go/analysis/passes/stringintconv:stringintconv (d258334)" -> "@org_golang_x_tools//go/analysis/passes/stringintconv:string.go (null)"
  "@org_golang_x_tools//go/analysis/passes/stringintconv:stringintconv (d258334)" -> "@org_golang_x_tools//go/ast/inspector:inspector (d258334)"
  "@org_golang_x_tools//go/analysis/passes/stringintconv:stringintconv (d258334)" -> "@org_golang_x_tools//internal/typeparams:typeparams (d258334)"
  "@org_golang_x_tools//go/analysis/passes/stringintconv:string.go (null)"
  "@org_golang_x_tools//go/analysis/passes/stdmethods:go_default_library (d258334)"
  "@org_golang_x_tools//go/analysis/passes/stdmethods:go_default_library (d258334)" -> "@org_golang_x_tools//go/analysis/passes/stdmethods:stdmethods (d258334)"
  "@org_golang_x_tools//go/analysis/passes/stdmethods:stdmethods (d258334)"
  "@org_golang_x_tools//go/analysis/passes/stdmethods:stdmethods (d258334)" -> "@org_golang_x_tools//go/analysis:analysis (d258334)"
  "@org_golang_x_tools//go/analysis/passes/stdmethods:stdmethods (d258334)" -> "@org_golang_x_tools//go/analysis/passes/inspect:inspect (d258334)"
  "@org_golang_x_tools//go/analysis/passes/stdmethods:stdmethods (d258334)" -> "@org_golang_x_tools//go/analysis/passes/stdmethods:stdmethods.go (null)"
  "@org_golang_x_tools//go/analysis/passes/stdmethods:stdmethods (d258334)" -> "@org_golang_x_tools//go/ast/inspector:inspector (d258334)"
  "@org_golang_x_tools//go/analysis/passes/stdmethods:stdmethods.go (null)"
  "@org_golang_x_tools//go/analysis/passes/sortslice:go_default_library (d258334)"
  "@org_golang_x_tools//go/analysis/passes/sortslice:go_default_library (d258334)" -> "@org_golang_x_tools//go/analysis/passes/sortslice:sortslice (d258334)"
  "@org_golang_x_tools//go/analysis/passes/sortslice:sortslice (d258334)"
  "@org_golang_x_tools//go/analysis/passes/sortslice:sortslice (d258334)" -> "@org_golang_x_tools//go/analysis:analysis (d258334)"
  "@org_golang_x_tools//go/analysis/passes/sortslice:sortslice (d258334)" -> "@org_golang_x_tools//go/analysis/passes/inspect:inspect (d258334)"
  "@org_golang_x_tools//go/analysis/passes/sortslice:sortslice (d258334)" -> "@org_golang_x_tools//go/analysis/passes/sortslice:analyzer.go (null)"
  "@org_golang_x_tools//go/analysis/passes/sortslice:sortslice (d258334)" -> "@org_golang_x_tools//go/ast/inspector:inspector (d258334)"
  "@org_golang_x_tools//go/analysis/passes/sortslice:sortslice (d258334)" -> "@org_golang_x_tools//go/types/typeutil:typeutil (d258334)"
  "@org_golang_x_tools//go/analysis/passes/sortslice:analyzer.go (null)"
  "@org_golang_x_tools//go/analysis/passes/shift:go_default_library (d258334)"
  "@org_golang_x_tools//go/analysis/passes/shift:go_default_library (d258334)" -> "@org_golang_x_tools//go/analysis/passes/shift:shift (d258334)"
  "@org_golang_x_tools//go/analysis/passes/shift:shift (d258334)"
  "@org_golang_x_tools//go/analysis/passes/shift:shift (d258334)" -> "@org_golang_x_tools//go/analysis:analysis (d258334)"
  "@org_golang_x_tools//go/analysis/passes/shift:shift (d258334)" -> "@org_golang_x_tools//go/analysis/passes/inspect:inspect (d258334)"
  "@org_golang_x_tools//go/analysis/passes/shift:shift (d258334)" -> "@org_golang_x_tools//go/analysis/passes/internal/analysisutil:analysisutil (d258334)"
  "@org_golang_x_tools//go/analysis/passes/shift:shift (d258334)" -> "@org_golang_x_tools//go/analysis/passes/shift:dead.go (null)\n@org_golang_x_tools//go/analysis/passes/shift:shift.go (null)"
  "@org_golang_x_tools//go/analysis/passes/shift:shift (d258334)" -> "@org_golang_x_tools//go/ast/inspector:inspector (d258334)"
  "@org_golang_x_tools//go/analysis/passes/shift:shift (d258334)" -> "@org_golang_x_tools//internal/typeparams:typeparams (d258334)"
  "@org_golang_x_tools//go/analysis/passes/shift:dead.go (null)\n@org_golang_x_tools//go/analysis/passes/shift:shift.go (null)"
  "@org_golang_x_tools//go/analysis/passes/shadow:go_default_library (d258334)"
  "@org_golang_x_tools//go/analysis/passes/shadow:go_default_library (d258334)" -> "@org_golang_x_tools//go/analysis/passes/shadow:shadow (d258334)"
  "@org_golang_x_tools//go/analysis/passes/shadow:shadow (d258334)"
  "@org_golang_x_tools//go/analysis/passes/shadow:shadow (d258334)" -> "@org_golang_x_tools//go/analysis:analysis (d258334)"
  "@org_golang_x_tools//go/analysis/passes/shadow:shadow (d258334)" -> "@org_golang_x_tools//go/analysis/passes/inspect:inspect (d258334)"
  "@org_golang_x_tools//go/analysis/passes/shadow:shadow (d258334)" -> "@org_golang_x_tools//go/analysis/passes/shadow:shadow.go (null)"
  "@org_golang_x_tools//go/analysis/passes/shadow:shadow (d258334)" -> "@org_golang_x_tools//go/ast/inspector:inspector (d258334)"
  "@org_golang_x_tools//go/analysis/passes/shadow:shadow.go (null)"
  "@org_golang_x_tools//go/analysis/passes/printf:go_default_library (d258334)"
  "@org_golang_x_tools//go/analysis/passes/printf:go_default_library (d258334)" -> "@org_golang_x_tools//go/analysis/passes/printf:printf (d258334)"
  "@org_golang_x_tools//go/analysis/passes/printf:printf (d258334)"
  "@org_golang_x_tools//go/analysis/passes/printf:printf (d258334)" -> "@org_golang_x_tools//go/analysis:analysis (d258334)"
  "@org_golang_x_tools//go/analysis/passes/printf:printf (d258334)" -> "@org_golang_x_tools//go/analysis/passes/inspect:inspect (d258334)"
  "@org_golang_x_tools//go/analysis/passes/printf:printf (d258334)" -> "@org_golang_x_tools//go/analysis/passes/internal/analysisutil:analysisutil (d258334)"
  "@org_golang_x_tools//go/analysis/passes/printf:printf (d258334)" -> "@org_golang_x_tools//go/analysis/passes/printf:printf.go (null)\n@org_golang_x_tools//go/analysis/passes/printf:types.go (null)"
  "@org_golang_x_tools//go/analysis/passes/printf:printf (d258334)" -> "@org_golang_x_tools//go/ast/inspector:inspector (d258334)"
  "@org_golang_x_tools//go/analysis/passes/printf:printf (d258334)" -> "@org_golang_x_tools//go/types/typeutil:typeutil (d258334)"
  "@org_golang_x_tools//go/analysis/passes/printf:printf (d258334)" -> "@org_golang_x_tools//internal/typeparams:typeparams (d258334)"
  "@org_golang_x_tools//go/analysis/passes/printf:printf.go (null)\n@org_golang_x_tools//go/analysis/passes/printf:types.go (null)"
  "@org_golang_x_tools//go/analysis/passes/pkgfact:go_default_library (d258334)"
  "@org_golang_x_tools//go/analysis/passes/pkgfact:go_default_library (d258334)" -> "@org_golang_x_tools//go/analysis/passes/pkgfact:pkgfact (d258334)"
  "@org_golang_x_tools//go/analysis/passes/pkgfact:pkgfact (d258334)"
  "@org_golang_x_tools//go/analysis/passes/pkgfact:pkgfact (d258334)" -> "@org_golang_x_tools//go/analysis:analysis (d258334)"
  "@org_golang_x_tools//go/analysis/passes/pkgfact:pkgfact (d258334)" -> "@org_golang_x_tools//go/analysis/passes/pkgfact:pkgfact.go (null)"
  "@org_golang_x_tools//go/analysis/passes/pkgfact:pkgfact.go (null)"
  "@org_golang_x_tools//go/analysis/passes/nilness:go_default_library (d258334)"
  "@org_golang_x_tools//go/analysis/passes/nilness:go_default_library (d258334)" -> "@org_golang_x_tools//go/analysis/passes/nilness:nilness (d258334)"
  "@org_golang_x_tools//go/analysis/passes/nilness:nilness (d258334)"
  "@org_golang_x_tools//go/analysis/passes/nilness:nilness (d258334)" -> "@org_golang_x_tools//go/analysis:analysis (d258334)"
  "@org_golang_x_tools//go/analysis/passes/nilness:nilness (d258334)" -> "@org_golang_x_tools//go/analysis/passes/buildssa:buildssa (d258334)"
  "@org_golang_x_tools//go/analysis/passes/nilness:nilness (d258334)" -> "@org_golang_x_tools//go/analysis/passes/nilness:nilness.go (null)"
  "@org_golang_x_tools//go/analysis/passes/nilness:nilness (d258334)" -> "@org_golang_x_tools//go/ssa:ssa (d258334)"
  "@org_golang_x_tools//go/analysis/passes/nilness:nilness (d258334)" -> "@org_golang_x_tools//internal/typeparams:typeparams (d258334)"
  "@org_golang_x_tools//go/analysis/passes/nilness:nilness.go (null)"
  "@org_golang_x_tools//go/analysis/passes/nilfunc:go_default_library (d258334)"
  "@org_golang_x_tools//go/analysis/passes/nilfunc:go_default_library (d258334)" -> "@org_golang_x_tools//go/analysis/passes/nilfunc:nilfunc (d258334)"
  "@org_golang_x_tools//go/analysis/passes/nilfunc:nilfunc (d258334)"
  "@org_golang_x_tools//go/analysis/passes/nilfunc:nilfunc (d258334)" -> "@org_golang_x_tools//go/analysis:analysis (d258334)"
  "@org_golang_x_tools//go/analysis/passes/nilfunc:nilfunc (d258334)" -> "@org_golang_x_tools//go/analysis/passes/inspect:inspect (d258334)"
  "@org_golang_x_tools//go/analysis/passes/nilfunc:nilfunc (d258334)" -> "@org_golang_x_tools//go/analysis/passes/nilfunc:nilfunc.go (null)"
  "@org_golang_x_tools//go/analysis/passes/nilfunc:nilfunc (d258334)" -> "@org_golang_x_tools//go/ast/inspector:inspector (d258334)"
  "@org_golang_x_tools//go/analysis/passes/nilfunc:nilfunc (d258334)" -> "@org_golang_x_tools//internal/typeparams:typeparams (d258334)"
  "@org_golang_x_tools//go/analysis/passes/nilfunc:nilfunc.go (null)"
  "@org_golang_x_tools//go/analysis/passes/lostcancel:go_default_library (d258334)"
  "@org_golang_x_tools//go/analysis/passes/lostcancel:go_default_library (d258334)" -> "@org_golang_x_tools//go/analysis/passes/lostcancel:lostcancel (d258334)"
  "@org_golang_x_tools//go/analysis/passes/lostcancel:lostcancel (d258334)"
  "@org_golang_x_tools//go/analysis/passes/lostcancel:lostcancel (d258334)" -> "@org_golang_x_tools//go/analysis:analysis (d258334)"
  "@org_golang_x_tools//go/analysis/passes/lostcancel:lostcancel (d258334)" -> "@org_golang_x_tools//go/analysis/passes/ctrlflow:ctrlflow (d258334)"
  "@org_golang_x_tools//go/analysis/passes/lostcancel:lostcancel (d258334)" -> "@org_golang_x_tools//go/analysis/passes/inspect:inspect (d258334)"
  "@org_golang_x_tools//go/analysis/passes/lostcancel:lostcancel (d258334)" -> "@org_golang_x_tools//go/analysis/passes/lostcancel:lostcancel.go (null)"
  "@org_golang_x_tools//go/analysis/passes/lostcancel:lostcancel (d258334)" -> "@org_golang_x_tools//go/ast/inspector:inspector (d258334)"
  "@org_golang_x_tools//go/analysis/passes/lostcancel:lostcancel (d258334)" -> "@org_golang_x_tools//go/cfg:cfg (d258334)"
  "@org_golang_x_tools//go/analysis/passes/lostcancel:lostcancel.go (null)"
  "@org_golang_x_tools//go/analysis/passes/loopclosure:go_default_library (d258334)"
  "@org_golang_x_tools//go/analysis/passes/loopclosure:go_default_library (d258334)" -> "@org_golang_x_tools//go/analysis/passes/loopclosure:loopclosure (d258334)"
  "@org_golang_x_tools//go/analysis/passes/loopclosure:loopclosure (d258334)"
  "@org_golang_x_tools//go/analysis/passes/loopclosure:loopclosure (d258334)" -> "@org_golang_x_tools//go/analysis:analysis (d258334)"
  "@org_golang_x_tools//go/analysis/passes/loopclosure:loopclosure (d258334)" -> "@org_golang_x_tools//go/analysis/passes/inspect:inspect (d258334)"
  "@org_golang_x_tools//go/analysis/passes/loopclosure:loopclosure (d258334)" -> "@org_golang_x_tools//go/analysis/passes/loopclosure:loopclosure.go (null)"
  "@org_golang_x_tools//go/analysis/passes/loopclosure:loopclosure (d258334)" -> "@org_golang_x_tools//go/ast/inspector:inspector (d258334)"
  "@org_golang_x_tools//go/analysis/passes/loopclosure:loopclosure (d258334)" -> "@org_golang_x_tools//go/types/typeutil:typeutil (d258334)"
  "@org_golang_x_tools//go/analysis/passes/loopclosure:loopclosure.go (null)"
  "@org_golang_x_tools//go/analysis/passes/inspect:go_default_library (d258334)"
  "@org_golang_x_tools//go/analysis/passes/inspect:go_default_library (d258334)" -> "@org_golang_x_tools//go/analysis/passes/inspect:inspect (d258334)"
  "@org_golang_x_tools//go/analysis/passes/ifaceassert:go_default_library (d258334)"
  "@org_golang_x_tools//go/analysis/passes/ifaceassert:go_default_library (d258334)" -> "@org_golang_x_tools//go/analysis/passes/ifaceassert:ifaceassert (d258334)"
  "@org_golang_x_tools//go/analysis/passes/ifaceassert:ifaceassert (d258334)"
  "@org_golang_x_tools//go/analysis/passes/ifaceassert:ifaceassert (d258334)" -> "@org_golang_x_tools//go/analysis:analysis (d258334)"
  "@org_golang_x_tools//go/analysis/passes/ifaceassert:ifaceassert (d258334)" -> "@org_golang_x_tools//go/analysis/passes/ifaceassert:ifaceassert.go (null)\n@org_golang_x_tools//go/analysis/passes/ifaceassert:parameterized.go (null)"
  "@org_golang_x_tools//go/analysis/passes/ifaceassert:ifaceassert (d258334)" -> "@org_golang_x_tools//go/analysis/passes/inspect:inspect (d258334)"
  "@org_golang_x_tools//go/analysis/passes/ifaceassert:ifaceassert (d258334)" -> "@org_golang_x_tools//go/ast/inspector:inspector (d258334)"
  "@org_golang_x_tools//go/analysis/passes/ifaceassert:ifaceassert (d258334)" -> "@org_golang_x_tools//internal/typeparams:typeparams (d258334)"
  "@org_golang_x_tools//go/analysis/passes/ifaceassert:ifaceassert.go (null)\n@org_golang_x_tools//go/analysis/passes/ifaceassert:parameterized.go (null)"
  "@org_golang_x_tools//go/analysis/passes/httpresponse:go_default_library (d258334)"
  "@org_golang_x_tools//go/analysis/passes/httpresponse:go_default_library (d258334)" -> "@org_golang_x_tools//go/analysis/passes/httpresponse:httpresponse (d258334)"
  "@org_golang_x_tools//go/analysis/passes/httpresponse:httpresponse (d258334)"
  "@org_golang_x_tools//go/analysis/passes/httpresponse:httpresponse (d258334)" -> "@org_golang_x_tools//go/analysis:analysis (d258334)"
  "@org_golang_x_tools//go/analysis/passes/httpresponse:httpresponse (d258334)" -> "@org_golang_x_tools//go/analysis/passes/httpresponse:httpresponse.go (null)"
  "@org_golang_x_tools//go/analysis/passes/httpresponse:httpresponse (d258334)" -> "@org_golang_x_tools//go/analysis/passes/inspect:inspect (d258334)"
  "@org_golang_x_tools//go/analysis/passes/httpresponse:httpresponse (d258334)" -> "@org_golang_x_tools//go/analysis/passes/internal/analysisutil:analysisutil (d258334)"
  "@org_golang_x_tools//go/analysis/passes/httpresponse:httpresponse (d258334)" -> "@org_golang_x_tools//go/ast/inspector:inspector (d258334)"
  "@org_golang_x_tools//go/analysis/passes/httpresponse:httpresponse.go (null)"
  "@org_golang_x_tools//go/analysis/passes/findcall:go_default_library (d258334)"
  "@org_golang_x_tools//go/analysis/passes/findcall:go_default_library (d258334)" -> "@org_golang_x_tools//go/analysis/passes/findcall:findcall (d258334)"
  "@org_golang_x_tools//go/analysis/passes/findcall:findcall (d258334)"
  "@org_golang_x_tools//go/analysis/passes/findcall:findcall (d258334)" -> "@org_golang_x_tools//go/analysis:analysis (d258334)"
  "@org_golang_x_tools//go/analysis/passes/findcall:findcall (d258334)" -> "@org_golang_x_tools//go/analysis/passes/findcall:findcall.go (null)"
  "@org_golang_x_tools//go/analysis/passes/findcall:findcall.go (null)"
  "@org_golang_x_tools//go/analysis/passes/errorsas:go_default_library (d258334)"
  "@org_golang_x_tools//go/analysis/passes/errorsas:go_default_library (d258334)" -> "@org_golang_x_tools//go/analysis/passes/errorsas:errorsas (d258334)"
  "@org_golang_x_tools//go/analysis/passes/errorsas:errorsas (d258334)"
  "@org_golang_x_tools//go/analysis/passes/errorsas:errorsas (d258334)" -> "@org_golang_x_tools//go/analysis:analysis (d258334)"
  "@org_golang_x_tools//go/analysis/passes/errorsas:errorsas (d258334)" -> "@org_golang_x_tools//go/analysis/passes/errorsas:errorsas.go (null)"
  "@org_golang_x_tools//go/analysis/passes/errorsas:errorsas (d258334)" -> "@org_golang_x_tools//go/analysis/passes/inspect:inspect (d258334)"
  "@org_golang_x_tools//go/analysis/passes/errorsas:errorsas (d258334)" -> "@org_golang_x_tools//go/ast/inspector:inspector (d258334)"
  "@org_golang_x_tools//go/analysis/passes/errorsas:errorsas (d258334)" -> "@org_golang_x_tools//go/types/typeutil:typeutil (d258334)"
  "@org_golang_x_tools//go/analysis/passes/errorsas:errorsas.go (null)"
  "@org_golang_x_tools//go/analysis/passes/deepequalerrors:go_default_library (d258334)"
  "@org_golang_x_tools//go/analysis/passes/deepequalerrors:go_default_library (d258334)" -> "@org_golang_x_tools//go/analysis/passes/deepequalerrors:deepequalerrors (d258334)"
  "@org_golang_x_tools//go/analysis/passes/deepequalerrors:deepequalerrors (d258334)"
  "@org_golang_x_tools//go/analysis/passes/deepequalerrors:deepequalerrors (d258334)" -> "@org_golang_x_tools//go/analysis:analysis (d258334)"
  "@org_golang_x_tools//go/analysis/passes/deepequalerrors:deepequalerrors (d258334)" -> "@org_golang_x_tools//go/analysis/passes/deepequalerrors:deepequalerrors.go (null)"
  "@org_golang_x_tools//go/analysis/passes/deepequalerrors:deepequalerrors (d258334)" -> "@org_golang_x_tools//go/analysis/passes/inspect:inspect (d258334)"
  "@org_golang_x_tools//go/analysis/passes/deepequalerrors:deepequalerrors (d258334)" -> "@org_golang_x_tools//go/ast/inspector:inspector (d258334)"
  "@org_golang_x_tools//go/analysis/passes/deepequalerrors:deepequalerrors (d258334)" -> "@org_golang_x_tools//go/types/typeutil:typeutil (d258334)"
  "@org_golang_x_tools//go/analysis/passes/deepequalerrors:deepequalerrors.go (null)"
  "@org_golang_x_tools//go/analysis/passes/ctrlflow:go_default_library (d258334)"
  "@org_golang_x_tools//go/analysis/passes/ctrlflow:go_default_library (d258334)" -> "@org_golang_x_tools//go/analysis/passes/ctrlflow:ctrlflow (d258334)"
  "@org_golang_x_tools//go/analysis/passes/ctrlflow:ctrlflow (d258334)"
  "@org_golang_x_tools//go/analysis/passes/ctrlflow:ctrlflow (d258334)" -> "@org_golang_x_tools//go/analysis:analysis (d258334)"
  "@org_golang_x_tools//go/analysis/passes/ctrlflow:ctrlflow (d258334)" -> "@org_golang_x_tools//go/analysis/passes/ctrlflow:ctrlflow.go (null)"
  "@org_golang_x_tools//go/analysis/passes/ctrlflow:ctrlflow (d258334)" -> "@org_golang_x_tools//go/analysis/passes/inspect:inspect (d258334)"
  "@org_golang_x_tools//go/analysis/passes/ctrlflow:ctrlflow (d258334)" -> "@org_golang_x_tools//go/ast/inspector:inspector (d258334)"
  "@org_golang_x_tools//go/analysis/passes/ctrlflow:ctrlflow (d258334)" -> "@org_golang_x_tools//go/cfg:cfg (d258334)"
  "@org_golang_x_tools//go/analysis/passes/ctrlflow:ctrlflow (d258334)" -> "@org_golang_x_tools//go/types/typeutil:typeutil (d258334)"
  "@org_golang_x_tools//go/cfg:cfg (d258334)"
  "@org_golang_x_tools//go/cfg:cfg (d258334)" -> "@org_golang_x_tools//go/cfg:builder.go (null)\n@org_golang_x_tools//go/cfg:cfg.go (null)"
  "@org_golang_x_tools//go/cfg:builder.go (null)\n@org_golang_x_tools//go/cfg:cfg.go (null)"
  "@org_golang_x_tools//go/analysis/passes/ctrlflow:ctrlflow.go (null)"
  "@org_golang_x_tools//go/analysis/passes/copylock:go_default_library (d258334)"
  "@org_golang_x_tools//go/analysis/passes/copylock:go_default_library (d258334)" -> "@org_golang_x_tools//go/analysis/passes/copylock:copylock (d258334)"
  "@org_golang_x_tools//go/analysis/passes/copylock:copylock (d258334)"
  "@org_golang_x_tools//go/analysis/passes/copylock:copylock (d258334)" -> "@org_golang_x_tools//go/analysis:analysis (d258334)"
  "@org_golang_x_tools//go/analysis/passes/copylock:copylock (d258334)" -> "@org_golang_x_tools//go/analysis/passes/copylock:copylock.go (null)"
  "@org_golang_x_tools//go/analysis/passes/copylock:copylock (d258334)" -> "@org_golang_x_tools//go/analysis/passes/inspect:inspect (d258334)"
  "@org_golang_x_tools//go/analysis/passes/copylock:copylock (d258334)" -> "@org_golang_x_tools//go/analysis/passes/internal/analysisutil:analysisutil (d258334)"
  "@org_golang_x_tools//go/analysis/passes/copylock:copylock (d258334)" -> "@org_golang_x_tools//go/ast/inspector:inspector (d258334)"
  "@org_golang_x_tools//go/analysis/passes/copylock:copylock (d258334)" -> "@org_golang_x_tools//internal/typeparams:typeparams (d258334)"
  "@org_golang_x_tools//go/analysis/passes/copylock:copylock.go (null)"
  "@org_golang_x_tools//go/analysis/passes/composite:go_default_library (d258334)"
  "@org_golang_x_tools//go/analysis/passes/composite:go_default_library (d258334)" -> "@org_golang_x_tools//go/analysis/passes/composite:composite (d258334)"
  "@org_golang_x_tools//go/analysis/passes/composite:composite (d258334)"
  "@org_golang_x_tools//go/analysis/passes/composite:composite (d258334)" -> "@org_golang_x_tools//go/analysis:analysis (d258334)"
  "@org_golang_x_tools//go/analysis/passes/composite:composite (d258334)" -> "@org_golang_x_tools//go/analysis/passes/composite:composite.go (null)\n@org_golang_x_tools//go/analysis/passes/composite:whitelist.go (null)"
  "@org_golang_x_tools//go/analysis/passes/composite:composite (d258334)" -> "@org_golang_x_tools//go/analysis/passes/inspect:inspect (d258334)"
  "@org_golang_x_tools//go/analysis/passes/composite:composite (d258334)" -> "@org_golang_x_tools//go/ast/inspector:inspector (d258334)"
  "@org_golang_x_tools//go/analysis/passes/composite:composite (d258334)" -> "@org_golang_x_tools//internal/typeparams:typeparams (d258334)"
  "@org_golang_x_tools//go/analysis/passes/composite:composite.go (null)\n@org_golang_x_tools//go/analysis/passes/composite:whitelist.go (null)"
  "@org_golang_x_tools//go/analysis/passes/buildtag:go_default_library (d258334)"
  "@org_golang_x_tools//go/analysis/passes/buildtag:go_default_library (d258334)" -> "@org_golang_x_tools//go/analysis/passes/buildtag:buildtag (d258334)"
  "@org_golang_x_tools//go/analysis/passes/buildtag:buildtag (d258334)"
  "@org_golang_x_tools//go/analysis/passes/buildtag:buildtag (d258334)" -> "@org_golang_x_tools//go/analysis:analysis (d258334)"
  "@org_golang_x_tools//go/analysis/passes/buildtag:buildtag (d258334)" -> "@org_golang_x_tools//go/analysis/passes/buildtag:buildtag.go (null)\n@org_golang_x_tools//go/analysis/passes/buildtag:buildtag_old.go (null)"
  "@org_golang_x_tools//go/analysis/passes/buildtag:buildtag (d258334)" -> "@org_golang_x_tools//go/analysis/passes/internal/analysisutil:analysisutil (d258334)"
  "@org_golang_x_tools//go/analysis/passes/buildtag:buildtag.go (null)\n@org_golang_x_tools//go/analysis/passes/buildtag:buildtag_old.go (null)"
  "@org_golang_x_tools//go/analysis/passes/buildssa:go_default_library (d258334)"
  "@org_golang_x_tools//go/analysis/passes/buildssa:go_default_library (d258334)" -> "@org_golang_x_tools//go/analysis/passes/buildssa:buildssa (d258334)"
  "@org_golang_x_tools//go/analysis/passes/buildssa:buildssa (d258334)"
  "@org_golang_x_tools//go/analysis/passes/buildssa:buildssa (d258334)" -> "@org_golang_x_tools//go/analysis:analysis (d258334)"
  "@org_golang_x_tools//go/analysis/passes/buildssa:buildssa (d258334)" -> "@org_golang_x_tools//go/analysis/passes/buildssa:buildssa.go (null)"
  "@org_golang_x_tools//go/analysis/passes/buildssa:buildssa (d258334)" -> "@org_golang_x_tools//go/ssa:ssa (d258334)"
  "@org_golang_x_tools//go/ssa:ssa (d258334)"
  "@org_golang_x_tools//go/ssa:ssa (d258334)" -> "@org_golang_x_tools//go/ast/astutil:astutil (d258334)"
  "@org_golang_x_tools//go/ssa:ssa (d258334)" -> "@org_golang_x_tools//go/ssa:block.go (null)\n@org_golang_x_tools//go/ssa:blockopt.go (null)\n@org_golang_x_tools//go/ssa:builder.go (null)\n@org_golang_x_tools//go/ssa:const.go (null)\n@org_golang_x_tools//go/ssa:coretype.go (null)\n@org_golang_x_tools//go/ssa:create.go (null)\n@org_golang_x_tools//go/ssa:doc.go (null)\n@org_golang_x_tools//go/ssa:dom.go (null)\n@org_golang_x_tools//go/ssa:emit.go (null)\n@org_golang_x_tools//go/ssa:func.go (null)\n...and 15 more items"
  "@org_golang_x_tools//go/ssa:ssa (d258334)" -> "@org_golang_x_tools//go/types/typeutil:typeutil (d258334)"
  "@org_golang_x_tools//go/ssa:ssa (d258334)" -> "@org_golang_x_tools//internal/typeparams:typeparams (d258334)"
  "@org_golang_x_tools//go/types/typeutil:typeutil (d258334)"
  "@org_golang_x_tools//go/types/typeutil:typeutil (d258334)" -> "@org_golang_x_tools//go/ast/astutil:astutil (d258334)"
  "@org_golang_x_tools//go/types/typeutil:typeutil (d258334)" -> "@org_golang_x_tools//go/types/typeutil:callee.go (null)\n@org_golang_x_tools//go/types/typeutil:imports.go (null)\n@org_golang_x_tools//go/types/typeutil:map.go (null)\n@org_golang_x_tools//go/types/typeutil:methodsetcache.go (null)\n@org_golang_x_tools//go/types/typeutil:ui.go (null)"
  "@org_golang_x_tools//go/types/typeutil:typeutil (d258334)" -> "@org_golang_x_tools//internal/typeparams:typeparams (d258334)"
  "@org_golang_x_tools//go/types/typeutil:callee.go (null)\n@org_golang_x_tools//go/types/typeutil:imports.go (null)\n@org_golang_x_tools//go/types/typeutil:map.go (null)\n@org_golang_x_tools//go/types/typeutil:methodsetcache.go (null)\n@org_golang_x_tools//go/types/typeutil:ui.go (null)"
  "@org_golang_x_tools//go/ssa:block.go (null)\n@org_golang_x_tools//go/ssa:blockopt.go (null)\n@org_golang_x_tools//go/ssa:builder.go (null)\n@org_golang_x_tools//go/ssa:const.go (null)\n@org_golang_x_tools//go/ssa:coretype.go (null)\n@org_golang_x_tools//go/ssa:create.go (null)\n@org_golang_x_tools//go/ssa:doc.go (null)\n@org_golang_x_tools//go/ssa:dom.go (null)\n@org_golang_x_tools//go/ssa:emit.go (null)\n@org_golang_x_tools//go/ssa:func.go (null)\n...and 15 more items"
  "@org_golang_x_tools//go/ast/astutil:astutil (d258334)"
  "@org_golang_x_tools//go/ast/astutil:astutil (d258334)" -> "@org_golang_x_tools//go/ast/astutil:enclosing.go (null)\n@org_golang_x_tools//go/ast/astutil:imports.go (null)\n@org_golang_x_tools//go/ast/astutil:rewrite.go (null)\n@org_golang_x_tools//go/ast/astutil:util.go (null)"
  "@org_golang_x_tools//go/ast/astutil:astutil (d258334)" -> "@org_golang_x_tools//internal/typeparams:typeparams (d258334)"
  "@org_golang_x_tools//go/ast/astutil:enclosing.go (null)\n@org_golang_x_tools//go/ast/astutil:imports.go (null)\n@org_golang_x_tools//go/ast/astutil:rewrite.go (null)\n@org_golang_x_tools//go/ast/astutil:util.go (null)"
  "@org_golang_x_tools//go/analysis/passes/buildssa:buildssa.go (null)"
  "@org_golang_x_tools//go/analysis/passes/bools:go_default_library (d258334)"
  "@org_golang_x_tools//go/analysis/passes/bools:go_default_library (d258334)" -> "@org_golang_x_tools//go/analysis/passes/bools:bools (d258334)"
  "@org_golang_x_tools//go/analysis/passes/bools:bools (d258334)"
  "@org_golang_x_tools//go/analysis/passes/bools:bools (d258334)" -> "@org_golang_x_tools//go/analysis:analysis (d258334)"
  "@org_golang_x_tools//go/analysis/passes/bools:bools (d258334)" -> "@org_golang_x_tools//go/analysis/passes/bools:bools.go (null)"
  "@org_golang_x_tools//go/analysis/passes/bools:bools (d258334)" -> "@org_golang_x_tools//go/analysis/passes/inspect:inspect (d258334)"
  "@org_golang_x_tools//go/analysis/passes/bools:bools (d258334)" -> "@org_golang_x_tools//go/analysis/passes/internal/analysisutil:analysisutil (d258334)"
  "@org_golang_x_tools//go/analysis/passes/bools:bools (d258334)" -> "@org_golang_x_tools//go/ast/inspector:inspector (d258334)"
  "@org_golang_x_tools//go/analysis/passes/bools:bools.go (null)"
  "@org_golang_x_tools//go/analysis/passes/atomicalign:go_default_library (d258334)"
  "@org_golang_x_tools//go/analysis/passes/atomicalign:go_default_library (d258334)" -> "@org_golang_x_tools//go/analysis/passes/atomicalign:atomicalign (d258334)"
  "@org_golang_x_tools//go/analysis/passes/atomicalign:atomicalign (d258334)"
  "@org_golang_x_tools//go/analysis/passes/atomicalign:atomicalign (d258334)" -> "@org_golang_x_tools//go/analysis:analysis (d258334)"
  "@org_golang_x_tools//go/analysis/passes/atomicalign:atomicalign (d258334)" -> "@org_golang_x_tools//go/analysis/passes/atomicalign:atomicalign.go (null)"
  "@org_golang_x_tools//go/analysis/passes/atomicalign:atomicalign (d258334)" -> "@org_golang_x_tools//go/analysis/passes/inspect:inspect (d258334)"
  "@org_golang_x_tools//go/analysis/passes/atomicalign:atomicalign (d258334)" -> "@org_golang_x_tools//go/analysis/passes/internal/analysisutil:analysisutil (d258334)"
  "@org_golang_x_tools//go/analysis/passes/atomicalign:atomicalign (d258334)" -> "@org_golang_x_tools//go/ast/inspector:inspector (d258334)"
  "@org_golang_x_tools//go/analysis/passes/atomicalign:atomicalign.go (null)"
  "@org_golang_x_tools//go/analysis/passes/atomic:go_default_library (d258334)"
  "@org_golang_x_tools//go/analysis/passes/atomic:go_default_library (d258334)" -> "@org_golang_x_tools//go/analysis/passes/atomic:atomic (d258334)"
  "@org_golang_x_tools//go/analysis/passes/atomic:atomic (d258334)"
  "@org_golang_x_tools//go/analysis/passes/atomic:atomic (d258334)" -> "@org_golang_x_tools//go/analysis:analysis (d258334)"
  "@org_golang_x_tools//go/analysis/passes/atomic:atomic (d258334)" -> "@org_golang_x_tools//go/analysis/passes/atomic:atomic.go (null)"
  "@org_golang_x_tools//go/analysis/passes/atomic:atomic (d258334)" -> "@org_golang_x_tools//go/analysis/passes/inspect:inspect (d258334)"
  "@org_golang_x_tools//go/analysis/passes/atomic:atomic (d258334)" -> "@org_golang_x_tools//go/analysis/passes/internal/analysisutil:analysisutil (d258334)"
  "@org_golang_x_tools//go/analysis/passes/atomic:atomic (d258334)" -> "@org_golang_x_tools//go/ast/inspector:inspector (d258334)"
  "@org_golang_x_tools//go/analysis/passes/atomic:atomic.go (null)"
  "@org_golang_x_tools//go/analysis/passes/assign:go_default_library (d258334)"
  "@org_golang_x_tools//go/analysis/passes/assign:go_default_library (d258334)" -> "@org_golang_x_tools//go/analysis/passes/assign:assign (d258334)"
  "@org_golang_x_tools//go/analysis/passes/assign:assign (d258334)"
  "@org_golang_x_tools//go/analysis/passes/assign:assign (d258334)" -> "@org_golang_x_tools//go/analysis:analysis (d258334)"
  "@org_golang_x_tools//go/analysis/passes/assign:assign (d258334)" -> "@org_golang_x_tools//go/analysis/passes/assign:assign.go (null)"
  "@org_golang_x_tools//go/analysis/passes/assign:assign (d258334)" -> "@org_golang_x_tools//go/analysis/passes/inspect:inspect (d258334)"
  "@org_golang_x_tools//go/analysis/passes/assign:assign (d258334)" -> "@org_golang_x_tools//go/analysis/passes/internal/analysisutil:analysisutil (d258334)"
  "@org_golang_x_tools//go/analysis/passes/assign:assign (d258334)" -> "@org_golang_x_tools//go/ast/inspector:inspector (d258334)"
  "@org_golang_x_tools//go/analysis/passes/inspect:inspect (d258334)"
  "@org_golang_x_tools//go/analysis/passes/inspect:inspect (d258334)" -> "@org_golang_x_tools//go/analysis:analysis (d258334)"
  "@org_golang_x_tools//go/analysis/passes/inspect:inspect (d258334)" -> "@org_golang_x_tools//go/analysis/passes/inspect:inspect.go (null)"
  "@org_golang_x_tools//go/analysis/passes/inspect:inspect (d258334)" -> "@org_golang_x_tools//go/ast/inspector:inspector (d258334)"
  "@org_golang_x_tools//go/ast/inspector:inspector (d258334)"
  "@org_golang_x_tools//go/ast/inspector:inspector (d258334)" -> "@org_golang_x_tools//go/ast/inspector:inspector.go (null)\n@org_golang_x_tools//go/ast/inspector:typeof.go (null)"
  "@org_golang_x_tools//go/ast/inspector:inspector (d258334)" -> "@org_golang_x_tools//internal/typeparams:typeparams (d258334)"
  "@org_golang_x_tools//internal/typeparams:typeparams (d258334)"
  "@org_golang_x_tools//internal/typeparams:typeparams (d258334)" -> "@org_golang_x_tools//internal/typeparams:common.go (null)\n@org_golang_x_tools//internal/typeparams:coretype.go (null)\n@org_golang_x_tools//internal/typeparams:enabled_go117.go (null)\n@org_golang_x_tools//internal/typeparams:enabled_go118.go (null)\n@org_golang_x_tools//internal/typeparams:normalize.go (null)\n@org_golang_x_tools//internal/typeparams:termlist.go (null)\n@org_golang_x_tools//internal/typeparams:typeparams_go117.go (null)\n...and 2 more items"
  "@org_golang_x_tools//internal/typeparams:common.go (null)\n@org_golang_x_tools//internal/typeparams:coretype.go (null)\n@org_golang_x_tools//internal/typeparams:enabled_go117.go (null)\n@org_golang_x_tools//internal/typeparams:enabled_go118.go (null)\n@org_golang_x_tools//internal/typeparams:normalize.go (null)\n@org_golang_x_tools//internal/typeparams:termlist.go (null)\n@org_golang_x_tools//internal/typeparams:typeparams_go117.go (null)\n...and 2 more items"
  "@org_golang_x_tools//go/ast/inspector:inspector.go (null)\n@org_golang_x_tools//go/ast/inspector:typeof.go (null)"
  "@org_golang_x_tools//go/analysis/passes/inspect:inspect.go (null)"
  "@org_golang_x_tools//go/analysis/passes/assign:assign.go (null)"
  "@org_golang_x_tools//go/analysis/passes/asmdecl:go_default_library (d258334)"
  "@org_golang_x_tools//go/analysis/passes/asmdecl:go_default_library (d258334)" -> "@org_golang_x_tools//go/analysis/passes/asmdecl:asmdecl (d258334)"
  "@org_golang_x_tools//go/analysis/passes/asmdecl:asmdecl (d258334)"
  "@org_golang_x_tools//go/analysis/passes/asmdecl:asmdecl (d258334)" -> "@org_golang_x_tools//go/analysis:analysis (d258334)"
  "@org_golang_x_tools//go/analysis/passes/asmdecl:asmdecl (d258334)" -> "@org_golang_x_tools//go/analysis/passes/asmdecl:arches_go118.go (null)\n@org_golang_x_tools//go/analysis/passes/asmdecl:arches_go119.go (null)\n@org_golang_x_tools//go/analysis/passes/asmdecl:asmdecl.go (null)"
  "@org_golang_x_tools//go/analysis/passes/asmdecl:asmdecl (d258334)" -> "@org_golang_x_tools//go/analysis/passes/internal/analysisutil:analysisutil (d258334)"
  "@org_golang_x_tools//go/analysis/passes/internal/analysisutil:analysisutil (d258334)"
  "@org_golang_x_tools//go/analysis/passes/internal/analysisutil:analysisutil (d258334)" -> "@org_golang_x_tools//go/analysis/passes/internal/analysisutil:util.go (null)"
  "@org_golang_x_tools//go/analysis/passes/internal/analysisutil:util.go (null)"
  "@org_golang_x_tools//go/analysis/passes/asmdecl:arches_go118.go (null)\n@org_golang_x_tools//go/analysis/passes/asmdecl:arches_go119.go (null)\n@org_golang_x_tools//go/analysis/passes/asmdecl:asmdecl.go (null)"
  "@org_golang_x_tools//go/analysis:analysis (d258334)"
  "@org_golang_x_tools//go/analysis:analysis (d258334)" -> "@org_golang_x_tools//go/analysis:analysis.go (null)\n@org_golang_x_tools//go/analysis:diagnostic.go (null)\n@org_golang_x_tools//go/analysis:doc.go (null)\n@org_golang_x_tools//go/analysis:validate.go (null)"
  "@org_golang_x_tools//go/analysis:analysis.go (null)\n@org_golang_x_tools//go/analysis:diagnostic.go (null)\n@org_golang_x_tools//go/analysis:doc.go (null)\n@org_golang_x_tools//go/analysis:validate.go (null)"
  "//:tools_nogo (6953f50)"
  "//:tools_nogo (6953f50)" -> "//:default_nogo (4e67ca8)"
  "//:tools_nogo (6953f50)" -> "//go/private:nogo_active (6953f50)"
  "//:tools_nogo (6953f50)" -> "@local_config_platform//:host (6953f50)"
  "@local_config_platform//:host (6953f50)"
  "@local_config_platform//:host (6953f50)" -> "@platforms//cpu:x86_64 (4e67ca8)"
  "@local_config_platform//:host (6953f50)" -> "@platforms//os:linux (4e67ca8)"
  "@platforms//os:linux (4e67ca8)"
  "@platforms//os:linux (4e67ca8)" -> "@platforms//os:os (4e67ca8)"
  "@platforms//os:os (4e67ca8)"
  "@platforms//cpu:x86_64 (4e67ca8)"
  "@platforms//cpu:x86_64 (4e67ca8)" -> "@platforms//cpu:cpu (4e67ca8)"
  "@platforms//cpu:cpu (4e67ca8)"
  "//go/private:nogo_active (6953f50)"
  "//go/private:nogo_active (6953f50)" -> "//go/private:bootstrap_nogo (4e67ca8)\n//go/private:request_nogo (4e67ca8)"
  "//go/private:bootstrap_nogo (4e67ca8)\n//go/private:request_nogo (4e67ca8)"
  "//:stdlib (8681f53)"
  "//:stdlib (8681f53)" -> "//:cgo_context_data (8681f53)"
  "//:stdlib (8681f53)" -> "//go/platform:internal_cgo_off (8681f53)"
  "//go/platform:internal_cgo_off (8681f53)"
  "//go/platform:internal_cgo_off (8681f53)" -> "//go/toolchain:cgo_off (8681f53)"
  "//go/toolchain:cgo_off (8681f53)"
  "//go/toolchain:cgo_off (8681f53)" -> "//go/toolchain:cgo_constraint (8681f53)"
  "//go/toolchain:cgo_constraint (8681f53)"
  "//:go_info (4e67ca8)"
  "//:go_context_data (61db746)"
  "//:go_context_data (61db746)" -> "//:cgo_context_data (61db746)"
  "//:go_context_data (61db746)" -> "//:go_config (61db746)"
  "//:go_context_data (61db746)" -> "//:stdlib (c45270b)"
  "//:go_context_data (61db746)" -> "//go/platform:internal_cgo_off (61db746)"
  "//:go_context_data (61db746)" -> "//go/tools/coverdata:coverdata (61db746)"
  "//:go_context_data (61db746)" -> "@io_bazel_rules_nogo//:nogo (56f35e5)"
  "@io_bazel_rules_nogo//:nogo (56f35e5)"
  "@io_bazel_rules_nogo//:nogo (56f35e5)" -> "//:default_nogo (56f35e5)"
  "//go/tools/coverdata:coverdata (61db746)"
  "//go/tools/coverdata:coverdata (61db746)" -> "//go/tools/coverdata:coverdata.go (null)"
  "//:stdlib (c45270b)"
  "//:stdlib (c45270b)" -> "//:cgo_context_data (c45270b)"
  "//:stdlib (c45270b)" -> "//go/platform:internal_cgo_off (c45270b)"
  "//go/platform:internal_cgo_off (c45270b)"
  "//go/platform:internal_cgo_off (c45270b)" -> "//go/toolchain:cgo_off (c45270b)"
  "//go/toolchain:cgo_off (c45270b)"
  "//go/toolchain:cgo_off (c45270b)" -> "//go/toolchain:cgo_constraint (c45270b)"
  "//go/toolchain:cgo_constraint (c45270b)"
  "//:go_context_data (53ca935)"
  "//:go_context_data (53ca935)" -> "//:cgo_context_data (53ca935)"
  "//:go_context_data (53ca935)" -> "//:go_config (53ca935)"
  "//:go_context_data (53ca935)" -> "//:stdlib (a454081)"
  "//:go_context_data (53ca935)" -> "//go/platform:internal_cgo_off (53ca935)"
  "//:go_context_data (53ca935)" -> "//go/tools/coverdata:coverdata (53ca935)"
  "//:go_context_data (53ca935)" -> "@io_bazel_rules_nogo//:nogo (1123181)"
  "//go/tools/coverdata:coverdata (53ca935)"
  "//go/tools/coverdata:coverdata (53ca935)" -> "//go/tools/coverdata:coverdata.go (null)"
  "//:stdlib (a454081)"
  "//:stdlib (a454081)" -> "//:cgo_context_data (a454081)"
  "//:stdlib (a454081)" -> "//go/platform:internal_cgo_off (a454081)"
  "//go/platform:internal_cgo_off (a454081)"
  "//go/platform:internal_cgo_off (a454081)" -> "//go/toolchain:cgo_off (a454081)"
  "//go/toolchain:cgo_off (a454081)"
  "//go/toolchain:cgo_off (a454081)" -> "//go/toolchain:cgo_constraint (a454081)"
  "//go/toolchain:cgo_constraint (a454081)"
  "//:go_context_data (1123181)"
  "//:go_context_data (1123181)" -> "//:cgo_context_data (1123181)"
  "//:go_context_data (1123181)" -> "//:go_config (1123181)"
  "//:go_context_data (1123181)" -> "//:stdlib (037b4c6)"
  "//:go_context_data (1123181)" -> "//go/platform:internal_cgo_off (1123181)"
  "//:go_context_data (1123181)" -> "//go/tools/coverdata:coverdata (1123181)"
  "//:go_context_data (1123181)" -> "@io_bazel_rules_nogo//:nogo (1123181)"
  "@io_bazel_rules_nogo//:nogo (1123181)"
  "@io_bazel_rules_nogo//:nogo (1123181)" -> "//:default_nogo (1123181)"
  "//go/tools/coverdata:coverdata (1123181)"
  "//go/tools/coverdata:coverdata (1123181)" -> "//go/tools/coverdata:coverdata.go (null)"
  "//:stdlib (037b4c6)"
  "//:stdlib (037b4c6)" -> "//:cgo_context_data (037b4c6)"
  "//:stdlib (037b4c6)" -> "//go/platform:internal_cgo_off (037b4c6)"
  "//go/platform:internal_cgo_off (037b4c6)"
  "//go/platform:internal_cgo_off (037b4c6)" -> "//go/toolchain:cgo_off (037b4c6)"
  "//go/toolchain:cgo_off (037b4c6)"
  "//go/toolchain:cgo_off (037b4c6)" -> "//go/toolchain:cgo_constraint (037b4c6)"
  "//go/toolchain:cgo_constraint (037b4c6)"
  "//:go_config (d258334)"
  "//:go_config (d258334)" -> "//go/config:cover_format (d258334)\n//go/config:debug (d258334)\n//go/config:gc_goopts (d258334)\n//go/config:gc_linkopts (d258334)\n//go/config:linkmode (d258334)\n//go/config:msan (d258334)\n//go/config:pure (d258334)\n//go/config:race (d258334)\n//go/config:static (d258334)\n//go/config:tags (d258334)\n//go/private:is_compilation_mode_dbg (d258334)\n//go/private:is_strip_always (d258334)\n//go/private:is_strip_sometimes_fastbuild (d258334)\n//go/private:stamp (d258334)"
  "//:go_config (d258334)" -> "//go/constraints/amd64:v2 (d258334)\n//go/constraints/amd64:v3 (d258334)\n//go/constraints/amd64:v4 (d258334)"
  "//go/constraints/amd64:v2 (d258334)\n//go/constraints/amd64:v3 (d258334)\n//go/constraints/amd64:v4 (d258334)"
  "//go/constraints/amd64:v2 (d258334)\n//go/constraints/amd64:v3 (d258334)\n//go/constraints/amd64:v4 (d258334)" -> "//go/constraints/amd64:amd64 (d258334)"
  "//go/constraints/amd64:amd64 (d258334)"
  "//go/config:cover_format (d258334)\n//go/config:debug (d258334)\n//go/config:gc_goopts (d258334)\n//go/config:gc_linkopts (d258334)\n//go/config:linkmode (d258334)\n//go/config:msan (d258334)\n//go/config:pure (d258334)\n//go/config:race (d258334)\n//go/config:static (d258334)\n//go/config:tags (d258334)\n//go/private:is_compilation_mode_dbg (d258334)\n//go/private:is_strip_always (d258334)\n//go/private:is_strip_sometimes_fastbuild (d258334)\n//go/private:stamp (d258334)"
  "//:go_config (c45270b)"
  "//:go_config (c45270b)" -> "//go/config:cover_format (c45270b)\n//go/config:debug (c45270b)\n//go/config:gc_goopts (c45270b)\n//go/config:gc_linkopts (c45270b)\n//go/config:linkmode (c45270b)\n//go/config:msan (c45270b)\n//go/config:pure (c45270b)\n//go/config:race (c45270b)\n//go/config:static (c45270b)\n//go/config:tags (c45270b)\n//go/private:is_compilation_mode_dbg (c45270b)\n//go/private:is_strip_always (c45270b)\n//go/private:is_strip_sometimes_fastbuild (c45270b)\n//go/private:stamp (c45270b)"
  "//:go_config (c45270b)" -> "//go/constraints/amd64:v2 (c45270b)\n//go/constraints/amd64:v3 (c45270b)\n//go/constraints/amd64:v4 (c45270b)"
  "//go/constraints/amd64:v2 (c45270b)\n//go/constraints/amd64:v3 (c45270b)\n//go/constraints/amd64:v4 (c45270b)"
  "//go/constraints/amd64:v2 (c45270b)\n//go/constraints/amd64:v3 (c45270b)\n//go/constraints/amd64:v4 (c45270b)" -> "//go/constraints/amd64:amd64 (c45270b)"
  "//go/constraints/amd64:amd64 (c45270b)"
  "//go/config:cover_format (c45270b)\n//go/config:debug (c45270b)\n//go/config:gc_goopts (c45270b)\n//go/config:gc_linkopts (c45270b)\n//go/config:linkmode (c45270b)\n//go/config:msan (c45270b)\n//go/config:pure (c45270b)\n//go/config:race (c45270b)\n//go/config:static (c45270b)\n//go/config:tags (c45270b)\n//go/private:is_compilation_mode_dbg (c45270b)\n//go/private:is_strip_always (c45270b)\n//go/private:is_strip_sometimes_fastbuild (c45270b)\n//go/private:stamp (c45270b)"
  "//:go_config (a454081)"
  "//:go_config (a454081)" -> "//go/config:cover_format (a454081)\n//go/config:debug (a454081)\n//go/config:gc_goopts (a454081)\n//go/config:gc_linkopts (a454081)\n//go/config:linkmode (a454081)\n//go/config:msan (a454081)\n//go/config:pure (a454081)\n//go/config:race (a454081)\n//go/config:static (a454081)\n//go/config:tags (a454081)\n//go/private:is_compilation_mode_dbg (a454081)\n//go/private:is_strip_always (a454081)\n//go/private:is_strip_sometimes_fastbuild (a454081)\n//go/private:stamp (a454081)"
  "//:go_config (a454081)" -> "//go/constraints/amd64:v2 (a454081)\n//go/constraints/amd64:v3 (a454081)\n//go/constraints/amd64:v4 (a454081)"
  "//go/constraints/amd64:v2 (a454081)\n//go/constraints/amd64:v3 (a454081)\n//go/constraints/amd64:v4 (a454081)"
  "//go/constraints/amd64:v2 (a454081)\n//go/constraints/amd64:v3 (a454081)\n//go/constraints/amd64:v4 (a454081)" -> "//go/constraints/amd64:amd64 (a454081)"
  "//go/constraints/amd64:amd64 (a454081)"
  "//go/config:cover_format (a454081)\n//go/config:debug (a454081)\n//go/config:gc_goopts (a454081)\n//go/config:gc_linkopts (a454081)\n//go/config:linkmode (a454081)\n//go/config:msan (a454081)\n//go/config:pure (a454081)\n//go/config:race (a454081)\n//go/config:static (a454081)\n//go/config:tags (a454081)\n//go/private:is_compilation_mode_dbg (a454081)\n//go/private:is_strip_always (a454081)\n//go/private:is_strip_sometimes_fastbuild (a454081)\n//go/private:stamp (a454081)"
  "//:go_config (8681f53)"
  "//:go_config (8681f53)" -> "//go/config:cover_format (8681f53)\n//go/config:debug (8681f53)\n//go/config:gc_goopts (8681f53)\n//go/config:gc_linkopts (8681f53)\n//go/config:linkmode (8681f53)\n//go/config:msan (8681f53)\n//go/config:pure (8681f53)\n//go/config:race (8681f53)\n//go/config:static (8681f53)\n//go/config:tags (8681f53)\n//go/private:is_compilation_mode_dbg (8681f53)\n//go/private:is_strip_always (8681f53)\n//go/private:is_strip_sometimes_fastbuild (8681f53)\n//go/private:stamp (8681f53)"
  "//:go_config (8681f53)" -> "//go/constraints/amd64:v2 (8681f53)\n//go/constraints/amd64:v3 (8681f53)\n//go/constraints/amd64:v4 (8681f53)"
  "//go/constraints/amd64:v2 (8681f53)\n//go/constraints/amd64:v3 (8681f53)\n//go/constraints/amd64:v4 (8681f53)"
  "//go/constraints/amd64:v2 (8681f53)\n//go/constraints/amd64:v3 (8681f53)\n//go/constraints/amd64:v4 (8681f53)" -> "//go/constraints/amd64:amd64 (8681f53)"
  "//go/constraints/amd64:amd64 (8681f53)"
  "//go/config:cover_format (8681f53)\n//go/config:debug (8681f53)\n//go/config:gc_goopts (8681f53)\n//go/config:gc_linkopts (8681f53)\n//go/config:linkmode (8681f53)\n//go/config:msan (8681f53)\n//go/config:pure (8681f53)\n//go/config:race (8681f53)\n//go/config:static (8681f53)\n//go/config:tags (8681f53)\n//go/private:is_compilation_mode_dbg (8681f53)\n//go/private:is_strip_always (8681f53)\n//go/private:is_strip_sometimes_fastbuild (8681f53)\n//go/private:stamp (8681f53)"
  "//:go_config (61db746)"
  "//:go_config (61db746)" -> "//go/config:cover_format (61db746)\n//go/config:debug (61db746)\n//go/config:gc_goopts (61db746)\n//go/config:gc_linkopts (61db746)\n//go/config:linkmode (61db746)\n//go/config:msan (61db746)\n//go/config:pure (61db746)\n//go/config:race (61db746)\n//go/config:static (61db746)\n//go/config:tags (61db746)\n//go/private:is_compilation_mode_dbg (61db746)\n//go/private:is_strip_always (61db746)\n//go/private:is_strip_sometimes_fastbuild (61db746)\n//go/private:stamp (61db746)"
  "//:go_config (61db746)" -> "//go/constraints/amd64:v2 (61db746)\n//go/constraints/amd64:v3 (61db746)\n//go/constraints/amd64:v4 (61db746)"
  "//go/constraints/amd64:v2 (61db746)\n//go/constraints/amd64:v3 (61db746)\n//go/constraints/amd64:v4 (61db746)"
  "//go/constraints/amd64:v2 (61db746)\n//go/constraints/amd64:v3 (61db746)\n//go/constraints/amd64:v4 (61db746)" -> "//go/constraints/amd64:amd64 (61db746)"
  "//go/constraints/amd64:amd64 (61db746)"
  "//go/config:cover_format (61db746)\n//go/config:debug (61db746)\n//go/config:gc_goopts (61db746)\n//go/config:gc_linkopts (61db746)\n//go/config:linkmode (61db746)\n//go/config:msan (61db746)\n//go/config:pure (61db746)\n//go/config:race (61db746)\n//go/config:static (61db746)\n//go/config:tags (61db746)\n//go/private:is_compilation_mode_dbg (61db746)\n//go/private:is_strip_always (61db746)\n//go/private:is_strip_sometimes_fastbuild (61db746)\n//go/private:stamp (61db746)"
  "//:go_config (53ca935)"
  "//:go_config (53ca935)" -> "//go/config:cover_format (53ca935)\n//go/config:debug (53ca935)\n//go/config:gc_goopts (53ca935)\n//go/config:gc_linkopts (53ca935)\n//go/config:linkmode (53ca935)\n//go/config:msan (53ca935)\n//go/config:pure (53ca935)\n//go/config:race (53ca935)\n//go/config:static (53ca935)\n//go/config:tags (53ca935)\n//go/private:is_compilation_mode_dbg (53ca935)\n//go/private:is_strip_always (53ca935)\n//go/private:is_strip_sometimes_fastbuild (53ca935)\n//go/private:stamp (53ca935)"
  "//:go_config (53ca935)" -> "//go/constraints/amd64:v2 (53ca935)\n//go/constraints/amd64:v3 (53ca935)\n//go/constraints/amd64:v4 (53ca935)"
  "//go/constraints/amd64:v2 (53ca935)\n//go/constraints/amd64:v3 (53ca935)\n//go/constraints/amd64:v4 (53ca935)"
  "//go/constraints/amd64:v2 (53ca935)\n//go/constraints/amd64:v3 (53ca935)\n//go/constraints/amd64:v4 (53ca935)" -> "//go/constraints/amd64:amd64 (53ca935)"
  "//go/constraints/amd64:amd64 (53ca935)"
  "//go/config:cover_format (53ca935)\n//go/config:debug (53ca935)\n//go/config:gc_goopts (53ca935)\n//go/config:gc_linkopts (53ca935)\n//go/config:linkmode (53ca935)\n//go/config:msan (53ca935)\n//go/config:pure (53ca935)\n//go/config:race (53ca935)\n//go/config:static (53ca935)\n//go/config:tags (53ca935)\n//go/private:is_compilation_mode_dbg (53ca935)\n//go/private:is_strip_always (53ca935)\n//go/private:is_strip_sometimes_fastbuild (53ca935)\n//go/private:stamp (53ca935)"
  "//:go_config (4e67ca8)"
  "//:go_config (4e67ca8)" -> "//go/config:cover_format (4e67ca8)\n//go/config:debug (4e67ca8)\n//go/config:gc_goopts (4e67ca8)\n//go/config:gc_linkopts (4e67ca8)\n//go/config:linkmode (4e67ca8)\n//go/config:msan (4e67ca8)\n//go/config:pure (4e67ca8)\n//go/config:race (4e67ca8)\n//go/config:static (4e67ca8)\n//go/config:tags (4e67ca8)\n//go/private:is_compilation_mode_dbg (4e67ca8)\n//go/private:is_strip_always (4e67ca8)\n//go/private:is_strip_sometimes_fastbuild (4e67ca8)\n//go/private:stamp (4e67ca8)"
  "//:go_config (4e67ca8)" -> "//go/constraints/amd64:v2 (4e67ca8)\n//go/constraints/amd64:v3 (4e67ca8)\n//go/constraints/amd64:v4 (4e67ca8)"
  "//go/constraints/amd64:v2 (4e67ca8)\n//go/constraints/amd64:v3 (4e67ca8)\n//go/constraints/amd64:v4 (4e67ca8)"
  "//go/constraints/amd64:v2 (4e67ca8)\n//go/constraints/amd64:v3 (4e67ca8)\n//go/constraints/amd64:v4 (4e67ca8)" -> "//go/constraints/amd64:amd64 (4e67ca8)"
  "//go/constraints/amd64:amd64 (4e67ca8)"
  "//go/config:cover_format (4e67ca8)\n//go/config:debug (4e67ca8)\n//go/config:gc_goopts (4e67ca8)\n//go/config:gc_linkopts (4e67ca8)\n//go/config:linkmode (4e67ca8)\n//go/config:msan (4e67ca8)\n//go/config:pure (4e67ca8)\n//go/config:race (4e67ca8)\n//go/config:static (4e67ca8)\n//go/config:tags (4e67ca8)\n//go/private:is_compilation_mode_dbg (4e67ca8)\n//go/private:is_strip_always (4e67ca8)\n//go/private:is_strip_sometimes_fastbuild (4e67ca8)\n//go/private:stamp (4e67ca8)"
  "//:go_config (1123181)"
  "//:go_config (1123181)" -> "//go/config:cover_format (1123181)\n//go/config:debug (1123181)\n//go/config:gc_goopts (1123181)\n//go/config:gc_linkopts (1123181)\n//go/config:linkmode (1123181)\n//go/config:msan (1123181)\n//go/config:pure (1123181)\n//go/config:race (1123181)\n//go/config:static (1123181)\n//go/config:tags (1123181)\n//go/private:is_compilation_mode_dbg (1123181)\n//go/private:is_strip_always (1123181)\n//go/private:is_strip_sometimes_fastbuild (1123181)\n//go/private:stamp (1123181)"
  "//:go_config (1123181)" -> "//go/constraints/amd64:v2 (1123181)\n//go/constraints/amd64:v3 (1123181)\n//go/constraints/amd64:v4 (1123181)"
  "//go/constraints/amd64:v2 (1123181)\n//go/constraints/amd64:v3 (1123181)\n//go/constraints/amd64:v4 (1123181)"
  "//go/constraints/amd64:v2 (1123181)\n//go/constraints/amd64:v3 (1123181)\n//go/constraints/amd64:v4 (1123181)" -> "//go/constraints/amd64:amd64 (1123181)"
  "//go/constraints/amd64:amd64 (1123181)"
  "//go/config:cover_format (1123181)\n//go/config:debug (1123181)\n//go/config:gc_goopts (1123181)\n//go/config:gc_linkopts (1123181)\n//go/config:linkmode (1123181)\n//go/config:msan (1123181)\n//go/config:pure (1123181)\n//go/config:race (1123181)\n//go/config:static (1123181)\n//go/config:tags (1123181)\n//go/private:is_compilation_mode_dbg (1123181)\n//go/private:is_strip_always (1123181)\n//go/private:is_strip_sometimes_fastbuild (1123181)\n//go/private:stamp (1123181)"
  "//:go_config (037b4c6)"
  "//:go_config (037b4c6)" -> "//go/config:cover_format (037b4c6)\n//go/config:debug (037b4c6)\n//go/config:gc_goopts (037b4c6)\n//go/config:gc_linkopts (037b4c6)\n//go/config:linkmode (037b4c6)\n//go/config:msan (037b4c6)\n//go/config:pure (037b4c6)\n//go/config:race (037b4c6)\n//go/config:static (037b4c6)\n//go/config:tags (037b4c6)\n//go/private:is_compilation_mode_dbg (037b4c6)\n//go/private:is_strip_always (037b4c6)\n//go/private:is_strip_sometimes_fastbuild (037b4c6)\n//go/private:stamp (037b4c6)"
  "//:go_config (037b4c6)" -> "//go/constraints/amd64:v2 (037b4c6)\n//go/constraints/amd64:v3 (037b4c6)\n//go/constraints/amd64:v4 (037b4c6)"
  "//go/constraints/amd64:v2 (037b4c6)\n//go/constraints/amd64:v3 (037b4c6)\n//go/constraints/amd64:v4 (037b4c6)"
  "//go/constraints/amd64:v2 (037b4c6)\n//go/constraints/amd64:v3 (037b4c6)\n//go/constraints/amd64:v4 (037b4c6)" -> "//go/constraints/amd64:amd64 (037b4c6)"
  "//go/constraints/amd64:amd64 (037b4c6)"
  "//go/config:cover_format (037b4c6)\n//go/config:debug (037b4c6)\n//go/config:gc_goopts (037b4c6)\n//go/config:gc_linkopts (037b4c6)\n//go/config:linkmode (037b4c6)\n//go/config:msan (037b4c6)\n//go/config:pure (037b4c6)\n//go/config:race (037b4c6)\n//go/config:static (037b4c6)\n//go/config:tags (037b4c6)\n//go/private:is_compilation_mode_dbg (037b4c6)\n//go/private:is_strip_always (037b4c6)\n//go/private:is_strip_sometimes_fastbuild (037b4c6)\n//go/private:stamp (037b4c6)"
  "//:default_nogo (56f35e5)"
  "//:default_nogo (4e67ca8)"
  "//:default_nogo (1123181)"
  "//:contributors_sorted_test (6953f50)"
  "//:contributors_sorted_test (6953f50)" -> "//:contributors_sorted_test-src.sh (4e67ca8)"
  "//:contributors_sorted_test (6953f50)" -> "//:contributors_sorted_test_lines.txt (4e67ca8)"
  "//:contributors_sorted_test (6953f50)" -> "//:contributors_sorted_test_lines_sorted.txt (4e67ca8)"
  "//:contributors_sorted_test (6953f50)" -> "@bazel_tools//tools/bash/runfiles:runfiles (4e67ca8)"
  "//:contributors_sorted_test_lines_sorted.txt (4e67ca8)"
  "//:contributors_sorted_test_lines_sorted.txt (4e67ca8)" -> "//:contributors_sorted_test_lines_sorted (4e67ca8)"
  "//:contributors_sorted_test_lines_sorted (4e67ca8)"
  "//:contributors_sorted_test_lines_sorted (4e67ca8)" -> "//:contributors_sorted_test_lines.txt (4e67ca8)"
  "//:contributors_sorted_test_lines.txt (4e67ca8)"
  "//:contributors_sorted_test_lines.txt (4e67ca8)" -> "//:contributors_sorted_test_lines (4e67ca8)"
  "//:contributors_sorted_test_lines (4e67ca8)"
  "//:contributors_sorted_test_lines (4e67ca8)" -> "//:CONTRIBUTORS (null)"
  "//:contributors_sorted_test-src.sh (4e67ca8)"
  "//:contributors_sorted_test-src.sh (4e67ca8)" -> "//:contributors_sorted_test_src (4e67ca8)"
  "//:contributors_sorted_test_src (4e67ca8)"
  "//:cgo_context_data_proxy (d258334)"
  "//:cgo_context_data_proxy (d258334)" -> "//:cgo_context_data (d258334)"
  "//:cgo_context_data_proxy (d258334)" -> "//go/platform:internal_cgo_off (d258334)"
  "//go/platform:internal_cgo_off (d258334)"
  "//go/platform:internal_cgo_off (d258334)" -> "//go/toolchain:cgo_off (d258334)"
  "//go/toolchain:cgo_off (d258334)"
  "//go/toolchain:cgo_off (d258334)" -> "//go/toolchain:cgo_constraint (d258334)"
  "//go/toolchain:cgo_constraint (d258334)"
  "//:cgo_context_data_proxy (61db746)"
  "//:cgo_context_data_proxy (61db746)" -> "//:cgo_context_data (61db746)"
  "//:cgo_context_data_proxy (61db746)" -> "//go/platform:internal_cgo_off (61db746)"
  "//go/platform:internal_cgo_off (61db746)"
  "//go/platform:internal_cgo_off (61db746)" -> "//go/toolchain:cgo_off (61db746)"
  "//go/toolchain:cgo_off (61db746)"
  "//go/toolchain:cgo_off (61db746)" -> "//go/toolchain:cgo_constraint (61db746)"
  "//go/toolchain:cgo_constraint (61db746)"
  "//:cgo_context_data_proxy (53ca935)"
  "//:cgo_context_data_proxy (53ca935)" -> "//:cgo_context_data (53ca935)"
  "//:cgo_context_data_proxy (53ca935)" -> "//go/platform:internal_cgo_off (53ca935)"
  "//go/platform:internal_cgo_off (53ca935)"
  "//go/platform:internal_cgo_off (53ca935)" -> "//go/toolchain:cgo_off (53ca935)"
  "//go/toolchain:cgo_off (53ca935)"
  "//go/toolchain:cgo_off (53ca935)" -> "//go/toolchain:cgo_constraint (53ca935)"
  "//go/toolchain:cgo_constraint (53ca935)"
  "//:cgo_context_data_proxy (4e67ca8)\n//:stdlib (4e67ca8)"
  "//:cgo_context_data_proxy (4e67ca8)\n//:stdlib (4e67ca8)" -> "//:cgo_context_data (4e67ca8)"
  "//:cgo_context_data_proxy (4e67ca8)\n//:stdlib (4e67ca8)" -> "//go/platform:internal_cgo_off (4e67ca8)"
  "//go/platform:internal_cgo_off (4e67ca8)"
  "//go/platform:internal_cgo_off (4e67ca8)" -> "//go/toolchain:cgo_off (4e67ca8)"
  "//go/toolchain:cgo_off (4e67ca8)"
  "//go/toolchain:cgo_off (4e67ca8)" -> "//go/toolchain:cgo_constraint (4e67ca8)"
  "//go/toolchain:cgo_constraint (4e67ca8)"
  "//:cgo_context_data_proxy (1123181)"
  "//:cgo_context_data_proxy (1123181)" -> "//:cgo_context_data (1123181)"
  "//:cgo_context_data_proxy (1123181)" -> "//go/platform:internal_cgo_off (1123181)"
  "//go/platform:internal_cgo_off (1123181)"
  "//go/platform:internal_cgo_off (1123181)" -> "//go/toolchain:cgo_off (1123181)"
  "//go/toolchain:cgo_off (1123181)"
  "//go/toolchain:cgo_off (1123181)" -> "//go/toolchain:cgo_constraint (1123181)"
  "//go/toolchain:cgo_constraint (1123181)"
  "//:cgo_context_data (d258334)"
  "//:cgo_context_data (c45270b)"
  "//:cgo_context_data (a454081)"
  "//:cgo_context_data (8681f53)"
  "//:cgo_context_data (61db746)"
  "//:cgo_context_data (53ca935)"
  "//:cgo_context_data (4e67ca8)"
  "//:cgo_context_data (1123181)"
  "//:cgo_context_data (037b4c6)"
  "//:authors_sorted_test (6953f50)"
  "//:authors_sorted_test (6953f50)" -> "//:authors_sorted_test-src.sh (4e67ca8)"
  "//:authors_sorted_test (6953f50)" -> "//:authors_sorted_test_lines.txt (4e67ca8)"
  "//:authors_sorted_test (6953f50)" -> "//:authors_sorted_test_lines_sorted.txt (4e67ca8)"
  "//:authors_sorted_test (6953f50)" -> "@bazel_tools//tools/bash/runfiles:runfiles (4e67ca8)"
  "@bazel_tools//tools/bash/runfiles:runfiles (4e67ca8)"
  "@bazel_tools//tools/bash/runfiles:runfiles (4e67ca8)" -> "@bazel_tools//tools/bash/runfiles:runfiles.bash (null)"
  "@bazel_tools//tools/bash/runfiles:runfiles.bash (null)"
  "//:authors_sorted_test_lines_sorted.txt (4e67ca8)"
  "//:authors_sorted_test_lines_sorted.txt (4e67ca8)" -> "//:authors_sorted_test_lines_sorted (4e67ca8)"
  "//:authors_sorted_test_lines_sorted (4e67ca8)"
  "//:authors_sorted_test_lines_sorted (4e67ca8)" -> "//:authors_sorted_test_lines.txt (4e67ca8)"
  "//:authors_sorted_test_lines.txt (4e67ca8)"
  "//:authors_sorted_test_lines.txt (4e67ca8)" -> "//:authors_sorted_test_lines (4e67ca8)"
  "//:authors_sorted_test_lines (4e67ca8)"
  "//:authors_sorted_test_lines (4e67ca8)" -> "//:AUTHORS (null)"
  "//:authors_sorted_test-src.sh (4e67ca8)"
  "//:authors_sorted_test-src.sh (4e67ca8)" -> "//:authors_sorted_test_src (4e67ca8)"
  "//:authors_sorted_test_src (4e67ca8)"
  "//:all_files (4e67ca8)"
  "//:all_files (4e67ca8)" -> "//:BUILD.bazel (null)\n//:WORKSPACE (null)"
  "//:all_files (4e67ca8)" -> "//extras:all_files (4e67ca8)"
  "//:all_files (4e67ca8)" -> "//go:all_files (4e67ca8)"
  "//:all_files (4e67ca8)" -> "//proto:all_files (4e67ca8)"
  "//:all_files (4e67ca8)" -> "//third_party:all_files (4e67ca8)"
  "//third_party:all_files (4e67ca8)"
  "//third_party:all_files (4e67ca8)" -> "//third_party:BUILD.bazel (null)\n//third_party:README.txt (null)\n//third_party:com_github_gogo_protobuf-gazelle.patch (null)\n//third_party:com_github_golang_mock-gazelle.patch (null)\n//third_party:com_github_golang_protobuf-gazelle.patch (null)\n//third_party:org_golang_google_genproto-gazelle.patch (null)\n//third_party:org_golang_google_protobuf-gazelle.patch (null)\n//third_party:org_golang_x_sys-gazelle.patch (null)\n...and 4 more items"
  "//third_party:BUILD.bazel (null)\n//third_party:README.txt (null)\n//third_party:com_github_gogo_protobuf-gazelle.patch (null)\n//third_party:com_github_golang_mock-gazelle.patch (null)\n//third_party:com_github_golang_protobuf-gazelle.patch (null)\n//third_party:org_golang_google_genproto-gazelle.patch (null)\n//third_party:org_golang_google_protobuf-gazelle.patch (null)\n//third_party:org_golang_x_sys-gazelle.patch (null)\n...and 4 more items"
  "//proto:all_files (4e67ca8)"
  "//proto:all_files (4e67ca8)" -> "//proto:BUILD.bazel (null)\n//proto:compiler.bzl (null)\n//proto:core.rst (null)\n//proto:def.bzl (null)\n//proto:gogo.bzl (null)"
  "//proto:all_files (4e67ca8)" -> "//proto/wkt:all_files (4e67ca8)"
  "//proto/wkt:all_files (4e67ca8)"
  "//proto/wkt:all_files (4e67ca8)" -> "//proto/wkt:BUILD.bazel (null)\n//proto/wkt:well_known_types.bzl (null)"
  "//proto/wkt:BUILD.bazel (null)\n//proto/wkt:well_known_types.bzl (null)"
  "//proto:BUILD.bazel (null)\n//proto:compiler.bzl (null)\n//proto:core.rst (null)\n//proto:def.bzl (null)\n//proto:gogo.bzl (null)"
  "//go:all_files (4e67ca8)"
  "//go:all_files (4e67ca8)" -> "//go:BUILD.bazel (null)\n//go:core.rst (null)\n//go:crosstool.rst (null)\n//go:def.bzl (null)\n//go:dependencies.rst (null)\n//go:deps.bzl (null)\n//go:extensions.bzl (null)\n//go:extras.rst (null)\n//go:modes.rst (null)\n//go:nogo.rst (null)\n//go:nogo_logo.png (null)\n//go:providers.rst (null)\n//go:toolchains.rst (null)"
  "//go:all_files (4e67ca8)" -> "//go/config:all_files (4e67ca8)"
  "//go:all_files (4e67ca8)" -> "//go/constraints/amd64:all_files (4e67ca8)"
  "//go:all_files (4e67ca8)" -> "//go/platform:all_files (4e67ca8)"
  "//go:all_files (4e67ca8)" -> "//go/private:all_files (4e67ca8)"
  "//go:all_files (4e67ca8)" -> "//go/runfiles:all_files (4e67ca8)"
  "//go:all_files (4e67ca8)" -> "//go/toolchain:all_files (4e67ca8)"
  "//go:all_files (4e67ca8)" -> "//go/tools:all_files (4e67ca8)"
  "//go/tools:all_files (4e67ca8)"
  "//go/tools:all_files (4e67ca8)" -> "//go/tools/bazel:all_files (4e67ca8)"
  "//go/tools:all_files (4e67ca8)" -> "//go/tools/bazel_testing:all_files (4e67ca8)"
  "//go/tools:all_files (4e67ca8)" -> "//go/tools/builders:all_files (4e67ca8)"
  "//go/tools:all_files (4e67ca8)" -> "//go/tools/bzltestutil:all_files (4e67ca8)"
  "//go/tools:all_files (4e67ca8)" -> "//go/tools/coverdata:all_files (4e67ca8)"
  "//go/tools:all_files (4e67ca8)" -> "//go/tools/go_bin_runner:all_files (4e67ca8)"
  "//go/tools/go_bin_runner:all_files (4e67ca8)"
  "//go/tools/go_bin_runner:all_files (4e67ca8)" -> "//go/tools/go_bin_runner:BUILD.bazel (null)\n//go/tools/go_bin_runner:main.go (null)\n//go/tools/go_bin_runner:process.go (null)"
  "//go/tools/go_bin_runner:BUILD.bazel (null)\n//go/tools/go_bin_runner:main.go (null)\n//go/tools/go_bin_runner:process.go (null)"
  "//go/tools/coverdata:all_files (4e67ca8)"
  "//go/tools/coverdata:all_files (4e67ca8)" -> "//go/tools/coverdata:BUILD.bazel (null)"
  "//go/tools/coverdata:all_files (4e67ca8)" -> "//go/tools/coverdata:coverdata.go (null)"
  "//go/tools/coverdata:coverdata.go (null)"
  "//go/tools/coverdata:BUILD.bazel (null)"
  "//go/tools/bzltestutil:all_files (4e67ca8)"
  "//go/tools/bzltestutil:all_files (4e67ca8)" -> "//go/tools/bzltestutil:BUILD.bazel (null)\n//go/tools/bzltestutil:init.go (null)\n//go/tools/bzltestutil:lcov.go (null)\n//go/tools/bzltestutil:lcov_test.go (null)\n//go/tools/bzltestutil:test2json.go (null)\n//go/tools/bzltestutil:wrap.go (null)\n//go/tools/bzltestutil:wrap_test.go (null)\n//go/tools/bzltestutil:xml.go (null)\n//go/tools/bzltestutil:xml_test.go (null)"
  "//go/tools/bzltestutil:BUILD.bazel (null)\n//go/tools/bzltestutil:init.go (null)\n//go/tools/bzltestutil:lcov.go (null)\n//go/tools/bzltestutil:lcov_test.go (null)\n//go/tools/bzltestutil:test2json.go (null)\n//go/tools/bzltestutil:wrap.go (null)\n//go/tools/bzltestutil:wrap_test.go (null)\n//go/tools/bzltestutil:xml.go (null)\n//go/tools/bzltestutil:xml_test.go (null)"
  "//go/tools/builders:all_files (4e67ca8)"
  "//go/tools/builders:all_files (4e67ca8)" -> "//go/tools/builders:BUILD.bazel (null)\n//go/tools/builders:ar.go (null)\n//go/tools/builders:asm.go (null)\n//go/tools/builders:builder.go (null)\n//go/tools/builders:cgo2.go (null)\n//go/tools/builders:compilepkg.go (null)\n//go/tools/builders:cover.go (null)\n//go/tools/builders:cover_test.go (null)\n//go/tools/builders:edit.go (null)\n//go/tools/builders:embedcfg.go (null)\n//go/tools/builders:env.go (null)\n//go/tools/builders:filter.go (null)\n...and 24 more items"
  "//go/tools/builders:BUILD.bazel (null)\n//go/tools/builders:ar.go (null)\n//go/tools/builders:asm.go (null)\n//go/tools/builders:builder.go (null)\n//go/tools/builders:cgo2.go (null)\n//go/tools/builders:compilepkg.go (null)\n//go/tools/builders:cover.go (null)\n//go/tools/builders:cover_test.go (null)\n//go/tools/builders:edit.go (null)\n//go/tools/builders:embedcfg.go (null)\n//go/tools/builders:env.go (null)\n//go/tools/builders:filter.go (null)\n...and 24 more items"
  "//go/tools/bazel_testing:all_files (4e67ca8)"
  "//go/tools/bazel_testing:all_files (4e67ca8)" -> "//go/tools/bazel_testing:BUILD.bazel (null)\n//go/tools/bazel_testing:bazel_testing.go (null)\n//go/tools/bazel_testing:def.bzl (null)"
  "//go/tools/bazel_testing:BUILD.bazel (null)\n//go/tools/bazel_testing:bazel_testing.go (null)\n//go/tools/bazel_testing:def.bzl (null)"
  "//go/tools/bazel:all_files (4e67ca8)"
  "//go/tools/bazel:all_files (4e67ca8)" -> "//go/tools/bazel:BUILD.bazel (null)\n//go/tools/bazel:bazel.go (null)\n//go/tools/bazel:bazel_test.go (null)\n//go/tools/bazel:empty.txt (null)\n//go/tools/bazel:runfiles.go (null)"
  "//go/tools/bazel:BUILD.bazel (null)\n//go/tools/bazel:bazel.go (null)\n//go/tools/bazel:bazel_test.go (null)\n//go/tools/bazel:empty.txt (null)\n//go/tools/bazel:runfiles.go (null)"
  "//go/toolchain:all_files (4e67ca8)"
  "//go/toolchain:all_files (4e67ca8)" -> "//go/toolchain:BUILD.bazel (null)\n//go/toolchain:toolchains.bzl (null)"
  "//go/toolchain:BUILD.bazel (null)\n//go/toolchain:toolchains.bzl (null)"
  "//go/runfiles:all_files (4e67ca8)"
  "//go/runfiles:all_files (4e67ca8)" -> "//go/runfiles:BUILD.bazel (null)\n//go/runfiles:directory.go (null)\n//go/runfiles:fs.go (null)\n//go/runfiles:global.go (null)\n//go/runfiles:manifest.go (null)\n//go/runfiles:runfiles.go (null)"
  "//go/runfiles:BUILD.bazel (null)\n//go/runfiles:directory.go (null)\n//go/runfiles:fs.go (null)\n//go/runfiles:global.go (null)\n//go/runfiles:manifest.go (null)\n//go/runfiles:runfiles.go (null)"
  "//go/private:all_files (4e67ca8)"
  "//go/private:all_files (4e67ca8)" -> "//go/private:BUILD.bazel (null)\n//go/private:BUILD.nogo.bazel (null)\n//go/private:BUILD.sdk.bazel (null)\n//go/private:common.bzl (null)\n//go/private:context.bzl (null)\n//go/private:extensions.bzl (null)\n//go/private:go_toolchain.bzl (null)\n//go/private:mode.bzl (null)\n//go/private:nogo.bzl (null)\n//go/private:platforms.bzl (null)\n//go/private:providers.bzl (null)\n//go/private:repositories.bzl (null)\n//go/private:rpath.bzl (null)\n//go/private:sdk.bzl (null)\n...and 1 more items"
  "//go/private:all_files (4e67ca8)" -> "//go/private/actions:all_files (4e67ca8)"
  "//go/private:all_files (4e67ca8)" -> "//go/private/rules:all_files (4e67ca8)"
  "//go/private:all_files (4e67ca8)" -> "//go/private/skylib/lib:all_files (4e67ca8)"
  "//go/private:all_files (4e67ca8)" -> "//go/private/tools:all_files (4e67ca8)"
  "//go/private/tools:all_files (4e67ca8)"
  "//go/private/tools:all_files (4e67ca8)" -> "//go/private/tools:BUILD.bazel (null)\n//go/private/tools:files_equal_test.bzl (null)\n//go/private/tools:lines_sorted_test.bzl (null)\n//go/private/tools:path.bzl (null)\n//go/private/tools:single_output_test.bzl (null)"
  "//go/private/tools:BUILD.bazel (null)\n//go/private/tools:files_equal_test.bzl (null)\n//go/private/tools:lines_sorted_test.bzl (null)\n//go/private/tools:path.bzl (null)\n//go/private/tools:single_output_test.bzl (null)"
  "//go/private/skylib/lib:all_files (4e67ca8)"
  "//go/private/skylib/lib:all_files (4e67ca8)" -> "//go/private/skylib/lib:BUILD.bazel (null)\n//go/private/skylib/lib:versions.bzl (null)"
  "//go/private/skylib/lib:BUILD.bazel (null)\n//go/private/skylib/lib:versions.bzl (null)"
  "//go/private/rules:all_files (4e67ca8)"
  "//go/private/rules:all_files (4e67ca8)" -> "//go/private/rules:BUILD.bazel (null)\n//go/private/rules:binary.bzl (null)\n//go/private/rules:cgo.bzl (null)\n//go/private/rules:cross.bzl (null)\n//go/private/rules:go_bin_for_host.bzl (null)\n//go/private/rules:info.bzl (null)\n//go/private/rules:library.bzl (null)\n//go/private/rules:nogo.bzl (null)\n//go/private/rules:sdk.bzl (null)\n//go/private/rules:source.bzl (null)\n//go/private/rules:stdlib.bzl (null)\n//go/private/rules:test.bzl (null)\n...and 2 more items"
  "//go/private/rules:BUILD.bazel (null)\n//go/private/rules:binary.bzl (null)\n//go/private/rules:cgo.bzl (null)\n//go/private/rules:cross.bzl (null)\n//go/private/rules:go_bin_for_host.bzl (null)\n//go/private/rules:info.bzl (null)\n//go/private/rules:library.bzl (null)\n//go/private/rules:nogo.bzl (null)\n//go/private/rules:sdk.bzl (null)\n//go/private/rules:source.bzl (null)\n//go/private/rules:stdlib.bzl (null)\n//go/private/rules:test.bzl (null)\n...and 2 more items"
  "//go/private/actions:all_files (4e67ca8)"
  "//go/private/actions:all_files (4e67ca8)" -> "//go/private/actions:BUILD.bazel (null)\n//go/private/actions:archive.bzl (null)\n//go/private/actions:binary.bzl (null)\n//go/private/actions:compilepkg.bzl (null)\n//go/private/actions:link.bzl (null)\n//go/private/actions:stdlib.bzl (null)\n//go/private/actions:utils.bzl (null)"
  "//go/private/actions:BUILD.bazel (null)\n//go/private/actions:archive.bzl (null)\n//go/private/actions:binary.bzl (null)\n//go/private/actions:compilepkg.bzl (null)\n//go/private/actions:link.bzl (null)\n//go/private/actions:stdlib.bzl (null)\n//go/private/actions:utils.bzl (null)"
  "//go/private:BUILD.bazel (null)\n//go/private:BUILD.nogo.bazel (null)\n//go/private:BUILD.sdk.bazel (null)\n//go/private:common.bzl (null)\n//go/private:context.bzl (null)\n//go/private:extensions.bzl (null)\n//go/private:go_toolchain.bzl (null)\n//go/private:mode.bzl (null)\n//go/private:nogo.bzl (null)\n//go/private:platforms.bzl (null)\n//go/private:providers.bzl (null)\n//go/private:repositories.bzl (null)\n//go/private:rpath.bzl (null)\n//go/private:sdk.bzl (null)\n...and 1 more items"
  "//go/platform:all_files (4e67ca8)"
  "//go/platform:all_files (4e67ca8)" -> "//go/platform:BUILD.bazel (null)\n//go/platform:apple.bzl (null)\n//go/platform:list.bzl (null)"
  "//go/platform:BUILD.bazel (null)\n//go/platform:apple.bzl (null)\n//go/platform:list.bzl (null)"
  "//go/constraints/amd64:all_files (4e67ca8)"
  "//go/constraints/amd64:all_files (4e67ca8)" -> "//go/constraints/amd64:BUILD.bazel (null)"
  "//go/constraints/amd64:BUILD.bazel (null)"
  "//go/config:all_files (4e67ca8)"
  "//go/config:all_files (4e67ca8)" -> "//go/config:BUILD.bazel (null)"
  "//go/config:BUILD.bazel (null)"
  "//go:BUILD.bazel (null)\n//go:core.rst (null)\n//go:crosstool.rst (null)\n//go:def.bzl (null)\n//go:dependencies.rst (null)\n//go:deps.bzl (null)\n//go:extensions.bzl (null)\n//go:extras.rst (null)\n//go:modes.rst (null)\n//go:nogo.rst (null)\n//go:nogo_logo.png (null)\n//go:providers.rst (null)\n//go:toolchains.rst (null)"
  "//extras:all_files (4e67ca8)"
  "//extras:all_files (4e67ca8)" -> "//extras:BUILD.bazel (null)\n//extras:gomock.bzl (null)"
  "//extras:BUILD.bazel (null)\n//extras:gomock.bzl (null)"
  "//:CONTRIBUTORS (null)"
  "//:BUILD.bazel (null)\n//:WORKSPACE (null)"
  "//:AUTHORS (null)"
}
