digraph mygraph {
  node [shape=box];
  "//:time_tool (4e67ca8)"
  "//:time_tool (4e67ca8)" -> "//:civil_time (4e67ca8)"
  "//:time_tool (4e67ca8)" -> "//:src/time_tool.cc (null)"
  "//:time_tool (4e67ca8)" -> "//:src/time_zone_if.h (null)\n//:src/time_zone_impl.h (null)\n//:src/time_zone_info.h (null)\n//:src/tzfile.h (null)"
  "//:time_tool (4e67ca8)" -> "//:time_zone (4e67ca8)"
  "//:src/time_tool.cc (null)"
  "//:hello (4e67ca8)"
  "//:hello (4e67ca8)" -> "//:civil_time (4e67ca8)"
  "//:hello (4e67ca8)" -> "//:examples/hello.cc (null)"
  "//:hello (4e67ca8)" -> "//:time_zone (4e67ca8)"
  "//:examples/hello.cc (null)"
  "//:example4 (4e67ca8)"
  "//:example4 (4e67ca8)" -> "//:civil_time (4e67ca8)"
  "//:example4 (4e67ca8)" -> "//:examples/example4.cc (null)"
  "//:example4 (4e67ca8)" -> "//:time_zone (4e67ca8)"
  "//:examples/example4.cc (null)"
  "//:example3 (4e67ca8)"
  "//:example3 (4e67ca8)" -> "//:civil_time (4e67ca8)"
  "//:example3 (4e67ca8)" -> "//:examples/example3.cc (null)"
  "//:example3 (4e67ca8)" -> "//:time_zone (4e67ca8)"
  "//:examples/example3.cc (null)"
  "//:example2 (4e67ca8)"
  "//:example2 (4e67ca8)" -> "//:examples/example2.cc (null)"
  "//:example2 (4e67ca8)" -> "//:time_zone (4e67ca8)"
  "//:examples/example2.cc (null)"
  "//:example1 (4e67ca8)"
  "//:example1 (4e67ca8)" -> "//:civil_time (4e67ca8)"
  "//:example1 (4e67ca8)" -> "//:examples/example1.cc (null)"
  "//:example1 (4e67ca8)" -> "//:time_zone (4e67ca8)"
  "//:examples/example1.cc (null)"
  "//:epoch_shift (4e67ca8)"
  "//:epoch_shift (4e67ca8)" -> "//:examples/epoch_shift.cc (null)"
  "//:examples/epoch_shift.cc (null)"
  "//:classic (4e67ca8)"
  "//:classic (4e67ca8)" -> "//:examples/classic.cc (null)"
  "//:examples/classic.cc (null)"
  "//:all_tests (6953f50)"
  "//:all_tests (6953f50)" -> "//:cctz_benchmark (6953f50)"
  "//:all_tests (6953f50)" -> "//:civil_time_test (6953f50)"
  "//:all_tests (6953f50)" -> "//:time_zone_format_test (6953f50)"
  "//:all_tests (6953f50)" -> "//:time_zone_lookup_test (6953f50)"
  "//:time_zone_lookup_test (6953f50)"
  "//:time_zone_lookup_test (6953f50)" -> "//:civil_time (4e67ca8)"
  "//:time_zone_lookup_test (6953f50)" -> "//:src/time_zone_lookup_test.cc (null)"
  "//:time_zone_lookup_test (6953f50)" -> "//:time_zone (4e67ca8)"
  "//:time_zone_lookup_test (6953f50)" -> "@com_google_googletest//:gtest_main (4e67ca8)"
  "//:time_zone_lookup_test (6953f50)" -> "@local_config_cc//:cc-compiler-k8 (4e67ca8)"
  "//:src/time_zone_lookup_test.cc (null)"
  "//:time_zone_format_test (6953f50)"
  "//:time_zone_format_test (6953f50)" -> "//:civil_time (4e67ca8)"
  "//:time_zone_format_test (6953f50)" -> "//:src/time_zone_format_test.cc (null)"
  "//:time_zone_format_test (6953f50)" -> "//:time_zone (4e67ca8)"
  "//:time_zone_format_test (6953f50)" -> "@com_google_googletest//:gtest_main (4e67ca8)"
  "//:time_zone_format_test (6953f50)" -> "@local_config_cc//:cc-compiler-k8 (4e67ca8)"
  "//:src/time_zone_format_test.cc (null)"
  "//:civil_time_test (6953f50)"
  "//:civil_time_test (6953f50)" -> "//:civil_time (4e67ca8)"
  "//:civil_time_test (6953f50)" -> "//:src/civil_time_test.cc (null)"
  "//:civil_time_test (6953f50)" -> "@com_google_googletest//:gtest_main (4e67ca8)"
  "//:civil_time_test (6953f50)" -> "@local_config_cc//:cc-compiler-k8 (4e67ca8)"
  "@com_google_googletest//:gtest_main (4e67ca8)"
  "@com_google_googletest//:gtest_main (4e67ca8)" -> "@com_google_googletest//:googlemock/src/gmock_main.cc (null)"
  "@com_google_googletest//:gtest_main (4e67ca8)" -> "@com_google_googletest//:gtest (4e67ca8)"
  "@com_google_googletest//:gtest_main (4e67ca8)" -> "@com_google_googletest//:windows (4e67ca8)"
  "@com_google_googletest//:gtest (4e67ca8)"
  "@com_google_googletest//:gtest (4e67ca8)" -> "@com_google_googletest//:googlemock/include/gmock/gmock-actions.h (null)\n@com_google_googletest//:googlemock/include/gmock/gmock-cardinalities.h (null)\n@com_google_googletest//:googlemock/include/gmock/gmock-function-mocker.h (null)\n@com_google_googletest//:googlemock/include/gmock/gmock-matchers.h (null)\n@com_google_googletest//:googlemock/include/gmock/gmock-more-actions.h (null)\n@com_google_googletest//:googlemock/include/gmock/gmock-more-matchers.h (null)\n...and 46 more items"
  "@com_google_googletest//:gtest (4e67ca8)" -> "@com_google_googletest//:windows (4e67ca8)"
  "@com_google_googletest//:windows (4e67ca8)"
  "@com_google_googletest//:windows (4e67ca8)" -> "@platforms//os:windows (4e67ca8)"
  "@platforms//os:windows (4e67ca8)"
  "@platforms//os:windows (4e67ca8)" -> "@platforms//os:os (4e67ca8)"
  "@com_google_googletest//:googlemock/include/gmock/gmock-actions.h (null)\n@com_google_googletest//:googlemock/include/gmock/gmock-cardinalities.h (null)\n@com_google_googletest//:googlemock/include/gmock/gmock-function-mocker.h (null)\n@com_google_googletest//:googlemock/include/gmock/gmock-matchers.h (null)\n@com_google_googletest//:googlemock/include/gmock/gmock-more-actions.h (null)\n@com_google_googletest//:googlemock/include/gmock/gmock-more-matchers.h (null)\n...and 46 more items"
  "@com_google_googletest//:googlemock/src/gmock_main.cc (null)"
  "//:src/civil_time_test.cc (null)"
  "//:cctz_benchmark (6953f50)"
  "//:cctz_benchmark (6953f50)" -> "//:civil_time (4e67ca8)"
  "//:cctz_benchmark (6953f50)" -> "//:src/cctz_benchmark.cc (null)"
  "//:cctz_benchmark (6953f50)" -> "//:src/time_zone_if.h (null)\n//:src/time_zone_impl.h (null)\n//:src/time_zone_info.h (null)\n//:src/tzfile.h (null)"
  "//:cctz_benchmark (6953f50)" -> "//:time_zone (4e67ca8)"
  "//:cctz_benchmark (6953f50)" -> "@com_github_google_benchmark//:benchmark_main (4e67ca8)"
  "//:cctz_benchmark (6953f50)" -> "@local_config_cc//:cc-compiler-k8 (4e67ca8)"
  "@local_config_cc//:cc-compiler-k8 (4e67ca8)"
  "@local_config_cc//:cc-compiler-k8 (4e67ca8)" -> "@local_config_cc//:compiler_deps (016b1f6)"
  "@local_config_cc//:cc-compiler-k8 (4e67ca8)" -> "@local_config_cc//:empty (016b1f6)\n@local_config_cc//:local (4e67ca8)"
  "@local_config_cc//:empty (016b1f6)\n@local_config_cc//:local (4e67ca8)"
  "@local_config_cc//:compiler_deps (016b1f6)"
  "@local_config_cc//:compiler_deps (016b1f6)" -> "@local_config_cc//:builtin_include_directory_paths (null)"
  "@local_config_cc//:builtin_include_directory_paths (null)"
  "@com_github_google_benchmark//:benchmark_main (4e67ca8)"
  "@com_github_google_benchmark//:benchmark_main (4e67ca8)" -> "@com_github_google_benchmark//:benchmark (4e67ca8)"
  "@com_github_google_benchmark//:benchmark_main (4e67ca8)" -> "@com_github_google_benchmark//:include/benchmark/benchmark.h (null)"
  "@com_github_google_benchmark//:benchmark_main (4e67ca8)" -> "@com_github_google_benchmark//:src/benchmark_main.cc (null)"
  "@com_github_google_benchmark//:src/benchmark_main.cc (null)"
  "@com_github_google_benchmark//:benchmark (4e67ca8)"
  "@com_github_google_benchmark//:benchmark (4e67ca8)" -> "@com_github_google_benchmark//:include/benchmark/benchmark.h (null)"
  "@com_github_google_benchmark//:benchmark (4e67ca8)" -> "@com_github_google_benchmark//:src/arraysize.h (null)\n@com_github_google_benchmark//:src/benchmark.cc (null)\n@com_github_google_benchmark//:src/benchmark_api_internal.cc (null)\n@com_github_google_benchmark//:src/benchmark_api_internal.h (null)\n@com_github_google_benchmark//:src/benchmark_name.cc (null)\n@com_github_google_benchmark//:src/benchmark_register.cc (null)\n@com_github_google_benchmark//:src/benchmark_register.h (null)\n...and 34 more items"
  "@com_github_google_benchmark//:src/arraysize.h (null)\n@com_github_google_benchmark//:src/benchmark.cc (null)\n@com_github_google_benchmark//:src/benchmark_api_internal.cc (null)\n@com_github_google_benchmark//:src/benchmark_api_internal.h (null)\n@com_github_google_benchmark//:src/benchmark_name.cc (null)\n@com_github_google_benchmark//:src/benchmark_register.cc (null)\n@com_github_google_benchmark//:src/benchmark_register.h (null)\n...and 34 more items"
  "@com_github_google_benchmark//:include/benchmark/benchmark.h (null)"
  "//:time_zone (4e67ca8)"
  "//:time_zone (4e67ca8)" -> "//:civil_time (4e67ca8)"
  "//:time_zone (4e67ca8)" -> "//:include/cctz/time_zone.h (null)\n//:include/cctz/zone_info_source.h (null)\n//:src/time_zone_fixed.cc (null)\n//:src/time_zone_fixed.h (null)\n//:src/time_zone_format.cc (null)\n//:src/time_zone_if.cc (null)\n//:src/time_zone_impl.cc (null)\n//:src/time_zone_info.cc (null)\n//:src/time_zone_libc.cc (null)\n//:src/time_zone_libc.h (null)\n//:src/time_zone_lookup.cc (null)\n//:src/time_zone_posix.cc (null)\n//:src/time_zone_posix.h (null)\n//:src/zone_info_source.cc (null)"
  "//:time_zone (4e67ca8)" -> "//:src/time_zone_if.h (null)\n//:src/time_zone_impl.h (null)\n//:src/time_zone_info.h (null)\n//:src/tzfile.h (null)"
  "//:time_zone (4e67ca8)" -> "@platforms//os:ios (4e67ca8)\n@platforms//os:osx (4e67ca8)"
  "@platforms//os:ios (4e67ca8)\n@platforms//os:osx (4e67ca8)"
  "@platforms//os:ios (4e67ca8)\n@platforms//os:osx (4e67ca8)" -> "@platforms//os:os (4e67ca8)"
  "@platforms//os:os (4e67ca8)"
  "//:include/cctz/time_zone.h (null)\n//:include/cctz/zone_info_source.h (null)\n//:src/time_zone_fixed.cc (null)\n//:src/time_zone_fixed.h (null)\n//:src/time_zone_format.cc (null)\n//:src/time_zone_if.cc (null)\n//:src/time_zone_impl.cc (null)\n//:src/time_zone_info.cc (null)\n//:src/time_zone_libc.cc (null)\n//:src/time_zone_libc.h (null)\n//:src/time_zone_lookup.cc (null)\n//:src/time_zone_posix.cc (null)\n//:src/time_zone_posix.h (null)\n//:src/zone_info_source.cc (null)"
  "//:src/time_zone_if.h (null)\n//:src/time_zone_impl.h (null)\n//:src/time_zone_info.h (null)\n//:src/tzfile.h (null)"
  "//:src/cctz_benchmark.cc (null)"
  "//:civil_time (4e67ca8)"
  "//:civil_time (4e67ca8)" -> "//:include/cctz/civil_time.h (null)\n//:include/cctz/civil_time_detail.h (null)\n//:src/civil_time_detail.cc (null)"
  "//:include/cctz/civil_time.h (null)\n//:include/cctz/civil_time_detail.h (null)\n//:src/civil_time_detail.cc (null)"
}
