digraph mygraph {
  node [shape=box];
  "//:deploy-github (67f4272)"
  "//:deploy-github (67f4272)" -> "//:RELEASE_NOTES_LATEST.md (null)"
  "//:ci (67f4272)"
  "//:ci (67f4272)" -> "@vaticle_dependencies//library/maven:update (67f4272)"
  "//:ci (67f4272)" -> "@vaticle_dependencies//tool/bazelinstall:remote_cache_setup.sh (null)"
  "//:ci (67f4272)" -> "@vaticle_dependencies//tool/cargo:sync (67f4272)"
  "//:ci (67f4272)" -> "@vaticle_dependencies//tool/checkstyle:test-coverage (67f4272)"
  "//:ci (67f4272)" -> "@vaticle_dependencies//tool/release/notes:create (67f4272)"
  "//:ci (67f4272)" -> "@vaticle_dependencies//tool/sonarcloud:code-analysis (67f4272)"
  "//:ci (67f4272)" -> "@vaticle_dependencies//tool/unuseddeps:unused-deps (67f4272)"
  "@vaticle_dependencies//tool/unuseddeps:unused-deps (67f4272)"
  "@vaticle_dependencies//tool/unuseddeps:unused-deps (67f4272)" -> "@buildozer_linux//file:file (67f4272)"
  "@vaticle_dependencies//tool/unuseddeps:unused-deps (67f4272)" -> "@buildozer_mac//file:file (67f4272)"
  "@vaticle_dependencies//tool/unuseddeps:unused-deps (67f4272)" -> "@unused_deps_linux//file:file (67f4272)"
  "@vaticle_dependencies//tool/unuseddeps:unused-deps (67f4272)" -> "@unused_deps_mac//file:file (67f4272)"
  "@vaticle_dependencies//tool/unuseddeps:unused-deps (67f4272)" -> "@vaticle_dependencies//tool/unuseddeps:unused-deps.py (null)"
  "@vaticle_dependencies//tool/unuseddeps:unused-deps.py (null)"
  "@unused_deps_mac//file:file (67f4272)"
  "@unused_deps_mac//file:file (67f4272)" -> "@unused_deps_mac//file:downloaded (null)"
  "@unused_deps_mac//file:downloaded (null)"
  "@unused_deps_linux//file:file (67f4272)"
  "@unused_deps_linux//file:file (67f4272)" -> "@unused_deps_linux//file:downloaded (null)"
  "@unused_deps_linux//file:downloaded (null)"
  "@buildozer_mac//file:file (67f4272)"
  "@buildozer_mac//file:file (67f4272)" -> "@buildozer_mac//file:downloaded (null)"
  "@buildozer_mac//file:downloaded (null)"
  "@buildozer_linux//file:file (67f4272)"
  "@buildozer_linux//file:file (67f4272)" -> "@buildozer_linux//file:downloaded (null)"
  "@buildozer_linux//file:downloaded (null)"
  "@vaticle_dependencies//tool/sonarcloud:code-analysis (67f4272)"
  "@vaticle_dependencies//tool/sonarcloud:code-analysis (67f4272)" -> "@sonarscanner_zip//file:file (67f4272)"
  "@vaticle_dependencies//tool/sonarcloud:code-analysis (67f4272)" -> "@vaticle_dependencies//tool/sonarcloud:code-analysis.py (null)"
  "@vaticle_dependencies//tool/sonarcloud:code-analysis.py (null)"
  "@sonarscanner_zip//file:file (67f4272)"
  "@sonarscanner_zip//file:file (67f4272)" -> "@sonarscanner_zip//file:downloaded (null)"
  "@sonarscanner_zip//file:downloaded (null)"
  "@vaticle_dependencies//tool/release/notes:create (67f4272)"
  "@vaticle_dependencies//tool/release/notes:create (67f4272)" -> "@maven//:com_eclipsesource_minimal_json_minimal_json (67f4272)"
  "@vaticle_dependencies//tool/release/notes:create (67f4272)" -> "@maven//:com_google_http_client_google_http_client (67f4272)"
  "@vaticle_dependencies//tool/release/notes:create (67f4272)" -> "@maven//:org_zeroturnaround_zt_exec (67f4272)"
  "@vaticle_dependencies//tool/release/notes:create (67f4272)" -> "@vaticle_dependencies//tool/release/notes:Commit.kt (null)\n@vaticle_dependencies//tool/release/notes:Common.kt (null)\n@vaticle_dependencies//tool/release/notes:Note.kt (null)\n@vaticle_dependencies//tool/release/notes:NotesCreate.kt (null)\n@vaticle_dependencies//tool/release/notes:Version.kt (null)"
  "@vaticle_dependencies//tool/release/notes:Commit.kt (null)\n@vaticle_dependencies//tool/release/notes:Common.kt (null)\n@vaticle_dependencies//tool/release/notes:Note.kt (null)\n@vaticle_dependencies//tool/release/notes:NotesCreate.kt (null)\n@vaticle_dependencies//tool/release/notes:Version.kt (null)"
  "@maven//:com_google_http_client_google_http_client (67f4272)"
  "@maven//:com_google_http_client_google_http_client (67f4272)" -> "@maven//:com_google_code_findbugs_jsr305 (67f4272)"
  "@maven//:com_google_http_client_google_http_client (67f4272)" -> "@maven//:com_google_errorprone_error_prone_annotations (67f4272)"
  "@maven//:com_google_http_client_google_http_client (67f4272)" -> "@maven//:com_google_guava_failureaccess (67f4272)"
  "@maven//:com_google_http_client_google_http_client (67f4272)" -> "@maven//:com_google_guava_guava (67f4272)"
  "@maven//:com_google_http_client_google_http_client (67f4272)" -> "@maven//:com_google_guava_listenablefuture (67f4272)"
  "@maven//:com_google_http_client_google_http_client (67f4272)" -> "@maven//:com_google_j2objc_j2objc_annotations (67f4272)"
  "@maven//:com_google_http_client_google_http_client (67f4272)" -> "@maven//:commons_codec_commons_codec (67f4272)"
  "@maven//:com_google_http_client_google_http_client (67f4272)" -> "@maven//:commons_logging_commons_logging (67f4272)"
  "@maven//:com_google_http_client_google_http_client (67f4272)" -> "@maven//:io_grpc_grpc_context (67f4272)"
  "@maven//:com_google_http_client_google_http_client (67f4272)" -> "@maven//:io_opencensus_opencensus_api (67f4272)"
  "@maven//:com_google_http_client_google_http_client (67f4272)" -> "@maven//:io_opencensus_opencensus_contrib_http_util (67f4272)"
  "@maven//:com_google_http_client_google_http_client (67f4272)" -> "@maven//:org_apache_httpcomponents_httpclient (67f4272)"
  "@maven//:com_google_http_client_google_http_client (67f4272)" -> "@maven//:org_apache_httpcomponents_httpcore (67f4272)"
  "@maven//:com_google_http_client_google_http_client (67f4272)" -> "@maven//:org_checkerframework_checker_qual (67f4272)"
  "@maven//:com_google_http_client_google_http_client (67f4272)" -> "@maven//:v1/https/repo1.maven.org/maven2/com/google/http-client/google-http-client/1.34.2/google-http-client-1.34.2-sources.jar (null)\n@maven//:v1/https/repo1.maven.org/maven2/com/google/http-client/google-http-client/1.34.2/google-http-client-1.34.2.jar (null)"
  "@maven//:v1/https/repo1.maven.org/maven2/com/google/http-client/google-http-client/1.34.2/google-http-client-1.34.2-sources.jar (null)\n@maven//:v1/https/repo1.maven.org/maven2/com/google/http-client/google-http-client/1.34.2/google-http-client-1.34.2.jar (null)"
  "@maven//:org_apache_httpcomponents_httpclient (67f4272)"
  "@maven//:org_apache_httpcomponents_httpclient (67f4272)" -> "@maven//:commons_codec_commons_codec (67f4272)"
  "@maven//:org_apache_httpcomponents_httpclient (67f4272)" -> "@maven//:commons_logging_commons_logging (67f4272)"
  "@maven//:org_apache_httpcomponents_httpclient (67f4272)" -> "@maven//:org_apache_httpcomponents_httpcore (67f4272)"
  "@maven//:org_apache_httpcomponents_httpclient (67f4272)" -> "@maven//:v1/https/repo1.maven.org/maven2/org/apache/httpcomponents/httpclient/4.5.11/httpclient-4.5.11-sources.jar (null)\n@maven//:v1/https/repo1.maven.org/maven2/org/apache/httpcomponents/httpclient/4.5.11/httpclient-4.5.11.jar (null)"
  "@maven//:v1/https/repo1.maven.org/maven2/org/apache/httpcomponents/httpclient/4.5.11/httpclient-4.5.11-sources.jar (null)\n@maven//:v1/https/repo1.maven.org/maven2/org/apache/httpcomponents/httpclient/4.5.11/httpclient-4.5.11.jar (null)"
  "@maven//:org_apache_httpcomponents_httpcore (67f4272)"
  "@maven//:org_apache_httpcomponents_httpcore (67f4272)" -> "@maven//:v1/https/repo1.maven.org/maven2/org/apache/httpcomponents/httpcore/4.4.13/httpcore-4.4.13-sources.jar (null)\n@maven//:v1/https/repo1.maven.org/maven2/org/apache/httpcomponents/httpcore/4.4.13/httpcore-4.4.13.jar (null)"
  "@maven//:v1/https/repo1.maven.org/maven2/org/apache/httpcomponents/httpcore/4.4.13/httpcore-4.4.13-sources.jar (null)\n@maven//:v1/https/repo1.maven.org/maven2/org/apache/httpcomponents/httpcore/4.4.13/httpcore-4.4.13.jar (null)"
  "@maven//:io_opencensus_opencensus_contrib_http_util (67f4272)"
  "@maven//:io_opencensus_opencensus_contrib_http_util (67f4272)" -> "@maven//:com_google_code_findbugs_jsr305 (67f4272)"
  "@maven//:io_opencensus_opencensus_contrib_http_util (67f4272)" -> "@maven//:com_google_errorprone_error_prone_annotations (67f4272)"
  "@maven//:io_opencensus_opencensus_contrib_http_util (67f4272)" -> "@maven//:com_google_guava_failureaccess (67f4272)"
  "@maven//:io_opencensus_opencensus_contrib_http_util (67f4272)" -> "@maven//:com_google_guava_guava (67f4272)"
  "@maven//:io_opencensus_opencensus_contrib_http_util (67f4272)" -> "@maven//:com_google_guava_listenablefuture (67f4272)"
  "@maven//:io_opencensus_opencensus_contrib_http_util (67f4272)" -> "@maven//:com_google_j2objc_j2objc_annotations (67f4272)"
  "@maven//:io_opencensus_opencensus_contrib_http_util (67f4272)" -> "@maven//:io_grpc_grpc_context (67f4272)"
  "@maven//:io_opencensus_opencensus_contrib_http_util (67f4272)" -> "@maven//:io_opencensus_opencensus_api (67f4272)"
  "@maven//:io_opencensus_opencensus_contrib_http_util (67f4272)" -> "@maven//:org_checkerframework_checker_qual (67f4272)"
  "@maven//:io_opencensus_opencensus_contrib_http_util (67f4272)" -> "@maven//:v1/https/repo1.maven.org/maven2/io/opencensus/opencensus-contrib-http-util/0.24.0/opencensus-contrib-http-util-0.24.0-sources.jar (null)\n@maven//:v1/https/repo1.maven.org/maven2/io/opencensus/opencensus-contrib-http-util/0.24.0/opencensus-contrib-http-util-0.24.0.jar (null)"
  "@maven//:v1/https/repo1.maven.org/maven2/io/opencensus/opencensus-contrib-http-util/0.24.0/opencensus-contrib-http-util-0.24.0-sources.jar (null)\n@maven//:v1/https/repo1.maven.org/maven2/io/opencensus/opencensus-contrib-http-util/0.24.0/opencensus-contrib-http-util-0.24.0.jar (null)"
  "@maven//:io_opencensus_opencensus_api (67f4272)"
  "@maven//:io_opencensus_opencensus_api (67f4272)" -> "@maven//:io_grpc_grpc_context (67f4272)"
  "@maven//:io_opencensus_opencensus_api (67f4272)" -> "@maven//:v1/https/repo1.maven.org/maven2/io/opencensus/opencensus-api/0.24.0/opencensus-api-0.24.0-sources.jar (null)\n@maven//:v1/https/repo1.maven.org/maven2/io/opencensus/opencensus-api/0.24.0/opencensus-api-0.24.0.jar (null)"
  "@maven//:v1/https/repo1.maven.org/maven2/io/opencensus/opencensus-api/0.24.0/opencensus-api-0.24.0-sources.jar (null)\n@maven//:v1/https/repo1.maven.org/maven2/io/opencensus/opencensus-api/0.24.0/opencensus-api-0.24.0.jar (null)"
  "@maven//:io_grpc_grpc_context (67f4272)"
  "@maven//:io_grpc_grpc_context (67f4272)" -> "@maven//:v1/https/repo1.maven.org/maven2/io/grpc/grpc-context/1.22.1/grpc-context-1.22.1-sources.jar (null)\n@maven//:v1/https/repo1.maven.org/maven2/io/grpc/grpc-context/1.22.1/grpc-context-1.22.1.jar (null)"
  "@maven//:v1/https/repo1.maven.org/maven2/io/grpc/grpc-context/1.22.1/grpc-context-1.22.1-sources.jar (null)\n@maven//:v1/https/repo1.maven.org/maven2/io/grpc/grpc-context/1.22.1/grpc-context-1.22.1.jar (null)"
  "@maven//:commons_logging_commons_logging (67f4272)"
  "@maven//:commons_logging_commons_logging (67f4272)" -> "@maven//:v1/https/repo1.maven.org/maven2/commons-logging/commons-logging/1.2/commons-logging-1.2-sources.jar (null)\n@maven//:v1/https/repo1.maven.org/maven2/commons-logging/commons-logging/1.2/commons-logging-1.2.jar (null)"
  "@maven//:v1/https/repo1.maven.org/maven2/commons-logging/commons-logging/1.2/commons-logging-1.2-sources.jar (null)\n@maven//:v1/https/repo1.maven.org/maven2/commons-logging/commons-logging/1.2/commons-logging-1.2.jar (null)"
  "@maven//:commons_codec_commons_codec (67f4272)"
  "@maven//:commons_codec_commons_codec (67f4272)" -> "@maven//:v1/https/repo1.maven.org/maven2/commons-codec/commons-codec/1.11/commons-codec-1.11-sources.jar (null)\n@maven//:v1/https/repo1.maven.org/maven2/commons-codec/commons-codec/1.11/commons-codec-1.11.jar (null)"
  "@maven//:v1/https/repo1.maven.org/maven2/commons-codec/commons-codec/1.11/commons-codec-1.11-sources.jar (null)\n@maven//:v1/https/repo1.maven.org/maven2/commons-codec/commons-codec/1.11/commons-codec-1.11.jar (null)"
  "@maven//:com_google_guava_guava (67f4272)"
  "@maven//:com_google_guava_guava (67f4272)" -> "@maven//:com_google_code_findbugs_jsr305 (67f4272)"
  "@maven//:com_google_guava_guava (67f4272)" -> "@maven//:com_google_errorprone_error_prone_annotations (67f4272)"
  "@maven//:com_google_guava_guava (67f4272)" -> "@maven//:com_google_guava_failureaccess (67f4272)"
  "@maven//:com_google_guava_guava (67f4272)" -> "@maven//:com_google_guava_listenablefuture (67f4272)"
  "@maven//:com_google_guava_guava (67f4272)" -> "@maven//:com_google_j2objc_j2objc_annotations (67f4272)"
  "@maven//:com_google_guava_guava (67f4272)" -> "@maven//:org_checkerframework_checker_qual (67f4272)"
  "@maven//:com_google_guava_guava (67f4272)" -> "@maven//:v1/https/repo1.maven.org/maven2/com/google/guava/guava/30.1-jre/guava-30.1-jre-sources.jar (null)\n@maven//:v1/https/repo1.maven.org/maven2/com/google/guava/guava/30.1-jre/guava-30.1-jre.jar (null)"
  "@maven//:v1/https/repo1.maven.org/maven2/com/google/guava/guava/30.1-jre/guava-30.1-jre-sources.jar (null)\n@maven//:v1/https/repo1.maven.org/maven2/com/google/guava/guava/30.1-jre/guava-30.1-jre.jar (null)"
  "@maven//:org_checkerframework_checker_qual (67f4272)"
  "@maven//:org_checkerframework_checker_qual (67f4272)" -> "@maven//:v1/https/repo1.maven.org/maven2/org/checkerframework/checker-qual/3.5.0/checker-qual-3.5.0-sources.jar (null)\n@maven//:v1/https/repo1.maven.org/maven2/org/checkerframework/checker-qual/3.5.0/checker-qual-3.5.0.jar (null)"
  "@maven//:v1/https/repo1.maven.org/maven2/org/checkerframework/checker-qual/3.5.0/checker-qual-3.5.0-sources.jar (null)\n@maven//:v1/https/repo1.maven.org/maven2/org/checkerframework/checker-qual/3.5.0/checker-qual-3.5.0.jar (null)"
  "@maven//:com_google_j2objc_j2objc_annotations (67f4272)"
  "@maven//:com_google_j2objc_j2objc_annotations (67f4272)" -> "@maven//:v1/https/repo1.maven.org/maven2/com/google/j2objc/j2objc-annotations/1.3/j2objc-annotations-1.3-sources.jar (null)\n@maven//:v1/https/repo1.maven.org/maven2/com/google/j2objc/j2objc-annotations/1.3/j2objc-annotations-1.3.jar (null)"
  "@maven//:v1/https/repo1.maven.org/maven2/com/google/j2objc/j2objc-annotations/1.3/j2objc-annotations-1.3-sources.jar (null)\n@maven//:v1/https/repo1.maven.org/maven2/com/google/j2objc/j2objc-annotations/1.3/j2objc-annotations-1.3.jar (null)"
  "@maven//:com_google_guava_listenablefuture (67f4272)"
  "@maven//:com_google_guava_listenablefuture (67f4272)" -> "@maven//:v1/https/repo1.maven.org/maven2/com/google/guava/listenablefuture/9999.0-empty-to-avoid-conflict-with-guava/listenablefuture-9999.0-empty-to-avoid-conflict-with-guava.jar (null)"
  "@maven//:v1/https/repo1.maven.org/maven2/com/google/guava/listenablefuture/9999.0-empty-to-avoid-conflict-with-guava/listenablefuture-9999.0-empty-to-avoid-conflict-with-guava.jar (null)"
  "@maven//:com_google_guava_failureaccess (67f4272)"
  "@maven//:com_google_guava_failureaccess (67f4272)" -> "@maven//:v1/https/repo1.maven.org/maven2/com/google/guava/failureaccess/1.0.1/failureaccess-1.0.1-sources.jar (null)\n@maven//:v1/https/repo1.maven.org/maven2/com/google/guava/failureaccess/1.0.1/failureaccess-1.0.1.jar (null)"
  "@maven//:v1/https/repo1.maven.org/maven2/com/google/guava/failureaccess/1.0.1/failureaccess-1.0.1-sources.jar (null)\n@maven//:v1/https/repo1.maven.org/maven2/com/google/guava/failureaccess/1.0.1/failureaccess-1.0.1.jar (null)"
  "@maven//:com_google_errorprone_error_prone_annotations (67f4272)"
  "@maven//:com_google_errorprone_error_prone_annotations (67f4272)" -> "@maven//:v1/https/repo1.maven.org/maven2/com/google/errorprone/error_prone_annotations/2.3.4/error_prone_annotations-2.3.4-sources.jar (null)\n@maven//:v1/https/repo1.maven.org/maven2/com/google/errorprone/error_prone_annotations/2.3.4/error_prone_annotations-2.3.4.jar (null)"
  "@maven//:v1/https/repo1.maven.org/maven2/com/google/errorprone/error_prone_annotations/2.3.4/error_prone_annotations-2.3.4-sources.jar (null)\n@maven//:v1/https/repo1.maven.org/maven2/com/google/errorprone/error_prone_annotations/2.3.4/error_prone_annotations-2.3.4.jar (null)"
  "@maven//:com_google_code_findbugs_jsr305 (67f4272)"
  "@maven//:com_google_code_findbugs_jsr305 (67f4272)" -> "@maven//:v1/https/repo1.maven.org/maven2/com/google/code/findbugs/jsr305/2.0.2/jsr305-2.0.2.jar (null)"
  "@maven//:v1/https/repo1.maven.org/maven2/com/google/code/findbugs/jsr305/2.0.2/jsr305-2.0.2.jar (null)"
  "@maven//:com_eclipsesource_minimal_json_minimal_json (67f4272)"
  "@maven//:com_eclipsesource_minimal_json_minimal_json (67f4272)" -> "@maven//:v1/https/repo1.maven.org/maven2/com/eclipsesource/minimal-json/minimal-json/0.9.5/minimal-json-0.9.5-sources.jar (null)\n@maven//:v1/https/repo1.maven.org/maven2/com/eclipsesource/minimal-json/minimal-json/0.9.5/minimal-json-0.9.5.jar (null)"
  "@maven//:v1/https/repo1.maven.org/maven2/com/eclipsesource/minimal-json/minimal-json/0.9.5/minimal-json-0.9.5-sources.jar (null)\n@maven//:v1/https/repo1.maven.org/maven2/com/eclipsesource/minimal-json/minimal-json/0.9.5/minimal-json-0.9.5.jar (null)"
  "@vaticle_dependencies//tool/checkstyle:test-coverage (67f4272)"
  "@vaticle_dependencies//tool/checkstyle:test-coverage (67f4272)" -> "@vaticle_dependencies//tool/checkstyle:test-coverage.py (null)"
  "@vaticle_dependencies//tool/checkstyle:test-coverage (67f4272)" -> "@vaticle_dependencies//tool/common:common (67f4272)"
  "@vaticle_dependencies//tool/common:common (67f4272)"
  "@vaticle_dependencies//tool/common:common (67f4272)" -> "@vaticle_dependencies//tool/common:common.py (null)"
  "@vaticle_dependencies//tool/common:common.py (null)"
  "@vaticle_dependencies//tool/checkstyle:test-coverage.py (null)"
  "@vaticle_dependencies//tool/cargo:sync (67f4272)"
  "@vaticle_dependencies//tool/cargo:sync (67f4272)" -> "@vaticle_dependencies//tool/cargo:syncer (67f4272)"
  "@vaticle_dependencies//tool/cargo:syncer (67f4272)"
  "@vaticle_dependencies//tool/cargo:syncer (67f4272)" -> "@maven//:com_electronwill_night_config_core (67f4272)"
  "@vaticle_dependencies//tool/cargo:syncer (67f4272)" -> "@maven//:com_electronwill_night_config_toml (67f4272)"
  "@vaticle_dependencies//tool/cargo:syncer (67f4272)" -> "@maven//:info_picocli_picocli (67f4272)"
  "@vaticle_dependencies//tool/cargo:syncer (67f4272)" -> "@maven//:org_zeroturnaround_zt_exec (67f4272)"
  "@vaticle_dependencies//tool/cargo:syncer (67f4272)" -> "@vaticle_bazel_distribution//common:common (67f4272)"
  "@vaticle_dependencies//tool/cargo:syncer (67f4272)" -> "@vaticle_bazel_distribution//common/shell:shell (67f4272)"
  "@vaticle_dependencies//tool/cargo:syncer (67f4272)" -> "@vaticle_bazel_distribution//common/util:util (67f4272)"
  "@vaticle_dependencies//tool/cargo:syncer (67f4272)" -> "@vaticle_dependencies//tool/cargo:Syncer.kt (null)"
  "@vaticle_dependencies//tool/cargo:Syncer.kt (null)"
  "@vaticle_bazel_distribution//common/util:util (67f4272)"
  "@vaticle_bazel_distribution//common/util:util (67f4272)" -> "@vaticle_bazel_distribution//common:common (67f4272)"
  "@vaticle_bazel_distribution//common/util:util (67f4272)" -> "@vaticle_bazel_distribution//common/util:FileUtil.kt (null)\n@vaticle_bazel_distribution//common/util:PropertiesUtil.kt (null)\n@vaticle_bazel_distribution//common/util:SystemUtil.kt (null)"
  "@vaticle_bazel_distribution//common/util:FileUtil.kt (null)\n@vaticle_bazel_distribution//common/util:PropertiesUtil.kt (null)\n@vaticle_bazel_distribution//common/util:SystemUtil.kt (null)"
  "@vaticle_bazel_distribution//common/shell:shell (67f4272)"
  "@vaticle_bazel_distribution//common/shell:shell (67f4272)" -> "@maven//:org_zeroturnaround_zt_exec (67f4272)"
  "@vaticle_bazel_distribution//common/shell:shell (67f4272)" -> "@vaticle_bazel_distribution//common:common (67f4272)"
  "@vaticle_bazel_distribution//common/shell:shell (67f4272)" -> "@vaticle_bazel_distribution//common/shell:Shell.kt (null)"
  "@vaticle_bazel_distribution//common/shell:Shell.kt (null)"
  "@vaticle_bazel_distribution//common:common (67f4272)"
  "@vaticle_bazel_distribution//common:common (67f4272)" -> "@vaticle_bazel_distribution//common:Logging.kt (null)\n@vaticle_bazel_distribution//common:Property.kt (null)"
  "@vaticle_bazel_distribution//common:Logging.kt (null)\n@vaticle_bazel_distribution//common:Property.kt (null)"
  "@maven//:org_zeroturnaround_zt_exec (67f4272)"
  "@maven//:org_zeroturnaround_zt_exec (67f4272)" -> "@maven//:commons_io_commons_io (67f4272)"
  "@maven//:org_zeroturnaround_zt_exec (67f4272)" -> "@maven//:org_slf4j_slf4j_api (67f4272)"
  "@maven//:org_zeroturnaround_zt_exec (67f4272)" -> "@maven//:v1/https/repo1.maven.org/maven2/org/zeroturnaround/zt-exec/1.10/zt-exec-1.10-sources.jar (null)\n@maven//:v1/https/repo1.maven.org/maven2/org/zeroturnaround/zt-exec/1.10/zt-exec-1.10.jar (null)"
  "@maven//:v1/https/repo1.maven.org/maven2/org/zeroturnaround/zt-exec/1.10/zt-exec-1.10-sources.jar (null)\n@maven//:v1/https/repo1.maven.org/maven2/org/zeroturnaround/zt-exec/1.10/zt-exec-1.10.jar (null)"
  "@maven//:org_slf4j_slf4j_api (67f4272)"
  "@maven//:org_slf4j_slf4j_api (67f4272)" -> "@maven//:v1/https/repo1.maven.org/maven2/org/slf4j/slf4j-api/1.7.32/slf4j-api-1.7.32-sources.jar (null)\n@maven//:v1/https/repo1.maven.org/maven2/org/slf4j/slf4j-api/1.7.32/slf4j-api-1.7.32.jar (null)"
  "@maven//:v1/https/repo1.maven.org/maven2/org/slf4j/slf4j-api/1.7.32/slf4j-api-1.7.32-sources.jar (null)\n@maven//:v1/https/repo1.maven.org/maven2/org/slf4j/slf4j-api/1.7.32/slf4j-api-1.7.32.jar (null)"
  "@maven//:commons_io_commons_io (67f4272)"
  "@maven//:commons_io_commons_io (67f4272)" -> "@maven//:v1/https/repo1.maven.org/maven2/commons-io/commons-io/2.3/commons-io-2.3-sources.jar (null)\n@maven//:v1/https/repo1.maven.org/maven2/commons-io/commons-io/2.3/commons-io-2.3.jar (null)"
  "@maven//:v1/https/repo1.maven.org/maven2/commons-io/commons-io/2.3/commons-io-2.3-sources.jar (null)\n@maven//:v1/https/repo1.maven.org/maven2/commons-io/commons-io/2.3/commons-io-2.3.jar (null)"
  "@maven//:info_picocli_picocli (67f4272)"
  "@maven//:info_picocli_picocli (67f4272)" -> "@maven//:v1/https/repo1.maven.org/maven2/info/picocli/picocli/4.6.1/picocli-4.6.1-sources.jar (null)\n@maven//:v1/https/repo1.maven.org/maven2/info/picocli/picocli/4.6.1/picocli-4.6.1.jar (null)"
  "@maven//:v1/https/repo1.maven.org/maven2/info/picocli/picocli/4.6.1/picocli-4.6.1-sources.jar (null)\n@maven//:v1/https/repo1.maven.org/maven2/info/picocli/picocli/4.6.1/picocli-4.6.1.jar (null)"
  "@maven//:com_electronwill_night_config_toml (67f4272)"
  "@maven//:com_electronwill_night_config_toml (67f4272)" -> "@maven//:com_electronwill_night_config_core (67f4272)"
  "@maven//:com_electronwill_night_config_toml (67f4272)" -> "@maven//:v1/https/repo1.maven.org/maven2/com/electronwill/night-config/toml/3.6.5/toml-3.6.5-sources.jar (null)\n@maven//:v1/https/repo1.maven.org/maven2/com/electronwill/night-config/toml/3.6.5/toml-3.6.5.jar (null)"
  "@maven//:v1/https/repo1.maven.org/maven2/com/electronwill/night-config/toml/3.6.5/toml-3.6.5-sources.jar (null)\n@maven//:v1/https/repo1.maven.org/maven2/com/electronwill/night-config/toml/3.6.5/toml-3.6.5.jar (null)"
  "@maven//:com_electronwill_night_config_core (67f4272)"
  "@maven//:com_electronwill_night_config_core (67f4272)" -> "@maven//:v1/https/repo1.maven.org/maven2/com/electronwill/night-config/core/3.6.5/core-3.6.5-sources.jar (null)\n@maven//:v1/https/repo1.maven.org/maven2/com/electronwill/night-config/core/3.6.5/core-3.6.5.jar (null)"
  "@maven//:v1/https/repo1.maven.org/maven2/com/electronwill/night-config/core/3.6.5/core-3.6.5-sources.jar (null)\n@maven//:v1/https/repo1.maven.org/maven2/com/electronwill/night-config/core/3.6.5/core-3.6.5.jar (null)"
  "@vaticle_dependencies//tool/bazelinstall:remote_cache_setup.sh (null)"
  "@vaticle_dependencies//library/maven:update (67f4272)"
  "@vaticle_dependencies//library/maven:update (67f4272)" -> "@vaticle_dependencies//library/maven:update.kt (null)"
  "@vaticle_dependencies//library/maven:update.kt (null)"
  "//:checkstyle-license (2a5f7bf)"
  "//:checkstyle-license (2a5f7bf)" -> "//:LICENSE (null)"
  "//:checkstyle (2a5f7bf)"
  "//:checkstyle (2a5f7bf)" -> "//:.bazel-cache-credential.json (null)\n//:.bazel-remote-cache.rc (null)\n//:.bazelrc (null)\n//:.factory/automation.yml (null)\n//:.gitignore (null)\n//:BUILD (null)\n//:WORKSPACE (null)\n//:deployment.bzl (null)\n//:requirements.txt (null)"
  "//:RELEASE_NOTES_LATEST.md (null)"
  "//:LICENSE (null)"
  "//:.bazel-cache-credential.json (null)\n//:.bazel-remote-cache.rc (null)\n//:.bazelrc (null)\n//:.factory/automation.yml (null)\n//:.gitignore (null)\n//:BUILD (null)\n//:WORKSPACE (null)\n//:deployment.bzl (null)\n//:requirements.txt (null)"
}
