digraph mygraph {
  node [shape=box];
  "//:mirror_coursier (3e266e2)"
  "//:mirror_coursier (3e266e2)" -> "//scripts:mirror_coursier (d8a9658)"
  "//scripts:mirror_coursier (d8a9658)"
  "//scripts:mirror_coursier (d8a9658)" -> "//scripts:mirror_coursier.sh (null)"
  "//scripts:mirror_coursier (d8a9658)" -> "@coursier_cli_v2_1_2//file:file (d8a9658)"
  "@coursier_cli_v2_1_2//file:file (d8a9658)"
  "@coursier_cli_v2_1_2//file:file (d8a9658)" -> "@coursier_cli_v2_1_2//file:downloaded (null)"
  "@coursier_cli_v2_1_2//file:downloaded (null)"
  "//scripts:mirror_coursier.sh (null)"
  "//:generate_api_reference (3e266e2)"
  "//:generate_api_reference (3e266e2)" -> "//scripts:generate_api_reference (d8a9658)"
  "//scripts:generate_api_reference (d8a9658)"
  "//scripts:generate_api_reference (d8a9658)" -> "//scripts:doctoc (08d2ec1)"
  "//scripts:generate_api_reference (d8a9658)" -> "//scripts:generate_base_docs (d8a9658)"
  "//scripts:generate_base_docs (d8a9658)"
  "//scripts:generate_base_docs (d8a9658)" -> "//:defs.md (d8a9658)"
  "//scripts:generate_base_docs (d8a9658)" -> "//:docs/includes/main_functions_header.md (null)\n//:docs/includes/spec_functions_header.md (null)"
  "//scripts:generate_base_docs (d8a9658)" -> "//:specs.md (d8a9658)"
  "//:specs.md (d8a9658)"
  "//:specs.md (d8a9658)" -> "//:specs (d8a9658)"
  "//:specs (d8a9658)"
  "//:specs (d8a9658)" -> "//:implementation (d8a9658)"
  "//:specs (d8a9658)" -> "//:specs.bzl (null)"
  "//scripts:doctoc (08d2ec1)"
  "//scripts:doctoc (08d2ec1)" -> "//scripts:doctoc_directory_file_path (08d2ec1)"
  "//scripts:doctoc (08d2ec1)" -> "@npm//doctoc:doctoc (08d2ec1)"
  "@npm//doctoc:doctoc (08d2ec1)"
  "@npm//doctoc:doctoc (08d2ec1)" -> "@bazel_tools//src/conditions:host_windows (08d2ec1)"
  "@npm//doctoc:doctoc (08d2ec1)" -> "@npm//:@textlint_ast-node-types__contents (08d2ec1)"
  "@npm//doctoc:doctoc (08d2ec1)" -> "@npm//:@textlint_markdown-to-ast__contents (08d2ec1)"
  "@npm//doctoc:doctoc (08d2ec1)" -> "@npm//:@types_mdast__contents (08d2ec1)"
  "@npm//doctoc:doctoc (08d2ec1)" -> "@npm//:@types_unist__contents (08d2ec1)"
  "@npm//doctoc:doctoc (08d2ec1)" -> "@npm//:anchor-markdown-header__contents (08d2ec1)"
  "@npm//doctoc:doctoc (08d2ec1)" -> "@npm//:bail__contents (08d2ec1)"
  "@npm//doctoc:doctoc (08d2ec1)" -> "@npm//:ccount__contents (08d2ec1)"
  "@npm//doctoc:doctoc (08d2ec1)" -> "@npm//:character-entities-legacy__contents (08d2ec1)"
  "@npm//doctoc:doctoc (08d2ec1)" -> "@npm//:character-entities__contents (08d2ec1)"
  "@npm//doctoc:doctoc (08d2ec1)" -> "@npm//:character-reference-invalid__contents (08d2ec1)"
  "@npm//doctoc:doctoc (08d2ec1)" -> "@npm//:debug__contents (08d2ec1)"
  "@npm//doctoc:doctoc (08d2ec1)" -> "@npm//:doctoc__contents (08d2ec1)"
  "@npm//doctoc:doctoc (08d2ec1)" -> "@npm//:dom-serializer__contents (08d2ec1)"
  "@npm//doctoc:doctoc (08d2ec1)" -> "@npm//:domelementtype__contents (08d2ec1)"
  "@npm//doctoc:doctoc (08d2ec1)" -> "@npm//:domhandler__contents (08d2ec1)"
  "@npm//doctoc:doctoc (08d2ec1)" -> "@npm//:domutils__contents (08d2ec1)"
  "@npm//doctoc:doctoc (08d2ec1)" -> "@npm//:emoji-regex__contents (08d2ec1)"
  "@npm//doctoc:doctoc (08d2ec1)" -> "@npm//:entities__contents (08d2ec1)"
  "@npm//doctoc:doctoc (08d2ec1)" -> "@npm//:escape-string-regexp__contents (08d2ec1)"
  "@npm//doctoc:doctoc (08d2ec1)" -> "@npm//:extend__contents (08d2ec1)"
  "@npm//doctoc:doctoc (08d2ec1)" -> "@npm//:fault__contents (08d2ec1)"
  "@npm//doctoc:doctoc (08d2ec1)" -> "@npm//:format__contents (08d2ec1)"
  "@npm//doctoc:doctoc (08d2ec1)" -> "@npm//:htmlparser2__contents (08d2ec1)"
  "@npm//doctoc:doctoc (08d2ec1)" -> "@npm//:is-alphabetical__contents (08d2ec1)"
  "@npm//doctoc:doctoc (08d2ec1)" -> "@npm//:is-alphanumerical__contents (08d2ec1)"
  "@npm//doctoc:doctoc (08d2ec1)" -> "@npm//:is-buffer__contents (08d2ec1)"
  "@npm//doctoc:doctoc (08d2ec1)" -> "@npm//:is-decimal__contents (08d2ec1)"
  "@npm//doctoc:doctoc (08d2ec1)" -> "@npm//:is-hexadecimal__contents (08d2ec1)"
  "@npm//doctoc:doctoc (08d2ec1)" -> "@npm//:is-plain-obj__contents (08d2ec1)"
  "@npm//doctoc:doctoc (08d2ec1)" -> "@npm//:longest-streak__contents (08d2ec1)"
  "@npm//doctoc:doctoc (08d2ec1)" -> "@npm//:markdown-table__contents (08d2ec1)"
  "@npm//doctoc:doctoc (08d2ec1)" -> "@npm//:mdast-util-find-and-replace__contents (08d2ec1)"
  "@npm//doctoc:doctoc (08d2ec1)" -> "@npm//:mdast-util-footnote__contents (08d2ec1)"
  "@npm//doctoc:doctoc (08d2ec1)" -> "@npm//:mdast-util-from-markdown__contents (08d2ec1)"
  "@npm//doctoc:doctoc (08d2ec1)" -> "@npm//:mdast-util-frontmatter__contents (08d2ec1)"
  "@npm//doctoc:doctoc (08d2ec1)" -> "@npm//:mdast-util-gfm-autolink-literal__contents (08d2ec1)"
  "@npm//doctoc:doctoc (08d2ec1)" -> "@npm//:mdast-util-gfm-strikethrough__contents (08d2ec1)"
  "@npm//doctoc:doctoc (08d2ec1)" -> "@npm//:mdast-util-gfm-table__contents (08d2ec1)"
  "@npm//doctoc:doctoc (08d2ec1)" -> "@npm//:mdast-util-gfm-task-list-item__contents (08d2ec1)"
  "@npm//doctoc:doctoc (08d2ec1)" -> "@npm//:mdast-util-gfm__contents (08d2ec1)"
  "@npm//doctoc:doctoc (08d2ec1)" -> "@npm//:mdast-util-to-markdown__contents (08d2ec1)"
  "@npm//doctoc:doctoc (08d2ec1)" -> "@npm//:mdast-util-to-string__contents (08d2ec1)"
  "@npm//doctoc:doctoc (08d2ec1)" -> "@npm//:micromark-extension-footnote__contents (08d2ec1)"
  "@npm//doctoc:doctoc (08d2ec1)" -> "@npm//:micromark-extension-frontmatter__contents (08d2ec1)"
  "@npm//doctoc:doctoc (08d2ec1)" -> "@npm//:micromark-extension-gfm-autolink-literal__contents (08d2ec1)"
  "@npm//doctoc:doctoc (08d2ec1)" -> "@npm//:micromark-extension-gfm-strikethrough__contents (08d2ec1)"
  "@npm//doctoc:doctoc (08d2ec1)" -> "@npm//:micromark-extension-gfm-table__contents (08d2ec1)"
  "@npm//doctoc:doctoc (08d2ec1)" -> "@npm//:micromark-extension-gfm-tagfilter__contents (08d2ec1)"
  "@npm//doctoc:doctoc (08d2ec1)" -> "@npm//:micromark-extension-gfm-task-list-item__contents (08d2ec1)"
  "@npm//doctoc:doctoc (08d2ec1)" -> "@npm//:micromark-extension-gfm__contents (08d2ec1)"
  "@npm//doctoc:doctoc (08d2ec1)" -> "@npm//:micromark__contents (08d2ec1)"
  "@npm//doctoc:doctoc (08d2ec1)" -> "@npm//:minimist__contents (08d2ec1)"
  "@npm//doctoc:doctoc (08d2ec1)" -> "@npm//:ms__contents (08d2ec1)"
  "@npm//doctoc:doctoc (08d2ec1)" -> "@npm//:parse-entities__contents (08d2ec1)"
  "@npm//doctoc:doctoc (08d2ec1)" -> "@npm//:remark-footnotes__contents (08d2ec1)"
  "@npm//doctoc:doctoc (08d2ec1)" -> "@npm//:remark-frontmatter__contents (08d2ec1)"
  "@npm//doctoc:doctoc (08d2ec1)" -> "@npm//:remark-gfm__contents (08d2ec1)"
  "@npm//doctoc:doctoc (08d2ec1)" -> "@npm//:remark-parse__contents (08d2ec1)"
  "@npm//doctoc:doctoc (08d2ec1)" -> "@npm//:repeat-string__contents (08d2ec1)"
  "@npm//doctoc:doctoc (08d2ec1)" -> "@npm//:traverse__contents (08d2ec1)"
  "@npm//doctoc:doctoc (08d2ec1)" -> "@npm//:trough__contents (08d2ec1)"
  "@npm//doctoc:doctoc (08d2ec1)" -> "@npm//:underscore__contents (08d2ec1)"
  "@npm//doctoc:doctoc (08d2ec1)" -> "@npm//:unified__contents (08d2ec1)"
  "@npm//doctoc:doctoc (08d2ec1)" -> "@npm//:unist-util-is__contents (08d2ec1)"
  "@npm//doctoc:doctoc (08d2ec1)" -> "@npm//:unist-util-stringify-position__contents (08d2ec1)"
  "@npm//doctoc:doctoc (08d2ec1)" -> "@npm//:unist-util-visit-parents__contents (08d2ec1)"
  "@npm//doctoc:doctoc (08d2ec1)" -> "@npm//:update-section__contents (08d2ec1)"
  "@npm//doctoc:doctoc (08d2ec1)" -> "@npm//:vfile-message__contents (08d2ec1)"
  "@npm//doctoc:doctoc (08d2ec1)" -> "@npm//:vfile__contents (08d2ec1)"
  "@npm//doctoc:doctoc (08d2ec1)" -> "@npm//:zwitch__contents (08d2ec1)"
  "@npm//:zwitch__contents (08d2ec1)"
  "@npm//:zwitch__contents (08d2ec1)" -> "@bazel_tools//src/conditions:host_windows (08d2ec1)"
  "@npm//:zwitch__contents (08d2ec1)" -> "@npm//:node_modules/zwitch (08d2ec1)"
  "@npm//:node_modules/zwitch (08d2ec1)"
  "@npm//:node_modules/zwitch (08d2ec1)" -> "@bazel_tools//src/conditions:host_windows (08d2ec1)"
  "@npm//:node_modules/zwitch (08d2ec1)" -> "@npm//:_/node_modules/zwitch (null)"
  "@npm//:_/node_modules/zwitch (null)"
  "@npm//:vfile__contents (08d2ec1)"
  "@npm//:vfile__contents (08d2ec1)" -> "@bazel_tools//src/conditions:host_windows (08d2ec1)"
  "@npm//:vfile__contents (08d2ec1)" -> "@npm//:node_modules/vfile (08d2ec1)"
  "@npm//:node_modules/vfile (08d2ec1)"
  "@npm//:node_modules/vfile (08d2ec1)" -> "@bazel_tools//src/conditions:host_windows (08d2ec1)"
  "@npm//:node_modules/vfile (08d2ec1)" -> "@npm//:_/node_modules/vfile (null)"
  "@npm//:_/node_modules/vfile (null)"
  "@npm//:vfile-message__contents (08d2ec1)"
  "@npm//:vfile-message__contents (08d2ec1)" -> "@bazel_tools//src/conditions:host_windows (08d2ec1)"
  "@npm//:vfile-message__contents (08d2ec1)" -> "@npm//:node_modules/vfile-message (08d2ec1)"
  "@npm//:node_modules/vfile-message (08d2ec1)"
  "@npm//:node_modules/vfile-message (08d2ec1)" -> "@bazel_tools//src/conditions:host_windows (08d2ec1)"
  "@npm//:node_modules/vfile-message (08d2ec1)" -> "@npm//:_/node_modules/vfile-message (null)"
  "@npm//:_/node_modules/vfile-message (null)"
  "@npm//:update-section__contents (08d2ec1)"
  "@npm//:update-section__contents (08d2ec1)" -> "@bazel_tools//src/conditions:host_windows (08d2ec1)"
  "@npm//:update-section__contents (08d2ec1)" -> "@npm//:node_modules/update-section (08d2ec1)"
  "@npm//:node_modules/update-section (08d2ec1)"
  "@npm//:node_modules/update-section (08d2ec1)" -> "@bazel_tools//src/conditions:host_windows (08d2ec1)"
  "@npm//:node_modules/update-section (08d2ec1)" -> "@npm//:_/node_modules/update-section (null)"
  "@npm//:_/node_modules/update-section (null)"
  "@npm//:unist-util-visit-parents__contents (08d2ec1)"
  "@npm//:unist-util-visit-parents__contents (08d2ec1)" -> "@bazel_tools//src/conditions:host_windows (08d2ec1)"
  "@npm//:unist-util-visit-parents__contents (08d2ec1)" -> "@npm//:node_modules/unist-util-visit-parents (08d2ec1)"
  "@npm//:node_modules/unist-util-visit-parents (08d2ec1)"
  "@npm//:node_modules/unist-util-visit-parents (08d2ec1)" -> "@bazel_tools//src/conditions:host_windows (08d2ec1)"
  "@npm//:node_modules/unist-util-visit-parents (08d2ec1)" -> "@npm//:_/node_modules/unist-util-visit-parents (null)"
  "@npm//:_/node_modules/unist-util-visit-parents (null)"
  "@npm//:unist-util-stringify-position__contents (08d2ec1)"
  "@npm//:unist-util-stringify-position__contents (08d2ec1)" -> "@bazel_tools//src/conditions:host_windows (08d2ec1)"
  "@npm//:unist-util-stringify-position__contents (08d2ec1)" -> "@npm//:node_modules/unist-util-stringify-position (08d2ec1)"
  "@npm//:node_modules/unist-util-stringify-position (08d2ec1)"
  "@npm//:node_modules/unist-util-stringify-position (08d2ec1)" -> "@bazel_tools//src/conditions:host_windows (08d2ec1)"
  "@npm//:node_modules/unist-util-stringify-position (08d2ec1)" -> "@npm//:_/node_modules/unist-util-stringify-position (null)"
  "@npm//:_/node_modules/unist-util-stringify-position (null)"
  "@npm//:unist-util-is__contents (08d2ec1)"
  "@npm//:unist-util-is__contents (08d2ec1)" -> "@bazel_tools//src/conditions:host_windows (08d2ec1)"
  "@npm//:unist-util-is__contents (08d2ec1)" -> "@npm//:node_modules/unist-util-is (08d2ec1)"
  "@npm//:node_modules/unist-util-is (08d2ec1)"
  "@npm//:node_modules/unist-util-is (08d2ec1)" -> "@bazel_tools//src/conditions:host_windows (08d2ec1)"
  "@npm//:node_modules/unist-util-is (08d2ec1)" -> "@npm//:_/node_modules/unist-util-is (null)"
  "@npm//:_/node_modules/unist-util-is (null)"
  "@npm//:unified__contents (08d2ec1)"
  "@npm//:unified__contents (08d2ec1)" -> "@bazel_tools//src/conditions:host_windows (08d2ec1)"
  "@npm//:unified__contents (08d2ec1)" -> "@npm//:node_modules/unified (08d2ec1)"
  "@npm//:node_modules/unified (08d2ec1)"
  "@npm//:node_modules/unified (08d2ec1)" -> "@bazel_tools//src/conditions:host_windows (08d2ec1)"
  "@npm//:node_modules/unified (08d2ec1)" -> "@npm//:_/node_modules/unified (null)"
  "@npm//:_/node_modules/unified (null)"
  "@npm//:underscore__contents (08d2ec1)"
  "@npm//:underscore__contents (08d2ec1)" -> "@bazel_tools//src/conditions:host_windows (08d2ec1)"
  "@npm//:underscore__contents (08d2ec1)" -> "@npm//:node_modules/underscore (08d2ec1)"
  "@npm//:node_modules/underscore (08d2ec1)"
  "@npm//:node_modules/underscore (08d2ec1)" -> "@bazel_tools//src/conditions:host_windows (08d2ec1)"
  "@npm//:node_modules/underscore (08d2ec1)" -> "@npm//:_/node_modules/underscore (null)"
  "@npm//:_/node_modules/underscore (null)"
  "@npm//:trough__contents (08d2ec1)"
  "@npm//:trough__contents (08d2ec1)" -> "@bazel_tools//src/conditions:host_windows (08d2ec1)"
  "@npm//:trough__contents (08d2ec1)" -> "@npm//:node_modules/trough (08d2ec1)"
  "@npm//:node_modules/trough (08d2ec1)"
  "@npm//:node_modules/trough (08d2ec1)" -> "@bazel_tools//src/conditions:host_windows (08d2ec1)"
  "@npm//:node_modules/trough (08d2ec1)" -> "@npm//:_/node_modules/trough (null)"
  "@npm//:_/node_modules/trough (null)"
  "@npm//:traverse__contents (08d2ec1)"
  "@npm//:traverse__contents (08d2ec1)" -> "@bazel_tools//src/conditions:host_windows (08d2ec1)"
  "@npm//:traverse__contents (08d2ec1)" -> "@npm//:node_modules/traverse (08d2ec1)"
  "@npm//:node_modules/traverse (08d2ec1)"
  "@npm//:node_modules/traverse (08d2ec1)" -> "@bazel_tools//src/conditions:host_windows (08d2ec1)"
  "@npm//:node_modules/traverse (08d2ec1)" -> "@npm//:_/node_modules/traverse (null)"
  "@npm//:_/node_modules/traverse (null)"
  "@npm//:repeat-string__contents (08d2ec1)"
  "@npm//:repeat-string__contents (08d2ec1)" -> "@bazel_tools//src/conditions:host_windows (08d2ec1)"
  "@npm//:repeat-string__contents (08d2ec1)" -> "@npm//:node_modules/repeat-string (08d2ec1)"
  "@npm//:node_modules/repeat-string (08d2ec1)"
  "@npm//:node_modules/repeat-string (08d2ec1)" -> "@bazel_tools//src/conditions:host_windows (08d2ec1)"
  "@npm//:node_modules/repeat-string (08d2ec1)" -> "@npm//:_/node_modules/repeat-string (null)"
  "@npm//:_/node_modules/repeat-string (null)"
  "@npm//:remark-parse__contents (08d2ec1)"
  "@npm//:remark-parse__contents (08d2ec1)" -> "@bazel_tools//src/conditions:host_windows (08d2ec1)"
  "@npm//:remark-parse__contents (08d2ec1)" -> "@npm//:node_modules/remark-parse (08d2ec1)"
  "@npm//:node_modules/remark-parse (08d2ec1)"
  "@npm//:node_modules/remark-parse (08d2ec1)" -> "@bazel_tools//src/conditions:host_windows (08d2ec1)"
  "@npm//:node_modules/remark-parse (08d2ec1)" -> "@npm//:_/node_modules/remark-parse (null)"
  "@npm//:_/node_modules/remark-parse (null)"
  "@npm//:remark-gfm__contents (08d2ec1)"
  "@npm//:remark-gfm__contents (08d2ec1)" -> "@bazel_tools//src/conditions:host_windows (08d2ec1)"
  "@npm//:remark-gfm__contents (08d2ec1)" -> "@npm//:node_modules/remark-gfm (08d2ec1)"
  "@npm//:node_modules/remark-gfm (08d2ec1)"
  "@npm//:node_modules/remark-gfm (08d2ec1)" -> "@bazel_tools//src/conditions:host_windows (08d2ec1)"
  "@npm//:node_modules/remark-gfm (08d2ec1)" -> "@npm//:_/node_modules/remark-gfm (null)"
  "@npm//:_/node_modules/remark-gfm (null)"
  "@npm//:remark-frontmatter__contents (08d2ec1)"
  "@npm//:remark-frontmatter__contents (08d2ec1)" -> "@bazel_tools//src/conditions:host_windows (08d2ec1)"
  "@npm//:remark-frontmatter__contents (08d2ec1)" -> "@npm//:node_modules/remark-frontmatter (08d2ec1)"
  "@npm//:node_modules/remark-frontmatter (08d2ec1)"
  "@npm//:node_modules/remark-frontmatter (08d2ec1)" -> "@bazel_tools//src/conditions:host_windows (08d2ec1)"
  "@npm//:node_modules/remark-frontmatter (08d2ec1)" -> "@npm//:_/node_modules/remark-frontmatter (null)"
  "@npm//:_/node_modules/remark-frontmatter (null)"
  "@npm//:remark-footnotes__contents (08d2ec1)"
  "@npm//:remark-footnotes__contents (08d2ec1)" -> "@bazel_tools//src/conditions:host_windows (08d2ec1)"
  "@npm//:remark-footnotes__contents (08d2ec1)" -> "@npm//:node_modules/remark-footnotes (08d2ec1)"
  "@npm//:node_modules/remark-footnotes (08d2ec1)"
  "@npm//:node_modules/remark-footnotes (08d2ec1)" -> "@bazel_tools//src/conditions:host_windows (08d2ec1)"
  "@npm//:node_modules/remark-footnotes (08d2ec1)" -> "@npm//:_/node_modules/remark-footnotes (null)"
  "@npm//:_/node_modules/remark-footnotes (null)"
  "@npm//:parse-entities__contents (08d2ec1)"
  "@npm//:parse-entities__contents (08d2ec1)" -> "@bazel_tools//src/conditions:host_windows (08d2ec1)"
  "@npm//:parse-entities__contents (08d2ec1)" -> "@npm//:node_modules/parse-entities (08d2ec1)"
  "@npm//:node_modules/parse-entities (08d2ec1)"
  "@npm//:node_modules/parse-entities (08d2ec1)" -> "@bazel_tools//src/conditions:host_windows (08d2ec1)"
  "@npm//:node_modules/parse-entities (08d2ec1)" -> "@npm//:_/node_modules/parse-entities (null)"
  "@npm//:_/node_modules/parse-entities (null)"
  "@npm//:ms__contents (08d2ec1)"
  "@npm//:ms__contents (08d2ec1)" -> "@bazel_tools//src/conditions:host_windows (08d2ec1)"
  "@npm//:ms__contents (08d2ec1)" -> "@npm//:node_modules/ms (08d2ec1)"
  "@npm//:node_modules/ms (08d2ec1)"
  "@npm//:node_modules/ms (08d2ec1)" -> "@bazel_tools//src/conditions:host_windows (08d2ec1)"
  "@npm//:node_modules/ms (08d2ec1)" -> "@npm//:_/node_modules/ms (null)"
  "@npm//:_/node_modules/ms (null)"
  "@npm//:minimist__contents (08d2ec1)"
  "@npm//:minimist__contents (08d2ec1)" -> "@bazel_tools//src/conditions:host_windows (08d2ec1)"
  "@npm//:minimist__contents (08d2ec1)" -> "@npm//:node_modules/minimist (08d2ec1)"
  "@npm//:node_modules/minimist (08d2ec1)"
  "@npm//:node_modules/minimist (08d2ec1)" -> "@bazel_tools//src/conditions:host_windows (08d2ec1)"
  "@npm//:node_modules/minimist (08d2ec1)" -> "@npm//:_/node_modules/minimist (null)"
  "@npm//:_/node_modules/minimist (null)"
  "@npm//:micromark__contents (08d2ec1)"
  "@npm//:micromark__contents (08d2ec1)" -> "@bazel_tools//src/conditions:host_windows (08d2ec1)"
  "@npm//:micromark__contents (08d2ec1)" -> "@npm//:node_modules/micromark (08d2ec1)"
  "@npm//:node_modules/micromark (08d2ec1)"
  "@npm//:node_modules/micromark (08d2ec1)" -> "@bazel_tools//src/conditions:host_windows (08d2ec1)"
  "@npm//:node_modules/micromark (08d2ec1)" -> "@npm//:_/node_modules/micromark (null)"
  "@npm//:_/node_modules/micromark (null)"
  "@npm//:micromark-extension-gfm__contents (08d2ec1)"
  "@npm//:micromark-extension-gfm__contents (08d2ec1)" -> "@bazel_tools//src/conditions:host_windows (08d2ec1)"
  "@npm//:micromark-extension-gfm__contents (08d2ec1)" -> "@npm//:node_modules/micromark-extension-gfm (08d2ec1)"
  "@npm//:node_modules/micromark-extension-gfm (08d2ec1)"
  "@npm//:node_modules/micromark-extension-gfm (08d2ec1)" -> "@bazel_tools//src/conditions:host_windows (08d2ec1)"
  "@npm//:node_modules/micromark-extension-gfm (08d2ec1)" -> "@npm//:_/node_modules/micromark-extension-gfm (null)"
  "@npm//:_/node_modules/micromark-extension-gfm (null)"
  "@npm//:micromark-extension-gfm-task-list-item__contents (08d2ec1)"
  "@npm//:micromark-extension-gfm-task-list-item__contents (08d2ec1)" -> "@bazel_tools//src/conditions:host_windows (08d2ec1)"
  "@npm//:micromark-extension-gfm-task-list-item__contents (08d2ec1)" -> "@npm//:node_modules/micromark-extension-gfm-task-list-item (08d2ec1)"
  "@npm//:node_modules/micromark-extension-gfm-task-list-item (08d2ec1)"
  "@npm//:node_modules/micromark-extension-gfm-task-list-item (08d2ec1)" -> "@bazel_tools//src/conditions:host_windows (08d2ec1)"
  "@npm//:node_modules/micromark-extension-gfm-task-list-item (08d2ec1)" -> "@npm//:_/node_modules/micromark-extension-gfm-task-list-item (null)"
  "@npm//:_/node_modules/micromark-extension-gfm-task-list-item (null)"
  "@npm//:micromark-extension-gfm-tagfilter__contents (08d2ec1)"
  "@npm//:micromark-extension-gfm-tagfilter__contents (08d2ec1)" -> "@bazel_tools//src/conditions:host_windows (08d2ec1)"
  "@npm//:micromark-extension-gfm-tagfilter__contents (08d2ec1)" -> "@npm//:node_modules/micromark-extension-gfm-tagfilter (08d2ec1)"
  "@npm//:node_modules/micromark-extension-gfm-tagfilter (08d2ec1)"
  "@npm//:node_modules/micromark-extension-gfm-tagfilter (08d2ec1)" -> "@bazel_tools//src/conditions:host_windows (08d2ec1)"
  "@npm//:node_modules/micromark-extension-gfm-tagfilter (08d2ec1)" -> "@npm//:_/node_modules/micromark-extension-gfm-tagfilter (null)"
  "@npm//:_/node_modules/micromark-extension-gfm-tagfilter (null)"
  "@npm//:micromark-extension-gfm-table__contents (08d2ec1)"
  "@npm//:micromark-extension-gfm-table__contents (08d2ec1)" -> "@bazel_tools//src/conditions:host_windows (08d2ec1)"
  "@npm//:micromark-extension-gfm-table__contents (08d2ec1)" -> "@npm//:node_modules/micromark-extension-gfm-table (08d2ec1)"
  "@npm//:node_modules/micromark-extension-gfm-table (08d2ec1)"
  "@npm//:node_modules/micromark-extension-gfm-table (08d2ec1)" -> "@bazel_tools//src/conditions:host_windows (08d2ec1)"
  "@npm//:node_modules/micromark-extension-gfm-table (08d2ec1)" -> "@npm//:_/node_modules/micromark-extension-gfm-table (null)"
  "@npm//:_/node_modules/micromark-extension-gfm-table (null)"
  "@npm//:micromark-extension-gfm-strikethrough__contents (08d2ec1)"
  "@npm//:micromark-extension-gfm-strikethrough__contents (08d2ec1)" -> "@bazel_tools//src/conditions:host_windows (08d2ec1)"
  "@npm//:micromark-extension-gfm-strikethrough__contents (08d2ec1)" -> "@npm//:node_modules/micromark-extension-gfm-strikethrough (08d2ec1)"
  "@npm//:node_modules/micromark-extension-gfm-strikethrough (08d2ec1)"
  "@npm//:node_modules/micromark-extension-gfm-strikethrough (08d2ec1)" -> "@bazel_tools//src/conditions:host_windows (08d2ec1)"
  "@npm//:node_modules/micromark-extension-gfm-strikethrough (08d2ec1)" -> "@npm//:_/node_modules/micromark-extension-gfm-strikethrough (null)"
  "@npm//:_/node_modules/micromark-extension-gfm-strikethrough (null)"
  "@npm//:micromark-extension-gfm-autolink-literal__contents (08d2ec1)"
  "@npm//:micromark-extension-gfm-autolink-literal__contents (08d2ec1)" -> "@bazel_tools//src/conditions:host_windows (08d2ec1)"
  "@npm//:micromark-extension-gfm-autolink-literal__contents (08d2ec1)" -> "@npm//:node_modules/micromark-extension-gfm-autolink-literal (08d2ec1)"
  "@npm//:node_modules/micromark-extension-gfm-autolink-literal (08d2ec1)"
  "@npm//:node_modules/micromark-extension-gfm-autolink-literal (08d2ec1)" -> "@bazel_tools//src/conditions:host_windows (08d2ec1)"
  "@npm//:node_modules/micromark-extension-gfm-autolink-literal (08d2ec1)" -> "@npm//:_/node_modules/micromark-extension-gfm-autolink-literal (null)"
  "@npm//:_/node_modules/micromark-extension-gfm-autolink-literal (null)"
  "@npm//:micromark-extension-frontmatter__contents (08d2ec1)"
  "@npm//:micromark-extension-frontmatter__contents (08d2ec1)" -> "@bazel_tools//src/conditions:host_windows (08d2ec1)"
  "@npm//:micromark-extension-frontmatter__contents (08d2ec1)" -> "@npm//:node_modules/micromark-extension-frontmatter (08d2ec1)"
  "@npm//:node_modules/micromark-extension-frontmatter (08d2ec1)"
  "@npm//:node_modules/micromark-extension-frontmatter (08d2ec1)" -> "@bazel_tools//src/conditions:host_windows (08d2ec1)"
  "@npm//:node_modules/micromark-extension-frontmatter (08d2ec1)" -> "@npm//:_/node_modules/micromark-extension-frontmatter (null)"
  "@npm//:_/node_modules/micromark-extension-frontmatter (null)"
  "@npm//:micromark-extension-footnote__contents (08d2ec1)"
  "@npm//:micromark-extension-footnote__contents (08d2ec1)" -> "@bazel_tools//src/conditions:host_windows (08d2ec1)"
  "@npm//:micromark-extension-footnote__contents (08d2ec1)" -> "@npm//:node_modules/micromark-extension-footnote (08d2ec1)"
  "@npm//:node_modules/micromark-extension-footnote (08d2ec1)"
  "@npm//:node_modules/micromark-extension-footnote (08d2ec1)" -> "@bazel_tools//src/conditions:host_windows (08d2ec1)"
  "@npm//:node_modules/micromark-extension-footnote (08d2ec1)" -> "@npm//:_/node_modules/micromark-extension-footnote (null)"
  "@npm//:_/node_modules/micromark-extension-footnote (null)"
  "@npm//:mdast-util-to-string__contents (08d2ec1)"
  "@npm//:mdast-util-to-string__contents (08d2ec1)" -> "@bazel_tools//src/conditions:host_windows (08d2ec1)"
  "@npm//:mdast-util-to-string__contents (08d2ec1)" -> "@npm//:node_modules/mdast-util-to-string (08d2ec1)"
  "@npm//:node_modules/mdast-util-to-string (08d2ec1)"
  "@npm//:node_modules/mdast-util-to-string (08d2ec1)" -> "@bazel_tools//src/conditions:host_windows (08d2ec1)"
  "@npm//:node_modules/mdast-util-to-string (08d2ec1)" -> "@npm//:_/node_modules/mdast-util-to-string (null)"
  "@npm//:_/node_modules/mdast-util-to-string (null)"
  "@npm//:mdast-util-to-markdown__contents (08d2ec1)"
  "@npm//:mdast-util-to-markdown__contents (08d2ec1)" -> "@bazel_tools//src/conditions:host_windows (08d2ec1)"
  "@npm//:mdast-util-to-markdown__contents (08d2ec1)" -> "@npm//:node_modules/mdast-util-to-markdown (08d2ec1)"
  "@npm//:node_modules/mdast-util-to-markdown (08d2ec1)"
  "@npm//:node_modules/mdast-util-to-markdown (08d2ec1)" -> "@bazel_tools//src/conditions:host_windows (08d2ec1)"
  "@npm//:node_modules/mdast-util-to-markdown (08d2ec1)" -> "@npm//:_/node_modules/mdast-util-to-markdown (null)"
  "@npm//:_/node_modules/mdast-util-to-markdown (null)"
  "@npm//:mdast-util-gfm__contents (08d2ec1)"
  "@npm//:mdast-util-gfm__contents (08d2ec1)" -> "@bazel_tools//src/conditions:host_windows (08d2ec1)"
  "@npm//:mdast-util-gfm__contents (08d2ec1)" -> "@npm//:node_modules/mdast-util-gfm (08d2ec1)"
  "@npm//:node_modules/mdast-util-gfm (08d2ec1)"
  "@npm//:node_modules/mdast-util-gfm (08d2ec1)" -> "@bazel_tools//src/conditions:host_windows (08d2ec1)"
  "@npm//:node_modules/mdast-util-gfm (08d2ec1)" -> "@npm//:_/node_modules/mdast-util-gfm (null)"
  "@npm//:_/node_modules/mdast-util-gfm (null)"
  "@npm//:mdast-util-gfm-task-list-item__contents (08d2ec1)"
  "@npm//:mdast-util-gfm-task-list-item__contents (08d2ec1)" -> "@bazel_tools//src/conditions:host_windows (08d2ec1)"
  "@npm//:mdast-util-gfm-task-list-item__contents (08d2ec1)" -> "@npm//:node_modules/mdast-util-gfm-task-list-item (08d2ec1)"
  "@npm//:node_modules/mdast-util-gfm-task-list-item (08d2ec1)"
  "@npm//:node_modules/mdast-util-gfm-task-list-item (08d2ec1)" -> "@bazel_tools//src/conditions:host_windows (08d2ec1)"
  "@npm//:node_modules/mdast-util-gfm-task-list-item (08d2ec1)" -> "@npm//:_/node_modules/mdast-util-gfm-task-list-item (null)"
  "@npm//:_/node_modules/mdast-util-gfm-task-list-item (null)"
  "@npm//:mdast-util-gfm-table__contents (08d2ec1)"
  "@npm//:mdast-util-gfm-table__contents (08d2ec1)" -> "@bazel_tools//src/conditions:host_windows (08d2ec1)"
  "@npm//:mdast-util-gfm-table__contents (08d2ec1)" -> "@npm//:node_modules/mdast-util-gfm-table (08d2ec1)"
  "@npm//:node_modules/mdast-util-gfm-table (08d2ec1)"
  "@npm//:node_modules/mdast-util-gfm-table (08d2ec1)" -> "@bazel_tools//src/conditions:host_windows (08d2ec1)"
  "@npm//:node_modules/mdast-util-gfm-table (08d2ec1)" -> "@npm//:_/node_modules/mdast-util-gfm-table (null)"
  "@npm//:_/node_modules/mdast-util-gfm-table (null)"
  "@npm//:mdast-util-gfm-strikethrough__contents (08d2ec1)"
  "@npm//:mdast-util-gfm-strikethrough__contents (08d2ec1)" -> "@bazel_tools//src/conditions:host_windows (08d2ec1)"
  "@npm//:mdast-util-gfm-strikethrough__contents (08d2ec1)" -> "@npm//:node_modules/mdast-util-gfm-strikethrough (08d2ec1)"
  "@npm//:node_modules/mdast-util-gfm-strikethrough (08d2ec1)"
  "@npm//:node_modules/mdast-util-gfm-strikethrough (08d2ec1)" -> "@bazel_tools//src/conditions:host_windows (08d2ec1)"
  "@npm//:node_modules/mdast-util-gfm-strikethrough (08d2ec1)" -> "@npm//:_/node_modules/mdast-util-gfm-strikethrough (null)"
  "@npm//:_/node_modules/mdast-util-gfm-strikethrough (null)"
  "@npm//:mdast-util-gfm-autolink-literal__contents (08d2ec1)"
  "@npm//:mdast-util-gfm-autolink-literal__contents (08d2ec1)" -> "@bazel_tools//src/conditions:host_windows (08d2ec1)"
  "@npm//:mdast-util-gfm-autolink-literal__contents (08d2ec1)" -> "@npm//:node_modules/mdast-util-gfm-autolink-literal (08d2ec1)"
  "@npm//:node_modules/mdast-util-gfm-autolink-literal (08d2ec1)"
  "@npm//:node_modules/mdast-util-gfm-autolink-literal (08d2ec1)" -> "@bazel_tools//src/conditions:host_windows (08d2ec1)"
  "@npm//:node_modules/mdast-util-gfm-autolink-literal (08d2ec1)" -> "@npm//:_/node_modules/mdast-util-gfm-autolink-literal (null)"
  "@npm//:_/node_modules/mdast-util-gfm-autolink-literal (null)"
  "@npm//:mdast-util-frontmatter__contents (08d2ec1)"
  "@npm//:mdast-util-frontmatter__contents (08d2ec1)" -> "@bazel_tools//src/conditions:host_windows (08d2ec1)"
  "@npm//:mdast-util-frontmatter__contents (08d2ec1)" -> "@npm//:node_modules/mdast-util-frontmatter (08d2ec1)"
  "@npm//:node_modules/mdast-util-frontmatter (08d2ec1)"
  "@npm//:node_modules/mdast-util-frontmatter (08d2ec1)" -> "@bazel_tools//src/conditions:host_windows (08d2ec1)"
  "@npm//:node_modules/mdast-util-frontmatter (08d2ec1)" -> "@npm//:_/node_modules/mdast-util-frontmatter (null)"
  "@npm//:_/node_modules/mdast-util-frontmatter (null)"
  "@npm//:mdast-util-from-markdown__contents (08d2ec1)"
  "@npm//:mdast-util-from-markdown__contents (08d2ec1)" -> "@bazel_tools//src/conditions:host_windows (08d2ec1)"
  "@npm//:mdast-util-from-markdown__contents (08d2ec1)" -> "@npm//:node_modules/mdast-util-from-markdown (08d2ec1)"
  "@npm//:node_modules/mdast-util-from-markdown (08d2ec1)"
  "@npm//:node_modules/mdast-util-from-markdown (08d2ec1)" -> "@bazel_tools//src/conditions:host_windows (08d2ec1)"
  "@npm//:node_modules/mdast-util-from-markdown (08d2ec1)" -> "@npm//:_/node_modules/mdast-util-from-markdown (null)"
  "@npm//:_/node_modules/mdast-util-from-markdown (null)"
  "@npm//:mdast-util-footnote__contents (08d2ec1)"
  "@npm//:mdast-util-footnote__contents (08d2ec1)" -> "@bazel_tools//src/conditions:host_windows (08d2ec1)"
  "@npm//:mdast-util-footnote__contents (08d2ec1)" -> "@npm//:node_modules/mdast-util-footnote (08d2ec1)"
  "@npm//:node_modules/mdast-util-footnote (08d2ec1)"
  "@npm//:node_modules/mdast-util-footnote (08d2ec1)" -> "@bazel_tools//src/conditions:host_windows (08d2ec1)"
  "@npm//:node_modules/mdast-util-footnote (08d2ec1)" -> "@npm//:_/node_modules/mdast-util-footnote (null)"
  "@npm//:_/node_modules/mdast-util-footnote (null)"
  "@npm//:mdast-util-find-and-replace__contents (08d2ec1)"
  "@npm//:mdast-util-find-and-replace__contents (08d2ec1)" -> "@bazel_tools//src/conditions:host_windows (08d2ec1)"
  "@npm//:mdast-util-find-and-replace__contents (08d2ec1)" -> "@npm//:node_modules/mdast-util-find-and-replace (08d2ec1)"
  "@npm//:node_modules/mdast-util-find-and-replace (08d2ec1)"
  "@npm//:node_modules/mdast-util-find-and-replace (08d2ec1)" -> "@bazel_tools//src/conditions:host_windows (08d2ec1)"
  "@npm//:node_modules/mdast-util-find-and-replace (08d2ec1)" -> "@npm//:_/node_modules/mdast-util-find-and-replace (null)"
  "@npm//:_/node_modules/mdast-util-find-and-replace (null)"
  "@npm//:markdown-table__contents (08d2ec1)"
  "@npm//:markdown-table__contents (08d2ec1)" -> "@bazel_tools//src/conditions:host_windows (08d2ec1)"
  "@npm//:markdown-table__contents (08d2ec1)" -> "@npm//:node_modules/markdown-table (08d2ec1)"
  "@npm//:node_modules/markdown-table (08d2ec1)"
  "@npm//:node_modules/markdown-table (08d2ec1)" -> "@bazel_tools//src/conditions:host_windows (08d2ec1)"
  "@npm//:node_modules/markdown-table (08d2ec1)" -> "@npm//:_/node_modules/markdown-table (null)"
  "@npm//:_/node_modules/markdown-table (null)"
  "@npm//:longest-streak__contents (08d2ec1)"
  "@npm//:longest-streak__contents (08d2ec1)" -> "@bazel_tools//src/conditions:host_windows (08d2ec1)"
  "@npm//:longest-streak__contents (08d2ec1)" -> "@npm//:node_modules/longest-streak (08d2ec1)"
  "@npm//:node_modules/longest-streak (08d2ec1)"
  "@npm//:node_modules/longest-streak (08d2ec1)" -> "@bazel_tools//src/conditions:host_windows (08d2ec1)"
  "@npm//:node_modules/longest-streak (08d2ec1)" -> "@npm//:_/node_modules/longest-streak (null)"
  "@npm//:_/node_modules/longest-streak (null)"
  "@npm//:is-plain-obj__contents (08d2ec1)"
  "@npm//:is-plain-obj__contents (08d2ec1)" -> "@bazel_tools//src/conditions:host_windows (08d2ec1)"
  "@npm//:is-plain-obj__contents (08d2ec1)" -> "@npm//:node_modules/is-plain-obj (08d2ec1)"
  "@npm//:node_modules/is-plain-obj (08d2ec1)"
  "@npm//:node_modules/is-plain-obj (08d2ec1)" -> "@bazel_tools//src/conditions:host_windows (08d2ec1)"
  "@npm//:node_modules/is-plain-obj (08d2ec1)" -> "@npm//:_/node_modules/is-plain-obj (null)"
  "@npm//:_/node_modules/is-plain-obj (null)"
  "@npm//:is-hexadecimal__contents (08d2ec1)"
  "@npm//:is-hexadecimal__contents (08d2ec1)" -> "@bazel_tools//src/conditions:host_windows (08d2ec1)"
  "@npm//:is-hexadecimal__contents (08d2ec1)" -> "@npm//:node_modules/is-hexadecimal (08d2ec1)"
  "@npm//:node_modules/is-hexadecimal (08d2ec1)"
  "@npm//:node_modules/is-hexadecimal (08d2ec1)" -> "@bazel_tools//src/conditions:host_windows (08d2ec1)"
  "@npm//:node_modules/is-hexadecimal (08d2ec1)" -> "@npm//:_/node_modules/is-hexadecimal (null)"
  "@npm//:_/node_modules/is-hexadecimal (null)"
  "@npm//:is-decimal__contents (08d2ec1)"
  "@npm//:is-decimal__contents (08d2ec1)" -> "@bazel_tools//src/conditions:host_windows (08d2ec1)"
  "@npm//:is-decimal__contents (08d2ec1)" -> "@npm//:node_modules/is-decimal (08d2ec1)"
  "@npm//:node_modules/is-decimal (08d2ec1)"
  "@npm//:node_modules/is-decimal (08d2ec1)" -> "@bazel_tools//src/conditions:host_windows (08d2ec1)"
  "@npm//:node_modules/is-decimal (08d2ec1)" -> "@npm//:_/node_modules/is-decimal (null)"
  "@npm//:_/node_modules/is-decimal (null)"
  "@npm//:is-buffer__contents (08d2ec1)"
  "@npm//:is-buffer__contents (08d2ec1)" -> "@bazel_tools//src/conditions:host_windows (08d2ec1)"
  "@npm//:is-buffer__contents (08d2ec1)" -> "@npm//:node_modules/is-buffer (08d2ec1)"
  "@npm//:node_modules/is-buffer (08d2ec1)"
  "@npm//:node_modules/is-buffer (08d2ec1)" -> "@bazel_tools//src/conditions:host_windows (08d2ec1)"
  "@npm//:node_modules/is-buffer (08d2ec1)" -> "@npm//:_/node_modules/is-buffer (null)"
  "@npm//:_/node_modules/is-buffer (null)"
  "@npm//:is-alphanumerical__contents (08d2ec1)"
  "@npm//:is-alphanumerical__contents (08d2ec1)" -> "@bazel_tools//src/conditions:host_windows (08d2ec1)"
  "@npm//:is-alphanumerical__contents (08d2ec1)" -> "@npm//:node_modules/is-alphanumerical (08d2ec1)"
  "@npm//:node_modules/is-alphanumerical (08d2ec1)"
  "@npm//:node_modules/is-alphanumerical (08d2ec1)" -> "@bazel_tools//src/conditions:host_windows (08d2ec1)"
  "@npm//:node_modules/is-alphanumerical (08d2ec1)" -> "@npm//:_/node_modules/is-alphanumerical (null)"
  "@npm//:_/node_modules/is-alphanumerical (null)"
  "@npm//:is-alphabetical__contents (08d2ec1)"
  "@npm//:is-alphabetical__contents (08d2ec1)" -> "@bazel_tools//src/conditions:host_windows (08d2ec1)"
  "@npm//:is-alphabetical__contents (08d2ec1)" -> "@npm//:node_modules/is-alphabetical (08d2ec1)"
  "@npm//:node_modules/is-alphabetical (08d2ec1)"
  "@npm//:node_modules/is-alphabetical (08d2ec1)" -> "@bazel_tools//src/conditions:host_windows (08d2ec1)"
  "@npm//:node_modules/is-alphabetical (08d2ec1)" -> "@npm//:_/node_modules/is-alphabetical (null)"
  "@npm//:_/node_modules/is-alphabetical (null)"
  "@npm//:htmlparser2__contents (08d2ec1)"
  "@npm//:htmlparser2__contents (08d2ec1)" -> "@bazel_tools//src/conditions:host_windows (08d2ec1)"
  "@npm//:htmlparser2__contents (08d2ec1)" -> "@npm//:node_modules/htmlparser2 (08d2ec1)"
  "@npm//:node_modules/htmlparser2 (08d2ec1)"
  "@npm//:node_modules/htmlparser2 (08d2ec1)" -> "@bazel_tools//src/conditions:host_windows (08d2ec1)"
  "@npm//:node_modules/htmlparser2 (08d2ec1)" -> "@npm//:_/node_modules/htmlparser2 (null)"
  "@npm//:_/node_modules/htmlparser2 (null)"
  "@npm//:format__contents (08d2ec1)"
  "@npm//:format__contents (08d2ec1)" -> "@bazel_tools//src/conditions:host_windows (08d2ec1)"
  "@npm//:format__contents (08d2ec1)" -> "@npm//:node_modules/format (08d2ec1)"
  "@npm//:node_modules/format (08d2ec1)"
  "@npm//:node_modules/format (08d2ec1)" -> "@bazel_tools//src/conditions:host_windows (08d2ec1)"
  "@npm//:node_modules/format (08d2ec1)" -> "@npm//:_/node_modules/format (null)"
  "@npm//:_/node_modules/format (null)"
  "@npm//:fault__contents (08d2ec1)"
  "@npm//:fault__contents (08d2ec1)" -> "@bazel_tools//src/conditions:host_windows (08d2ec1)"
  "@npm//:fault__contents (08d2ec1)" -> "@npm//:node_modules/fault (08d2ec1)"
  "@npm//:node_modules/fault (08d2ec1)"
  "@npm//:node_modules/fault (08d2ec1)" -> "@bazel_tools//src/conditions:host_windows (08d2ec1)"
  "@npm//:node_modules/fault (08d2ec1)" -> "@npm//:_/node_modules/fault (null)"
  "@npm//:_/node_modules/fault (null)"
  "@npm//:extend__contents (08d2ec1)"
  "@npm//:extend__contents (08d2ec1)" -> "@bazel_tools//src/conditions:host_windows (08d2ec1)"
  "@npm//:extend__contents (08d2ec1)" -> "@npm//:node_modules/extend (08d2ec1)"
  "@npm//:node_modules/extend (08d2ec1)"
  "@npm//:node_modules/extend (08d2ec1)" -> "@bazel_tools//src/conditions:host_windows (08d2ec1)"
  "@npm//:node_modules/extend (08d2ec1)" -> "@npm//:_/node_modules/extend (null)"
  "@npm//:_/node_modules/extend (null)"
  "@npm//:escape-string-regexp__contents (08d2ec1)"
  "@npm//:escape-string-regexp__contents (08d2ec1)" -> "@bazel_tools//src/conditions:host_windows (08d2ec1)"
  "@npm//:escape-string-regexp__contents (08d2ec1)" -> "@npm//:node_modules/escape-string-regexp (08d2ec1)"
  "@npm//:node_modules/escape-string-regexp (08d2ec1)"
  "@npm//:node_modules/escape-string-regexp (08d2ec1)" -> "@bazel_tools//src/conditions:host_windows (08d2ec1)"
  "@npm//:node_modules/escape-string-regexp (08d2ec1)" -> "@npm//:_/node_modules/escape-string-regexp (null)"
  "@npm//:_/node_modules/escape-string-regexp (null)"
  "@npm//:entities__contents (08d2ec1)"
  "@npm//:entities__contents (08d2ec1)" -> "@bazel_tools//src/conditions:host_windows (08d2ec1)"
  "@npm//:entities__contents (08d2ec1)" -> "@npm//:node_modules/entities (08d2ec1)"
  "@npm//:node_modules/entities (08d2ec1)"
  "@npm//:node_modules/entities (08d2ec1)" -> "@bazel_tools//src/conditions:host_windows (08d2ec1)"
  "@npm//:node_modules/entities (08d2ec1)" -> "@npm//:_/node_modules/entities (null)"
  "@npm//:_/node_modules/entities (null)"
  "@npm//:emoji-regex__contents (08d2ec1)"
  "@npm//:emoji-regex__contents (08d2ec1)" -> "@bazel_tools//src/conditions:host_windows (08d2ec1)"
  "@npm//:emoji-regex__contents (08d2ec1)" -> "@npm//:node_modules/emoji-regex (08d2ec1)"
  "@npm//:node_modules/emoji-regex (08d2ec1)"
  "@npm//:node_modules/emoji-regex (08d2ec1)" -> "@bazel_tools//src/conditions:host_windows (08d2ec1)"
  "@npm//:node_modules/emoji-regex (08d2ec1)" -> "@npm//:_/node_modules/emoji-regex (null)"
  "@npm//:_/node_modules/emoji-regex (null)"
  "@npm//:domutils__contents (08d2ec1)"
  "@npm//:domutils__contents (08d2ec1)" -> "@bazel_tools//src/conditions:host_windows (08d2ec1)"
  "@npm//:domutils__contents (08d2ec1)" -> "@npm//:node_modules/domutils (08d2ec1)"
  "@npm//:node_modules/domutils (08d2ec1)"
  "@npm//:node_modules/domutils (08d2ec1)" -> "@bazel_tools//src/conditions:host_windows (08d2ec1)"
  "@npm//:node_modules/domutils (08d2ec1)" -> "@npm//:_/node_modules/domutils (null)"
  "@npm//:_/node_modules/domutils (null)"
  "@npm//:domhandler__contents (08d2ec1)"
  "@npm//:domhandler__contents (08d2ec1)" -> "@bazel_tools//src/conditions:host_windows (08d2ec1)"
  "@npm//:domhandler__contents (08d2ec1)" -> "@npm//:node_modules/domhandler (08d2ec1)"
  "@npm//:node_modules/domhandler (08d2ec1)"
  "@npm//:node_modules/domhandler (08d2ec1)" -> "@bazel_tools//src/conditions:host_windows (08d2ec1)"
  "@npm//:node_modules/domhandler (08d2ec1)" -> "@npm//:_/node_modules/domhandler (null)"
  "@npm//:_/node_modules/domhandler (null)"
  "@npm//:domelementtype__contents (08d2ec1)"
  "@npm//:domelementtype__contents (08d2ec1)" -> "@bazel_tools//src/conditions:host_windows (08d2ec1)"
  "@npm//:domelementtype__contents (08d2ec1)" -> "@npm//:node_modules/domelementtype (08d2ec1)"
  "@npm//:node_modules/domelementtype (08d2ec1)"
  "@npm//:node_modules/domelementtype (08d2ec1)" -> "@bazel_tools//src/conditions:host_windows (08d2ec1)"
  "@npm//:node_modules/domelementtype (08d2ec1)" -> "@npm//:_/node_modules/domelementtype (null)"
  "@npm//:_/node_modules/domelementtype (null)"
  "@npm//:dom-serializer__contents (08d2ec1)"
  "@npm//:dom-serializer__contents (08d2ec1)" -> "@bazel_tools//src/conditions:host_windows (08d2ec1)"
  "@npm//:dom-serializer__contents (08d2ec1)" -> "@npm//:node_modules/dom-serializer (08d2ec1)"
  "@npm//:node_modules/dom-serializer (08d2ec1)"
  "@npm//:node_modules/dom-serializer (08d2ec1)" -> "@bazel_tools//src/conditions:host_windows (08d2ec1)"
  "@npm//:node_modules/dom-serializer (08d2ec1)" -> "@npm//:_/node_modules/dom-serializer (null)"
  "@npm//:_/node_modules/dom-serializer (null)"
  "@npm//:doctoc__contents (08d2ec1)"
  "@npm//:doctoc__contents (08d2ec1)" -> "@bazel_tools//src/conditions:host_windows (08d2ec1)"
  "@npm//:doctoc__contents (08d2ec1)" -> "@npm//:node_modules/doctoc (08d2ec1)"
  "@npm//:debug__contents (08d2ec1)"
  "@npm//:debug__contents (08d2ec1)" -> "@bazel_tools//src/conditions:host_windows (08d2ec1)"
  "@npm//:debug__contents (08d2ec1)" -> "@npm//:node_modules/debug (08d2ec1)"
  "@npm//:node_modules/debug (08d2ec1)"
  "@npm//:node_modules/debug (08d2ec1)" -> "@bazel_tools//src/conditions:host_windows (08d2ec1)"
  "@npm//:node_modules/debug (08d2ec1)" -> "@npm//:_/node_modules/debug (null)"
  "@npm//:_/node_modules/debug (null)"
  "@npm//:character-reference-invalid__contents (08d2ec1)"
  "@npm//:character-reference-invalid__contents (08d2ec1)" -> "@bazel_tools//src/conditions:host_windows (08d2ec1)"
  "@npm//:character-reference-invalid__contents (08d2ec1)" -> "@npm//:node_modules/character-reference-invalid (08d2ec1)"
  "@npm//:node_modules/character-reference-invalid (08d2ec1)"
  "@npm//:node_modules/character-reference-invalid (08d2ec1)" -> "@bazel_tools//src/conditions:host_windows (08d2ec1)"
  "@npm//:node_modules/character-reference-invalid (08d2ec1)" -> "@npm//:_/node_modules/character-reference-invalid (null)"
  "@npm//:_/node_modules/character-reference-invalid (null)"
  "@npm//:character-entities__contents (08d2ec1)"
  "@npm//:character-entities__contents (08d2ec1)" -> "@bazel_tools//src/conditions:host_windows (08d2ec1)"
  "@npm//:character-entities__contents (08d2ec1)" -> "@npm//:node_modules/character-entities (08d2ec1)"
  "@npm//:node_modules/character-entities (08d2ec1)"
  "@npm//:node_modules/character-entities (08d2ec1)" -> "@bazel_tools//src/conditions:host_windows (08d2ec1)"
  "@npm//:node_modules/character-entities (08d2ec1)" -> "@npm//:_/node_modules/character-entities (null)"
  "@npm//:_/node_modules/character-entities (null)"
  "@npm//:character-entities-legacy__contents (08d2ec1)"
  "@npm//:character-entities-legacy__contents (08d2ec1)" -> "@bazel_tools//src/conditions:host_windows (08d2ec1)"
  "@npm//:character-entities-legacy__contents (08d2ec1)" -> "@npm//:node_modules/character-entities-legacy (08d2ec1)"
  "@npm//:node_modules/character-entities-legacy (08d2ec1)"
  "@npm//:node_modules/character-entities-legacy (08d2ec1)" -> "@bazel_tools//src/conditions:host_windows (08d2ec1)"
  "@npm//:node_modules/character-entities-legacy (08d2ec1)" -> "@npm//:_/node_modules/character-entities-legacy (null)"
  "@npm//:_/node_modules/character-entities-legacy (null)"
  "@npm//:ccount__contents (08d2ec1)"
  "@npm//:ccount__contents (08d2ec1)" -> "@bazel_tools//src/conditions:host_windows (08d2ec1)"
  "@npm//:ccount__contents (08d2ec1)" -> "@npm//:node_modules/ccount (08d2ec1)"
  "@npm//:node_modules/ccount (08d2ec1)"
  "@npm//:node_modules/ccount (08d2ec1)" -> "@bazel_tools//src/conditions:host_windows (08d2ec1)"
  "@npm//:node_modules/ccount (08d2ec1)" -> "@npm//:_/node_modules/ccount (null)"
  "@npm//:_/node_modules/ccount (null)"
  "@npm//:bail__contents (08d2ec1)"
  "@npm//:bail__contents (08d2ec1)" -> "@bazel_tools//src/conditions:host_windows (08d2ec1)"
  "@npm//:bail__contents (08d2ec1)" -> "@npm//:node_modules/bail (08d2ec1)"
  "@npm//:node_modules/bail (08d2ec1)"
  "@npm//:node_modules/bail (08d2ec1)" -> "@bazel_tools//src/conditions:host_windows (08d2ec1)"
  "@npm//:node_modules/bail (08d2ec1)" -> "@npm//:_/node_modules/bail (null)"
  "@npm//:_/node_modules/bail (null)"
  "@npm//:anchor-markdown-header__contents (08d2ec1)"
  "@npm//:anchor-markdown-header__contents (08d2ec1)" -> "@bazel_tools//src/conditions:host_windows (08d2ec1)"
  "@npm//:anchor-markdown-header__contents (08d2ec1)" -> "@npm//:node_modules/anchor-markdown-header (08d2ec1)"
  "@npm//:node_modules/anchor-markdown-header (08d2ec1)"
  "@npm//:node_modules/anchor-markdown-header (08d2ec1)" -> "@bazel_tools//src/conditions:host_windows (08d2ec1)"
  "@npm//:node_modules/anchor-markdown-header (08d2ec1)" -> "@npm//:_/node_modules/anchor-markdown-header (null)"
  "@npm//:_/node_modules/anchor-markdown-header (null)"
  "@npm//:@types_unist__contents (08d2ec1)"
  "@npm//:@types_unist__contents (08d2ec1)" -> "@bazel_tools//src/conditions:host_windows (08d2ec1)"
  "@npm//:@types_unist__contents (08d2ec1)" -> "@npm//:node_modules/@types/unist (08d2ec1)"
  "@npm//:node_modules/@types/unist (08d2ec1)"
  "@npm//:node_modules/@types/unist (08d2ec1)" -> "@bazel_tools//src/conditions:host_windows (08d2ec1)"
  "@npm//:node_modules/@types/unist (08d2ec1)" -> "@npm//:_/node_modules/@types/unist (null)"
  "@npm//:_/node_modules/@types/unist (null)"
  "@npm//:@types_mdast__contents (08d2ec1)"
  "@npm//:@types_mdast__contents (08d2ec1)" -> "@bazel_tools//src/conditions:host_windows (08d2ec1)"
  "@npm//:@types_mdast__contents (08d2ec1)" -> "@npm//:node_modules/@types/mdast (08d2ec1)"
  "@npm//:node_modules/@types/mdast (08d2ec1)"
  "@npm//:node_modules/@types/mdast (08d2ec1)" -> "@bazel_tools//src/conditions:host_windows (08d2ec1)"
  "@npm//:node_modules/@types/mdast (08d2ec1)" -> "@npm//:_/node_modules/@types/mdast (null)"
  "@npm//:_/node_modules/@types/mdast (null)"
  "@npm//:@textlint_markdown-to-ast__contents (08d2ec1)"
  "@npm//:@textlint_markdown-to-ast__contents (08d2ec1)" -> "@bazel_tools//src/conditions:host_windows (08d2ec1)"
  "@npm//:@textlint_markdown-to-ast__contents (08d2ec1)" -> "@npm//:node_modules/@textlint/markdown-to-ast (08d2ec1)"
  "@npm//:node_modules/@textlint/markdown-to-ast (08d2ec1)"
  "@npm//:node_modules/@textlint/markdown-to-ast (08d2ec1)" -> "@bazel_tools//src/conditions:host_windows (08d2ec1)"
  "@npm//:node_modules/@textlint/markdown-to-ast (08d2ec1)" -> "@npm//:_/node_modules/@textlint/markdown-to-ast (null)"
  "@npm//:_/node_modules/@textlint/markdown-to-ast (null)"
  "@npm//:@textlint_ast-node-types__contents (08d2ec1)"
  "@npm//:@textlint_ast-node-types__contents (08d2ec1)" -> "@bazel_tools//src/conditions:host_windows (08d2ec1)"
  "@npm//:@textlint_ast-node-types__contents (08d2ec1)" -> "@npm//:node_modules/@textlint/ast-node-types (08d2ec1)"
  "@npm//:node_modules/@textlint/ast-node-types (08d2ec1)"
  "@npm//:node_modules/@textlint/ast-node-types (08d2ec1)" -> "@bazel_tools//src/conditions:host_windows (08d2ec1)"
  "@npm//:node_modules/@textlint/ast-node-types (08d2ec1)" -> "@npm//:_/node_modules/@textlint/ast-node-types (null)"
  "@npm//:_/node_modules/@textlint/ast-node-types (null)"
  "//scripts:doctoc_directory_file_path (08d2ec1)"
  "//scripts:doctoc_directory_file_path (08d2ec1)" -> "@npm//:node_modules/doctoc (08d2ec1)"
  "@npm//:node_modules/doctoc (08d2ec1)"
  "@npm//:node_modules/doctoc (08d2ec1)" -> "@bazel_tools//src/conditions:host_windows (08d2ec1)"
  "@npm//:node_modules/doctoc (08d2ec1)" -> "@npm//:_/node_modules/doctoc (null)"
  "@npm//:_/node_modules/doctoc (null)"
  "@bazel_tools//src/conditions:host_windows (08d2ec1)"
  "@bazel_tools//src/conditions:host_windows (08d2ec1)" -> "@bazel_tools//src/conditions:host_windows_arm64_constraint (08d2ec1)\n@bazel_tools//src/conditions:host_windows_x64_constraint (08d2ec1)"
  "@bazel_tools//src/conditions:host_windows (08d2ec1)" -> "@local_config_platform//:host (08d2ec1)"
  "@local_config_platform//:host (08d2ec1)"
  "@local_config_platform//:host (08d2ec1)" -> "@platforms//cpu:x86_64 (08d2ec1)"
  "@local_config_platform//:host (08d2ec1)" -> "@platforms//os:linux (08d2ec1)"
  "@platforms//os:linux (08d2ec1)"
  "@platforms//os:linux (08d2ec1)" -> "@platforms//os:os (08d2ec1)"
  "@platforms//os:os (08d2ec1)"
  "@platforms//cpu:x86_64 (08d2ec1)"
  "@platforms//cpu:x86_64 (08d2ec1)" -> "@platforms//cpu:cpu (08d2ec1)"
  "@platforms//cpu:cpu (08d2ec1)"
  "@bazel_tools//src/conditions:host_windows_arm64_constraint (08d2ec1)\n@bazel_tools//src/conditions:host_windows_x64_constraint (08d2ec1)"
  "//:docs/includes/main_functions_header.md (null)\n//:docs/includes/spec_functions_header.md (null)"
  "//:defs.md (d8a9658)"
  "//:defs.md (d8a9658)" -> "//:defs (d8a9658)"
  "//:defs (d8a9658)"
  "//:defs (d8a9658)" -> "//:defs.bzl (null)"
  "//:defs (d8a9658)" -> "//:implementation (d8a9658)"
  "//:implementation (d8a9658)"
  "//:implementation (d8a9658)" -> "//:coursier.bzl (null)\n//private:artifact_utilities.bzl (null)\n//private:constants.bzl (null)\n//private:coursier_utilities.bzl (null)\n//private:dependency_tree_parser.bzl (null)\n//private:java_utilities.bzl (null)\n//private:proxy.bzl (null)\n//private:versions.bzl (null)\n//private/rules:artifact.bzl (null)\n//private/rules:has_maven_deps.bzl (null)\n//private/rules:java_export.bzl (null)\n//private/rules:javadoc.bzl (null)\n//private/rules:jetifier.bzl (null)\n...and 13 more items"
  "//:implementation (d8a9658)" -> "//:defs.bzl (null)"
  "//:implementation (d8a9658)" -> "//:specs.bzl (null)"
  "//:specs.bzl (null)"
  "//:defs.bzl (null)"
  "//:coursier.bzl (null)\n//private:artifact_utilities.bzl (null)\n//private:constants.bzl (null)\n//private:coursier_utilities.bzl (null)\n//private:dependency_tree_parser.bzl (null)\n//private:java_utilities.bzl (null)\n//private:proxy.bzl (null)\n//private:versions.bzl (null)\n//private/rules:artifact.bzl (null)\n//private/rules:has_maven_deps.bzl (null)\n//private/rules:java_export.bzl (null)\n//private/rules:javadoc.bzl (null)\n//private/rules:jetifier.bzl (null)\n...and 13 more items"
}
