digraph mygraph {
  node [shape=box];
  "//:bazel-diff (6953f50)"
  "//:bazel-diff (6953f50)" -> "//cli:bazel-diff (4e67ca8)"
  "//cli:bazel-diff (4e67ca8)"
  "//cli:bazel-diff (4e67ca8)" -> "//cli:cli-lib (4e67ca8)"
  "//cli:bazel-diff (4e67ca8)" -> "//cli:enable_debug (4e67ca8)"
  "//cli:enable_debug (4e67ca8)"
  "//cli:cli-lib (4e67ca8)"
  "//cli:cli-lib (4e67ca8)" -> "//cli:src/main/kotlin/com/bazel_diff/Main.kt (null)\n//cli:src/main/kotlin/com/bazel_diff/bazel/BazelClient.kt (null)\n//cli:src/main/kotlin/com/bazel_diff/bazel/BazelQueryService.kt (null)\n//cli:src/main/kotlin/com/bazel_diff/bazel/BazelRule.kt (null)\n//cli:src/main/kotlin/com/bazel_diff/bazel/BazelSourceFileTarget.kt (null)\n//cli:src/main/kotlin/com/bazel_diff/bazel/BazelTarget.kt (null)\n//cli:src/main/kotlin/com/bazel_diff/bazel/BazelTargetType.kt (null)\n...and 25 more items"
  "//cli:cli-lib (4e67ca8)" -> "@bazel_diff_maven//:com_google_code_gson_gson (4e67ca8)"
  "//cli:cli-lib (4e67ca8)" -> "@bazel_diff_maven//:com_google_guava_guava (4e67ca8)"
  "//cli:cli-lib (4e67ca8)" -> "@bazel_diff_maven//:info_picocli_picocli (4e67ca8)"
  "//cli:cli-lib (4e67ca8)" -> "@bazel_diff_maven//:io_insert_koin_koin_core_jvm (4e67ca8)"
  "//cli:cli-lib (4e67ca8)" -> "@bazel_diff_maven//:org_apache_commons_commons_pool2 (4e67ca8)"
  "//cli:cli-lib (4e67ca8)" -> "@bazel_diff_maven//:org_jetbrains_kotlinx_kotlinx_coroutines_core_jvm (4e67ca8)"
  "//cli:cli-lib (4e67ca8)" -> "@bazel_tools//src/main/protobuf:analysis_v2_java_proto (4e67ca8)"
  "//cli:cli-lib (4e67ca8)" -> "@bazel_tools//src/main/protobuf:build_java_proto (4e67ca8)"
  "//cli:cli-lib (4e67ca8)" -> "@com_google_protobuf//:protobuf_java (4e67ca8)"
  "@com_google_protobuf//:protobuf_java (4e67ca8)"
  "@com_google_protobuf//:protobuf_java (4e67ca8)" -> "@com_google_protobuf_protobuf_java//jar:jar (4e67ca8)"
  "@com_google_protobuf_protobuf_java//jar:jar (4e67ca8)"
  "@com_google_protobuf_protobuf_java//jar:jar (4e67ca8)" -> "@com_google_protobuf_protobuf_java//:com_google_protobuf_protobuf_java (4e67ca8)"
  "@com_google_protobuf_protobuf_java//:com_google_protobuf_protobuf_java (4e67ca8)"
  "@com_google_protobuf_protobuf_java//:com_google_protobuf_protobuf_java (4e67ca8)" -> "@com_google_protobuf_protobuf_java//:protobuf-java-3.19.2-src.jar (null)\n@com_google_protobuf_protobuf_java//:protobuf-java-3.19.2.jar (null)"
  "@com_google_protobuf_protobuf_java//:protobuf-java-3.19.2-src.jar (null)\n@com_google_protobuf_protobuf_java//:protobuf-java-3.19.2.jar (null)"
  "@bazel_tools//src/main/protobuf:build_java_proto (4e67ca8)"
  "@bazel_tools//src/main/protobuf:build_java_proto (4e67ca8)" -> "@bazel_tools//src/main/protobuf:build_proto (4e67ca8)"
  "@bazel_tools//src/main/protobuf:analysis_v2_java_proto (4e67ca8)"
  "@bazel_tools//src/main/protobuf:analysis_v2_java_proto (4e67ca8)" -> "@bazel_tools//src/main/protobuf:analysis_v2_proto (4e67ca8)"
  "@bazel_tools//src/main/protobuf:analysis_v2_proto (4e67ca8)"
  "@bazel_tools//src/main/protobuf:analysis_v2_proto (4e67ca8)" -> "@bazel_tools//src/main/protobuf:analysis_v2.proto (null)"
  "@bazel_tools//src/main/protobuf:analysis_v2_proto (4e67ca8)" -> "@bazel_tools//src/main/protobuf:build_proto (4e67ca8)"
  "@bazel_tools//src/main/protobuf:build_proto (4e67ca8)"
  "@bazel_tools//src/main/protobuf:build_proto (4e67ca8)" -> "@bazel_tools//src/main/protobuf:build.proto (null)"
  "@bazel_tools//src/main/protobuf:build.proto (null)"
  "@bazel_tools//src/main/protobuf:analysis_v2.proto (null)"
  "@bazel_diff_maven//:org_jetbrains_kotlinx_kotlinx_coroutines_core_jvm (4e67ca8)"
  "@bazel_diff_maven//:org_jetbrains_kotlinx_kotlinx_coroutines_core_jvm (4e67ca8)" -> "@bazel_diff_maven//:org_jetbrains_kotlin_kotlin_stdlib_common (4e67ca8)"
  "@bazel_diff_maven//:org_jetbrains_kotlinx_kotlinx_coroutines_core_jvm (4e67ca8)" -> "@bazel_diff_maven//:org_jetbrains_kotlin_kotlin_stdlib_jdk8 (4e67ca8)"
  "@bazel_diff_maven//:org_jetbrains_kotlinx_kotlinx_coroutines_core_jvm (4e67ca8)" -> "@bazel_diff_maven//:v1/https/repo1.maven.org/maven2/org/jetbrains/kotlinx/kotlinx-coroutines-core-jvm/1.5.2/kotlinx-coroutines-core-jvm-1.5.2-sources.jar (null)\n@bazel_diff_maven//:v1/https/repo1.maven.org/maven2/org/jetbrains/kotlinx/kotlinx-coroutines-core-jvm/1.5.2/kotlinx-coroutines-core-jvm-1.5.2.jar (null)"
  "@bazel_diff_maven//:v1/https/repo1.maven.org/maven2/org/jetbrains/kotlinx/kotlinx-coroutines-core-jvm/1.5.2/kotlinx-coroutines-core-jvm-1.5.2-sources.jar (null)\n@bazel_diff_maven//:v1/https/repo1.maven.org/maven2/org/jetbrains/kotlinx/kotlinx-coroutines-core-jvm/1.5.2/kotlinx-coroutines-core-jvm-1.5.2.jar (null)"
  "@bazel_diff_maven//:org_apache_commons_commons_pool2 (4e67ca8)"
  "@bazel_diff_maven//:org_apache_commons_commons_pool2 (4e67ca8)" -> "@bazel_diff_maven//:v1/https/repo1.maven.org/maven2/org/apache/commons/commons-pool2/2.11.1/commons-pool2-2.11.1-sources.jar (null)\n@bazel_diff_maven//:v1/https/repo1.maven.org/maven2/org/apache/commons/commons-pool2/2.11.1/commons-pool2-2.11.1.jar (null)"
  "@bazel_diff_maven//:v1/https/repo1.maven.org/maven2/org/apache/commons/commons-pool2/2.11.1/commons-pool2-2.11.1-sources.jar (null)\n@bazel_diff_maven//:v1/https/repo1.maven.org/maven2/org/apache/commons/commons-pool2/2.11.1/commons-pool2-2.11.1.jar (null)"
  "@bazel_diff_maven//:io_insert_koin_koin_core_jvm (4e67ca8)"
  "@bazel_diff_maven//:io_insert_koin_koin_core_jvm (4e67ca8)" -> "@bazel_diff_maven//:org_jetbrains_kotlin_kotlin_stdlib_common (4e67ca8)"
  "@bazel_diff_maven//:io_insert_koin_koin_core_jvm (4e67ca8)" -> "@bazel_diff_maven//:org_jetbrains_kotlin_kotlin_stdlib_jdk8 (4e67ca8)"
  "@bazel_diff_maven//:io_insert_koin_koin_core_jvm (4e67ca8)" -> "@bazel_diff_maven//:v1/https/repo1.maven.org/maven2/io/insert-koin/koin-core-jvm/3.1.6/koin-core-jvm-3.1.6-sources.jar (null)\n@bazel_diff_maven//:v1/https/repo1.maven.org/maven2/io/insert-koin/koin-core-jvm/3.1.6/koin-core-jvm-3.1.6.jar (null)"
  "@bazel_diff_maven//:v1/https/repo1.maven.org/maven2/io/insert-koin/koin-core-jvm/3.1.6/koin-core-jvm-3.1.6-sources.jar (null)\n@bazel_diff_maven//:v1/https/repo1.maven.org/maven2/io/insert-koin/koin-core-jvm/3.1.6/koin-core-jvm-3.1.6.jar (null)"
  "@bazel_diff_maven//:org_jetbrains_kotlin_kotlin_stdlib_jdk8 (4e67ca8)"
  "@bazel_diff_maven//:org_jetbrains_kotlin_kotlin_stdlib_jdk8 (4e67ca8)" -> "@bazel_diff_maven//:org_jetbrains_kotlin_kotlin_stdlib (4e67ca8)"
  "@bazel_diff_maven//:org_jetbrains_kotlin_kotlin_stdlib_jdk8 (4e67ca8)" -> "@bazel_diff_maven//:org_jetbrains_kotlin_kotlin_stdlib_jdk7 (4e67ca8)"
  "@bazel_diff_maven//:org_jetbrains_kotlin_kotlin_stdlib_jdk8 (4e67ca8)" -> "@bazel_diff_maven//:v1/https/repo1.maven.org/maven2/org/jetbrains/kotlin/kotlin-stdlib-jdk8/1.5.31/kotlin-stdlib-jdk8-1.5.31-sources.jar (null)\n@bazel_diff_maven//:v1/https/repo1.maven.org/maven2/org/jetbrains/kotlin/kotlin-stdlib-jdk8/1.5.31/kotlin-stdlib-jdk8-1.5.31.jar (null)"
  "@bazel_diff_maven//:v1/https/repo1.maven.org/maven2/org/jetbrains/kotlin/kotlin-stdlib-jdk8/1.5.31/kotlin-stdlib-jdk8-1.5.31-sources.jar (null)\n@bazel_diff_maven//:v1/https/repo1.maven.org/maven2/org/jetbrains/kotlin/kotlin-stdlib-jdk8/1.5.31/kotlin-stdlib-jdk8-1.5.31.jar (null)"
  "@bazel_diff_maven//:org_jetbrains_kotlin_kotlin_stdlib_jdk7 (4e67ca8)"
  "@bazel_diff_maven//:org_jetbrains_kotlin_kotlin_stdlib_jdk7 (4e67ca8)" -> "@bazel_diff_maven//:org_jetbrains_kotlin_kotlin_stdlib (4e67ca8)"
  "@bazel_diff_maven//:org_jetbrains_kotlin_kotlin_stdlib_jdk7 (4e67ca8)" -> "@bazel_diff_maven//:v1/https/repo1.maven.org/maven2/org/jetbrains/kotlin/kotlin-stdlib-jdk7/1.5.31/kotlin-stdlib-jdk7-1.5.31-sources.jar (null)\n@bazel_diff_maven//:v1/https/repo1.maven.org/maven2/org/jetbrains/kotlin/kotlin-stdlib-jdk7/1.5.31/kotlin-stdlib-jdk7-1.5.31.jar (null)"
  "@bazel_diff_maven//:v1/https/repo1.maven.org/maven2/org/jetbrains/kotlin/kotlin-stdlib-jdk7/1.5.31/kotlin-stdlib-jdk7-1.5.31-sources.jar (null)\n@bazel_diff_maven//:v1/https/repo1.maven.org/maven2/org/jetbrains/kotlin/kotlin-stdlib-jdk7/1.5.31/kotlin-stdlib-jdk7-1.5.31.jar (null)"
  "@bazel_diff_maven//:org_jetbrains_kotlin_kotlin_stdlib (4e67ca8)"
  "@bazel_diff_maven//:org_jetbrains_kotlin_kotlin_stdlib (4e67ca8)" -> "@bazel_diff_maven//:org_jetbrains_annotations (4e67ca8)"
  "@bazel_diff_maven//:org_jetbrains_kotlin_kotlin_stdlib (4e67ca8)" -> "@bazel_diff_maven//:org_jetbrains_kotlin_kotlin_stdlib_common (4e67ca8)"
  "@bazel_diff_maven//:org_jetbrains_kotlin_kotlin_stdlib (4e67ca8)" -> "@bazel_diff_maven//:v1/https/repo1.maven.org/maven2/org/jetbrains/kotlin/kotlin-stdlib/1.5.31/kotlin-stdlib-1.5.31-sources.jar (null)\n@bazel_diff_maven//:v1/https/repo1.maven.org/maven2/org/jetbrains/kotlin/kotlin-stdlib/1.5.31/kotlin-stdlib-1.5.31.jar (null)"
  "@bazel_diff_maven//:v1/https/repo1.maven.org/maven2/org/jetbrains/kotlin/kotlin-stdlib/1.5.31/kotlin-stdlib-1.5.31-sources.jar (null)\n@bazel_diff_maven//:v1/https/repo1.maven.org/maven2/org/jetbrains/kotlin/kotlin-stdlib/1.5.31/kotlin-stdlib-1.5.31.jar (null)"
  "@bazel_diff_maven//:org_jetbrains_annotations (4e67ca8)"
  "@bazel_diff_maven//:org_jetbrains_annotations (4e67ca8)" -> "@bazel_diff_maven//:v1/https/repo1.maven.org/maven2/org/jetbrains/annotations/13.0/annotations-13.0-sources.jar (null)\n@bazel_diff_maven//:v1/https/repo1.maven.org/maven2/org/jetbrains/annotations/13.0/annotations-13.0.jar (null)"
  "@bazel_diff_maven//:v1/https/repo1.maven.org/maven2/org/jetbrains/annotations/13.0/annotations-13.0-sources.jar (null)\n@bazel_diff_maven//:v1/https/repo1.maven.org/maven2/org/jetbrains/annotations/13.0/annotations-13.0.jar (null)"
  "@bazel_diff_maven//:org_jetbrains_kotlin_kotlin_stdlib_common (4e67ca8)"
  "@bazel_diff_maven//:org_jetbrains_kotlin_kotlin_stdlib_common (4e67ca8)" -> "@bazel_diff_maven//:v1/https/repo1.maven.org/maven2/org/jetbrains/kotlin/kotlin-stdlib-common/1.5.31/kotlin-stdlib-common-1.5.31-sources.jar (null)\n@bazel_diff_maven//:v1/https/repo1.maven.org/maven2/org/jetbrains/kotlin/kotlin-stdlib-common/1.5.31/kotlin-stdlib-common-1.5.31.jar (null)"
  "@bazel_diff_maven//:v1/https/repo1.maven.org/maven2/org/jetbrains/kotlin/kotlin-stdlib-common/1.5.31/kotlin-stdlib-common-1.5.31-sources.jar (null)\n@bazel_diff_maven//:v1/https/repo1.maven.org/maven2/org/jetbrains/kotlin/kotlin-stdlib-common/1.5.31/kotlin-stdlib-common-1.5.31.jar (null)"
  "@bazel_diff_maven//:info_picocli_picocli (4e67ca8)"
  "@bazel_diff_maven//:info_picocli_picocli (4e67ca8)" -> "@bazel_diff_maven//:v1/https/repo1.maven.org/maven2/info/picocli/picocli/4.6.3/picocli-4.6.3-sources.jar (null)\n@bazel_diff_maven//:v1/https/repo1.maven.org/maven2/info/picocli/picocli/4.6.3/picocli-4.6.3.jar (null)"
  "@bazel_diff_maven//:v1/https/repo1.maven.org/maven2/info/picocli/picocli/4.6.3/picocli-4.6.3-sources.jar (null)\n@bazel_diff_maven//:v1/https/repo1.maven.org/maven2/info/picocli/picocli/4.6.3/picocli-4.6.3.jar (null)"
  "@bazel_diff_maven//:com_google_guava_guava (4e67ca8)"
  "@bazel_diff_maven//:com_google_guava_guava (4e67ca8)" -> "@bazel_diff_maven//:com_google_code_findbugs_jsr305 (4e67ca8)"
  "@bazel_diff_maven//:com_google_guava_guava (4e67ca8)" -> "@bazel_diff_maven//:com_google_errorprone_error_prone_annotations (4e67ca8)"
  "@bazel_diff_maven//:com_google_guava_guava (4e67ca8)" -> "@bazel_diff_maven//:com_google_guava_failureaccess (4e67ca8)"
  "@bazel_diff_maven//:com_google_guava_guava (4e67ca8)" -> "@bazel_diff_maven//:com_google_guava_listenablefuture (4e67ca8)"
  "@bazel_diff_maven//:com_google_guava_guava (4e67ca8)" -> "@bazel_diff_maven//:com_google_j2objc_j2objc_annotations (4e67ca8)"
  "@bazel_diff_maven//:com_google_guava_guava (4e67ca8)" -> "@bazel_diff_maven//:org_checkerframework_checker_qual (4e67ca8)"
  "@bazel_diff_maven//:com_google_guava_guava (4e67ca8)" -> "@bazel_diff_maven//:v1/https/repo1.maven.org/maven2/com/google/guava/guava/31.1-jre/guava-31.1-jre-sources.jar (null)\n@bazel_diff_maven//:v1/https/repo1.maven.org/maven2/com/google/guava/guava/31.1-jre/guava-31.1-jre.jar (null)"
  "@bazel_diff_maven//:v1/https/repo1.maven.org/maven2/com/google/guava/guava/31.1-jre/guava-31.1-jre-sources.jar (null)\n@bazel_diff_maven//:v1/https/repo1.maven.org/maven2/com/google/guava/guava/31.1-jre/guava-31.1-jre.jar (null)"
  "@bazel_diff_maven//:org_checkerframework_checker_qual (4e67ca8)"
  "@bazel_diff_maven//:org_checkerframework_checker_qual (4e67ca8)" -> "@bazel_diff_maven//:v1/https/repo1.maven.org/maven2/org/checkerframework/checker-qual/3.12.0/checker-qual-3.12.0-sources.jar (null)\n@bazel_diff_maven//:v1/https/repo1.maven.org/maven2/org/checkerframework/checker-qual/3.12.0/checker-qual-3.12.0.jar (null)"
  "@bazel_diff_maven//:v1/https/repo1.maven.org/maven2/org/checkerframework/checker-qual/3.12.0/checker-qual-3.12.0-sources.jar (null)\n@bazel_diff_maven//:v1/https/repo1.maven.org/maven2/org/checkerframework/checker-qual/3.12.0/checker-qual-3.12.0.jar (null)"
  "@bazel_diff_maven//:com_google_j2objc_j2objc_annotations (4e67ca8)"
  "@bazel_diff_maven//:com_google_j2objc_j2objc_annotations (4e67ca8)" -> "@bazel_diff_maven//:v1/https/repo1.maven.org/maven2/com/google/j2objc/j2objc-annotations/1.3/j2objc-annotations-1.3-sources.jar (null)\n@bazel_diff_maven//:v1/https/repo1.maven.org/maven2/com/google/j2objc/j2objc-annotations/1.3/j2objc-annotations-1.3.jar (null)"
  "@bazel_diff_maven//:v1/https/repo1.maven.org/maven2/com/google/j2objc/j2objc-annotations/1.3/j2objc-annotations-1.3-sources.jar (null)\n@bazel_diff_maven//:v1/https/repo1.maven.org/maven2/com/google/j2objc/j2objc-annotations/1.3/j2objc-annotations-1.3.jar (null)"
  "@bazel_diff_maven//:com_google_guava_listenablefuture (4e67ca8)"
  "@bazel_diff_maven//:com_google_guava_listenablefuture (4e67ca8)" -> "@bazel_diff_maven//:v1/https/repo1.maven.org/maven2/com/google/guava/listenablefuture/9999.0-empty-to-avoid-conflict-with-guava/listenablefuture-9999.0-empty-to-avoid-conflict-with-guava.jar (null)"
  "@bazel_diff_maven//:v1/https/repo1.maven.org/maven2/com/google/guava/listenablefuture/9999.0-empty-to-avoid-conflict-with-guava/listenablefuture-9999.0-empty-to-avoid-conflict-with-guava.jar (null)"
  "@bazel_diff_maven//:com_google_guava_failureaccess (4e67ca8)"
  "@bazel_diff_maven//:com_google_guava_failureaccess (4e67ca8)" -> "@bazel_diff_maven//:v1/https/repo1.maven.org/maven2/com/google/guava/failureaccess/1.0.1/failureaccess-1.0.1-sources.jar (null)\n@bazel_diff_maven//:v1/https/repo1.maven.org/maven2/com/google/guava/failureaccess/1.0.1/failureaccess-1.0.1.jar (null)"
  "@bazel_diff_maven//:v1/https/repo1.maven.org/maven2/com/google/guava/failureaccess/1.0.1/failureaccess-1.0.1-sources.jar (null)\n@bazel_diff_maven//:v1/https/repo1.maven.org/maven2/com/google/guava/failureaccess/1.0.1/failureaccess-1.0.1.jar (null)"
  "@bazel_diff_maven//:com_google_errorprone_error_prone_annotations (4e67ca8)"
  "@bazel_diff_maven//:com_google_errorprone_error_prone_annotations (4e67ca8)" -> "@bazel_diff_maven//:v1/https/repo1.maven.org/maven2/com/google/errorprone/error_prone_annotations/2.11.0/error_prone_annotations-2.11.0-sources.jar (null)\n@bazel_diff_maven//:v1/https/repo1.maven.org/maven2/com/google/errorprone/error_prone_annotations/2.11.0/error_prone_annotations-2.11.0.jar (null)"
  "@bazel_diff_maven//:v1/https/repo1.maven.org/maven2/com/google/errorprone/error_prone_annotations/2.11.0/error_prone_annotations-2.11.0-sources.jar (null)\n@bazel_diff_maven//:v1/https/repo1.maven.org/maven2/com/google/errorprone/error_prone_annotations/2.11.0/error_prone_annotations-2.11.0.jar (null)"
  "@bazel_diff_maven//:com_google_code_findbugs_jsr305 (4e67ca8)"
  "@bazel_diff_maven//:com_google_code_findbugs_jsr305 (4e67ca8)" -> "@bazel_diff_maven//:v1/https/repo1.maven.org/maven2/com/google/code/findbugs/jsr305/3.0.2/jsr305-3.0.2-sources.jar (null)\n@bazel_diff_maven//:v1/https/repo1.maven.org/maven2/com/google/code/findbugs/jsr305/3.0.2/jsr305-3.0.2.jar (null)"
  "@bazel_diff_maven//:v1/https/repo1.maven.org/maven2/com/google/code/findbugs/jsr305/3.0.2/jsr305-3.0.2-sources.jar (null)\n@bazel_diff_maven//:v1/https/repo1.maven.org/maven2/com/google/code/findbugs/jsr305/3.0.2/jsr305-3.0.2.jar (null)"
  "@bazel_diff_maven//:com_google_code_gson_gson (4e67ca8)"
  "@bazel_diff_maven//:com_google_code_gson_gson (4e67ca8)" -> "@bazel_diff_maven//:v1/https/repo1.maven.org/maven2/com/google/code/gson/gson/2.9.0/gson-2.9.0-sources.jar (null)\n@bazel_diff_maven//:v1/https/repo1.maven.org/maven2/com/google/code/gson/gson/2.9.0/gson-2.9.0.jar (null)"
  "@bazel_diff_maven//:v1/https/repo1.maven.org/maven2/com/google/code/gson/gson/2.9.0/gson-2.9.0-sources.jar (null)\n@bazel_diff_maven//:v1/https/repo1.maven.org/maven2/com/google/code/gson/gson/2.9.0/gson-2.9.0.jar (null)"
  "//cli:src/main/kotlin/com/bazel_diff/Main.kt (null)\n//cli:src/main/kotlin/com/bazel_diff/bazel/BazelClient.kt (null)\n//cli:src/main/kotlin/com/bazel_diff/bazel/BazelQueryService.kt (null)\n//cli:src/main/kotlin/com/bazel_diff/bazel/BazelRule.kt (null)\n//cli:src/main/kotlin/com/bazel_diff/bazel/BazelSourceFileTarget.kt (null)\n//cli:src/main/kotlin/com/bazel_diff/bazel/BazelTarget.kt (null)\n//cli:src/main/kotlin/com/bazel_diff/bazel/BazelTargetType.kt (null)\n...and 25 more items"
}
