digraph mygraph {
  node [shape=box];
  "//push/tests/integration:sample_client (4e67ca8)"
  "//push/tests/integration:sample_client (4e67ca8)" -> "//push:push (4e67ca8)"
  "//push/tests/integration:sample_client (4e67ca8)" -> "//push/tests/integration:sample_client.cc (null)"
  "//push/tests/integration:sample_client.cc (null)"
  "//push:push (4e67ca8)"
  "//push:push (4e67ca8)" -> "//:windows (4e67ca8)\n//:windows_msvc (4e67ca8)\n//push:export_header (4e67ca8)\n//push:include/prometheus/detail/http_method.h (null)\n//push:include/prometheus/gateway.h (null)\n//push:src/curl_wrapper.cc (null)\n//push:src/curl_wrapper.h (null)\n//push:src/gateway.cc (null)"
  "//push:push (4e67ca8)" -> "//core:core (4e67ca8)"
  "//push:push (4e67ca8)" -> "@com_github_curl//:curl (4e67ca8)"
  "//pull/tests/unit:unit (6953f50)"
  "//pull/tests/unit:unit (6953f50)" -> "//pull:pull (4e67ca8)"
  "//pull/tests/unit:unit (6953f50)" -> "//pull/tests/unit:exposer_test.cc (null)"
  "//pull/tests/unit:unit (6953f50)" -> "@com_google_googletest//:gtest_main (4e67ca8)"
  "//pull/tests/unit:unit (6953f50)" -> "@local_config_cc//:cc-compiler-k8 (4e67ca8)"
  "//pull/tests/unit:exposer_test.cc (null)"
  "//pull/tests/internal:internal (6953f50)"
  "//pull/tests/internal:internal (6953f50)" -> "//pull:pull_internal_headers (4e67ca8)"
  "//pull/tests/internal:internal (6953f50)" -> "//pull/tests/internal:base64_test.cc (null)"
  "//pull/tests/internal:internal (6953f50)" -> "@com_google_googletest//:gtest_main (4e67ca8)"
  "//pull/tests/internal:internal (6953f50)" -> "@local_config_cc//:cc-compiler-k8 (4e67ca8)"
  "//pull/tests/internal:base64_test.cc (null)"
  "//pull/tests/integration:scrape-test (6953f50)"
  "//pull/tests/integration:scrape-test (6953f50)" -> "//pull/tests/integration:sample-server (4e67ca8)"
  "//pull/tests/integration:scrape-test (6953f50)" -> "//pull/tests/integration:scrape.conf (null)\n//pull/tests/integration:scrape.sh (null)"
  "//pull/tests/integration:scrape.conf (null)\n//pull/tests/integration:scrape.sh (null)"
  "//pull/tests/integration:sample-server_multi (4e67ca8)"
  "//pull/tests/integration:sample-server_multi (4e67ca8)" -> "//pull:pull (4e67ca8)"
  "//pull/tests/integration:sample-server_multi (4e67ca8)" -> "//pull/tests/integration:sample_server_multi.cc (null)"
  "//pull/tests/integration:sample_server_multi.cc (null)"
  "//pull/tests/integration:sample-server_auth (4e67ca8)"
  "//pull/tests/integration:sample-server_auth (4e67ca8)" -> "//pull:pull (4e67ca8)"
  "//pull/tests/integration:sample-server_auth (4e67ca8)" -> "//pull/tests/integration:sample_server_auth.cc (null)"
  "//pull/tests/integration:sample_server_auth.cc (null)"
  "//pull/tests/integration:lint-test (6953f50)"
  "//pull/tests/integration:lint-test (6953f50)" -> "//pull/tests/integration:lint.sh (null)"
  "//pull/tests/integration:lint-test (6953f50)" -> "//pull/tests/integration:sample-server (4e67ca8)"
  "//pull/tests/integration:sample-server (4e67ca8)"
  "//pull/tests/integration:sample-server (4e67ca8)" -> "//pull:pull (4e67ca8)"
  "//pull/tests/integration:sample-server (4e67ca8)" -> "//pull/tests/integration:sample_server.cc (null)"
  "//pull/tests/integration:sample_server.cc (null)"
  "//pull/tests/integration:lint.sh (null)"
  "//pull/tests/integration:integration_test (6953f50)"
  "//pull/tests/integration:integration_test (6953f50)" -> "//pull:pull (4e67ca8)"
  "//pull/tests/integration:integration_test (6953f50)" -> "//pull/tests/integration:integration_test.cc (null)"
  "//pull/tests/integration:integration_test (6953f50)" -> "@com_github_curl//:curl (4e67ca8)"
  "//pull/tests/integration:integration_test (6953f50)" -> "@com_google_googletest//:gtest_main (4e67ca8)"
  "//pull/tests/integration:integration_test (6953f50)" -> "@local_config_cc//:cc-compiler-k8 (4e67ca8)"
  "@com_github_curl//:curl (4e67ca8)"
  "@com_github_curl//:curl (4e67ca8)" -> "@com_github_curl//:include/curl/curl.h (null)\n@com_github_curl//:include/curl/curlver.h (null)\n@com_github_curl//:include/curl/easy.h (null)\n@com_github_curl//:include/curl/header.h (null)\n@com_github_curl//:include/curl/mprintf.h (null)\n@com_github_curl//:include/curl/multi.h (null)\n@com_github_curl//:include/curl/options.h (null)\n@com_github_curl//:include/curl/stdcheaders.h (null)\n@com_github_curl//:include/curl/system.h (null)\n...and 326 more items"
  "@com_github_curl//:curl (4e67ca8)" -> "@com_github_curl//:osx (4e67ca8)"
  "@com_github_curl//:curl (4e67ca8)" -> "@com_github_curl//:windows (4e67ca8)"
  "@com_github_curl//:windows (4e67ca8)"
  "@com_github_curl//:windows (4e67ca8)" -> "@platforms//os:windows (4e67ca8)"
  "@com_github_curl//:osx (4e67ca8)"
  "@com_github_curl//:osx (4e67ca8)" -> "@platforms//os:osx (4e67ca8)"
  "@com_github_curl//:include/curl/curl.h (null)\n@com_github_curl//:include/curl/curlver.h (null)\n@com_github_curl//:include/curl/easy.h (null)\n@com_github_curl//:include/curl/header.h (null)\n@com_github_curl//:include/curl/mprintf.h (null)\n@com_github_curl//:include/curl/multi.h (null)\n@com_github_curl//:include/curl/options.h (null)\n@com_github_curl//:include/curl/stdcheaders.h (null)\n@com_github_curl//:include/curl/system.h (null)\n...and 326 more items"
  "//pull/tests/integration:integration_test.cc (null)"
  "//pull:pull_internal_headers (4e67ca8)"
  "//pull:pull_internal_headers (4e67ca8)" -> "//core:core (4e67ca8)"
  "//pull:pull_internal_headers (4e67ca8)" -> "//pull:src/detail/base64.h (null)"
  "//pull:pull (4e67ca8)"
  "//pull:pull (4e67ca8)" -> "//core:core (4e67ca8)"
  "//pull:pull (4e67ca8)" -> "//pull:export_header (4e67ca8)\n//pull:include/prometheus/exposer.h (null)\n//pull:src/basic_auth.cc (null)\n//pull:src/basic_auth.h (null)\n//pull:src/endpoint.cc (null)\n//pull:src/endpoint.h (null)\n//pull:src/exposer.cc (null)\n//pull:src/handler.cc (null)\n//pull:src/handler.h (null)\n//pull:src/metrics_collector.cc (null)\n//pull:src/metrics_collector.h (null)"
  "//pull:pull (4e67ca8)" -> "//pull:src/detail/base64.h (null)"
  "//pull:pull (4e67ca8)" -> "@civetweb//:civetweb (4e67ca8)"
  "//pull:pull (4e67ca8)" -> "@zlib//:zlib (4e67ca8)"
  "@zlib//:zlib (4e67ca8)"
  "@zlib//:zlib (4e67ca8)" -> "@bazel_tools//src/conditions:windows (4e67ca8)"
  "@zlib//:zlib (4e67ca8)" -> "@zlib//:adler32.c (null)\n@zlib//:compress.c (null)\n@zlib//:crc32.c (null)\n@zlib//:crc32.h (null)\n@zlib//:deflate.c (null)\n@zlib//:deflate.h (null)\n@zlib//:gzclose.c (null)\n@zlib//:gzguts.h (null)\n@zlib//:gzlib.c (null)\n@zlib//:gzread.c (null)\n@zlib//:gzwrite.c (null)\n@zlib//:infback.c (null)\n@zlib//:inffast.c (null)\n@zlib//:inffast.h (null)\n@zlib//:inffixed.h (null)\n@zlib//:inflate.c (null)\n@zlib//:inflate.h (null)\n@zlib//:inftrees.c (null)\n...and 8 more items"
  "@zlib//:adler32.c (null)\n@zlib//:compress.c (null)\n@zlib//:crc32.c (null)\n@zlib//:crc32.h (null)\n@zlib//:deflate.c (null)\n@zlib//:deflate.h (null)\n@zlib//:gzclose.c (null)\n@zlib//:gzguts.h (null)\n@zlib//:gzlib.c (null)\n@zlib//:gzread.c (null)\n@zlib//:gzwrite.c (null)\n@zlib//:infback.c (null)\n@zlib//:inffast.c (null)\n@zlib//:inffast.h (null)\n@zlib//:inffixed.h (null)\n@zlib//:inflate.c (null)\n@zlib//:inflate.h (null)\n@zlib//:inftrees.c (null)\n...and 8 more items"
  "@bazel_tools//src/conditions:windows (4e67ca8)"
  "@bazel_tools//src/conditions:windows (4e67ca8)" -> "@platforms//os:windows (4e67ca8)"
  "@civetweb//:civetweb (4e67ca8)"
  "@civetweb//:civetweb (4e67ca8)" -> "@civetweb//:include/CivetServer.h (null)\n@civetweb//:src/CivetServer.cpp (null)"
  "@civetweb//:civetweb (4e67ca8)" -> "@civetweb//:libcivetweb (4e67ca8)"
  "@civetweb//:civetweb (4e67ca8)" -> "@civetweb//:osx (4e67ca8)"
  "@civetweb//:civetweb (4e67ca8)" -> "@civetweb//:windows (4e67ca8)"
  "@civetweb//:civetweb (4e67ca8)" -> "@civetweb//:with_ssl (4e67ca8)"
  "@civetweb//:libcivetweb (4e67ca8)"
  "@civetweb//:libcivetweb (4e67ca8)" -> "@civetweb//:include/civetweb.h (null)\n@civetweb//:src/civetweb.c (null)\n@civetweb//:src/handle_form.inl (null)\n@civetweb//:src/match.inl (null)\n@civetweb//:src/md5.inl (null)\n@civetweb//:src/response.inl (null)\n@civetweb//:src/sort.inl (null)"
  "@civetweb//:libcivetweb (4e67ca8)" -> "@civetweb//:osx (4e67ca8)"
  "@civetweb//:libcivetweb (4e67ca8)" -> "@civetweb//:windows (4e67ca8)"
  "@civetweb//:libcivetweb (4e67ca8)" -> "@civetweb//:with_ssl (4e67ca8)"
  "@civetweb//:with_ssl (4e67ca8)"
  "@civetweb//:windows (4e67ca8)"
  "@civetweb//:windows (4e67ca8)" -> "@platforms//os:windows (4e67ca8)"
  "@civetweb//:osx (4e67ca8)"
  "@civetweb//:osx (4e67ca8)" -> "@platforms//os:osx (4e67ca8)"
  "@platforms//os:osx (4e67ca8)"
  "@platforms//os:osx (4e67ca8)" -> "@platforms//os:os (4e67ca8)"
  "@civetweb//:include/civetweb.h (null)\n@civetweb//:src/civetweb.c (null)\n@civetweb//:src/handle_form.inl (null)\n@civetweb//:src/match.inl (null)\n@civetweb//:src/md5.inl (null)\n@civetweb//:src/response.inl (null)\n@civetweb//:src/sort.inl (null)"
  "@civetweb//:include/CivetServer.h (null)\n@civetweb//:src/CivetServer.cpp (null)"
  "//pull:src/detail/base64.h (null)"
  "//pull:export_header (4e67ca8)\n//pull:include/prometheus/exposer.h (null)\n//pull:src/basic_auth.cc (null)\n//pull:src/basic_auth.h (null)\n//pull:src/endpoint.cc (null)\n//pull:src/endpoint.h (null)\n//pull:src/exposer.cc (null)\n//pull:src/handler.cc (null)\n//pull:src/handler.h (null)\n//pull:src/metrics_collector.cc (null)\n//pull:src/metrics_collector.h (null)"
  "//core/tests:unit (6953f50)"
  "//core/tests:unit (6953f50)" -> "//core:core (4e67ca8)"
  "//core/tests:unit (6953f50)" -> "//core/tests:builder_test.cc (null)\n//core/tests:check_label_name_test.cc (null)\n//core/tests:check_metric_name_test.cc (null)\n//core/tests:counter_test.cc (null)\n//core/tests:family_test.cc (null)\n//core/tests:gauge_test.cc (null)\n//core/tests:histogram_test.cc (null)\n//core/tests:raii_locale.h (null)\n//core/tests:registry_test.cc (null)\n//core/tests:serializer_test.cc (null)\n//core/tests:summary_test.cc (null)\n//core/tests:text_serializer_test.cc (null)\n...and 1 more items"
  "//core/tests:unit (6953f50)" -> "@com_google_googletest//:gtest_main (4e67ca8)"
  "//core/tests:unit (6953f50)" -> "@local_config_cc//:cc-compiler-k8 (4e67ca8)"
  "@local_config_cc//:cc-compiler-k8 (4e67ca8)"
  "@local_config_cc//:cc-compiler-k8 (4e67ca8)" -> "@local_config_cc//:compiler_deps (016b1f6)"
  "@local_config_cc//:cc-compiler-k8 (4e67ca8)" -> "@local_config_cc//:empty (016b1f6)\n@local_config_cc//:local (4e67ca8)"
  "@local_config_cc//:empty (016b1f6)\n@local_config_cc//:local (4e67ca8)"
  "@local_config_cc//:compiler_deps (016b1f6)"
  "@local_config_cc//:compiler_deps (016b1f6)" -> "@local_config_cc//:builtin_include_directory_paths (null)"
  "@local_config_cc//:builtin_include_directory_paths (null)"
  "@com_google_googletest//:gtest_main (4e67ca8)"
  "@com_google_googletest//:gtest_main (4e67ca8)" -> "@com_google_googletest//:googlemock/src/gmock_main.cc (null)"
  "@com_google_googletest//:gtest_main (4e67ca8)" -> "@com_google_googletest//:gtest (4e67ca8)"
  "@com_google_googletest//:gtest_main (4e67ca8)" -> "@com_google_googletest//:windows (4e67ca8)"
  "@com_google_googletest//:gtest (4e67ca8)"
  "@com_google_googletest//:gtest (4e67ca8)" -> "@com_google_googletest//:freebsd (4e67ca8)"
  "@com_google_googletest//:gtest (4e67ca8)" -> "@com_google_googletest//:googlemock/include/gmock/gmock-actions.h (null)\n@com_google_googletest//:googlemock/include/gmock/gmock-cardinalities.h (null)\n@com_google_googletest//:googlemock/include/gmock/gmock-function-mocker.h (null)\n@com_google_googletest//:googlemock/include/gmock/gmock-matchers.h (null)\n@com_google_googletest//:googlemock/include/gmock/gmock-more-actions.h (null)\n@com_google_googletest//:googlemock/include/gmock/gmock-more-matchers.h (null)\n...and 48 more items"
  "@com_google_googletest//:gtest (4e67ca8)" -> "@com_google_googletest//:openbsd (4e67ca8)"
  "@com_google_googletest//:gtest (4e67ca8)" -> "@com_google_googletest//:qnx (4e67ca8)"
  "@com_google_googletest//:gtest (4e67ca8)" -> "@com_google_googletest//:windows (4e67ca8)"
  "@com_google_googletest//:windows (4e67ca8)"
  "@com_google_googletest//:windows (4e67ca8)" -> "@platforms//os:windows (4e67ca8)"
  "@com_google_googletest//:qnx (4e67ca8)"
  "@com_google_googletest//:qnx (4e67ca8)" -> "@platforms//os:qnx (4e67ca8)"
  "@platforms//os:qnx (4e67ca8)"
  "@platforms//os:qnx (4e67ca8)" -> "@platforms//os:os (4e67ca8)"
  "@com_google_googletest//:openbsd (4e67ca8)"
  "@com_google_googletest//:openbsd (4e67ca8)" -> "@platforms//os:openbsd (4e67ca8)"
  "@platforms//os:openbsd (4e67ca8)"
  "@platforms//os:openbsd (4e67ca8)" -> "@platforms//os:os (4e67ca8)"
  "@com_google_googletest//:googlemock/include/gmock/gmock-actions.h (null)\n@com_google_googletest//:googlemock/include/gmock/gmock-cardinalities.h (null)\n@com_google_googletest//:googlemock/include/gmock/gmock-function-mocker.h (null)\n@com_google_googletest//:googlemock/include/gmock/gmock-matchers.h (null)\n@com_google_googletest//:googlemock/include/gmock/gmock-more-actions.h (null)\n@com_google_googletest//:googlemock/include/gmock/gmock-more-matchers.h (null)\n...and 48 more items"
  "@com_google_googletest//:freebsd (4e67ca8)"
  "@com_google_googletest//:freebsd (4e67ca8)" -> "@platforms//os:freebsd (4e67ca8)"
  "@platforms//os:freebsd (4e67ca8)"
  "@platforms//os:freebsd (4e67ca8)" -> "@platforms//os:os (4e67ca8)"
  "@com_google_googletest//:googlemock/src/gmock_main.cc (null)"
  "//core/tests:builder_test.cc (null)\n//core/tests:check_label_name_test.cc (null)\n//core/tests:check_metric_name_test.cc (null)\n//core/tests:counter_test.cc (null)\n//core/tests:family_test.cc (null)\n//core/tests:gauge_test.cc (null)\n//core/tests:histogram_test.cc (null)\n//core/tests:raii_locale.h (null)\n//core/tests:registry_test.cc (null)\n//core/tests:serializer_test.cc (null)\n//core/tests:summary_test.cc (null)\n//core/tests:text_serializer_test.cc (null)\n...and 1 more items"
  "//core/benchmarks:benchmarks (4e67ca8)"
  "//core/benchmarks:benchmarks (4e67ca8)" -> "//core:core (4e67ca8)"
  "//core/benchmarks:benchmarks (4e67ca8)" -> "//core/benchmarks:benchmark_helpers.cc (null)\n//core/benchmarks:benchmark_helpers.h (null)\n//core/benchmarks:counter_bench.cc (null)\n//core/benchmarks:gauge_bench.cc (null)\n//core/benchmarks:histogram_bench.cc (null)\n//core/benchmarks:info_bench.cc (null)\n//core/benchmarks:main.cc (null)\n//core/benchmarks:registry_bench.cc (null)\n//core/benchmarks:summary_bench.cc (null)"
  "//core/benchmarks:benchmarks (4e67ca8)" -> "@com_github_google_benchmark//:benchmark (4e67ca8)"
  "@com_github_google_benchmark//:benchmark (4e67ca8)"
  "@com_github_google_benchmark//:benchmark (4e67ca8)" -> "@com_github_google_benchmark//:include/benchmark/benchmark.h (null)\n@com_github_google_benchmark//:include/benchmark/export.h (null)\n@com_github_google_benchmark//:perfcounters (4e67ca8)\n@com_github_google_benchmark//:src/arraysize.h (null)\n@com_github_google_benchmark//:src/benchmark.cc (null)\n@com_github_google_benchmark//:src/benchmark_api_internal.cc (null)\n@com_github_google_benchmark//:src/benchmark_api_internal.h (null)\n...and 37 more items"
  "@com_github_google_benchmark//:benchmark (4e67ca8)" -> "@com_github_google_benchmark//:windows (4e67ca8)"
  "@com_github_google_benchmark//:windows (4e67ca8)"
  "@com_github_google_benchmark//:windows (4e67ca8)" -> "@platforms//os:windows (4e67ca8)"
  "@platforms//os:windows (4e67ca8)"
  "@platforms//os:windows (4e67ca8)" -> "@platforms//os:os (4e67ca8)"
  "@platforms//os:os (4e67ca8)"
  "@com_github_google_benchmark//:include/benchmark/benchmark.h (null)\n@com_github_google_benchmark//:include/benchmark/export.h (null)\n@com_github_google_benchmark//:perfcounters (4e67ca8)\n@com_github_google_benchmark//:src/arraysize.h (null)\n@com_github_google_benchmark//:src/benchmark.cc (null)\n@com_github_google_benchmark//:src/benchmark_api_internal.cc (null)\n@com_github_google_benchmark//:src/benchmark_api_internal.h (null)\n...and 37 more items"
  "//core/benchmarks:benchmark_helpers.cc (null)\n//core/benchmarks:benchmark_helpers.h (null)\n//core/benchmarks:counter_bench.cc (null)\n//core/benchmarks:gauge_bench.cc (null)\n//core/benchmarks:histogram_bench.cc (null)\n//core/benchmarks:info_bench.cc (null)\n//core/benchmarks:main.cc (null)\n//core/benchmarks:registry_bench.cc (null)\n//core/benchmarks:summary_bench.cc (null)"
  "//core:core (4e67ca8)"
  "//core:core (4e67ca8)" -> "//core:export_header (4e67ca8)\n//core:include/prometheus/check_names.h (null)\n//core:include/prometheus/client_metric.h (null)\n//core:include/prometheus/collectable.h (null)\n//core:include/prometheus/counter.h (null)\n//core:include/prometheus/detail/builder.h (null)\n//core:include/prometheus/detail/ckms_quantiles.h (null)\n//core:include/prometheus/detail/future_std.h (null)\n//core:include/prometheus/detail/time_window_quantiles.h (null)\n...and 27 more items"
  "//core:export_header (4e67ca8)\n//core:include/prometheus/check_names.h (null)\n//core:include/prometheus/client_metric.h (null)\n//core:include/prometheus/collectable.h (null)\n//core:include/prometheus/counter.h (null)\n//core:include/prometheus/detail/builder.h (null)\n//core:include/prometheus/detail/ckms_quantiles.h (null)\n//core:include/prometheus/detail/future_std.h (null)\n//core:include/prometheus/detail/time_window_quantiles.h (null)\n...and 27 more items"
  "//:windows (4e67ca8)\n//:windows_msvc (4e67ca8)\n//push:export_header (4e67ca8)\n//push:include/prometheus/detail/http_method.h (null)\n//push:include/prometheus/gateway.h (null)\n//push:src/curl_wrapper.cc (null)\n//push:src/curl_wrapper.h (null)\n//push:src/gateway.cc (null)"
}
