digraph mygraph {
  node [shape=box];
  "//:java_lite_grpc_library_deps__do_not_reference (07a115e)"
  "//:java_lite_grpc_library_deps__do_not_reference (07a115e)" -> "//api:api (07a115e)"
  "//:java_lite_grpc_library_deps__do_not_reference (07a115e)" -> "//protobuf-lite:protobuf-lite (07a115e)"
  "//:java_lite_grpc_library_deps__do_not_reference (07a115e)" -> "//stub:javax_annotation (07a115e)"
  "//:java_lite_grpc_library_deps__do_not_reference (07a115e)" -> "//stub:stub (07a115e)"
  "//:java_lite_grpc_library_deps__do_not_reference (07a115e)" -> "@com_google_code_findbugs_jsr305//jar:jar (07a115e)"
  "//:java_lite_grpc_library_deps__do_not_reference (07a115e)" -> "@com_google_guava_guava//jar:jar (07a115e)"
  "//:java_grpc_library_deps__do_not_reference (07a115e)"
  "//:java_grpc_library_deps__do_not_reference (07a115e)" -> "//api:api (07a115e)"
  "//:java_grpc_library_deps__do_not_reference (07a115e)" -> "//protobuf:protobuf (07a115e)"
  "//:java_grpc_library_deps__do_not_reference (07a115e)" -> "//stub:javax_annotation (07a115e)"
  "//:java_grpc_library_deps__do_not_reference (07a115e)" -> "//stub:stub (07a115e)"
  "//:java_grpc_library_deps__do_not_reference (07a115e)" -> "@com_google_code_findbugs_jsr305//jar:jar (07a115e)"
  "//:java_grpc_library_deps__do_not_reference (07a115e)" -> "@com_google_guava_guava//jar:jar (07a115e)"
  "//:java_grpc_library_deps__do_not_reference (07a115e)" -> "@com_google_protobuf//:protobuf_java (07a115e)"
  "//stub:stub (07a115e)"
  "//stub:stub (07a115e)" -> "//api:api (07a115e)"
  "//stub:stub (07a115e)" -> "//context:context (07a115e)"
  "//stub:stub (07a115e)" -> "//stub:src/main/java/io/grpc/stub/AbstractAsyncStub.java (null)\n//stub:src/main/java/io/grpc/stub/AbstractBlockingStub.java (null)\n//stub:src/main/java/io/grpc/stub/AbstractFutureStub.java (null)\n//stub:src/main/java/io/grpc/stub/AbstractStub.java (null)\n//stub:src/main/java/io/grpc/stub/CallStreamObserver.java (null)\n//stub:src/main/java/io/grpc/stub/ClientCallStreamObserver.java (null)\n//stub:src/main/java/io/grpc/stub/ClientCalls.java (null)\n...and 10 more items"
  "//stub:stub (07a115e)" -> "@com_google_code_findbugs_jsr305//jar:jar (07a115e)"
  "//stub:stub (07a115e)" -> "@com_google_errorprone_error_prone_annotations//jar:jar (07a115e)"
  "//stub:stub (07a115e)" -> "@com_google_guava_guava//jar:jar (07a115e)"
  "//stub:stub (07a115e)" -> "@com_google_j2objc_j2objc_annotations//jar:jar (07a115e)"
  "//stub:src/main/java/io/grpc/stub/AbstractAsyncStub.java (null)\n//stub:src/main/java/io/grpc/stub/AbstractBlockingStub.java (null)\n//stub:src/main/java/io/grpc/stub/AbstractFutureStub.java (null)\n//stub:src/main/java/io/grpc/stub/AbstractStub.java (null)\n//stub:src/main/java/io/grpc/stub/CallStreamObserver.java (null)\n//stub:src/main/java/io/grpc/stub/ClientCallStreamObserver.java (null)\n//stub:src/main/java/io/grpc/stub/ClientCalls.java (null)\n...and 10 more items"
  "//context:context (07a115e)"
  "//context:context (07a115e)" -> "//api:api (07a115e)"
  "//stub:javax_annotation (07a115e)"
  "//stub:javax_annotation (07a115e)" -> "@org_apache_tomcat_annotations_api//jar:jar (07a115e)"
  "//protobuf:protobuf (07a115e)"
  "//protobuf:protobuf (07a115e)" -> "//api:api (07a115e)"
  "//protobuf:protobuf (07a115e)" -> "//protobuf:src/main/java/io/grpc/protobuf/ProtoFileDescriptorSupplier.java (null)\n//protobuf:src/main/java/io/grpc/protobuf/ProtoMethodDescriptorSupplier.java (null)\n//protobuf:src/main/java/io/grpc/protobuf/ProtoServiceDescriptorSupplier.java (null)\n//protobuf:src/main/java/io/grpc/protobuf/ProtoUtils.java (null)\n//protobuf:src/main/java/io/grpc/protobuf/StatusProto.java (null)\n//protobuf:src/main/java/io/grpc/protobuf/package-info.java (null)"
  "//protobuf:protobuf (07a115e)" -> "//protobuf-lite:protobuf-lite (07a115e)"
  "//protobuf:protobuf (07a115e)" -> "@com_google_api_grpc_proto_google_common_protos//jar:jar (07a115e)"
  "//protobuf:protobuf (07a115e)" -> "@com_google_code_findbugs_jsr305//jar:jar (07a115e)"
  "//protobuf:protobuf (07a115e)" -> "@com_google_guava_guava//jar:jar (07a115e)"
  "//protobuf:protobuf (07a115e)" -> "@com_google_j2objc_j2objc_annotations//jar:jar (07a115e)"
  "//protobuf:protobuf (07a115e)" -> "@com_google_protobuf//:protobuf_java (07a115e)"
  "@com_google_api_grpc_proto_google_common_protos//jar:jar (07a115e)"
  "@com_google_api_grpc_proto_google_common_protos//jar:jar (07a115e)" -> "@maven//:com_google_api_grpc_proto_google_common_protos (07a115e)"
  "@maven//:com_google_api_grpc_proto_google_common_protos (07a115e)"
  "@maven//:com_google_api_grpc_proto_google_common_protos (07a115e)" -> "@com_google_protobuf//:protobuf_java (07a115e)"
  "@maven//:com_google_api_grpc_proto_google_common_protos (07a115e)" -> "@maven//:v1/https/repo.maven.apache.org/maven2/com/google/api/grpc/proto-google-common-protos/2.22.0/proto-google-common-protos-2.22.0.jar (null)"
  "@maven//:v1/https/repo.maven.apache.org/maven2/com/google/api/grpc/proto-google-common-protos/2.22.0/proto-google-common-protos-2.22.0.jar (null)"
  "//protobuf-lite:protobuf-lite (07a115e)"
  "//protobuf-lite:protobuf-lite (07a115e)" -> "//api:api (07a115e)"
  "//protobuf-lite:protobuf-lite (07a115e)" -> "//protobuf-lite:android (07a115e)\n//protobuf-lite:src/main/java/io/grpc/protobuf/lite/ProtoInputStream.java (null)\n//protobuf-lite:src/main/java/io/grpc/protobuf/lite/ProtoLiteUtils.java (null)\n//protobuf-lite:src/main/java/io/grpc/protobuf/lite/package-info.java (null)"
  "//protobuf-lite:protobuf-lite (07a115e)" -> "@com_google_code_findbugs_jsr305//jar:jar (07a115e)"
  "//protobuf-lite:protobuf-lite (07a115e)" -> "@com_google_guava_guava//jar:jar (07a115e)"
  "//protobuf-lite:protobuf-lite (07a115e)" -> "@com_google_j2objc_j2objc_annotations//jar:jar (07a115e)"
  "//protobuf-lite:protobuf-lite (07a115e)" -> "@com_google_protobuf//:protobuf_java (07a115e)"
  "@com_google_protobuf//:protobuf_java (07a115e)"
  "@com_google_protobuf//:protobuf_java (07a115e)" -> "@com_google_protobuf//java/core:core (07a115e)"
  "@com_google_protobuf//java/core:core (07a115e)"
  "@com_google_protobuf//java/core:core (07a115e)" -> "@com_google_protobuf//java/core:gen_well_known_protos_java (07a115e)"
  "@com_google_protobuf//java/core:core (07a115e)" -> "@com_google_protobuf//java/core:lite_runtime_only (07a115e)"
  "@com_google_protobuf//java/core:core (07a115e)" -> "@com_google_protobuf//java/core:src/main/java/com/google/protobuf/AbstractMessage.java (null)\n@com_google_protobuf//java/core:src/main/java/com/google/protobuf/BlockingRpcChannel.java (null)\n@com_google_protobuf//java/core:src/main/java/com/google/protobuf/BlockingService.java (null)\n@com_google_protobuf//java/core:src/main/java/com/google/protobuf/DescriptorMessageInfoFactory.java (null)\n@com_google_protobuf//java/core:src/main/java/com/google/protobuf/Descriptors.java (null)\n...and 32 more items"
  "@com_google_protobuf//java/core:src/main/java/com/google/protobuf/AbstractMessage.java (null)\n@com_google_protobuf//java/core:src/main/java/com/google/protobuf/BlockingRpcChannel.java (null)\n@com_google_protobuf//java/core:src/main/java/com/google/protobuf/BlockingService.java (null)\n@com_google_protobuf//java/core:src/main/java/com/google/protobuf/DescriptorMessageInfoFactory.java (null)\n@com_google_protobuf//java/core:src/main/java/com/google/protobuf/Descriptors.java (null)\n...and 32 more items"
  "@com_google_protobuf//java/core:lite_runtime_only (07a115e)"
  "@com_google_protobuf//java/core:lite_runtime_only (07a115e)" -> "@com_google_protobuf//java/core:src/main/java/com/google/protobuf/AbstractMessageLite.java (null)\n@com_google_protobuf//java/core:src/main/java/com/google/protobuf/AbstractParser.java (null)\n@com_google_protobuf//java/core:src/main/java/com/google/protobuf/AbstractProtobufList.java (null)\n@com_google_protobuf//java/core:src/main/java/com/google/protobuf/AllocatedBuffer.java (null)\n@com_google_protobuf//java/core:src/main/java/com/google/protobuf/Android.java (null)\n...and 86 more items"
  "@com_google_protobuf//java/core:src/main/java/com/google/protobuf/AbstractMessageLite.java (null)\n@com_google_protobuf//java/core:src/main/java/com/google/protobuf/AbstractParser.java (null)\n@com_google_protobuf//java/core:src/main/java/com/google/protobuf/AbstractProtobufList.java (null)\n@com_google_protobuf//java/core:src/main/java/com/google/protobuf/AllocatedBuffer.java (null)\n@com_google_protobuf//java/core:src/main/java/com/google/protobuf/Android.java (null)\n...and 86 more items"
  "@com_google_protobuf//java/core:gen_well_known_protos_java (07a115e)"
  "@com_google_protobuf//java/core:gen_well_known_protos_java (07a115e)" -> "@com_google_protobuf//:any_proto (07a115e)"
  "@com_google_protobuf//java/core:gen_well_known_protos_java (07a115e)" -> "@com_google_protobuf//:api_proto (07a115e)"
  "@com_google_protobuf//java/core:gen_well_known_protos_java (07a115e)" -> "@com_google_protobuf//:compiler_plugin_proto (07a115e)"
  "@com_google_protobuf//java/core:gen_well_known_protos_java (07a115e)" -> "@com_google_protobuf//:descriptor_proto (07a115e)"
  "@com_google_protobuf//java/core:gen_well_known_protos_java (07a115e)" -> "@com_google_protobuf//:duration_proto (07a115e)"
  "@com_google_protobuf//java/core:gen_well_known_protos_java (07a115e)" -> "@com_google_protobuf//:empty_proto (07a115e)"
  "@com_google_protobuf//java/core:gen_well_known_protos_java (07a115e)" -> "@com_google_protobuf//:field_mask_proto (07a115e)"
  "@com_google_protobuf//java/core:gen_well_known_protos_java (07a115e)" -> "@com_google_protobuf//:source_context_proto (07a115e)"
  "@com_google_protobuf//java/core:gen_well_known_protos_java (07a115e)" -> "@com_google_protobuf//:struct_proto (07a115e)"
  "@com_google_protobuf//java/core:gen_well_known_protos_java (07a115e)" -> "@com_google_protobuf//:timestamp_proto (07a115e)"
  "@com_google_protobuf//java/core:gen_well_known_protos_java (07a115e)" -> "@com_google_protobuf//:type_proto (07a115e)"
  "@com_google_protobuf//java/core:gen_well_known_protos_java (07a115e)" -> "@com_google_protobuf//:wrappers_proto (07a115e)"
  "@com_google_protobuf//:wrappers_proto (07a115e)"
  "@com_google_protobuf//:wrappers_proto (07a115e)" -> "@com_google_protobuf//src/google/protobuf:wrappers_proto (07a115e)"
  "@com_google_protobuf//src/google/protobuf:wrappers_proto (07a115e)"
  "@com_google_protobuf//src/google/protobuf:wrappers_proto (07a115e)" -> "@com_google_protobuf//src/google/protobuf:wrappers.proto (null)"
  "@com_google_protobuf//src/google/protobuf:wrappers.proto (null)"
  "@com_google_protobuf//:timestamp_proto (07a115e)"
  "@com_google_protobuf//:timestamp_proto (07a115e)" -> "@com_google_protobuf//src/google/protobuf:timestamp_proto (07a115e)"
  "@com_google_protobuf//src/google/protobuf:timestamp_proto (07a115e)"
  "@com_google_protobuf//src/google/protobuf:timestamp_proto (07a115e)" -> "@com_google_protobuf//src/google/protobuf:timestamp.proto (null)"
  "@com_google_protobuf//src/google/protobuf:timestamp.proto (null)"
  "@com_google_protobuf//:struct_proto (07a115e)"
  "@com_google_protobuf//:struct_proto (07a115e)" -> "@com_google_protobuf//src/google/protobuf:struct_proto (07a115e)"
  "@com_google_protobuf//src/google/protobuf:struct_proto (07a115e)"
  "@com_google_protobuf//src/google/protobuf:struct_proto (07a115e)" -> "@com_google_protobuf//src/google/protobuf:struct.proto (null)"
  "@com_google_protobuf//src/google/protobuf:struct.proto (null)"
  "@com_google_protobuf//:field_mask_proto (07a115e)"
  "@com_google_protobuf//:field_mask_proto (07a115e)" -> "@com_google_protobuf//src/google/protobuf:field_mask_proto (07a115e)"
  "@com_google_protobuf//src/google/protobuf:field_mask_proto (07a115e)"
  "@com_google_protobuf//src/google/protobuf:field_mask_proto (07a115e)" -> "@com_google_protobuf//src/google/protobuf:field_mask.proto (null)"
  "@com_google_protobuf//src/google/protobuf:field_mask.proto (null)"
  "@com_google_protobuf//:empty_proto (07a115e)"
  "@com_google_protobuf//:empty_proto (07a115e)" -> "@com_google_protobuf//src/google/protobuf:empty_proto (07a115e)"
  "@com_google_protobuf//src/google/protobuf:empty_proto (07a115e)"
  "@com_google_protobuf//src/google/protobuf:empty_proto (07a115e)" -> "@com_google_protobuf//src/google/protobuf:empty.proto (null)"
  "@com_google_protobuf//src/google/protobuf:empty.proto (null)"
  "@com_google_protobuf//:duration_proto (07a115e)"
  "@com_google_protobuf//:duration_proto (07a115e)" -> "@com_google_protobuf//src/google/protobuf:duration_proto (07a115e)"
  "@com_google_protobuf//src/google/protobuf:duration_proto (07a115e)"
  "@com_google_protobuf//src/google/protobuf:duration_proto (07a115e)" -> "@com_google_protobuf//src/google/protobuf:duration.proto (null)"
  "@com_google_protobuf//src/google/protobuf:duration.proto (null)"
  "@com_google_protobuf//:compiler_plugin_proto (07a115e)"
  "@com_google_protobuf//:compiler_plugin_proto (07a115e)" -> "@com_google_protobuf//src/google/protobuf/compiler:plugin_proto (07a115e)"
  "@com_google_protobuf//src/google/protobuf/compiler:plugin_proto (07a115e)"
  "@com_google_protobuf//src/google/protobuf/compiler:plugin_proto (07a115e)" -> "@com_google_protobuf//:descriptor_proto (07a115e)"
  "@com_google_protobuf//src/google/protobuf/compiler:plugin_proto (07a115e)" -> "@com_google_protobuf//src/google/protobuf/compiler:plugin.proto (null)"
  "@com_google_protobuf//src/google/protobuf/compiler:plugin.proto (null)"
  "@com_google_protobuf//:descriptor_proto (07a115e)"
  "@com_google_protobuf//:descriptor_proto (07a115e)" -> "@com_google_protobuf//src/google/protobuf:descriptor_proto (07a115e)"
  "@com_google_protobuf//src/google/protobuf:descriptor_proto (07a115e)"
  "@com_google_protobuf//src/google/protobuf:descriptor_proto (07a115e)" -> "@com_google_protobuf//src/google/protobuf:descriptor.proto (null)"
  "@com_google_protobuf//src/google/protobuf:descriptor.proto (null)"
  "//protobuf-lite:android (07a115e)\n//protobuf-lite:src/main/java/io/grpc/protobuf/lite/ProtoInputStream.java (null)\n//protobuf-lite:src/main/java/io/grpc/protobuf/lite/ProtoLiteUtils.java (null)\n//protobuf-lite:src/main/java/io/grpc/protobuf/lite/package-info.java (null)"
  "//protobuf:src/main/java/io/grpc/protobuf/ProtoFileDescriptorSupplier.java (null)\n//protobuf:src/main/java/io/grpc/protobuf/ProtoMethodDescriptorSupplier.java (null)\n//protobuf:src/main/java/io/grpc/protobuf/ProtoServiceDescriptorSupplier.java (null)\n//protobuf:src/main/java/io/grpc/protobuf/ProtoUtils.java (null)\n//protobuf:src/main/java/io/grpc/protobuf/StatusProto.java (null)\n//protobuf:src/main/java/io/grpc/protobuf/package-info.java (null)"
  "//api:api (07a115e)"
  "//api:api (07a115e)" -> "//api:src/context/java/io/grpc/Context.java (null)\n//api:src/context/java/io/grpc/Deadline.java (null)\n//api:src/context/java/io/grpc/PersistentHashArrayMappedTrie.java (null)\n//api:src/context/java/io/grpc/ThreadLocalContextStorage.java (null)\n//api:src/main/java/io/grpc/Attributes.java (null)\n//api:src/main/java/io/grpc/BinaryLog.java (null)\n//api:src/main/java/io/grpc/BindableService.java (null)\n//api:src/main/java/io/grpc/CallCredentials.java (null)\n...and 101 more items"
  "//api:api (07a115e)" -> "@com_google_code_findbugs_jsr305//jar:jar (07a115e)"
  "//api:api (07a115e)" -> "@com_google_errorprone_error_prone_annotations//jar:jar (07a115e)"
  "//api:api (07a115e)" -> "@com_google_guava_failureaccess//jar:jar (07a115e)"
  "//api:api (07a115e)" -> "@com_google_guava_guava//jar:jar (07a115e)"
  "//api:api (07a115e)" -> "@com_google_j2objc_j2objc_annotations//jar:jar (07a115e)"
  "@com_google_j2objc_j2objc_annotations//jar:jar (07a115e)"
  "@com_google_j2objc_j2objc_annotations//jar:jar (07a115e)" -> "@maven//:com_google_j2objc_j2objc_annotations (07a115e)"
  "@com_google_guava_guava//jar:jar (07a115e)"
  "@com_google_guava_guava//jar:jar (07a115e)" -> "@maven//:com_google_guava_guava (07a115e)"
  "@maven//:com_google_guava_guava (07a115e)"
  "@maven//:com_google_guava_guava (07a115e)" -> "@maven//:com_google_code_findbugs_jsr305 (07a115e)"
  "@maven//:com_google_guava_guava (07a115e)" -> "@maven//:com_google_errorprone_error_prone_annotations (07a115e)"
  "@maven//:com_google_guava_guava (07a115e)" -> "@maven//:com_google_guava_failureaccess (07a115e)"
  "@maven//:com_google_guava_guava (07a115e)" -> "@maven//:com_google_guava_listenablefuture (07a115e)"
  "@maven//:com_google_guava_guava (07a115e)" -> "@maven//:com_google_j2objc_j2objc_annotations (07a115e)"
  "@maven//:com_google_guava_guava (07a115e)" -> "@maven//:org_checkerframework_checker_qual (07a115e)"
  "@maven//:com_google_guava_guava (07a115e)" -> "@maven//:v1/https/repo.maven.apache.org/maven2/com/google/guava/guava/32.0.1-jre/guava-32.0.1-jre.jar (null)"
  "@maven//:v1/https/repo.maven.apache.org/maven2/com/google/guava/guava/32.0.1-jre/guava-32.0.1-jre.jar (null)"
  "@maven//:org_checkerframework_checker_qual (07a115e)"
  "@maven//:org_checkerframework_checker_qual (07a115e)" -> "@maven//:v1/https/repo.maven.apache.org/maven2/org/checkerframework/checker-qual/3.35.0/checker-qual-3.35.0.jar (null)"
  "@maven//:v1/https/repo.maven.apache.org/maven2/org/checkerframework/checker-qual/3.35.0/checker-qual-3.35.0.jar (null)"
  "@maven//:com_google_j2objc_j2objc_annotations (07a115e)"
  "@maven//:com_google_j2objc_j2objc_annotations (07a115e)" -> "@maven//:v1/https/repo.maven.apache.org/maven2/com/google/j2objc/j2objc-annotations/2.8/j2objc-annotations-2.8.jar (null)"
  "@maven//:v1/https/repo.maven.apache.org/maven2/com/google/j2objc/j2objc-annotations/2.8/j2objc-annotations-2.8.jar (null)"
  "@maven//:com_google_guava_listenablefuture (07a115e)"
  "@maven//:com_google_guava_listenablefuture (07a115e)" -> "@maven//:v1/https/repo.maven.apache.org/maven2/com/google/guava/listenablefuture/9999.0-empty-to-avoid-conflict-with-guava/listenablefuture-9999.0-empty-to-avoid-conflict-with-guava.jar (null)"
  "@maven//:v1/https/repo.maven.apache.org/maven2/com/google/guava/listenablefuture/9999.0-empty-to-avoid-conflict-with-guava/listenablefuture-9999.0-empty-to-avoid-conflict-with-guava.jar (null)"
  "@com_google_guava_failureaccess//jar:jar (07a115e)"
  "@com_google_guava_failureaccess//jar:jar (07a115e)" -> "@maven//:com_google_guava_failureaccess (07a115e)"
  "@maven//:com_google_guava_failureaccess (07a115e)"
  "@maven//:com_google_guava_failureaccess (07a115e)" -> "@maven//:v1/https/repo.maven.apache.org/maven2/com/google/guava/failureaccess/1.0.1/failureaccess-1.0.1.jar (null)"
  "@maven//:v1/https/repo.maven.apache.org/maven2/com/google/guava/failureaccess/1.0.1/failureaccess-1.0.1.jar (null)"
  "@com_google_errorprone_error_prone_annotations//jar:jar (07a115e)"
  "@com_google_errorprone_error_prone_annotations//jar:jar (07a115e)" -> "@maven//:com_google_errorprone_error_prone_annotations (07a115e)"
  "@maven//:com_google_errorprone_error_prone_annotations (07a115e)"
  "@maven//:com_google_errorprone_error_prone_annotations (07a115e)" -> "@maven//:v1/https/repo.maven.apache.org/maven2/com/google/errorprone/error_prone_annotations/2.20.0/error_prone_annotations-2.20.0.jar (null)"
  "@maven//:v1/https/repo.maven.apache.org/maven2/com/google/errorprone/error_prone_annotations/2.20.0/error_prone_annotations-2.20.0.jar (null)"
  "@com_google_code_findbugs_jsr305//jar:jar (07a115e)"
  "@com_google_code_findbugs_jsr305//jar:jar (07a115e)" -> "@maven//:com_google_code_findbugs_jsr305 (07a115e)"
  "@maven//:com_google_code_findbugs_jsr305 (07a115e)"
  "@maven//:com_google_code_findbugs_jsr305 (07a115e)" -> "@maven//:v1/https/repo.maven.apache.org/maven2/com/google/code/findbugs/jsr305/3.0.2/jsr305-3.0.2.jar (null)"
  "@maven//:v1/https/repo.maven.apache.org/maven2/com/google/code/findbugs/jsr305/3.0.2/jsr305-3.0.2.jar (null)"
  "//api:src/context/java/io/grpc/Context.java (null)\n//api:src/context/java/io/grpc/Deadline.java (null)\n//api:src/context/java/io/grpc/PersistentHashArrayMappedTrie.java (null)\n//api:src/context/java/io/grpc/ThreadLocalContextStorage.java (null)\n//api:src/main/java/io/grpc/Attributes.java (null)\n//api:src/main/java/io/grpc/BinaryLog.java (null)\n//api:src/main/java/io/grpc/BindableService.java (null)\n//api:src/main/java/io/grpc/CallCredentials.java (null)\n...and 101 more items"
  "//:java_grpc_library__external_repo_test (07a115e)"
  "//:java_grpc_library__external_repo_test (07a115e)" -> "//:api_proto_java (07a115e)"
  "//:java_grpc_library__external_repo_test (07a115e)" -> "@com_google_protobuf//:api_proto (07a115e)"
  "//:auto_value_annotations (07a115e)"
  "//:auto_value_annotations (07a115e)" -> "//:auto_value (2cb031d)"
  "//:auto_value_annotations (07a115e)" -> "@com_google_auto_value_auto_value_annotations//jar:jar (07a115e)"
  "//:auto_value_annotations (07a115e)" -> "@org_apache_tomcat_annotations_api//jar:jar (07a115e)"
  "@org_apache_tomcat_annotations_api//jar:jar (07a115e)"
  "@org_apache_tomcat_annotations_api//jar:jar (07a115e)" -> "@maven//:org_apache_tomcat_annotations_api (07a115e)"
  "@maven//:org_apache_tomcat_annotations_api (07a115e)"
  "@maven//:org_apache_tomcat_annotations_api (07a115e)" -> "@maven//:v1/https/repo.maven.apache.org/maven2/org/apache/tomcat/annotations-api/6.0.53/annotations-api-6.0.53.jar (null)"
  "@maven//:v1/https/repo.maven.apache.org/maven2/org/apache/tomcat/annotations-api/6.0.53/annotations-api-6.0.53.jar (null)"
  "@com_google_auto_value_auto_value_annotations//jar:jar (07a115e)"
  "@com_google_auto_value_auto_value_annotations//jar:jar (07a115e)" -> "@maven//:com_google_auto_value_auto_value_annotations (07a115e)"
  "@maven//:com_google_auto_value_auto_value_annotations (07a115e)"
  "@maven//:com_google_auto_value_auto_value_annotations (07a115e)" -> "@maven//:v1/https/repo.maven.apache.org/maven2/com/google/auto/value/auto-value-annotations/1.10.2/auto-value-annotations-1.10.2.jar (null)"
  "@maven//:v1/https/repo.maven.apache.org/maven2/com/google/auto/value/auto-value-annotations/1.10.2/auto-value-annotations-1.10.2.jar (null)"
  "//:auto_value (2cb031d)"
  "//:auto_value (2cb031d)" -> "@com_google_auto_value_auto_value//jar:jar (2cb031d)"
  "@com_google_auto_value_auto_value//jar:jar (2cb031d)"
  "@com_google_auto_value_auto_value//jar:jar (2cb031d)" -> "@maven//:com_google_auto_value_auto_value (2cb031d)"
  "@maven//:com_google_auto_value_auto_value (2cb031d)"
  "@maven//:com_google_auto_value_auto_value (2cb031d)" -> "@maven//:v1/https/repo.maven.apache.org/maven2/com/google/auto/value/auto-value/1.10.2/auto-value-1.10.2.jar (null)"
  "//:auto_value (07a115e)"
  "//:auto_value (07a115e)" -> "@com_google_auto_value_auto_value//jar:jar (07a115e)"
  "@com_google_auto_value_auto_value//jar:jar (07a115e)"
  "@com_google_auto_value_auto_value//jar:jar (07a115e)" -> "@maven//:com_google_auto_value_auto_value (07a115e)"
  "@maven//:com_google_auto_value_auto_value (07a115e)"
  "@maven//:com_google_auto_value_auto_value (07a115e)" -> "@maven//:v1/https/repo.maven.apache.org/maven2/com/google/auto/value/auto-value/1.10.2/auto-value-1.10.2.jar (null)"
  "@maven//:v1/https/repo.maven.apache.org/maven2/com/google/auto/value/auto-value/1.10.2/auto-value-1.10.2.jar (null)"
  "//:api_proto_java (07a115e)"
  "//:api_proto_java (07a115e)" -> "@com_google_protobuf//:api_proto (07a115e)"
  "@com_google_protobuf//:api_proto (07a115e)"
  "@com_google_protobuf//:api_proto (07a115e)" -> "@com_google_protobuf//src/google/protobuf:api_proto (07a115e)"
  "@com_google_protobuf//src/google/protobuf:api_proto (07a115e)"
  "@com_google_protobuf//src/google/protobuf:api_proto (07a115e)" -> "@com_google_protobuf//:source_context_proto (07a115e)"
  "@com_google_protobuf//src/google/protobuf:api_proto (07a115e)" -> "@com_google_protobuf//:type_proto (07a115e)"
  "@com_google_protobuf//src/google/protobuf:api_proto (07a115e)" -> "@com_google_protobuf//src/google/protobuf:api.proto (null)"
  "@com_google_protobuf//src/google/protobuf:api.proto (null)"
  "@com_google_protobuf//:type_proto (07a115e)"
  "@com_google_protobuf//:type_proto (07a115e)" -> "@com_google_protobuf//src/google/protobuf:type_proto (07a115e)"
  "@com_google_protobuf//src/google/protobuf:type_proto (07a115e)"
  "@com_google_protobuf//src/google/protobuf:type_proto (07a115e)" -> "@com_google_protobuf//:any_proto (07a115e)"
  "@com_google_protobuf//src/google/protobuf:type_proto (07a115e)" -> "@com_google_protobuf//:source_context_proto (07a115e)"
  "@com_google_protobuf//src/google/protobuf:type_proto (07a115e)" -> "@com_google_protobuf//src/google/protobuf:type.proto (null)"
  "@com_google_protobuf//src/google/protobuf:type.proto (null)"
  "@com_google_protobuf//:any_proto (07a115e)"
  "@com_google_protobuf//:any_proto (07a115e)" -> "@com_google_protobuf//src/google/protobuf:any_proto (07a115e)"
  "@com_google_protobuf//src/google/protobuf:any_proto (07a115e)"
  "@com_google_protobuf//src/google/protobuf:any_proto (07a115e)" -> "@com_google_protobuf//src/google/protobuf:any.proto (null)"
  "@com_google_protobuf//src/google/protobuf:any.proto (null)"
  "@com_google_protobuf//:source_context_proto (07a115e)"
  "@com_google_protobuf//:source_context_proto (07a115e)" -> "@com_google_protobuf//src/google/protobuf:source_context_proto (07a115e)"
  "@com_google_protobuf//src/google/protobuf:source_context_proto (07a115e)"
  "@com_google_protobuf//src/google/protobuf:source_context_proto (07a115e)" -> "@com_google_protobuf//src/google/protobuf:source_context.proto (null)"
  "@com_google_protobuf//src/google/protobuf:source_context.proto (null)"
}
