digraph mygraph {
  node [shape=box];
  "//:polymorphic_value_test (d183a5b)"
  "//:polymorphic_value_test (d183a5b)" -> "//:polymorphic_value (059d78e)"
  "//:polymorphic_value_test (d183a5b)" -> "//:polymorphic_value_test.cpp (null)"
  "//:polymorphic_value_test (d183a5b)" -> "@catch2//:catch2_main (059d78e)"
  "//:polymorphic_value_test (d183a5b)" -> "@local_config_cc//:cc-compiler-k8 (059d78e)"
  "@local_config_cc//:cc-compiler-k8 (059d78e)"
  "@local_config_cc//:cc-compiler-k8 (059d78e)" -> "@local_config_cc//:compiler_deps (016b1f6)"
  "@local_config_cc//:cc-compiler-k8 (059d78e)" -> "@local_config_cc//:empty (016b1f6)\n@local_config_cc//:local (059d78e)"
  "@local_config_cc//:empty (016b1f6)\n@local_config_cc//:local (059d78e)"
  "@local_config_cc//:compiler_deps (016b1f6)"
  "@local_config_cc//:compiler_deps (016b1f6)" -> "@local_config_cc//:builtin_include_directory_paths (null)"
  "@local_config_cc//:builtin_include_directory_paths (null)"
  "@catch2//:catch2_main (059d78e)"
  "@catch2//:catch2_main (059d78e)" -> "@catch2//:catch2 (059d78e)"
  "@catch2//:catch2_main (059d78e)" -> "@catch2//:src/catch2/internal/catch_main.cpp (null)"
  "@catch2//:src/catch2/internal/catch_main.cpp (null)"
  "@catch2//:catch2 (059d78e)"
  "@catch2//:catch2 (059d78e)" -> "@catch2//:catch2_generated (059d78e)"
  "@catch2//:catch2 (059d78e)" -> "@catch2//:src/catch2/benchmark/catch_benchmark.hpp (null)\n@catch2//:src/catch2/benchmark/catch_benchmark_all.hpp (null)\n@catch2//:src/catch2/benchmark/catch_chronometer.cpp (null)\n@catch2//:src/catch2/benchmark/catch_chronometer.hpp (null)\n@catch2//:src/catch2/benchmark/catch_clock.hpp (null)\n@catch2//:src/catch2/benchmark/catch_constructor.hpp (null)\n@catch2//:src/catch2/benchmark/catch_environment.hpp (null)\n@catch2//:src/catch2/benchmark/catch_estimate.hpp (null)\n...and 259 more items"
  "@catch2//:src/catch2/benchmark/catch_benchmark.hpp (null)\n@catch2//:src/catch2/benchmark/catch_benchmark_all.hpp (null)\n@catch2//:src/catch2/benchmark/catch_chronometer.cpp (null)\n@catch2//:src/catch2/benchmark/catch_chronometer.hpp (null)\n@catch2//:src/catch2/benchmark/catch_clock.hpp (null)\n@catch2//:src/catch2/benchmark/catch_constructor.hpp (null)\n@catch2//:src/catch2/benchmark/catch_environment.hpp (null)\n@catch2//:src/catch2/benchmark/catch_estimate.hpp (null)\n...and 259 more items"
  "@catch2//:catch2_generated (059d78e)"
  "@catch2//:catch2_generated (059d78e)" -> "@catch2//:catch2/catch_user_config.hpp (059d78e)"
  "@catch2//:catch2/catch_user_config.hpp (059d78e)"
  "@catch2//:catch2/catch_user_config.hpp (059d78e)" -> "@catch2//:catch_user_config (059d78e)"
  "@catch2//:catch_user_config (059d78e)"
  "@catch2//:catch_user_config (059d78e)" -> "@catch2//:src/catch2/catch_user_config.hpp.in (null)"
  "@catch2//:src/catch2/catch_user_config.hpp.in (null)"
  "//:polymorphic_value_test.cpp (null)"
  "//:polymorphic_value (059d78e)"
  "//:polymorphic_value (059d78e)" -> "//:polymorphic_value.h (null)"
  "//:polymorphic_value.h (null)"
}
