digraph mygraph {
  node [shape=box];
  "//:minifier (cd6efa8)"
  "//:minifier (cd6efa8)" -> "//:j2cl_license (HOST)"
  "//:minifier (cd6efa8)" -> "//tools/java/com/google/j2cl/tools/minifier:minifier (6d47b04)"
  "//tools/java/com/google/j2cl/tools/minifier:minifier (6d47b04)"
  "//tools/java/com/google/j2cl/tools/minifier:minifier (6d47b04)" -> "//third_party:guava (6d47b04)"
  "//tools/java/com/google/j2cl/tools/minifier:minifier (6d47b04)" -> "//third_party:jsr305_annotations (6d47b04)"
  "//tools/java/com/google/j2cl/tools/minifier:minifier (6d47b04)" -> "//tools/java/com/google/j2cl/tools/minifier:J2clMinifier.java (null)"
  "//tools/java/com/google/j2cl/tools/minifier:minifier (6d47b04)" -> "//tools/java/com/google/j2cl/tools/rta:code_removal_info_java_proto (6d47b04)"
  "//tools/java/com/google/j2cl/tools/rta:code_removal_info_java_proto (6d47b04)"
  "//tools/java/com/google/j2cl/tools/rta:code_removal_info_java_proto (6d47b04)" -> "//tools/java/com/google/j2cl/tools/rta:code_removal_info_proto (6d47b04)"
  "//tools/java/com/google/j2cl/tools/rta:code_removal_info_proto (6d47b04)"
  "//tools/java/com/google/j2cl/tools/rta:code_removal_info_proto (6d47b04)" -> "//tools/java/com/google/j2cl/tools/rta:code_removal_info.proto (null)"
  "//tools/java/com/google/j2cl/tools/rta:code_removal_info.proto (null)"
  "//tools/java/com/google/j2cl/tools/minifier:J2clMinifier.java (null)"
  "//third_party:jsr305_annotations (6d47b04)"
  "//third_party:jsr305_annotations (6d47b04)" -> "@com_google_code_findbugs_jsr305//:com_google_code_findbugs_jsr305 (6d47b04)"
  "//:junit_async_runner-j2cl (cd6efa8)"
  "//:junit_async_runner-j2cl (cd6efa8)" -> "//:j2cl_license (HOST)"
  "//:junit_async_runner-j2cl (cd6efa8)" -> "//junit/generator/java/com/google/j2cl/junit/async:async-j2cl (6d47b04)"
  "//junit/generator/java/com/google/j2cl/junit/async:async-j2cl (6d47b04)"
  "//junit/generator/java/com/google/j2cl/junit/async:async-j2cl (6d47b04)" -> "//:jre (6d47b04)"
  "//junit/generator/java/com/google/j2cl/junit/async:async-j2cl (6d47b04)" -> "//junit/generator/java/com/google/j2cl/junit/async:Timeout.java (null)"
  "//junit/generator/java/com/google/j2cl/junit/async:async-j2cl (6d47b04)" -> "//junit/generator/java/com/google/j2cl/junit/async:super/AsyncTestRunner.java (null)"
  "//junit/generator/java/com/google/j2cl/junit/async:async-j2cl (6d47b04)" -> "//third_party:junit-j2cl (6d47b04)"
  "//third_party:junit-j2cl (6d47b04)"
  "//third_party:junit-j2cl (6d47b04)" -> "//:junit (6d47b04)"
  "//junit/generator/java/com/google/j2cl/junit/async:super/AsyncTestRunner.java (null)"
  "//:junit_async_runner (cd6efa8)"
  "//:junit_async_runner (cd6efa8)" -> "//:j2cl_license (HOST)"
  "//:junit_async_runner (cd6efa8)" -> "//junit/generator/java/com/google/j2cl/junit/async:async (6d47b04)"
  "//junit/generator/java/com/google/j2cl/junit/async:async (6d47b04)"
  "//junit/generator/java/com/google/j2cl/junit/async:async (6d47b04)" -> "//junit/generator/java/com/google/j2cl/junit/async:AsyncTestRunner.java (null)"
  "//junit/generator/java/com/google/j2cl/junit/async:async (6d47b04)" -> "//junit/generator/java/com/google/j2cl/junit/async:Timeout.java (null)"
  "//junit/generator/java/com/google/j2cl/junit/async:async (6d47b04)" -> "//third_party:guava (6d47b04)"
  "//junit/generator/java/com/google/j2cl/junit/async:async (6d47b04)" -> "//third_party:junit (6d47b04)"
  "//third_party:guava (6d47b04)"
  "//third_party:guava (6d47b04)" -> "@com_google_guava//:com_google_guava (6d47b04)"
  "@com_google_guava//:com_google_guava (6d47b04)"
  "@com_google_guava//:com_google_guava (6d47b04)" -> "@com_google_code_findbugs_jsr305//:com_google_code_findbugs_jsr305 (6d47b04)"
  "@com_google_guava//:com_google_guava (6d47b04)" -> "@com_google_errorprone_error_prone_annotations//:com_google_errorprone_error_prone_annotations (6d47b04)"
  "@com_google_guava//:com_google_guava (6d47b04)" -> "@com_google_guava//:guava-32.1.1-jre.jar (null)"
  "@com_google_guava//:com_google_guava (6d47b04)" -> "@com_google_guava_failure_access//:com_google_guava_failure_access (6d47b04)"
  "@com_google_guava_failure_access//:com_google_guava_failure_access (6d47b04)"
  "@com_google_guava_failure_access//:com_google_guava_failure_access (6d47b04)" -> "@com_google_guava_failure_access//:failureaccess-1.0.1.jar (null)"
  "@com_google_guava_failure_access//:failureaccess-1.0.1.jar (null)"
  "@com_google_guava//:guava-32.1.1-jre.jar (null)"
  "@com_google_errorprone_error_prone_annotations//:com_google_errorprone_error_prone_annotations (6d47b04)"
  "@com_google_errorprone_error_prone_annotations//:com_google_errorprone_error_prone_annotations (6d47b04)" -> "@com_google_errorprone_error_prone_annotations//:error_prone_annotations-2.1.3.jar (null)"
  "@com_google_errorprone_error_prone_annotations//:error_prone_annotations-2.1.3.jar (null)"
  "@com_google_code_findbugs_jsr305//:com_google_code_findbugs_jsr305 (6d47b04)"
  "@com_google_code_findbugs_jsr305//:com_google_code_findbugs_jsr305 (6d47b04)" -> "@com_google_code_findbugs_jsr305//:jsr305-2.0.3.jar (null)"
  "@com_google_code_findbugs_jsr305//:jsr305-2.0.3.jar (null)"
  "//junit/generator/java/com/google/j2cl/junit/async:Timeout.java (null)"
  "//junit/generator/java/com/google/j2cl/junit/async:AsyncTestRunner.java (null)"
  "//:junit-j2wasm (cd6efa8)"
  "//:junit-j2wasm (cd6efa8)" -> "//:j2cl_license (HOST)"
  "//:junit-j2wasm (cd6efa8)" -> "//junit/emul/java:junit_emul-j2wasm (6d47b04)"
  "//junit/emul/java:junit_emul-j2wasm (6d47b04)"
  "//junit/emul/java:junit_emul-j2wasm (6d47b04)" -> "//junit/emul/java:junit/framework/Assert.java (null)\n//junit/emul/java:junit/framework/AssertionFailedError.java (null)\n//junit/emul/java:junit/framework/ComparisonCompactor.java (null)\n//junit/emul/java:junit/framework/ComparisonFailure.java (null)\n//junit/emul/java:junit/framework/Protectable.java (null)\n//junit/emul/java:junit/framework/TestCase.java (null)\n//junit/emul/java:org/junit/After.java (null)\n//junit/emul/java:org/junit/AfterClass.java (null)\n...and 20 more items"
  "//:junit-j2kt-jvm (cd6efa8)"
  "//:junit-j2kt-jvm (cd6efa8)" -> "//:j2cl_license (HOST)"
  "//:junit-j2kt-jvm (cd6efa8)" -> "//junit/emul/java:junit_emul-j2kt-jvm (6d47b04)"
  "//junit/emul/java:junit_emul-j2kt-jvm (6d47b04)"
  "//junit/emul/java:junit_emul-j2kt-jvm (6d47b04)" -> "//third_party:junit (6d47b04)"
  "//third_party:junit (6d47b04)"
  "//third_party:junit (6d47b04)" -> "@org_junit//jar:jar (6d47b04)"
  "@org_junit//jar:jar (6d47b04)"
  "@org_junit//jar:jar (6d47b04)" -> "@org_junit//:org_junit (6d47b04)"
  "@org_junit//:org_junit (6d47b04)"
  "@org_junit//:org_junit (6d47b04)" -> "@org_junit//:junit-4.13.2.jar (null)"
  "@org_junit//:junit-4.13.2.jar (null)"
  "//:junit (cd6efa8)"
  "//:junit (cd6efa8)" -> "//:j2cl_license (HOST)"
  "//:junit (cd6efa8)" -> "//junit/emul/java:junit_emul (6d47b04)"
  "//:junit (6d47b04)"
  "//:junit (6d47b04)" -> "//:j2cl_license (HOST)"
  "//:junit (6d47b04)" -> "//junit/emul/java:junit_emul (6d47b04)"
  "//junit/emul/java:junit_emul (6d47b04)"
  "//junit/emul/java:junit_emul (6d47b04)" -> "//:jre (6d47b04)"
  "//junit/emul/java:junit_emul (6d47b04)" -> "//junit/emul/java:junit/framework/Assert.java (null)\n//junit/emul/java:junit/framework/AssertionFailedError.java (null)\n//junit/emul/java:junit/framework/ComparisonCompactor.java (null)\n//junit/emul/java:junit/framework/ComparisonFailure.java (null)\n//junit/emul/java:junit/framework/Protectable.java (null)\n//junit/emul/java:junit/framework/TestCase.java (null)\n//junit/emul/java:org/junit/After.java (null)\n//junit/emul/java:org/junit/AfterClass.java (null)\n...and 20 more items"
  "//junit/emul/java:junit/framework/Assert.java (null)\n//junit/emul/java:junit/framework/AssertionFailedError.java (null)\n//junit/emul/java:junit/framework/ComparisonCompactor.java (null)\n//junit/emul/java:junit/framework/ComparisonFailure.java (null)\n//junit/emul/java:junit/framework/Protectable.java (null)\n//junit/emul/java:junit/framework/TestCase.java (null)\n//junit/emul/java:org/junit/After.java (null)\n//junit/emul/java:org/junit/AfterClass.java (null)\n...and 20 more items"
  "//:jsinterop-annotations-j2wasm (cd6efa8)"
  "//:jsinterop-annotations-j2wasm (cd6efa8)" -> "//:j2cl_license (HOST)"
  "//:jsinterop-annotations-j2wasm (cd6efa8)" -> "//third_party:gwt-jsinterop-annotations-j2wasm (cd6efa8)"
  "//third_party:gwt-jsinterop-annotations-j2wasm (cd6efa8)"
  "//third_party:gwt-jsinterop-annotations-j2wasm (cd6efa8)" -> "@com_google_jsinterop_annotations-j2cl//:jsinterop-annotations-j2wasm (cd6efa8)"
  "@com_google_jsinterop_annotations-j2cl//:jsinterop-annotations-j2wasm (cd6efa8)"
  "@com_google_jsinterop_annotations-j2cl//:jsinterop-annotations-j2wasm (cd6efa8)" -> "@com_google_jsinterop_annotations-j2cl//:license (HOST)"
  "@com_google_jsinterop_annotations-j2cl//:jsinterop-annotations-j2wasm (cd6efa8)" -> "@com_google_jsinterop_annotations-j2cl//java/jsinterop/annotations:annotations-j2wasm (6d47b04)"
  "@com_google_jsinterop_annotations-j2cl//java/jsinterop/annotations:annotations-j2wasm (6d47b04)"
  "@com_google_jsinterop_annotations-j2cl//java/jsinterop/annotations:annotations-j2wasm (6d47b04)" -> "@com_google_jsinterop_annotations-j2cl//java/jsinterop/annotations:annotations_jar (6d47b04)"
  "//:jsinterop-annotations-j2kt-jvm (cd6efa8)"
  "//:jsinterop-annotations-j2kt-jvm (cd6efa8)" -> "//:j2cl_license (HOST)"
  "//:jsinterop-annotations-j2kt-jvm (cd6efa8)" -> "//third_party:gwt-jsinterop-annotations-j2kt-jvm (cd6efa8)"
  "//third_party:gwt-jsinterop-annotations-j2kt-jvm (cd6efa8)"
  "//third_party:gwt-jsinterop-annotations-j2kt-jvm (cd6efa8)" -> "@com_google_jsinterop_annotations-j2cl//:jsinterop-annotations-j2kt-jvm (cd6efa8)"
  "@com_google_jsinterop_annotations-j2cl//:jsinterop-annotations-j2kt-jvm (cd6efa8)"
  "@com_google_jsinterop_annotations-j2cl//:jsinterop-annotations-j2kt-jvm (cd6efa8)" -> "@com_google_jsinterop_annotations-j2cl//:license (HOST)"
  "@com_google_jsinterop_annotations-j2cl//:jsinterop-annotations-j2kt-jvm (cd6efa8)" -> "@com_google_jsinterop_annotations-j2cl//java/jsinterop/annotations:annotations-j2kt-jvm (6d47b04)"
  "@com_google_jsinterop_annotations-j2cl//java/jsinterop/annotations:annotations-j2kt-jvm (6d47b04)"
  "@com_google_jsinterop_annotations-j2cl//java/jsinterop/annotations:annotations-j2kt-jvm (6d47b04)" -> "@com_google_jsinterop_annotations-j2cl//java/jsinterop/annotations:annotations_jar (6d47b04)"
  "//:jsinterop-annotations-j2cl (cd6efa8)"
  "//:jsinterop-annotations-j2cl (cd6efa8)" -> "//:j2cl_license (HOST)"
  "//:jsinterop-annotations-j2cl (cd6efa8)" -> "//third_party:gwt-jsinterop-annotations-j2cl (cd6efa8)"
  "//third_party:gwt-jsinterop-annotations-j2cl (cd6efa8)"
  "//third_party:gwt-jsinterop-annotations-j2cl (cd6efa8)" -> "@com_google_jsinterop_annotations-j2cl//:jsinterop-annotations-j2cl (cd6efa8)"
  "@com_google_jsinterop_annotations-j2cl//:jsinterop-annotations-j2cl (cd6efa8)"
  "@com_google_jsinterop_annotations-j2cl//:jsinterop-annotations-j2cl (cd6efa8)" -> "@com_google_jsinterop_annotations-j2cl//:license (HOST)"
  "@com_google_jsinterop_annotations-j2cl//:jsinterop-annotations-j2cl (cd6efa8)" -> "@com_google_jsinterop_annotations-j2cl//java/jsinterop/annotations:annotations-j2cl (6d47b04)"
  "//:jsinterop-annotations (cd6efa8)"
  "//:jsinterop-annotations (cd6efa8)" -> "//:j2cl_license (HOST)"
  "//:jsinterop-annotations (cd6efa8)" -> "//third_party:gwt-jsinterop-annotations (cd6efa8)"
  "//third_party:gwt-jsinterop-annotations (cd6efa8)"
  "//third_party:gwt-jsinterop-annotations (cd6efa8)" -> "@com_google_jsinterop_annotations-j2cl//:jsinterop-annotations (cd6efa8)"
  "@com_google_jsinterop_annotations-j2cl//:jsinterop-annotations (cd6efa8)"
  "@com_google_jsinterop_annotations-j2cl//:jsinterop-annotations (cd6efa8)" -> "@com_google_jsinterop_annotations-j2cl//:license (HOST)"
  "@com_google_jsinterop_annotations-j2cl//:jsinterop-annotations (cd6efa8)" -> "@com_google_jsinterop_annotations-j2cl//java/jsinterop/annotations:annotations (6d47b04)"
  "//:jre (6d47b04)"
  "//:jre (6d47b04)" -> "//jre/java:jre (6d47b04)"
  "//jre/java:jre (6d47b04)"
  "//jre/java:jre (6d47b04)" -> "//jre/java:javaemul_internal_annotations-j2cl (6d47b04)"
  "//jre/java:jre (6d47b04)" -> "//jre/java:jre_externs (6d47b04)"
  "//jre/java:jre (6d47b04)" -> "//jre/java:jre_java_files (6d47b04)"
  "//jre/java:jre (6d47b04)" -> "//jre/java:jre_native_files (6d47b04)"
  "//jre/java:jre (6d47b04)" -> "//third_party:closure_math_long (6d47b04)"
  "//jre/java:jre (6d47b04)" -> "//third_party:closure_reflect (6d47b04)"
  "//jre/java:jre (6d47b04)" -> "//third_party:gwt-jsinterop-annotations-j2cl (6d47b04)"
  "//third_party:gwt-jsinterop-annotations-j2cl (6d47b04)"
  "//third_party:gwt-jsinterop-annotations-j2cl (6d47b04)" -> "@com_google_jsinterop_annotations-j2cl//:jsinterop-annotations-j2cl (6d47b04)"
  "@com_google_jsinterop_annotations-j2cl//:jsinterop-annotations-j2cl (6d47b04)"
  "@com_google_jsinterop_annotations-j2cl//:jsinterop-annotations-j2cl (6d47b04)" -> "@com_google_jsinterop_annotations-j2cl//:license (HOST)"
  "@com_google_jsinterop_annotations-j2cl//:jsinterop-annotations-j2cl (6d47b04)" -> "@com_google_jsinterop_annotations-j2cl//java/jsinterop/annotations:annotations-j2cl (6d47b04)"
  "@com_google_jsinterop_annotations-j2cl//java/jsinterop/annotations:annotations-j2cl (6d47b04)"
  "@com_google_jsinterop_annotations-j2cl//java/jsinterop/annotations:annotations-j2cl (6d47b04)" -> "@com_google_jsinterop_annotations-j2cl//java/jsinterop/annotations:annotations_jar (6d47b04)"
  "@com_google_jsinterop_annotations-j2cl//java/jsinterop/annotations:annotations_jar (6d47b04)"
  "@com_google_jsinterop_annotations-j2cl//java/jsinterop/annotations:annotations_jar (6d47b04)" -> "@com_google_jsinterop_annotations-j2cl//java/jsinterop/annotations:libannotations.jar (6d47b04)"
  "@com_google_jsinterop_annotations-j2cl//java/jsinterop/annotations:libannotations.jar (6d47b04)"
  "@com_google_jsinterop_annotations-j2cl//java/jsinterop/annotations:libannotations.jar (6d47b04)" -> "@com_google_jsinterop_annotations-j2cl//java/jsinterop/annotations:annotations (6d47b04)"
  "@com_google_jsinterop_annotations-j2cl//java/jsinterop/annotations:annotations (6d47b04)"
  "@com_google_jsinterop_annotations-j2cl//java/jsinterop/annotations:annotations (6d47b04)" -> "@com_google_jsinterop_annotations-j2cl//java/jsinterop/annotations:JsAsync.java (null)\n@com_google_jsinterop_annotations-j2cl//java/jsinterop/annotations:JsConstructor.java (null)\n@com_google_jsinterop_annotations-j2cl//java/jsinterop/annotations:JsEnum.java (null)\n@com_google_jsinterop_annotations-j2cl//java/jsinterop/annotations:JsFunction.java (null)\n@com_google_jsinterop_annotations-j2cl//java/jsinterop/annotations:JsIgnore.java (null)\n...and 8 more items"
  "@com_google_jsinterop_annotations-j2cl//java/jsinterop/annotations:JsAsync.java (null)\n@com_google_jsinterop_annotations-j2cl//java/jsinterop/annotations:JsConstructor.java (null)\n@com_google_jsinterop_annotations-j2cl//java/jsinterop/annotations:JsEnum.java (null)\n@com_google_jsinterop_annotations-j2cl//java/jsinterop/annotations:JsFunction.java (null)\n@com_google_jsinterop_annotations-j2cl//java/jsinterop/annotations:JsIgnore.java (null)\n...and 8 more items"
  "@com_google_jsinterop_annotations-j2cl//:license (HOST)"
  "@com_google_jsinterop_annotations-j2cl//:license (HOST)" -> "@com_google_jsinterop_annotations-j2cl//:LICENSE (null)"
  "@com_google_jsinterop_annotations-j2cl//:LICENSE (null)"
  "//third_party:closure_reflect (6d47b04)"
  "//third_party:closure_reflect (6d47b04)" -> "@com_google_javascript_closure_library//closure/goog/reflect:reflect (6d47b04)"
  "//third_party:closure_math_long (6d47b04)"
  "//third_party:closure_math_long (6d47b04)" -> "@com_google_javascript_closure_library//closure/goog/math:long (6d47b04)"
  "@com_google_javascript_closure_library//closure/goog/math:long (6d47b04)"
  "@com_google_javascript_closure_library//closure/goog/math:long (6d47b04)" -> "@com_google_javascript_closure_library//closure/goog/asserts:asserts (6d47b04)"
  "@com_google_javascript_closure_library//closure/goog/math:long (6d47b04)" -> "@com_google_javascript_closure_library//closure/goog/math:long.js (null)"
  "@com_google_javascript_closure_library//closure/goog/math:long (6d47b04)" -> "@com_google_javascript_closure_library//closure/goog/reflect:reflect (6d47b04)"
  "@com_google_javascript_closure_library//closure/goog/reflect:reflect (6d47b04)"
  "@com_google_javascript_closure_library//closure/goog/reflect:reflect (6d47b04)" -> "@com_google_javascript_closure_library//closure/goog/reflect:reflect.js (null)"
  "@com_google_javascript_closure_library//closure/goog/reflect:reflect.js (null)"
  "@com_google_javascript_closure_library//closure/goog/math:long.js (null)"
  "@com_google_javascript_closure_library//closure/goog/asserts:asserts (6d47b04)"
  "@com_google_javascript_closure_library//closure/goog/asserts:asserts (6d47b04)" -> "@com_google_javascript_closure_library//closure/goog/asserts:asserts.js (null)"
  "@com_google_javascript_closure_library//closure/goog/asserts:asserts (6d47b04)" -> "@com_google_javascript_closure_library//closure/goog/debug:error (6d47b04)"
  "@com_google_javascript_closure_library//closure/goog/asserts:asserts (6d47b04)" -> "@com_google_javascript_closure_library//closure/goog/dom:nodetype (6d47b04)"
  "@com_google_javascript_closure_library//closure/goog/dom:nodetype (6d47b04)"
  "@com_google_javascript_closure_library//closure/goog/dom:nodetype (6d47b04)" -> "@com_google_javascript_closure_library//closure/goog/dom:nodetype.js (null)"
  "@com_google_javascript_closure_library//closure/goog/dom:nodetype.js (null)"
  "@com_google_javascript_closure_library//closure/goog/debug:error (6d47b04)"
  "@com_google_javascript_closure_library//closure/goog/debug:error (6d47b04)" -> "@com_google_javascript_closure_library//closure/goog/debug:error.js (null)"
  "@com_google_javascript_closure_library//closure/goog/debug:error.js (null)"
  "@com_google_javascript_closure_library//closure/goog/asserts:asserts.js (null)"
  "//jre/java:jre_native_files (6d47b04)"
  "//jre/java:jre_native_files (6d47b04)" -> "//jre/java:java/lang/Class.native.js (null)\n//jre/java:java/lang/IntegralToString.native.js (null)\n//jre/java:java/lang/jre.js (null)\n//jre/java:javaemul/internal/Casts.native.js (null)\n//jre/java:javaemul/internal/ConsoleLogger.native.js (null)\n//jre/java:javaemul/internal/Constructor.js (null)\n//jre/java:javaemul/internal/HashCodes.native.js (null)\n//jre/java:javaemul/internal/JsUtils.native.js (null)\n//jre/java:javaemul/internal/Objects.native.js (null)\n...and 16 more items"
  "//jre/java:jre_native_files (6d47b04)" -> "//jre/java/javaemul/internal/vmbootstrap/primitives:primitives (6d47b04)"
  "//jre/java/javaemul/internal/vmbootstrap/primitives:primitives (6d47b04)"
  "//jre/java/javaemul/internal/vmbootstrap/primitives:primitives (6d47b04)" -> "//jre/java/javaemul/internal/vmbootstrap/primitives:src_boolean (6d47b04)"
  "//jre/java/javaemul/internal/vmbootstrap/primitives:primitives (6d47b04)" -> "//jre/java/javaemul/internal/vmbootstrap/primitives:src_byte (6d47b04)"
  "//jre/java/javaemul/internal/vmbootstrap/primitives:primitives (6d47b04)" -> "//jre/java/javaemul/internal/vmbootstrap/primitives:src_char (6d47b04)"
  "//jre/java/javaemul/internal/vmbootstrap/primitives:primitives (6d47b04)" -> "//jre/java/javaemul/internal/vmbootstrap/primitives:src_double (6d47b04)"
  "//jre/java/javaemul/internal/vmbootstrap/primitives:primitives (6d47b04)" -> "//jre/java/javaemul/internal/vmbootstrap/primitives:src_float (6d47b04)"
  "//jre/java/javaemul/internal/vmbootstrap/primitives:primitives (6d47b04)" -> "//jre/java/javaemul/internal/vmbootstrap/primitives:src_int (6d47b04)"
  "//jre/java/javaemul/internal/vmbootstrap/primitives:primitives (6d47b04)" -> "//jre/java/javaemul/internal/vmbootstrap/primitives:src_long (6d47b04)"
  "//jre/java/javaemul/internal/vmbootstrap/primitives:primitives (6d47b04)" -> "//jre/java/javaemul/internal/vmbootstrap/primitives:src_short (6d47b04)"
  "//jre/java/javaemul/internal/vmbootstrap/primitives:primitives (6d47b04)" -> "//jre/java/javaemul/internal/vmbootstrap/primitives:src_void (6d47b04)"
  "//jre/java/javaemul/internal/vmbootstrap/primitives:src_void (6d47b04)"
  "//jre/java/javaemul/internal/vmbootstrap/primitives:src_void (6d47b04)" -> "//jre/java/javaemul/internal/vmbootstrap/primitives:src_voidprimitive_impl_java_js (6d47b04)"
  "//jre/java/javaemul/internal/vmbootstrap/primitives:src_void (6d47b04)" -> "//jre/java/javaemul/internal/vmbootstrap/primitives:src_voidprimitive_java_js (6d47b04)"
  "//jre/java/javaemul/internal/vmbootstrap/primitives:src_voidprimitive_java_js (6d47b04)"
  "//jre/java/javaemul/internal/vmbootstrap/primitives:src_voidprimitive_java_js (6d47b04)" -> "//jre/java/javaemul/internal/vmbootstrap/primitives:primitive.java.js.template (null)"
  "//jre/java/javaemul/internal/vmbootstrap/primitives:src_voidprimitive_impl_java_js (6d47b04)"
  "//jre/java/javaemul/internal/vmbootstrap/primitives:src_voidprimitive_impl_java_js (6d47b04)" -> "//jre/java/javaemul/internal/vmbootstrap/primitives:primitive.impl.java.js.template (null)"
  "//jre/java/javaemul/internal/vmbootstrap/primitives:src_short (6d47b04)"
  "//jre/java/javaemul/internal/vmbootstrap/primitives:src_short (6d47b04)" -> "//jre/java/javaemul/internal/vmbootstrap/primitives:src_shortprimitive_impl_java_js (6d47b04)"
  "//jre/java/javaemul/internal/vmbootstrap/primitives:src_short (6d47b04)" -> "//jre/java/javaemul/internal/vmbootstrap/primitives:src_shortprimitive_java_js (6d47b04)"
  "//jre/java/javaemul/internal/vmbootstrap/primitives:src_shortprimitive_java_js (6d47b04)"
  "//jre/java/javaemul/internal/vmbootstrap/primitives:src_shortprimitive_java_js (6d47b04)" -> "//jre/java/javaemul/internal/vmbootstrap/primitives:primitive.java.js.template (null)"
  "//jre/java/javaemul/internal/vmbootstrap/primitives:src_shortprimitive_impl_java_js (6d47b04)"
  "//jre/java/javaemul/internal/vmbootstrap/primitives:src_shortprimitive_impl_java_js (6d47b04)" -> "//jre/java/javaemul/internal/vmbootstrap/primitives:primitive.impl.java.js.template (null)"
  "//jre/java/javaemul/internal/vmbootstrap/primitives:src_long (6d47b04)"
  "//jre/java/javaemul/internal/vmbootstrap/primitives:src_long (6d47b04)" -> "//jre/java/javaemul/internal/vmbootstrap/primitives:src_longprimitive_impl_java_js (6d47b04)"
  "//jre/java/javaemul/internal/vmbootstrap/primitives:src_long (6d47b04)" -> "//jre/java/javaemul/internal/vmbootstrap/primitives:src_longprimitive_java_js (6d47b04)"
  "//jre/java/javaemul/internal/vmbootstrap/primitives:src_longprimitive_java_js (6d47b04)"
  "//jre/java/javaemul/internal/vmbootstrap/primitives:src_longprimitive_java_js (6d47b04)" -> "//jre/java/javaemul/internal/vmbootstrap/primitives:primitive.java.js.template (null)"
  "//jre/java/javaemul/internal/vmbootstrap/primitives:src_longprimitive_impl_java_js (6d47b04)"
  "//jre/java/javaemul/internal/vmbootstrap/primitives:src_longprimitive_impl_java_js (6d47b04)" -> "//jre/java/javaemul/internal/vmbootstrap/primitives:primitive.impl.java.js.template (null)"
  "//jre/java/javaemul/internal/vmbootstrap/primitives:src_int (6d47b04)"
  "//jre/java/javaemul/internal/vmbootstrap/primitives:src_int (6d47b04)" -> "//jre/java/javaemul/internal/vmbootstrap/primitives:src_intprimitive_impl_java_js (6d47b04)"
  "//jre/java/javaemul/internal/vmbootstrap/primitives:src_int (6d47b04)" -> "//jre/java/javaemul/internal/vmbootstrap/primitives:src_intprimitive_java_js (6d47b04)"
  "//jre/java/javaemul/internal/vmbootstrap/primitives:src_intprimitive_java_js (6d47b04)"
  "//jre/java/javaemul/internal/vmbootstrap/primitives:src_intprimitive_java_js (6d47b04)" -> "//jre/java/javaemul/internal/vmbootstrap/primitives:primitive.java.js.template (null)"
  "//jre/java/javaemul/internal/vmbootstrap/primitives:src_intprimitive_impl_java_js (6d47b04)"
  "//jre/java/javaemul/internal/vmbootstrap/primitives:src_intprimitive_impl_java_js (6d47b04)" -> "//jre/java/javaemul/internal/vmbootstrap/primitives:primitive.impl.java.js.template (null)"
  "//jre/java/javaemul/internal/vmbootstrap/primitives:src_float (6d47b04)"
  "//jre/java/javaemul/internal/vmbootstrap/primitives:src_float (6d47b04)" -> "//jre/java/javaemul/internal/vmbootstrap/primitives:src_floatprimitive_impl_java_js (6d47b04)"
  "//jre/java/javaemul/internal/vmbootstrap/primitives:src_float (6d47b04)" -> "//jre/java/javaemul/internal/vmbootstrap/primitives:src_floatprimitive_java_js (6d47b04)"
  "//jre/java/javaemul/internal/vmbootstrap/primitives:src_floatprimitive_java_js (6d47b04)"
  "//jre/java/javaemul/internal/vmbootstrap/primitives:src_floatprimitive_java_js (6d47b04)" -> "//jre/java/javaemul/internal/vmbootstrap/primitives:primitive.java.js.template (null)"
  "//jre/java/javaemul/internal/vmbootstrap/primitives:src_floatprimitive_impl_java_js (6d47b04)"
  "//jre/java/javaemul/internal/vmbootstrap/primitives:src_floatprimitive_impl_java_js (6d47b04)" -> "//jre/java/javaemul/internal/vmbootstrap/primitives:primitive.impl.java.js.template (null)"
  "//jre/java/javaemul/internal/vmbootstrap/primitives:src_double (6d47b04)"
  "//jre/java/javaemul/internal/vmbootstrap/primitives:src_double (6d47b04)" -> "//jre/java/javaemul/internal/vmbootstrap/primitives:src_doubleprimitive_impl_java_js (6d47b04)"
  "//jre/java/javaemul/internal/vmbootstrap/primitives:src_double (6d47b04)" -> "//jre/java/javaemul/internal/vmbootstrap/primitives:src_doubleprimitive_java_js (6d47b04)"
  "//jre/java/javaemul/internal/vmbootstrap/primitives:src_doubleprimitive_java_js (6d47b04)"
  "//jre/java/javaemul/internal/vmbootstrap/primitives:src_doubleprimitive_java_js (6d47b04)" -> "//jre/java/javaemul/internal/vmbootstrap/primitives:primitive.java.js.template (null)"
  "//jre/java/javaemul/internal/vmbootstrap/primitives:src_doubleprimitive_impl_java_js (6d47b04)"
  "//jre/java/javaemul/internal/vmbootstrap/primitives:src_doubleprimitive_impl_java_js (6d47b04)" -> "//jre/java/javaemul/internal/vmbootstrap/primitives:primitive.impl.java.js.template (null)"
  "//jre/java/javaemul/internal/vmbootstrap/primitives:src_char (6d47b04)"
  "//jre/java/javaemul/internal/vmbootstrap/primitives:src_char (6d47b04)" -> "//jre/java/javaemul/internal/vmbootstrap/primitives:src_charprimitive_impl_java_js (6d47b04)"
  "//jre/java/javaemul/internal/vmbootstrap/primitives:src_char (6d47b04)" -> "//jre/java/javaemul/internal/vmbootstrap/primitives:src_charprimitive_java_js (6d47b04)"
  "//jre/java/javaemul/internal/vmbootstrap/primitives:src_charprimitive_java_js (6d47b04)"
  "//jre/java/javaemul/internal/vmbootstrap/primitives:src_charprimitive_java_js (6d47b04)" -> "//jre/java/javaemul/internal/vmbootstrap/primitives:primitive.java.js.template (null)"
  "//jre/java/javaemul/internal/vmbootstrap/primitives:src_charprimitive_impl_java_js (6d47b04)"
  "//jre/java/javaemul/internal/vmbootstrap/primitives:src_charprimitive_impl_java_js (6d47b04)" -> "//jre/java/javaemul/internal/vmbootstrap/primitives:primitive.impl.java.js.template (null)"
  "//jre/java/javaemul/internal/vmbootstrap/primitives:src_byte (6d47b04)"
  "//jre/java/javaemul/internal/vmbootstrap/primitives:src_byte (6d47b04)" -> "//jre/java/javaemul/internal/vmbootstrap/primitives:src_byteprimitive_impl_java_js (6d47b04)"
  "//jre/java/javaemul/internal/vmbootstrap/primitives:src_byte (6d47b04)" -> "//jre/java/javaemul/internal/vmbootstrap/primitives:src_byteprimitive_java_js (6d47b04)"
  "//jre/java/javaemul/internal/vmbootstrap/primitives:src_byteprimitive_java_js (6d47b04)"
  "//jre/java/javaemul/internal/vmbootstrap/primitives:src_byteprimitive_java_js (6d47b04)" -> "//jre/java/javaemul/internal/vmbootstrap/primitives:primitive.java.js.template (null)"
  "//jre/java/javaemul/internal/vmbootstrap/primitives:src_byteprimitive_impl_java_js (6d47b04)"
  "//jre/java/javaemul/internal/vmbootstrap/primitives:src_byteprimitive_impl_java_js (6d47b04)" -> "//jre/java/javaemul/internal/vmbootstrap/primitives:primitive.impl.java.js.template (null)"
  "//jre/java/javaemul/internal/vmbootstrap/primitives:src_boolean (6d47b04)"
  "//jre/java/javaemul/internal/vmbootstrap/primitives:src_boolean (6d47b04)" -> "//jre/java/javaemul/internal/vmbootstrap/primitives:src_booleanprimitive_impl_java_js (6d47b04)"
  "//jre/java/javaemul/internal/vmbootstrap/primitives:src_boolean (6d47b04)" -> "//jre/java/javaemul/internal/vmbootstrap/primitives:src_booleanprimitive_java_js (6d47b04)"
  "//jre/java/javaemul/internal/vmbootstrap/primitives:src_booleanprimitive_java_js (6d47b04)"
  "//jre/java/javaemul/internal/vmbootstrap/primitives:src_booleanprimitive_java_js (6d47b04)" -> "//jre/java/javaemul/internal/vmbootstrap/primitives:primitive.java.js.template (null)"
  "//jre/java/javaemul/internal/vmbootstrap/primitives:primitive.java.js.template (null)"
  "//jre/java/javaemul/internal/vmbootstrap/primitives:src_booleanprimitive_impl_java_js (6d47b04)"
  "//jre/java/javaemul/internal/vmbootstrap/primitives:src_booleanprimitive_impl_java_js (6d47b04)" -> "//jre/java/javaemul/internal/vmbootstrap/primitives:primitive.impl.java.js.template (null)"
  "//jre/java/javaemul/internal/vmbootstrap/primitives:primitive.impl.java.js.template (null)"
  "//jre/java:java/lang/Class.native.js (null)\n//jre/java:java/lang/IntegralToString.native.js (null)\n//jre/java:java/lang/jre.js (null)\n//jre/java:javaemul/internal/Casts.native.js (null)\n//jre/java:javaemul/internal/ConsoleLogger.native.js (null)\n//jre/java:javaemul/internal/Constructor.js (null)\n//jre/java:javaemul/internal/HashCodes.native.js (null)\n//jre/java:javaemul/internal/JsUtils.native.js (null)\n//jre/java:javaemul/internal/Objects.native.js (null)\n...and 16 more items"
  "//jre/java:jre_java_files (6d47b04)"
  "//jre/java:jre_java_files (6d47b04)" -> "//jre/java:java/io/BufferedWriter.java (null)\n//jre/java:java/io/ByteArrayInputStream.java (null)\n//jre/java:java/io/ByteArrayOutputStream.java (null)\n//jre/java:java/io/Closeable.java (null)\n//jre/java:java/io/FilterInputStream.java (null)\n//jre/java:java/io/FilterOutputStream.java (null)\n//jre/java:java/io/Flushable.java (null)\n//jre/java:java/io/HasSerializableTypeMarker.java (null)\n//jre/java:java/io/IOException.java (null)\n//jre/java:java/io/IOUtils.java (null)\n...and 297 more items"
  "//jre/java:java/io/BufferedWriter.java (null)\n//jre/java:java/io/ByteArrayInputStream.java (null)\n//jre/java:java/io/ByteArrayOutputStream.java (null)\n//jre/java:java/io/Closeable.java (null)\n//jre/java:java/io/FilterInputStream.java (null)\n//jre/java:java/io/FilterOutputStream.java (null)\n//jre/java:java/io/Flushable.java (null)\n//jre/java:java/io/HasSerializableTypeMarker.java (null)\n//jre/java:java/io/IOException.java (null)\n//jre/java:java/io/IOUtils.java (null)\n...and 297 more items"
  "//jre/java:jre_externs (6d47b04)"
  "//jre/java:jre_externs (6d47b04)" -> "//jre/java:java/lang/externs.js (null)"
  "//jre/java:java/lang/externs.js (null)"
  "//jre/java:javaemul_internal_annotations-j2cl (6d47b04)"
  "//jre/java:javaemul_internal_annotations-j2cl (6d47b04)" -> "//jre/java:javaemul_internal_annotations (6d47b04)"
  "//jre/java:javaemul_internal_annotations (6d47b04)"
  "//jre/java:javaemul_internal_annotations (6d47b04)" -> "//jre/java:javaemul/internal/annotations/CompilerHint.java (null)\n//jre/java:javaemul/internal/annotations/DoNotAutobox.java (null)\n//jre/java:javaemul/internal/annotations/ForceInline.java (null)\n//jre/java:javaemul/internal/annotations/HasNoSideEffects.java (null)\n//jre/java:javaemul/internal/annotations/KtDisabled.java (null)\n//jre/java:javaemul/internal/annotations/KtIn.java (null)\n//jre/java:javaemul/internal/annotations/KtName.java (null)\n...and 5 more items"
  "//jre/java:javaemul/internal/annotations/CompilerHint.java (null)\n//jre/java:javaemul/internal/annotations/DoNotAutobox.java (null)\n//jre/java:javaemul/internal/annotations/ForceInline.java (null)\n//jre/java:javaemul/internal/annotations/HasNoSideEffects.java (null)\n//jre/java:javaemul/internal/annotations/KtDisabled.java (null)\n//jre/java:javaemul/internal/annotations/KtIn.java (null)\n//jre/java:javaemul/internal/annotations/KtName.java (null)\n...and 5 more items"
  "//:j2cl_license (6d47b04)"
  "//:j2cl_license (6d47b04)" -> "//:LICENSE (null)"
  "//:j2cl_license (HOST)"
  "//:j2cl_license (HOST)" -> "//:LICENSE (null)"
  "//:experimental_java_frontend (6d47b04)"
  "//:LICENSE (null)"
}
