digraph mygraph {
  node [shape=box];
  "//:dictionary (4e67ca8)"
  "//:dictionary (4e67ca8)" -> "//:c/common/dictionary.bin (null)"
  "//:darwin (4e67ca8)\n//:darwin_x86_64 (4e67ca8)\n//:windows (4e67ca8)\n//:windows_msvc (4e67ca8)\n//:windows_msys (4e67ca8)"
  "//:c/common/dictionary.bin (null)"
  "//:brotli (4e67ca8)"
  "//:brotli (4e67ca8)" -> "//:brotlidec (4e67ca8)"
  "//:brotli (4e67ca8)" -> "//:brotlienc (4e67ca8)"
  "//:brotli (4e67ca8)" -> "//:c/tools/brotli.c (null)"
  "//:brotli (4e67ca8)" -> "//:clang-cl (4e67ca8)\n//:msvc (4e67ca8)"
  "//:c/tools/brotli.c (null)"
  "//:brotlienc (4e67ca8)"
  "//:brotlienc (4e67ca8)" -> "//:brotlicommon (4e67ca8)"
  "//:brotlienc (4e67ca8)" -> "//:clang-cl (4e67ca8)\n//:msvc (4e67ca8)"
  "//:brotlienc (4e67ca8)" -> "//:enc_headers (4e67ca8)"
  "//:brotlienc (4e67ca8)" -> "//:enc_sources (4e67ca8)"
  "//:enc_sources (4e67ca8)"
  "//:enc_sources (4e67ca8)" -> "//:c/enc/backward_references.c (null)\n//:c/enc/backward_references_hq.c (null)\n//:c/enc/bit_cost.c (null)\n//:c/enc/block_splitter.c (null)\n//:c/enc/brotli_bit_stream.c (null)\n//:c/enc/cluster.c (null)\n//:c/enc/command.c (null)\n//:c/enc/compound_dictionary.c (null)\n//:c/enc/compress_fragment.c (null)\n//:c/enc/compress_fragment_two_pass.c (null)\n//:c/enc/dictionary_hash.c (null)\n//:c/enc/encode.c (null)\n//:c/enc/encoder_dict.c (null)\n//:c/enc/entropy_encode.c (null)\n...and 7 more items"
  "//:c/enc/backward_references.c (null)\n//:c/enc/backward_references_hq.c (null)\n//:c/enc/bit_cost.c (null)\n//:c/enc/block_splitter.c (null)\n//:c/enc/brotli_bit_stream.c (null)\n//:c/enc/cluster.c (null)\n//:c/enc/command.c (null)\n//:c/enc/compound_dictionary.c (null)\n//:c/enc/compress_fragment.c (null)\n//:c/enc/compress_fragment_two_pass.c (null)\n//:c/enc/dictionary_hash.c (null)\n//:c/enc/encode.c (null)\n//:c/enc/encoder_dict.c (null)\n//:c/enc/entropy_encode.c (null)\n...and 7 more items"
  "//:enc_headers (4e67ca8)"
  "//:enc_headers (4e67ca8)" -> "//:c/enc/backward_references.h (null)\n//:c/enc/backward_references_hq.h (null)\n//:c/enc/backward_references_inc.h (null)\n//:c/enc/bit_cost.h (null)\n//:c/enc/bit_cost_inc.h (null)\n//:c/enc/block_encoder_inc.h (null)\n//:c/enc/block_splitter.h (null)\n//:c/enc/block_splitter_inc.h (null)\n//:c/enc/brotli_bit_stream.h (null)\n//:c/enc/cluster.h (null)\n//:c/enc/cluster_inc.h (null)\n//:c/enc/command.h (null)\n//:c/enc/compound_dictionary.h (null)\n...and 31 more items"
  "//:c/enc/backward_references.h (null)\n//:c/enc/backward_references_hq.h (null)\n//:c/enc/backward_references_inc.h (null)\n//:c/enc/bit_cost.h (null)\n//:c/enc/bit_cost_inc.h (null)\n//:c/enc/block_encoder_inc.h (null)\n//:c/enc/block_splitter.h (null)\n//:c/enc/block_splitter_inc.h (null)\n//:c/enc/brotli_bit_stream.h (null)\n//:c/enc/cluster.h (null)\n//:c/enc/cluster_inc.h (null)\n//:c/enc/command.h (null)\n//:c/enc/compound_dictionary.h (null)\n...and 31 more items"
  "//:brotlidec (4e67ca8)"
  "//:brotlidec (4e67ca8)" -> "//:brotlicommon (4e67ca8)"
  "//:brotlidec (4e67ca8)" -> "//:clang-cl (4e67ca8)\n//:msvc (4e67ca8)"
  "//:brotlidec (4e67ca8)" -> "//:dec_headers (4e67ca8)"
  "//:brotlidec (4e67ca8)" -> "//:dec_sources (4e67ca8)"
  "//:dec_sources (4e67ca8)"
  "//:dec_sources (4e67ca8)" -> "//:c/dec/bit_reader.c (null)\n//:c/dec/decode.c (null)\n//:c/dec/huffman.c (null)\n//:c/dec/state.c (null)"
  "//:c/dec/bit_reader.c (null)\n//:c/dec/decode.c (null)\n//:c/dec/huffman.c (null)\n//:c/dec/state.c (null)"
  "//:dec_headers (4e67ca8)"
  "//:dec_headers (4e67ca8)" -> "//:c/dec/bit_reader.h (null)\n//:c/dec/huffman.h (null)\n//:c/dec/prefix.h (null)\n//:c/dec/state.h (null)"
  "//:c/dec/bit_reader.h (null)\n//:c/dec/huffman.h (null)\n//:c/dec/prefix.h (null)\n//:c/dec/state.h (null)"
  "//:brotlicommon (4e67ca8)"
  "//:brotlicommon (4e67ca8)" -> "//:brotli_inc (4e67ca8)"
  "//:brotlicommon (4e67ca8)" -> "//:clang-cl (4e67ca8)\n//:msvc (4e67ca8)"
  "//:brotlicommon (4e67ca8)" -> "//:common_headers (4e67ca8)"
  "//:brotlicommon (4e67ca8)" -> "//:common_sources (4e67ca8)"
  "//:common_sources (4e67ca8)"
  "//:common_sources (4e67ca8)" -> "//:c/common/constants.c (null)\n//:c/common/context.c (null)\n//:c/common/dictionary.c (null)\n//:c/common/platform.c (null)\n//:c/common/shared_dictionary.c (null)\n//:c/common/transform.c (null)"
  "//:c/common/constants.c (null)\n//:c/common/context.c (null)\n//:c/common/dictionary.c (null)\n//:c/common/platform.c (null)\n//:c/common/shared_dictionary.c (null)\n//:c/common/transform.c (null)"
  "//:common_headers (4e67ca8)"
  "//:common_headers (4e67ca8)" -> "//:c/common/constants.h (null)\n//:c/common/context.h (null)\n//:c/common/dictionary.h (null)\n//:c/common/platform.h (null)\n//:c/common/shared_dictionary_internal.h (null)\n//:c/common/transform.h (null)\n//:c/common/version.h (null)"
  "//:c/common/constants.h (null)\n//:c/common/context.h (null)\n//:c/common/dictionary.h (null)\n//:c/common/platform.h (null)\n//:c/common/shared_dictionary_internal.h (null)\n//:c/common/transform.h (null)\n//:c/common/version.h (null)"
  "//:brotli_inc (4e67ca8)"
  "//:brotli_inc (4e67ca8)" -> "//:clang-cl (4e67ca8)\n//:msvc (4e67ca8)"
  "//:brotli_inc (4e67ca8)" -> "//:public_headers (4e67ca8)"
  "//:public_headers (4e67ca8)"
  "//:public_headers (4e67ca8)" -> "//:c/include/brotli/decode.h (null)\n//:c/include/brotli/encode.h (null)\n//:c/include/brotli/port.h (null)\n//:c/include/brotli/shared_dictionary.h (null)\n//:c/include/brotli/types.h (null)"
  "//:c/include/brotli/decode.h (null)\n//:c/include/brotli/encode.h (null)\n//:c/include/brotli/port.h (null)\n//:c/include/brotli/shared_dictionary.h (null)\n//:c/include/brotli/types.h (null)"
  "//:clang-cl (4e67ca8)\n//:msvc (4e67ca8)"
  "//:clang-cl (4e67ca8)\n//:msvc (4e67ca8)" -> "@bazel_tools//tools/cpp:compiler (4e67ca8)"
  "@bazel_tools//tools/cpp:compiler (4e67ca8)"
}
