digraph mygraph {
  node [shape=box];
  "//tests/rules/exec_properties:docker_network_compare_test (8afd654)\n//tests/rules/exec_properties:docker_run_as_container_provided_user_compare_test (8afd654)\n//tests/rules/exec_properties:labels_compare_test (8afd654)\n//tests/rules/exec_properties:multiple_properties_compare_test (8afd654)"
  "//rules/exec_properties:exec_properties (e96a7c0)"
  "//rules/exec_properties:exec_properties (e96a7c0)" -> "//rules/exec_properties:exec_properties.bzl (null)"
  "//rules/exec_properties:exec_properties.bzl (null)"
  "//repositories:repositories (e96a7c0)"
  "//repositories:repositories (e96a7c0)" -> "//repositories:repositories.bzl (null)"
  "//repositories:repositories.bzl (null)"
  "//examples/remotebuildexecution/rbe_system_check/cc:rbe_system_check_test (8afd654)"
  "//examples/remotebuildexecution/rbe_system_check/cc:rbe_system_check_test (8afd654)" -> "//examples/remotebuildexecution/rbe_system_check/cc:rbe_system_check.cc (null)"
  "//examples/remotebuildexecution/rbe_system_check/cc:rbe_system_check_test (8afd654)" -> "@local_config_cc//:cc-compiler-k8 (e96a7c0)"
  "//examples/remotebuildexecution/rbe_system_check/cc:rbe_system_check (e96a7c0)"
  "//examples/remotebuildexecution/rbe_system_check/cc:rbe_system_check (e96a7c0)" -> "//examples/remotebuildexecution/rbe_system_check/cc:rbe_system_check.cc (null)"
  "//examples/remotebuildexecution/rbe_system_check/cc:rbe_system_check.cc (null)"
  "//examples/remotebuildexecution/hello_world/java:hello_java (e96a7c0)"
  "//examples/remotebuildexecution/hello_world/java:hello_java (e96a7c0)" -> "//examples/remotebuildexecution/hello_world/java:HelloWorld.java (null)"
  "//examples/remotebuildexecution/hello_world/java:HelloWorld.java (null)"
  "//examples/remotebuildexecution/hello_world/cc:say_hello_test (8afd654)"
  "//examples/remotebuildexecution/hello_world/cc:say_hello_test (8afd654)" -> "//examples/remotebuildexecution/hello_world/cc:say_hello (e96a7c0)"
  "//examples/remotebuildexecution/hello_world/cc:say_hello_test (8afd654)" -> "//examples/remotebuildexecution/hello_world/cc:say_hello_test.cc (null)"
  "//examples/remotebuildexecution/hello_world/cc:say_hello_test (8afd654)" -> "@local_config_cc//:cc-compiler-k8 (e96a7c0)"
  "@local_config_cc//:cc-compiler-k8 (e96a7c0)"
  "@local_config_cc//:cc-compiler-k8 (e96a7c0)" -> "@local_config_cc//:compiler_deps (e31f900)"
  "@local_config_cc//:cc-compiler-k8 (e96a7c0)" -> "@local_config_cc//:empty (e31f900)\n@local_config_cc//:local (e96a7c0)"
  "@local_config_cc//:empty (e31f900)\n@local_config_cc//:local (e96a7c0)"
  "@local_config_cc//:compiler_deps (e31f900)"
  "@local_config_cc//:compiler_deps (e31f900)" -> "@local_config_cc//:builtin_include_directory_paths (null)"
  "@local_config_cc//:builtin_include_directory_paths (null)"
  "//examples/remotebuildexecution/hello_world/cc:say_hello_test.cc (null)"
  "//examples/remotebuildexecution/hello_world/cc:hello_world (e96a7c0)"
  "//examples/remotebuildexecution/hello_world/cc:hello_world (e96a7c0)" -> "//examples/remotebuildexecution/hello_world/cc:hello_world.cc (null)"
  "//examples/remotebuildexecution/hello_world/cc:hello_world (e96a7c0)" -> "//examples/remotebuildexecution/hello_world/cc:say_hello (e96a7c0)"
  "//examples/remotebuildexecution/hello_world/cc:say_hello (e96a7c0)"
  "//examples/remotebuildexecution/hello_world/cc:say_hello (e96a7c0)" -> "//examples/remotebuildexecution/hello_world/cc:say_hello.cc (null)\n//examples/remotebuildexecution/hello_world/cc:say_hello.h (null)"
  "//examples/remotebuildexecution/hello_world/cc:say_hello.cc (null)\n//examples/remotebuildexecution/hello_world/cc:say_hello.h (null)"
  "//examples/remotebuildexecution/hello_world/cc:hello_world.cc (null)"
}
