digraph mygraph {
  node [shape=box];
  "//:internal_deps (699d427)"
  "//:internal_deps (699d427)" -> "//:internal_deps.bzl (null)\n@bazel_tools//tools/build_defs/repo:http.bzl (null)\n@bazel_tools//tools/build_defs/repo:utils.bzl (null)"
  "//:internal_deps.bzl (null)\n@bazel_tools//tools/build_defs/repo:http.bzl (null)\n@bazel_tools//tools/build_defs/repo:utils.bzl (null)"
  "//:gazelle_bin (699d427)"
  "//:gazelle_bin (699d427)" -> "@bazel_skylib_gazelle_plugin//bzl:bzl (699d427)"
  "@bazel_skylib_gazelle_plugin//bzl:bzl (699d427)"
  "@bazel_skylib_gazelle_plugin//bzl:bzl (699d427)" -> "@bazel_gazelle//config:go_default_library (699d427)"
  "@bazel_skylib_gazelle_plugin//bzl:bzl (699d427)" -> "@bazel_gazelle//label:go_default_library (699d427)"
  "@bazel_skylib_gazelle_plugin//bzl:bzl (699d427)" -> "@bazel_gazelle//language:go_default_library (699d427)"
  "@bazel_skylib_gazelle_plugin//bzl:bzl (699d427)" -> "@bazel_gazelle//pathtools:go_default_library (699d427)"
  "@bazel_skylib_gazelle_plugin//bzl:bzl (699d427)" -> "@bazel_gazelle//repo:go_default_library (699d427)"
  "@bazel_skylib_gazelle_plugin//bzl:bzl (699d427)" -> "@bazel_gazelle//resolve:go_default_library (699d427)"
  "@bazel_skylib_gazelle_plugin//bzl:bzl (699d427)" -> "@bazel_gazelle//rule:go_default_library (699d427)"
  "@bazel_skylib_gazelle_plugin//bzl:bzl (699d427)" -> "@bazel_skylib_gazelle_plugin//bzl:gazelle.go (null)"
  "@bazel_skylib_gazelle_plugin//bzl:bzl (699d427)" -> "@com_github_bazelbuild_buildtools//build:go_default_library (699d427)"
  "@bazel_gazelle//rule:go_default_library (699d427)"
  "@bazel_gazelle//rule:go_default_library (699d427)" -> "@bazel_gazelle//rule:rule (699d427)"
  "@bazel_gazelle//resolve:go_default_library (699d427)"
  "@bazel_gazelle//resolve:go_default_library (699d427)" -> "@bazel_gazelle//resolve:resolve (699d427)"
  "@bazel_gazelle//repo:go_default_library (699d427)"
  "@bazel_gazelle//repo:go_default_library (699d427)" -> "@bazel_gazelle//repo:repo (699d427)"
  "@bazel_gazelle//pathtools:go_default_library (699d427)"
  "@bazel_gazelle//pathtools:go_default_library (699d427)" -> "@bazel_gazelle//pathtools:pathtools (699d427)"
  "@bazel_gazelle//language:go_default_library (699d427)"
  "@bazel_gazelle//language:go_default_library (699d427)" -> "@bazel_gazelle//language:language (699d427)"
  "@bazel_gazelle//language:language (699d427)"
  "@bazel_gazelle//language:language (699d427)" -> "@bazel_gazelle//config:config (699d427)"
  "@bazel_gazelle//language:language (699d427)" -> "@bazel_gazelle//label:label (699d427)"
  "@bazel_gazelle//language:language (699d427)" -> "@bazel_gazelle//language:base.go (null)\n@bazel_gazelle//language:lang.go (null)\n@bazel_gazelle//language:update.go (null)"
  "@bazel_gazelle//language:language (699d427)" -> "@bazel_gazelle//repo:repo (699d427)"
  "@bazel_gazelle//language:language (699d427)" -> "@bazel_gazelle//resolve:resolve (699d427)"
  "@bazel_gazelle//language:language (699d427)" -> "@bazel_gazelle//rule:rule (699d427)"
  "@bazel_gazelle//resolve:resolve (699d427)"
  "@bazel_gazelle//resolve:resolve (699d427)" -> "@bazel_gazelle//config:config (699d427)"
  "@bazel_gazelle//resolve:resolve (699d427)" -> "@bazel_gazelle//label:label (699d427)"
  "@bazel_gazelle//resolve:resolve (699d427)" -> "@bazel_gazelle//repo:repo (699d427)"
  "@bazel_gazelle//resolve:resolve (699d427)" -> "@bazel_gazelle//resolve:config.go (null)\n@bazel_gazelle//resolve:index.go (null)"
  "@bazel_gazelle//resolve:resolve (699d427)" -> "@bazel_gazelle//rule:rule (699d427)"
  "@bazel_gazelle//repo:repo (699d427)"
  "@bazel_gazelle//repo:repo (699d427)" -> "@bazel_gazelle//label:label (699d427)"
  "@bazel_gazelle//repo:repo (699d427)" -> "@bazel_gazelle//pathtools:pathtools (699d427)"
  "@bazel_gazelle//repo:repo (699d427)" -> "@bazel_gazelle//repo:remote.go (null)\n@bazel_gazelle//repo:repo.go (null)"
  "@bazel_gazelle//repo:repo (699d427)" -> "@bazel_gazelle//rule:rule (699d427)"
  "@bazel_gazelle//repo:repo (699d427)" -> "@org_golang_x_mod//modfile:modfile (699d427)"
  "@bazel_gazelle//repo:repo (699d427)" -> "@org_golang_x_tools//go/vcs:vcs (699d427)"
  "@org_golang_x_tools//go/vcs:vcs (699d427)"
  "@org_golang_x_tools//go/vcs:vcs (699d427)" -> "@org_golang_x_sys//execabs:go_default_library (699d427)"
  "@org_golang_x_tools//go/vcs:vcs (699d427)" -> "@org_golang_x_tools//go/vcs:discovery.go (null)\n@org_golang_x_tools//go/vcs:env.go (null)\n@org_golang_x_tools//go/vcs:http.go (null)\n@org_golang_x_tools//go/vcs:vcs.go (null)"
  "@org_golang_x_sys//execabs:go_default_library (699d427)"
  "@org_golang_x_sys//execabs:go_default_library (699d427)" -> "@org_golang_x_sys//execabs:execabs (699d427)"
  "@org_golang_x_sys//execabs:execabs (699d427)"
  "@org_golang_x_sys//execabs:execabs (699d427)" -> "@org_golang_x_sys//execabs:execabs.go (null)\n@org_golang_x_sys//execabs:execabs_go118.go (null)\n@org_golang_x_sys//execabs:execabs_go119.go (null)"
  "@org_golang_x_mod//modfile:modfile (699d427)"
  "@org_golang_x_mod//modfile:modfile (699d427)" -> "@org_golang_x_mod//internal/lazyregexp:lazyregexp (699d427)"
  "@org_golang_x_mod//modfile:modfile (699d427)" -> "@org_golang_x_mod//modfile:print.go (null)\n@org_golang_x_mod//modfile:read.go (null)\n@org_golang_x_mod//modfile:rule.go (null)\n@org_golang_x_mod//modfile:work.go (null)"
  "@org_golang_x_mod//modfile:modfile (699d427)" -> "@org_golang_x_mod//module:module (699d427)"
  "@org_golang_x_mod//modfile:modfile (699d427)" -> "@org_golang_x_mod//semver:semver (699d427)"
  "@org_golang_x_mod//module:module (699d427)"
  "@org_golang_x_mod//module:module (699d427)" -> "@org_golang_x_mod//internal/lazyregexp:lazyregexp (699d427)"
  "@org_golang_x_mod//module:module (699d427)" -> "@org_golang_x_mod//module:module.go (null)\n@org_golang_x_mod//module:pseudo.go (null)"
  "@org_golang_x_mod//module:module (699d427)" -> "@org_golang_x_mod//semver:semver (699d427)"
  "@org_golang_x_mod//semver:semver (699d427)"
  "@org_golang_x_mod//semver:semver (699d427)" -> "@org_golang_x_mod//semver:semver.go (null)"
  "@org_golang_x_mod//internal/lazyregexp:lazyregexp (699d427)"
  "@org_golang_x_mod//internal/lazyregexp:lazyregexp (699d427)" -> "@org_golang_x_mod//internal/lazyregexp:lazyre.go (null)"
  "@bazel_gazelle//label:go_default_library (699d427)"
  "@bazel_gazelle//label:go_default_library (699d427)" -> "@bazel_gazelle//label:label (699d427)"
  "@bazel_gazelle//config:go_default_library (699d427)"
  "@bazel_gazelle//config:go_default_library (699d427)" -> "@bazel_gazelle//config:config (699d427)"
  "@bazel_gazelle//config:config (699d427)"
  "@bazel_gazelle//config:config (699d427)" -> "@bazel_gazelle//config:config.go (null)\n@bazel_gazelle//config:constants.go (null)"
  "@bazel_gazelle//config:config (699d427)" -> "@bazel_gazelle//internal/wspace:wspace (699d427)"
  "@bazel_gazelle//config:config (699d427)" -> "@bazel_gazelle//rule:rule (699d427)"
  "@bazel_gazelle//rule:rule (699d427)"
  "@bazel_gazelle//rule:rule (699d427)" -> "@bazel_gazelle//label:label (699d427)"
  "@bazel_gazelle//rule:rule (699d427)" -> "@bazel_gazelle//rule:directives.go (null)\n@bazel_gazelle//rule:expr.go (null)\n@bazel_gazelle//rule:merge.go (null)\n@bazel_gazelle//rule:platform.go (null)\n@bazel_gazelle//rule:platform_strings.go (null)\n@bazel_gazelle//rule:rule.go (null)\n@bazel_gazelle//rule:sort_labels.go (null)\n@bazel_gazelle//rule:types.go (null)\n@bazel_gazelle//rule:value.go (null)"
  "@bazel_gazelle//rule:rule (699d427)" -> "@com_github_bazelbuild_buildtools//build:go_default_library (699d427)"
  "@bazel_gazelle//rule:rule (699d427)" -> "@com_github_bazelbuild_buildtools//tables:go_default_library (699d427)"
  "@com_github_bazelbuild_buildtools//build:go_default_library (699d427)"
  "@com_github_bazelbuild_buildtools//build:go_default_library (699d427)" -> "@com_github_bazelbuild_buildtools//build:lex.go (null)\n@com_github_bazelbuild_buildtools//build:print.go (null)\n@com_github_bazelbuild_buildtools//build:quote.go (null)\n@com_github_bazelbuild_buildtools//build:rewrite.go (null)\n@com_github_bazelbuild_buildtools//build:rule.go (null)\n@com_github_bazelbuild_buildtools//build:syntax.go (null)\n@com_github_bazelbuild_buildtools//build:utils.go (null)\n@com_github_bazelbuild_buildtools//build:walk.go (null)"
  "@com_github_bazelbuild_buildtools//build:go_default_library (699d427)" -> "@com_github_bazelbuild_buildtools//build:parse.y.baz.go (699d427)"
  "@com_github_bazelbuild_buildtools//build:go_default_library (699d427)" -> "@com_github_bazelbuild_buildtools//tables:go_default_library (699d427)"
  "@com_github_bazelbuild_buildtools//tables:go_default_library (699d427)"
  "@com_github_bazelbuild_buildtools//tables:go_default_library (699d427)" -> "@com_github_bazelbuild_buildtools//tables:jsonparser.go (null)\n@com_github_bazelbuild_buildtools//tables:tables.go (null)"
  "@com_github_bazelbuild_buildtools//build:parse.y.baz.go (699d427)"
  "@com_github_bazelbuild_buildtools//build:parse.y.baz.go (699d427)" -> "@com_github_bazelbuild_buildtools//build:parse.y.go_yacc (699d427)"
  "@com_github_bazelbuild_buildtools//build:parse.y.go_yacc (699d427)"
  "@com_github_bazelbuild_buildtools//build:parse.y.go_yacc (699d427)" -> "@com_github_bazelbuild_buildtools//build:parse.y (null)"
  "@bazel_gazelle//label:label (699d427)"
  "@bazel_gazelle//label:label (699d427)" -> "@bazel_gazelle//label:label.go (null)"
  "@bazel_gazelle//label:label (699d427)" -> "@bazel_gazelle//pathtools:pathtools (699d427)"
  "@bazel_gazelle//pathtools:pathtools (699d427)"
  "@bazel_gazelle//pathtools:pathtools (699d427)" -> "@bazel_gazelle//pathtools:path.go (null)"
  "@bazel_gazelle//internal/wspace:wspace (699d427)"
  "@bazel_gazelle//internal/wspace:wspace (699d427)" -> "@bazel_gazelle//internal/wspace:finder.go (null)"
  "//:gazelle (699d427)"
  "//:gazelle (699d427)" -> "//:gazelle-runner (699d427)"
  "//:gazelle-runner (699d427)"
  "//:gazelle-runner (699d427)" -> "//:gazelle_bin (3bd24f2)"
  "//:gazelle_bin (3bd24f2)"
  "//:gazelle_bin (3bd24f2)" -> "@bazel_skylib_gazelle_plugin//bzl:bzl (3bd24f2)"
  "@bazel_skylib_gazelle_plugin//bzl:bzl (3bd24f2)"
  "@bazel_skylib_gazelle_plugin//bzl:bzl (3bd24f2)" -> "@bazel_gazelle//config:go_default_library (3bd24f2)"
  "@bazel_skylib_gazelle_plugin//bzl:bzl (3bd24f2)" -> "@bazel_gazelle//label:go_default_library (3bd24f2)"
  "@bazel_skylib_gazelle_plugin//bzl:bzl (3bd24f2)" -> "@bazel_gazelle//language:go_default_library (3bd24f2)"
  "@bazel_skylib_gazelle_plugin//bzl:bzl (3bd24f2)" -> "@bazel_gazelle//pathtools:go_default_library (3bd24f2)"
  "@bazel_skylib_gazelle_plugin//bzl:bzl (3bd24f2)" -> "@bazel_gazelle//repo:go_default_library (3bd24f2)"
  "@bazel_skylib_gazelle_plugin//bzl:bzl (3bd24f2)" -> "@bazel_gazelle//resolve:go_default_library (3bd24f2)"
  "@bazel_skylib_gazelle_plugin//bzl:bzl (3bd24f2)" -> "@bazel_gazelle//rule:go_default_library (3bd24f2)"
  "@bazel_skylib_gazelle_plugin//bzl:bzl (3bd24f2)" -> "@bazel_skylib_gazelle_plugin//bzl:gazelle.go (null)"
  "@bazel_skylib_gazelle_plugin//bzl:bzl (3bd24f2)" -> "@com_github_bazelbuild_buildtools//build:go_default_library (3bd24f2)"
  "@bazel_skylib_gazelle_plugin//bzl:gazelle.go (null)"
  "@bazel_gazelle//rule:go_default_library (3bd24f2)"
  "@bazel_gazelle//rule:go_default_library (3bd24f2)" -> "@bazel_gazelle//rule:rule (3bd24f2)"
  "@bazel_gazelle//resolve:go_default_library (3bd24f2)"
  "@bazel_gazelle//resolve:go_default_library (3bd24f2)" -> "@bazel_gazelle//resolve:resolve (3bd24f2)"
  "@bazel_gazelle//repo:go_default_library (3bd24f2)"
  "@bazel_gazelle//repo:go_default_library (3bd24f2)" -> "@bazel_gazelle//repo:repo (3bd24f2)"
  "@bazel_gazelle//pathtools:go_default_library (3bd24f2)"
  "@bazel_gazelle//pathtools:go_default_library (3bd24f2)" -> "@bazel_gazelle//pathtools:pathtools (3bd24f2)"
  "@bazel_gazelle//language:go_default_library (3bd24f2)"
  "@bazel_gazelle//language:go_default_library (3bd24f2)" -> "@bazel_gazelle//language:language (3bd24f2)"
  "@bazel_gazelle//language:language (3bd24f2)"
  "@bazel_gazelle//language:language (3bd24f2)" -> "@bazel_gazelle//config:config (3bd24f2)"
  "@bazel_gazelle//language:language (3bd24f2)" -> "@bazel_gazelle//label:label (3bd24f2)"
  "@bazel_gazelle//language:language (3bd24f2)" -> "@bazel_gazelle//language:base.go (null)\n@bazel_gazelle//language:lang.go (null)\n@bazel_gazelle//language:update.go (null)"
  "@bazel_gazelle//language:language (3bd24f2)" -> "@bazel_gazelle//repo:repo (3bd24f2)"
  "@bazel_gazelle//language:language (3bd24f2)" -> "@bazel_gazelle//resolve:resolve (3bd24f2)"
  "@bazel_gazelle//language:language (3bd24f2)" -> "@bazel_gazelle//rule:rule (3bd24f2)"
  "@bazel_gazelle//resolve:resolve (3bd24f2)"
  "@bazel_gazelle//resolve:resolve (3bd24f2)" -> "@bazel_gazelle//config:config (3bd24f2)"
  "@bazel_gazelle//resolve:resolve (3bd24f2)" -> "@bazel_gazelle//label:label (3bd24f2)"
  "@bazel_gazelle//resolve:resolve (3bd24f2)" -> "@bazel_gazelle//repo:repo (3bd24f2)"
  "@bazel_gazelle//resolve:resolve (3bd24f2)" -> "@bazel_gazelle//resolve:config.go (null)\n@bazel_gazelle//resolve:index.go (null)"
  "@bazel_gazelle//resolve:resolve (3bd24f2)" -> "@bazel_gazelle//rule:rule (3bd24f2)"
  "@bazel_gazelle//resolve:config.go (null)\n@bazel_gazelle//resolve:index.go (null)"
  "@bazel_gazelle//repo:repo (3bd24f2)"
  "@bazel_gazelle//repo:repo (3bd24f2)" -> "@bazel_gazelle//label:label (3bd24f2)"
  "@bazel_gazelle//repo:repo (3bd24f2)" -> "@bazel_gazelle//pathtools:pathtools (3bd24f2)"
  "@bazel_gazelle//repo:repo (3bd24f2)" -> "@bazel_gazelle//repo:remote.go (null)\n@bazel_gazelle//repo:repo.go (null)"
  "@bazel_gazelle//repo:repo (3bd24f2)" -> "@bazel_gazelle//rule:rule (3bd24f2)"
  "@bazel_gazelle//repo:repo (3bd24f2)" -> "@org_golang_x_mod//modfile:modfile (3bd24f2)"
  "@bazel_gazelle//repo:repo (3bd24f2)" -> "@org_golang_x_tools//go/vcs:vcs (3bd24f2)"
  "@org_golang_x_tools//go/vcs:vcs (3bd24f2)"
  "@org_golang_x_tools//go/vcs:vcs (3bd24f2)" -> "@org_golang_x_sys//execabs:go_default_library (3bd24f2)"
  "@org_golang_x_tools//go/vcs:vcs (3bd24f2)" -> "@org_golang_x_tools//go/vcs:discovery.go (null)\n@org_golang_x_tools//go/vcs:env.go (null)\n@org_golang_x_tools//go/vcs:http.go (null)\n@org_golang_x_tools//go/vcs:vcs.go (null)"
  "@org_golang_x_tools//go/vcs:discovery.go (null)\n@org_golang_x_tools//go/vcs:env.go (null)\n@org_golang_x_tools//go/vcs:http.go (null)\n@org_golang_x_tools//go/vcs:vcs.go (null)"
  "@org_golang_x_sys//execabs:go_default_library (3bd24f2)"
  "@org_golang_x_sys//execabs:go_default_library (3bd24f2)" -> "@org_golang_x_sys//execabs:execabs (3bd24f2)"
  "@org_golang_x_sys//execabs:execabs (3bd24f2)"
  "@org_golang_x_sys//execabs:execabs (3bd24f2)" -> "@org_golang_x_sys//execabs:execabs.go (null)\n@org_golang_x_sys//execabs:execabs_go118.go (null)\n@org_golang_x_sys//execabs:execabs_go119.go (null)"
  "@org_golang_x_sys//execabs:execabs.go (null)\n@org_golang_x_sys//execabs:execabs_go118.go (null)\n@org_golang_x_sys//execabs:execabs_go119.go (null)"
  "@org_golang_x_mod//modfile:modfile (3bd24f2)"
  "@org_golang_x_mod//modfile:modfile (3bd24f2)" -> "@org_golang_x_mod//internal/lazyregexp:lazyregexp (3bd24f2)"
  "@org_golang_x_mod//modfile:modfile (3bd24f2)" -> "@org_golang_x_mod//modfile:print.go (null)\n@org_golang_x_mod//modfile:read.go (null)\n@org_golang_x_mod//modfile:rule.go (null)\n@org_golang_x_mod//modfile:work.go (null)"
  "@org_golang_x_mod//modfile:modfile (3bd24f2)" -> "@org_golang_x_mod//module:module (3bd24f2)"
  "@org_golang_x_mod//modfile:modfile (3bd24f2)" -> "@org_golang_x_mod//semver:semver (3bd24f2)"
  "@org_golang_x_mod//module:module (3bd24f2)"
  "@org_golang_x_mod//module:module (3bd24f2)" -> "@org_golang_x_mod//internal/lazyregexp:lazyregexp (3bd24f2)"
  "@org_golang_x_mod//module:module (3bd24f2)" -> "@org_golang_x_mod//module:module.go (null)\n@org_golang_x_mod//module:pseudo.go (null)"
  "@org_golang_x_mod//module:module (3bd24f2)" -> "@org_golang_x_mod//semver:semver (3bd24f2)"
  "@org_golang_x_mod//semver:semver (3bd24f2)"
  "@org_golang_x_mod//semver:semver (3bd24f2)" -> "@org_golang_x_mod//semver:semver.go (null)"
  "@org_golang_x_mod//semver:semver.go (null)"
  "@org_golang_x_mod//module:module.go (null)\n@org_golang_x_mod//module:pseudo.go (null)"
  "@org_golang_x_mod//modfile:print.go (null)\n@org_golang_x_mod//modfile:read.go (null)\n@org_golang_x_mod//modfile:rule.go (null)\n@org_golang_x_mod//modfile:work.go (null)"
  "@org_golang_x_mod//internal/lazyregexp:lazyregexp (3bd24f2)"
  "@org_golang_x_mod//internal/lazyregexp:lazyregexp (3bd24f2)" -> "@org_golang_x_mod//internal/lazyregexp:lazyre.go (null)"
  "@org_golang_x_mod//internal/lazyregexp:lazyre.go (null)"
  "@bazel_gazelle//repo:remote.go (null)\n@bazel_gazelle//repo:repo.go (null)"
  "@bazel_gazelle//language:base.go (null)\n@bazel_gazelle//language:lang.go (null)\n@bazel_gazelle//language:update.go (null)"
  "@bazel_gazelle//label:go_default_library (3bd24f2)"
  "@bazel_gazelle//label:go_default_library (3bd24f2)" -> "@bazel_gazelle//label:label (3bd24f2)"
  "@bazel_gazelle//config:go_default_library (3bd24f2)"
  "@bazel_gazelle//config:go_default_library (3bd24f2)" -> "@bazel_gazelle//config:config (3bd24f2)"
  "@bazel_gazelle//config:config (3bd24f2)"
  "@bazel_gazelle//config:config (3bd24f2)" -> "@bazel_gazelle//config:config.go (null)\n@bazel_gazelle//config:constants.go (null)"
  "@bazel_gazelle//config:config (3bd24f2)" -> "@bazel_gazelle//internal/wspace:wspace (3bd24f2)"
  "@bazel_gazelle//config:config (3bd24f2)" -> "@bazel_gazelle//rule:rule (3bd24f2)"
  "@bazel_gazelle//rule:rule (3bd24f2)"
  "@bazel_gazelle//rule:rule (3bd24f2)" -> "@bazel_gazelle//label:label (3bd24f2)"
  "@bazel_gazelle//rule:rule (3bd24f2)" -> "@bazel_gazelle//rule:directives.go (null)\n@bazel_gazelle//rule:expr.go (null)\n@bazel_gazelle//rule:merge.go (null)\n@bazel_gazelle//rule:platform.go (null)\n@bazel_gazelle//rule:platform_strings.go (null)\n@bazel_gazelle//rule:rule.go (null)\n@bazel_gazelle//rule:sort_labels.go (null)\n@bazel_gazelle//rule:types.go (null)\n@bazel_gazelle//rule:value.go (null)"
  "@bazel_gazelle//rule:rule (3bd24f2)" -> "@com_github_bazelbuild_buildtools//build:go_default_library (3bd24f2)"
  "@bazel_gazelle//rule:rule (3bd24f2)" -> "@com_github_bazelbuild_buildtools//tables:go_default_library (3bd24f2)"
  "@com_github_bazelbuild_buildtools//build:go_default_library (3bd24f2)"
  "@com_github_bazelbuild_buildtools//build:go_default_library (3bd24f2)" -> "@com_github_bazelbuild_buildtools//build:lex.go (null)\n@com_github_bazelbuild_buildtools//build:print.go (null)\n@com_github_bazelbuild_buildtools//build:quote.go (null)\n@com_github_bazelbuild_buildtools//build:rewrite.go (null)\n@com_github_bazelbuild_buildtools//build:rule.go (null)\n@com_github_bazelbuild_buildtools//build:syntax.go (null)\n@com_github_bazelbuild_buildtools//build:utils.go (null)\n@com_github_bazelbuild_buildtools//build:walk.go (null)"
  "@com_github_bazelbuild_buildtools//build:go_default_library (3bd24f2)" -> "@com_github_bazelbuild_buildtools//build:parse.y.baz.go (3bd24f2)"
  "@com_github_bazelbuild_buildtools//build:go_default_library (3bd24f2)" -> "@com_github_bazelbuild_buildtools//tables:go_default_library (3bd24f2)"
  "@com_github_bazelbuild_buildtools//tables:go_default_library (3bd24f2)"
  "@com_github_bazelbuild_buildtools//tables:go_default_library (3bd24f2)" -> "@com_github_bazelbuild_buildtools//tables:jsonparser.go (null)\n@com_github_bazelbuild_buildtools//tables:tables.go (null)"
  "@com_github_bazelbuild_buildtools//tables:jsonparser.go (null)\n@com_github_bazelbuild_buildtools//tables:tables.go (null)"
  "@com_github_bazelbuild_buildtools//build:parse.y.baz.go (3bd24f2)"
  "@com_github_bazelbuild_buildtools//build:parse.y.baz.go (3bd24f2)" -> "@com_github_bazelbuild_buildtools//build:parse.y.go_yacc (3bd24f2)"
  "@com_github_bazelbuild_buildtools//build:parse.y.go_yacc (3bd24f2)"
  "@com_github_bazelbuild_buildtools//build:parse.y.go_yacc (3bd24f2)" -> "@com_github_bazelbuild_buildtools//build:parse.y (null)"
  "@com_github_bazelbuild_buildtools//build:parse.y (null)"
  "@com_github_bazelbuild_buildtools//build:lex.go (null)\n@com_github_bazelbuild_buildtools//build:print.go (null)\n@com_github_bazelbuild_buildtools//build:quote.go (null)\n@com_github_bazelbuild_buildtools//build:rewrite.go (null)\n@com_github_bazelbuild_buildtools//build:rule.go (null)\n@com_github_bazelbuild_buildtools//build:syntax.go (null)\n@com_github_bazelbuild_buildtools//build:utils.go (null)\n@com_github_bazelbuild_buildtools//build:walk.go (null)"
  "@bazel_gazelle//rule:directives.go (null)\n@bazel_gazelle//rule:expr.go (null)\n@bazel_gazelle//rule:merge.go (null)\n@bazel_gazelle//rule:platform.go (null)\n@bazel_gazelle//rule:platform_strings.go (null)\n@bazel_gazelle//rule:rule.go (null)\n@bazel_gazelle//rule:sort_labels.go (null)\n@bazel_gazelle//rule:types.go (null)\n@bazel_gazelle//rule:value.go (null)"
  "@bazel_gazelle//label:label (3bd24f2)"
  "@bazel_gazelle//label:label (3bd24f2)" -> "@bazel_gazelle//label:label.go (null)"
  "@bazel_gazelle//label:label (3bd24f2)" -> "@bazel_gazelle//pathtools:pathtools (3bd24f2)"
  "@bazel_gazelle//pathtools:pathtools (3bd24f2)"
  "@bazel_gazelle//pathtools:pathtools (3bd24f2)" -> "@bazel_gazelle//pathtools:path.go (null)"
  "@bazel_gazelle//pathtools:path.go (null)"
  "@bazel_gazelle//label:label.go (null)"
  "@bazel_gazelle//internal/wspace:wspace (3bd24f2)"
  "@bazel_gazelle//internal/wspace:wspace (3bd24f2)" -> "@bazel_gazelle//internal/wspace:finder.go (null)"
  "@bazel_gazelle//internal/wspace:finder.go (null)"
  "@bazel_gazelle//config:config.go (null)\n@bazel_gazelle//config:constants.go (null)"
}
