digraph mygraph {
  node [shape=box];
  "//:compile_test (6953f50)"
  "//:compile_test (6953f50)" -> "//:identifiers/country-ad.csv (null)\n//:identifiers/country-ad/top_level.csv (null)\n//:identifiers/country-ae.csv (null)\n//:identifiers/country-ae/top_level.csv (null)\n//:identifiers/country-af.csv (null)\n//:identifiers/country-af/top_level.csv (null)\n//:identifiers/country-ag.csv (null)\n//:identifiers/country-ag/top_level.csv (null)\n//:identifiers/country-al.csv (null)\n//:identifiers/country-al/top_level.csv (null)\n//:identifiers/country-am.csv (null)\n...and 685 more items"
  "//:compile_test (6953f50)" -> "@bazel_tools//tools/python:_autodetecting_py_runtime_pair (4e67ca8)"
  "//:compile_test (6953f50)" -> "@local_config_cc//:cc-compiler-k8 (4e67ca8)"
  "@local_config_cc//:cc-compiler-k8 (4e67ca8)"
  "@local_config_cc//:cc-compiler-k8 (4e67ca8)" -> "@local_config_cc//:compiler_deps (016b1f6)"
  "@local_config_cc//:cc-compiler-k8 (4e67ca8)" -> "@local_config_cc//:empty (016b1f6)\n@local_config_cc//:local (4e67ca8)"
  "@local_config_cc//:empty (016b1f6)\n@local_config_cc//:local (4e67ca8)"
  "@local_config_cc//:compiler_deps (016b1f6)"
  "@local_config_cc//:compiler_deps (016b1f6)" -> "@local_config_cc//:builtin_include_directory_paths (null)"
  "@local_config_cc//:builtin_include_directory_paths (null)"
  "@bazel_tools//tools/python:_autodetecting_py_runtime_pair (4e67ca8)"
  "@bazel_tools//tools/python:_autodetecting_py_runtime_pair (4e67ca8)" -> "@bazel_tools//src/conditions:windows (4e67ca8)"
  "@bazel_tools//tools/python:_autodetecting_py_runtime_pair (4e67ca8)" -> "@bazel_tools//tools/python:_autodetecting_py2_runtime (4e67ca8)"
  "@bazel_tools//tools/python:_autodetecting_py_runtime_pair (4e67ca8)" -> "@bazel_tools//tools/python:_autodetecting_py3_runtime (4e67ca8)"
  "@bazel_tools//tools/python:_autodetecting_py3_runtime (4e67ca8)"
  "@bazel_tools//tools/python:_autodetecting_py3_runtime (4e67ca8)" -> "@bazel_tools//tools/python:py3wrapper.sh (4e67ca8)"
  "@bazel_tools//tools/python:py3wrapper.sh (4e67ca8)"
  "@bazel_tools//tools/python:py3wrapper.sh (4e67ca8)" -> "@bazel_tools//tools/python:_generate_wrappers (4e67ca8)"
  "@bazel_tools//tools/python:_autodetecting_py2_runtime (4e67ca8)"
  "@bazel_tools//tools/python:_autodetecting_py2_runtime (4e67ca8)" -> "@bazel_tools//tools/python:py2wrapper.sh (4e67ca8)"
  "@bazel_tools//tools/python:py2wrapper.sh (4e67ca8)"
  "@bazel_tools//tools/python:py2wrapper.sh (4e67ca8)" -> "@bazel_tools//tools/python:_generate_wrappers (4e67ca8)"
  "@bazel_tools//tools/python:_generate_wrappers (4e67ca8)"
  "@bazel_tools//tools/python:_generate_wrappers (4e67ca8)" -> "@bazel_tools//tools/python:pywrapper_template.txt (null)"
  "@bazel_tools//tools/python:pywrapper_template.txt (null)"
  "@bazel_tools//src/conditions:windows (4e67ca8)"
  "@bazel_tools//src/conditions:windows (4e67ca8)" -> "@platforms//os:windows (4e67ca8)"
  "@platforms//os:windows (4e67ca8)"
  "@platforms//os:windows (4e67ca8)" -> "@platforms//os:os (4e67ca8)"
  "@platforms//os:os (4e67ca8)"
  "//:identifiers/country-ad.csv (null)\n//:identifiers/country-ad/top_level.csv (null)\n//:identifiers/country-ae.csv (null)\n//:identifiers/country-ae/top_level.csv (null)\n//:identifiers/country-af.csv (null)\n//:identifiers/country-af/top_level.csv (null)\n//:identifiers/country-ag.csv (null)\n//:identifiers/country-ag/top_level.csv (null)\n//:identifiers/country-al.csv (null)\n//:identifiers/country-al/top_level.csv (null)\n//:identifiers/country-am.csv (null)\n...and 685 more items"
}
