digraph mygraph {
  node [shape=box];
  "//absl/testing:tests/xml_reporter_test (6953f50)"
  "//absl/testing:tests/xml_reporter_test (6953f50)" -> "//absl/logging:logging (4e67ca8)"
  "//absl/testing:tests/xml_reporter_test (6953f50)" -> "//absl/testing:_bazelize_command (4e67ca8)"
  "//absl/testing:tests/xml_reporter_test (6953f50)" -> "//absl/testing:absltest (4e67ca8)"
  "//absl/testing:tests/xml_reporter_test (6953f50)" -> "//absl/testing:parameterized (4e67ca8)"
  "//absl/testing:tests/xml_reporter_test (6953f50)" -> "//absl/testing:tests/xml_reporter_helper_test (4e67ca8)"
  "//absl/testing:tests/xml_reporter_test (6953f50)" -> "//absl/testing:tests/xml_reporter_test.py (null)"
  "//absl/testing:tests/xml_reporter_test (6953f50)" -> "//absl/testing:xml_reporter (4e67ca8)"
  "//absl/testing:tests/xml_reporter_test (6953f50)" -> "@bazel_tools//tools/python:_autodetecting_py_runtime_pair (4e67ca8)"
  "//absl/testing:tests/xml_reporter_test (6953f50)" -> "@local_config_cc//:cc-compiler-k8 (4e67ca8)"
  "//absl/testing:tests/xml_reporter_test.py (null)"
  "//absl/testing:tests/xml_reporter_helper_test (4e67ca8)"
  "//absl/testing:tests/xml_reporter_helper_test (4e67ca8)" -> "//absl/flags:flags (4e67ca8)"
  "//absl/testing:tests/xml_reporter_helper_test (4e67ca8)" -> "//absl/testing:absltest (4e67ca8)"
  "//absl/testing:tests/xml_reporter_helper_test (4e67ca8)" -> "//absl/testing:tests/xml_reporter_helper_test.py (null)"
  "//absl/testing:tests/xml_reporter_helper_test.py (null)"
  "//absl/testing:tests/parameterized_test (6953f50)"
  "//absl/testing:tests/parameterized_test (6953f50)" -> "//absl/testing:absltest (4e67ca8)"
  "//absl/testing:tests/parameterized_test (6953f50)" -> "//absl/testing:parameterized (4e67ca8)"
  "//absl/testing:tests/parameterized_test (6953f50)" -> "//absl/testing:tests/parameterized_test.py (null)"
  "//absl/testing:tests/parameterized_test (6953f50)" -> "@bazel_tools//tools/python:_autodetecting_py_runtime_pair (4e67ca8)"
  "//absl/testing:tests/parameterized_test (6953f50)" -> "@local_config_cc//:cc-compiler-k8 (4e67ca8)"
  "//absl/testing:tests/parameterized_test.py (null)"
  "//absl/testing:tests/flagsaver_test (6953f50)"
  "//absl/testing:tests/flagsaver_test (6953f50)" -> "//absl/flags:flags (4e67ca8)"
  "//absl/testing:tests/flagsaver_test (6953f50)" -> "//absl/testing:absltest (4e67ca8)"
  "//absl/testing:tests/flagsaver_test (6953f50)" -> "//absl/testing:flagsaver (4e67ca8)"
  "//absl/testing:tests/flagsaver_test (6953f50)" -> "//absl/testing:parameterized (4e67ca8)"
  "//absl/testing:tests/flagsaver_test (6953f50)" -> "//absl/testing:tests/flagsaver_test.py (null)"
  "//absl/testing:tests/flagsaver_test (6953f50)" -> "@bazel_tools//tools/python:_autodetecting_py_runtime_pair (4e67ca8)"
  "//absl/testing:tests/flagsaver_test (6953f50)" -> "@local_config_cc//:cc-compiler-k8 (4e67ca8)"
  "//absl/testing:tests/flagsaver_test.py (null)"
  "//absl/testing:tests/absltest_test (6953f50)"
  "//absl/testing:tests/absltest_test (6953f50)" -> "//absl/testing:_bazelize_command (4e67ca8)"
  "//absl/testing:tests/absltest_test (6953f50)" -> "//absl/testing:absltest (4e67ca8)"
  "//absl/testing:tests/absltest_test (6953f50)" -> "//absl/testing:parameterized (4e67ca8)"
  "//absl/testing:tests/absltest_test (6953f50)" -> "//absl/testing:tests/absltest_env (4e67ca8)"
  "//absl/testing:tests/absltest_test (6953f50)" -> "//absl/testing:tests/absltest_test.py (null)"
  "//absl/testing:tests/absltest_test (6953f50)" -> "//absl/testing:tests/absltest_test_helper (4e67ca8)"
  "//absl/testing:tests/absltest_test (6953f50)" -> "@bazel_tools//tools/python:_autodetecting_py_runtime_pair (4e67ca8)"
  "//absl/testing:tests/absltest_test (6953f50)" -> "@local_config_cc//:cc-compiler-k8 (4e67ca8)"
  "//absl/testing:tests/absltest_test_helper (4e67ca8)"
  "//absl/testing:tests/absltest_test_helper (4e67ca8)" -> "//absl:app (4e67ca8)"
  "//absl/testing:tests/absltest_test_helper (4e67ca8)" -> "//absl/flags:flags (4e67ca8)"
  "//absl/testing:tests/absltest_test_helper (4e67ca8)" -> "//absl/testing:absltest (4e67ca8)"
  "//absl/testing:tests/absltest_test_helper (4e67ca8)" -> "//absl/testing:tests/absltest_test_helper.py (null)"
  "//absl/testing:tests/absltest_test_helper.py (null)"
  "//absl/testing:tests/absltest_test.py (null)"
  "//absl/testing:tests/absltest_sharding_test (6953f50)"
  "//absl/testing:tests/absltest_sharding_test (6953f50)" -> "//absl/testing:_bazelize_command (4e67ca8)"
  "//absl/testing:tests/absltest_sharding_test (6953f50)" -> "//absl/testing:absltest (4e67ca8)"
  "//absl/testing:tests/absltest_sharding_test (6953f50)" -> "//absl/testing:tests/absltest_env (4e67ca8)"
  "//absl/testing:tests/absltest_sharding_test (6953f50)" -> "//absl/testing:tests/absltest_sharding_test.py (null)"
  "//absl/testing:tests/absltest_sharding_test (6953f50)" -> "//absl/testing:tests/absltest_sharding_test_helper (4e67ca8)"
  "//absl/testing:tests/absltest_sharding_test (6953f50)" -> "@bazel_tools//tools/python:_autodetecting_py_runtime_pair (4e67ca8)"
  "//absl/testing:tests/absltest_sharding_test (6953f50)" -> "@local_config_cc//:cc-compiler-k8 (4e67ca8)"
  "//absl/testing:tests/absltest_sharding_test_helper (4e67ca8)"
  "//absl/testing:tests/absltest_sharding_test_helper (4e67ca8)" -> "//absl/testing:absltest (4e67ca8)"
  "//absl/testing:tests/absltest_sharding_test_helper (4e67ca8)" -> "//absl/testing:tests/absltest_sharding_test_helper.py (null)"
  "//absl/testing:tests/absltest_sharding_test_helper.py (null)"
  "//absl/testing:tests/absltest_sharding_test.py (null)"
  "//absl/testing:tests/absltest_randomization_test (6953f50)"
  "//absl/testing:tests/absltest_randomization_test (6953f50)" -> "//absl/flags:flags (4e67ca8)"
  "//absl/testing:tests/absltest_randomization_test (6953f50)" -> "//absl/testing:_bazelize_command (4e67ca8)"
  "//absl/testing:tests/absltest_randomization_test (6953f50)" -> "//absl/testing:absltest (4e67ca8)"
  "//absl/testing:tests/absltest_randomization_test (6953f50)" -> "//absl/testing:parameterized (4e67ca8)"
  "//absl/testing:tests/absltest_randomization_test (6953f50)" -> "//absl/testing:tests/absltest_env (4e67ca8)"
  "//absl/testing:tests/absltest_randomization_test (6953f50)" -> "//absl/testing:tests/absltest_randomization_test.py (null)"
  "//absl/testing:tests/absltest_randomization_test (6953f50)" -> "//absl/testing:tests/absltest_randomization_testcase (4e67ca8)"
  "//absl/testing:tests/absltest_randomization_test (6953f50)" -> "@bazel_tools//tools/python:_autodetecting_py_runtime_pair (4e67ca8)"
  "//absl/testing:tests/absltest_randomization_test (6953f50)" -> "@local_config_cc//:cc-compiler-k8 (4e67ca8)"
  "//absl/testing:tests/absltest_randomization_testcase (4e67ca8)"
  "//absl/testing:tests/absltest_randomization_testcase (4e67ca8)" -> "//absl/testing:absltest (4e67ca8)"
  "//absl/testing:tests/absltest_randomization_testcase (4e67ca8)" -> "//absl/testing:tests/absltest_randomization_testcase.py (null)"
  "//absl/testing:tests/absltest_randomization_testcase.py (null)"
  "//absl/testing:tests/absltest_randomization_test.py (null)"
  "//absl/testing:tests/absltest_filtering_test (6953f50)"
  "//absl/testing:tests/absltest_filtering_test (6953f50)" -> "//absl/logging:logging (4e67ca8)"
  "//absl/testing:tests/absltest_filtering_test (6953f50)" -> "//absl/testing:_bazelize_command (4e67ca8)"
  "//absl/testing:tests/absltest_filtering_test (6953f50)" -> "//absl/testing:absltest (4e67ca8)"
  "//absl/testing:tests/absltest_filtering_test (6953f50)" -> "//absl/testing:parameterized (4e67ca8)"
  "//absl/testing:tests/absltest_filtering_test (6953f50)" -> "//absl/testing:tests/absltest_env (4e67ca8)"
  "//absl/testing:tests/absltest_filtering_test (6953f50)" -> "//absl/testing:tests/absltest_filtering_test.py (null)"
  "//absl/testing:tests/absltest_filtering_test (6953f50)" -> "//absl/testing:tests/absltest_filtering_test_helper (4e67ca8)"
  "//absl/testing:tests/absltest_filtering_test (6953f50)" -> "@bazel_tools//tools/python:_autodetecting_py_runtime_pair (4e67ca8)"
  "//absl/testing:tests/absltest_filtering_test (6953f50)" -> "@local_config_cc//:cc-compiler-k8 (4e67ca8)"
  "//absl/testing:tests/absltest_filtering_test_helper (4e67ca8)"
  "//absl/testing:tests/absltest_filtering_test_helper (4e67ca8)" -> "//absl:app (4e67ca8)"
  "//absl/testing:tests/absltest_filtering_test_helper (4e67ca8)" -> "//absl/testing:absltest (4e67ca8)"
  "//absl/testing:tests/absltest_filtering_test_helper (4e67ca8)" -> "//absl/testing:parameterized (4e67ca8)"
  "//absl/testing:tests/absltest_filtering_test_helper (4e67ca8)" -> "//absl/testing:tests/absltest_filtering_test_helper.py (null)"
  "//absl/testing:tests/absltest_filtering_test_helper.py (null)"
  "//absl/testing:tests/absltest_filtering_test.py (null)"
  "//absl/testing:tests/absltest_fail_fast_test (6953f50)"
  "//absl/testing:tests/absltest_fail_fast_test (6953f50)" -> "//absl/logging:logging (4e67ca8)"
  "//absl/testing:tests/absltest_fail_fast_test (6953f50)" -> "//absl/testing:_bazelize_command (4e67ca8)"
  "//absl/testing:tests/absltest_fail_fast_test (6953f50)" -> "//absl/testing:absltest (4e67ca8)"
  "//absl/testing:tests/absltest_fail_fast_test (6953f50)" -> "//absl/testing:parameterized (4e67ca8)"
  "//absl/testing:tests/absltest_fail_fast_test (6953f50)" -> "//absl/testing:tests/absltest_env (4e67ca8)"
  "//absl/testing:tests/absltest_fail_fast_test (6953f50)" -> "//absl/testing:tests/absltest_fail_fast_test.py (null)"
  "//absl/testing:tests/absltest_fail_fast_test (6953f50)" -> "//absl/testing:tests/absltest_fail_fast_test_helper (4e67ca8)"
  "//absl/testing:tests/absltest_fail_fast_test (6953f50)" -> "@bazel_tools//tools/python:_autodetecting_py_runtime_pair (4e67ca8)"
  "//absl/testing:tests/absltest_fail_fast_test (6953f50)" -> "@local_config_cc//:cc-compiler-k8 (4e67ca8)"
  "//absl/testing:tests/absltest_fail_fast_test_helper (4e67ca8)"
  "//absl/testing:tests/absltest_fail_fast_test_helper (4e67ca8)" -> "//absl:app (4e67ca8)"
  "//absl/testing:tests/absltest_fail_fast_test_helper (4e67ca8)" -> "//absl/testing:absltest (4e67ca8)"
  "//absl/testing:tests/absltest_fail_fast_test_helper (4e67ca8)" -> "//absl/testing:tests/absltest_fail_fast_test_helper.py (null)"
  "//absl/testing:tests/absltest_fail_fast_test_helper.py (null)"
  "//absl/testing:tests/absltest_fail_fast_test.py (null)"
  "//absl/testing:tests/absltest_env (4e67ca8)"
  "//absl/testing:tests/absltest_env (4e67ca8)" -> "//absl/testing:tests/absltest_env.py (null)"
  "//absl/testing:tests/absltest_env.py (null)"
  "//absl/logging:tests/verbosity_flag_test (6953f50)"
  "//absl/logging:tests/verbosity_flag_test (6953f50)" -> "//absl/flags:flags (4e67ca8)"
  "//absl/logging:tests/verbosity_flag_test (6953f50)" -> "//absl/logging:logging (4e67ca8)"
  "//absl/logging:tests/verbosity_flag_test (6953f50)" -> "//absl/logging:tests/verbosity_flag_test.py (null)"
  "//absl/logging:tests/verbosity_flag_test (6953f50)" -> "//absl/testing:absltest (4e67ca8)"
  "//absl/logging:tests/verbosity_flag_test (6953f50)" -> "@bazel_tools//tools/python:_autodetecting_py_runtime_pair (4e67ca8)"
  "//absl/logging:tests/verbosity_flag_test (6953f50)" -> "@local_config_cc//:cc-compiler-k8 (4e67ca8)"
  "//absl/logging:tests/verbosity_flag_test.py (null)"
  "//absl/logging:tests/logging_test (6953f50)"
  "//absl/logging:tests/logging_test (6953f50)" -> "//absl/flags:flags (4e67ca8)"
  "//absl/logging:tests/logging_test (6953f50)" -> "//absl/logging:logging (4e67ca8)"
  "//absl/logging:tests/logging_test (6953f50)" -> "//absl/logging:tests/logging_test.py (null)"
  "//absl/logging:tests/logging_test (6953f50)" -> "//absl/testing:absltest (4e67ca8)"
  "//absl/logging:tests/logging_test (6953f50)" -> "//absl/testing:flagsaver (4e67ca8)"
  "//absl/logging:tests/logging_test (6953f50)" -> "//absl/testing:parameterized (4e67ca8)"
  "//absl/logging:tests/logging_test (6953f50)" -> "@bazel_tools//tools/python:_autodetecting_py_runtime_pair (4e67ca8)"
  "//absl/logging:tests/logging_test (6953f50)" -> "@local_config_cc//:cc-compiler-k8 (4e67ca8)"
  "//absl/logging:tests/logging_test.py (null)"
  "//absl/logging:tests/logging_functional_test (6953f50)"
  "//absl/logging:tests/logging_functional_test (6953f50)" -> "//absl/logging:logging (4e67ca8)"
  "//absl/logging:tests/logging_functional_test (6953f50)" -> "//absl/logging:tests/logging_functional_test.py (null)"
  "//absl/logging:tests/logging_functional_test (6953f50)" -> "//absl/logging:tests/logging_functional_test_helper (4e67ca8)"
  "//absl/logging:tests/logging_functional_test (6953f50)" -> "//absl/testing:_bazelize_command (4e67ca8)"
  "//absl/logging:tests/logging_functional_test (6953f50)" -> "//absl/testing:absltest (4e67ca8)"
  "//absl/logging:tests/logging_functional_test (6953f50)" -> "//absl/testing:parameterized (4e67ca8)"
  "//absl/logging:tests/logging_functional_test (6953f50)" -> "@bazel_tools//tools/python:_autodetecting_py_runtime_pair (4e67ca8)"
  "//absl/logging:tests/logging_functional_test (6953f50)" -> "@local_config_cc//:cc-compiler-k8 (4e67ca8)"
  "//absl/logging:tests/logging_functional_test_helper (4e67ca8)"
  "//absl/logging:tests/logging_functional_test_helper (4e67ca8)" -> "//absl:app (4e67ca8)"
  "//absl/logging:tests/logging_functional_test_helper (4e67ca8)" -> "//absl/flags:flags (4e67ca8)"
  "//absl/logging:tests/logging_functional_test_helper (4e67ca8)" -> "//absl/logging:logging (4e67ca8)"
  "//absl/logging:tests/logging_functional_test_helper (4e67ca8)" -> "//absl/logging:tests/logging_functional_test_helper.py (null)"
  "//absl/logging:tests/logging_functional_test_helper.py (null)"
  "//absl/logging:tests/logging_functional_test.py (null)"
  "//absl/logging:tests/log_before_import_test (6953f50)"
  "//absl/logging:tests/log_before_import_test (6953f50)" -> "//absl/logging:logging (4e67ca8)"
  "//absl/logging:tests/log_before_import_test (6953f50)" -> "//absl/logging:tests/log_before_import_test.py (null)"
  "//absl/logging:tests/log_before_import_test (6953f50)" -> "//absl/testing:absltest (4e67ca8)"
  "//absl/logging:tests/log_before_import_test (6953f50)" -> "@bazel_tools//tools/python:_autodetecting_py_runtime_pair (4e67ca8)"
  "//absl/logging:tests/log_before_import_test (6953f50)" -> "@local_config_cc//:cc-compiler-k8 (4e67ca8)"
  "//absl/logging:tests/log_before_import_test.py (null)"
  "//absl/logging:tests/converter_test (6953f50)"
  "//absl/logging:tests/converter_test (6953f50)" -> "//absl/logging:converter (4e67ca8)"
  "//absl/logging:tests/converter_test (6953f50)" -> "//absl/logging:logging (4e67ca8)"
  "//absl/logging:tests/converter_test (6953f50)" -> "//absl/logging:tests/converter_test.py (null)"
  "//absl/logging:tests/converter_test (6953f50)" -> "//absl/testing:absltest (4e67ca8)"
  "//absl/logging:tests/converter_test (6953f50)" -> "@bazel_tools//tools/python:_autodetecting_py_runtime_pair (4e67ca8)"
  "//absl/logging:tests/converter_test (6953f50)" -> "@local_config_cc//:cc-compiler-k8 (4e67ca8)"
  "//absl/logging:tests/converter_test.py (null)"
  "//absl/flags:tests/flags_unicode_literals_test (6953f50)"
  "//absl/flags:tests/flags_unicode_literals_test (6953f50)" -> "//absl/flags:flags (4e67ca8)"
  "//absl/flags:tests/flags_unicode_literals_test (6953f50)" -> "//absl/flags:tests/flags_unicode_literals_test.py (null)"
  "//absl/flags:tests/flags_unicode_literals_test (6953f50)" -> "//absl/testing:absltest (4e67ca8)"
  "//absl/flags:tests/flags_unicode_literals_test (6953f50)" -> "@bazel_tools//tools/python:_autodetecting_py_runtime_pair (4e67ca8)"
  "//absl/flags:tests/flags_unicode_literals_test (6953f50)" -> "@local_config_cc//:cc-compiler-k8 (4e67ca8)"
  "//absl/flags:tests/flags_unicode_literals_test.py (null)"
  "//absl/flags:tests/flags_test (6953f50)"
  "//absl/flags:tests/flags_test (6953f50)" -> "//absl/flags:_exceptions (4e67ca8)"
  "//absl/flags:tests/flags_test (6953f50)" -> "//absl/flags:_helpers (4e67ca8)"
  "//absl/flags:tests/flags_test (6953f50)" -> "//absl/flags:flags (4e67ca8)"
  "//absl/flags:tests/flags_test (6953f50)" -> "//absl/flags:tests/flags_test.py (null)"
  "//absl/flags:tests/flags_test (6953f50)" -> "//absl/flags:tests/module_bar (4e67ca8)"
  "//absl/flags:tests/flags_test (6953f50)" -> "//absl/flags:tests/module_baz (4e67ca8)"
  "//absl/flags:tests/flags_test (6953f50)" -> "//absl/flags:tests/module_foo (4e67ca8)"
  "//absl/flags:tests/flags_test (6953f50)" -> "//absl/testing:absltest (4e67ca8)"
  "//absl/flags:tests/flags_test (6953f50)" -> "@bazel_tools//tools/python:_autodetecting_py_runtime_pair (4e67ca8)"
  "//absl/flags:tests/flags_test (6953f50)" -> "@local_config_cc//:cc-compiler-k8 (4e67ca8)"
  "//absl/flags:tests/module_baz (4e67ca8)"
  "//absl/flags:tests/module_baz (4e67ca8)" -> "//absl/flags:flags (4e67ca8)"
  "//absl/flags:tests/module_baz (4e67ca8)" -> "//absl/flags:tests/module_baz.py (null)"
  "//absl/flags:tests/module_baz.py (null)"
  "//absl/flags:tests/flags_test.py (null)"
  "//absl/flags:tests/flags_numeric_bounds_test (6953f50)"
  "//absl/flags:tests/flags_numeric_bounds_test (6953f50)" -> "//absl/flags:_validators (4e67ca8)"
  "//absl/flags:tests/flags_numeric_bounds_test (6953f50)" -> "//absl/flags:flags (4e67ca8)"
  "//absl/flags:tests/flags_numeric_bounds_test (6953f50)" -> "//absl/flags:tests/flags_numeric_bounds_test.py (null)"
  "//absl/flags:tests/flags_numeric_bounds_test (6953f50)" -> "//absl/testing:absltest (4e67ca8)"
  "//absl/flags:tests/flags_numeric_bounds_test (6953f50)" -> "@bazel_tools//tools/python:_autodetecting_py_runtime_pair (4e67ca8)"
  "//absl/flags:tests/flags_numeric_bounds_test (6953f50)" -> "@local_config_cc//:cc-compiler-k8 (4e67ca8)"
  "//absl/flags:tests/flags_numeric_bounds_test.py (null)"
  "//absl/flags:tests/flags_helpxml_test (6953f50)"
  "//absl/flags:tests/flags_helpxml_test (6953f50)" -> "//absl/flags:_helpers (4e67ca8)"
  "//absl/flags:tests/flags_helpxml_test (6953f50)" -> "//absl/flags:flags (4e67ca8)"
  "//absl/flags:tests/flags_helpxml_test (6953f50)" -> "//absl/flags:tests/flags_helpxml_test.py (null)"
  "//absl/flags:tests/flags_helpxml_test (6953f50)" -> "//absl/flags:tests/module_bar (4e67ca8)"
  "//absl/flags:tests/flags_helpxml_test (6953f50)" -> "//absl/testing:absltest (4e67ca8)"
  "//absl/flags:tests/flags_helpxml_test (6953f50)" -> "@bazel_tools//tools/python:_autodetecting_py_runtime_pair (4e67ca8)"
  "//absl/flags:tests/flags_helpxml_test (6953f50)" -> "@local_config_cc//:cc-compiler-k8 (4e67ca8)"
  "//absl/flags:tests/flags_helpxml_test.py (null)"
  "//absl/flags:tests/flags_formatting_test (6953f50)"
  "//absl/flags:tests/flags_formatting_test (6953f50)" -> "//absl/flags:_helpers (4e67ca8)"
  "//absl/flags:tests/flags_formatting_test (6953f50)" -> "//absl/flags:flags (4e67ca8)"
  "//absl/flags:tests/flags_formatting_test (6953f50)" -> "//absl/flags:tests/flags_formatting_test.py (null)"
  "//absl/flags:tests/flags_formatting_test (6953f50)" -> "//absl/testing:absltest (4e67ca8)"
  "//absl/flags:tests/flags_formatting_test (6953f50)" -> "@bazel_tools//tools/python:_autodetecting_py_runtime_pair (4e67ca8)"
  "//absl/flags:tests/flags_formatting_test (6953f50)" -> "@local_config_cc//:cc-compiler-k8 (4e67ca8)"
  "//absl/flags:tests/flags_formatting_test.py (null)"
  "//absl/flags:tests/argparse_flags_test (6953f50)"
  "//absl/flags:tests/argparse_flags_test (6953f50)" -> "//absl/flags:argparse_flags (4e67ca8)"
  "//absl/flags:tests/argparse_flags_test (6953f50)" -> "//absl/flags:flags (4e67ca8)"
  "//absl/flags:tests/argparse_flags_test (6953f50)" -> "//absl/flags:tests/argparse_flags_test.py (null)"
  "//absl/flags:tests/argparse_flags_test (6953f50)" -> "//absl/flags:tests/argparse_flags_test_helper (4e67ca8)"
  "//absl/flags:tests/argparse_flags_test (6953f50)" -> "//absl/logging:logging (4e67ca8)"
  "//absl/flags:tests/argparse_flags_test (6953f50)" -> "//absl/testing:_bazelize_command (4e67ca8)"
  "//absl/flags:tests/argparse_flags_test (6953f50)" -> "//absl/testing:absltest (4e67ca8)"
  "//absl/flags:tests/argparse_flags_test (6953f50)" -> "//absl/testing:parameterized (4e67ca8)"
  "//absl/flags:tests/argparse_flags_test (6953f50)" -> "@bazel_tools//tools/python:_autodetecting_py_runtime_pair (4e67ca8)"
  "//absl/flags:tests/argparse_flags_test (6953f50)" -> "@local_config_cc//:cc-compiler-k8 (4e67ca8)"
  "//absl/flags:tests/argparse_flags_test_helper (4e67ca8)"
  "//absl/flags:tests/argparse_flags_test_helper (4e67ca8)" -> "//absl:app (4e67ca8)"
  "//absl/flags:tests/argparse_flags_test_helper (4e67ca8)" -> "//absl/flags:argparse_flags (4e67ca8)"
  "//absl/flags:tests/argparse_flags_test_helper (4e67ca8)" -> "//absl/flags:flags (4e67ca8)"
  "//absl/flags:tests/argparse_flags_test_helper (4e67ca8)" -> "//absl/flags:tests/argparse_flags_test_helper.py (null)"
  "//absl/flags:tests/argparse_flags_test_helper.py (null)"
  "//absl/flags:tests/argparse_flags_test.py (null)"
  "//absl/flags:tests/_validators_test (6953f50)"
  "//absl/flags:tests/_validators_test (6953f50)" -> "//absl/flags:_defines (4e67ca8)"
  "//absl/flags:tests/_validators_test (6953f50)" -> "//absl/flags:_exceptions (4e67ca8)"
  "//absl/flags:tests/_validators_test (6953f50)" -> "//absl/flags:_flagvalues (4e67ca8)"
  "//absl/flags:tests/_validators_test (6953f50)" -> "//absl/flags:_validators (4e67ca8)"
  "//absl/flags:tests/_validators_test (6953f50)" -> "//absl/flags:tests/_validators_test.py (null)"
  "//absl/flags:tests/_validators_test (6953f50)" -> "//absl/testing:absltest (4e67ca8)"
  "//absl/flags:tests/_validators_test (6953f50)" -> "@bazel_tools//tools/python:_autodetecting_py_runtime_pair (4e67ca8)"
  "//absl/flags:tests/_validators_test (6953f50)" -> "@local_config_cc//:cc-compiler-k8 (4e67ca8)"
  "//absl/flags:tests/_validators_test.py (null)"
  "//absl/flags:tests/_helpers_test (6953f50)"
  "//absl/flags:tests/_helpers_test (6953f50)" -> "//absl/flags:_helpers (4e67ca8)"
  "//absl/flags:tests/_helpers_test (6953f50)" -> "//absl/flags:tests/_helpers_test.py (null)"
  "//absl/flags:tests/_helpers_test (6953f50)" -> "//absl/flags:tests/module_bar (4e67ca8)"
  "//absl/flags:tests/_helpers_test (6953f50)" -> "//absl/flags:tests/module_foo (4e67ca8)"
  "//absl/flags:tests/_helpers_test (6953f50)" -> "//absl/testing:absltest (4e67ca8)"
  "//absl/flags:tests/_helpers_test (6953f50)" -> "@bazel_tools//tools/python:_autodetecting_py_runtime_pair (4e67ca8)"
  "//absl/flags:tests/_helpers_test (6953f50)" -> "@local_config_cc//:cc-compiler-k8 (4e67ca8)"
  "//absl/flags:tests/_helpers_test.py (null)"
  "//absl/flags:tests/_flagvalues_test (6953f50)"
  "//absl/flags:tests/_flagvalues_test (6953f50)" -> "//absl/flags:_defines (4e67ca8)"
  "//absl/flags:tests/_flagvalues_test (6953f50)" -> "//absl/flags:_exceptions (4e67ca8)"
  "//absl/flags:tests/_flagvalues_test (6953f50)" -> "//absl/flags:_flagvalues (4e67ca8)"
  "//absl/flags:tests/_flagvalues_test (6953f50)" -> "//absl/flags:_helpers (4e67ca8)"
  "//absl/flags:tests/_flagvalues_test (6953f50)" -> "//absl/flags:_validators (4e67ca8)"
  "//absl/flags:tests/_flagvalues_test (6953f50)" -> "//absl/flags:tests/_flagvalues_test.py (null)"
  "//absl/flags:tests/_flagvalues_test (6953f50)" -> "//absl/flags:tests/module_foo (4e67ca8)"
  "//absl/flags:tests/_flagvalues_test (6953f50)" -> "//absl/logging:logging (4e67ca8)"
  "//absl/flags:tests/_flagvalues_test (6953f50)" -> "//absl/testing:absltest (4e67ca8)"
  "//absl/flags:tests/_flagvalues_test (6953f50)" -> "//absl/testing:parameterized (4e67ca8)"
  "//absl/flags:tests/_flagvalues_test (6953f50)" -> "@bazel_tools//tools/python:_autodetecting_py_runtime_pair (4e67ca8)"
  "//absl/flags:tests/_flagvalues_test (6953f50)" -> "@local_config_cc//:cc-compiler-k8 (4e67ca8)"
  "//absl/flags:tests/module_foo (4e67ca8)"
  "//absl/flags:tests/module_foo (4e67ca8)" -> "//absl/flags:_helpers (4e67ca8)"
  "//absl/flags:tests/module_foo (4e67ca8)" -> "//absl/flags:flags (4e67ca8)"
  "//absl/flags:tests/module_foo (4e67ca8)" -> "//absl/flags:tests/module_bar (4e67ca8)"
  "//absl/flags:tests/module_foo (4e67ca8)" -> "//absl/flags:tests/module_foo.py (null)"
  "//absl/flags:tests/module_foo.py (null)"
  "//absl/flags:tests/module_bar (4e67ca8)"
  "//absl/flags:tests/module_bar (4e67ca8)" -> "//absl/flags:_helpers (4e67ca8)"
  "//absl/flags:tests/module_bar (4e67ca8)" -> "//absl/flags:flags (4e67ca8)"
  "//absl/flags:tests/module_bar (4e67ca8)" -> "//absl/flags:tests/module_bar.py (null)"
  "//absl/flags:tests/module_bar.py (null)"
  "//absl/flags:tests/_flagvalues_test.py (null)"
  "//absl/flags:tests/_flag_test (6953f50)"
  "//absl/flags:tests/_flag_test (6953f50)" -> "//absl/flags:_argument_parser (4e67ca8)"
  "//absl/flags:tests/_flag_test (6953f50)" -> "//absl/flags:_exceptions (4e67ca8)"
  "//absl/flags:tests/_flag_test (6953f50)" -> "//absl/flags:_flag (4e67ca8)"
  "//absl/flags:tests/_flag_test (6953f50)" -> "//absl/flags:tests/_flag_test.py (null)"
  "//absl/flags:tests/_flag_test (6953f50)" -> "//absl/testing:absltest (4e67ca8)"
  "//absl/flags:tests/_flag_test (6953f50)" -> "//absl/testing:parameterized (4e67ca8)"
  "//absl/flags:tests/_flag_test (6953f50)" -> "@bazel_tools//tools/python:_autodetecting_py_runtime_pair (4e67ca8)"
  "//absl/flags:tests/_flag_test (6953f50)" -> "@local_config_cc//:cc-compiler-k8 (4e67ca8)"
  "//absl/flags:tests/_flag_test.py (null)"
  "//absl/flags:tests/_argument_parser_test (6953f50)"
  "//absl/flags:tests/_argument_parser_test (6953f50)" -> "//absl/flags:_argument_parser (4e67ca8)"
  "//absl/flags:tests/_argument_parser_test (6953f50)" -> "//absl/flags:tests/_argument_parser_test.py (null)"
  "//absl/flags:tests/_argument_parser_test (6953f50)" -> "//absl/testing:absltest (4e67ca8)"
  "//absl/flags:tests/_argument_parser_test (6953f50)" -> "//absl/testing:parameterized (4e67ca8)"
  "//absl/flags:tests/_argument_parser_test (6953f50)" -> "@bazel_tools//tools/python:_autodetecting_py_runtime_pair (4e67ca8)"
  "//absl/flags:tests/_argument_parser_test (6953f50)" -> "@local_config_cc//:cc-compiler-k8 (4e67ca8)"
  "//absl/testing:parameterized (4e67ca8)"
  "//absl/testing:parameterized (4e67ca8)" -> "//absl/testing:absltest (4e67ca8)"
  "//absl/testing:parameterized (4e67ca8)" -> "//absl/testing:parameterized.py (null)"
  "//absl/testing:parameterized.py (null)"
  "//absl/flags:tests/_argument_parser_test.py (null)"
  "//absl/flags:argparse_flags (4e67ca8)"
  "//absl/flags:argparse_flags (4e67ca8)" -> "//absl/flags:argparse_flags.py (null)"
  "//absl/flags:argparse_flags (4e67ca8)" -> "//absl/flags:flags (4e67ca8)"
  "//absl/flags:argparse_flags.py (null)"
  "//absl:tests/python_version_test (6953f50)"
  "//absl:tests/python_version_test (6953f50)" -> "//absl:tests/python_version_test.py (null)"
  "//absl:tests/python_version_test (6953f50)" -> "//absl/flags:flags (4e67ca8)"
  "//absl:tests/python_version_test (6953f50)" -> "//absl/testing:absltest (4e67ca8)"
  "//absl:tests/python_version_test (6953f50)" -> "@bazel_tools//tools/python:_autodetecting_py_runtime_pair (4e67ca8)"
  "//absl:tests/python_version_test (6953f50)" -> "@local_config_cc//:cc-compiler-k8 (4e67ca8)"
  "//absl:tests/python_version_test.py (null)"
  "//absl:tests/command_name_test (6953f50)"
  "//absl:tests/command_name_test (6953f50)" -> "//absl:command_name (4e67ca8)"
  "//absl:tests/command_name_test (6953f50)" -> "//absl:tests/command_name_test.py (null)"
  "//absl:tests/command_name_test (6953f50)" -> "//absl/testing:absltest (4e67ca8)"
  "//absl:tests/command_name_test (6953f50)" -> "@bazel_tools//tools/python:_autodetecting_py_runtime_pair (4e67ca8)"
  "//absl:tests/command_name_test (6953f50)" -> "@local_config_cc//:cc-compiler-k8 (4e67ca8)"
  "//absl:tests/command_name_test.py (null)"
  "//absl:tests/app_test (6953f50)"
  "//absl:tests/app_test (6953f50)" -> "//absl:app (4e67ca8)"
  "//absl:tests/app_test (6953f50)" -> "//absl:tests/app_test.py (null)"
  "//absl:tests/app_test (6953f50)" -> "//absl:tests/app_test_helper (4e67ca8)\n//absl:tests/app_test_helper_pure_python (4e67ca8)"
  "//absl:tests/app_test (6953f50)" -> "//absl/flags:flags (4e67ca8)"
  "//absl:tests/app_test (6953f50)" -> "//absl/testing:_bazelize_command (4e67ca8)"
  "//absl:tests/app_test (6953f50)" -> "//absl/testing:absltest (4e67ca8)"
  "//absl:tests/app_test (6953f50)" -> "//absl/testing:flagsaver (4e67ca8)"
  "//absl:tests/app_test (6953f50)" -> "@bazel_tools//tools/python:_autodetecting_py_runtime_pair (4e67ca8)"
  "//absl:tests/app_test (6953f50)" -> "@local_config_cc//:cc-compiler-k8 (4e67ca8)"
  "@local_config_cc//:cc-compiler-k8 (4e67ca8)"
  "@local_config_cc//:cc-compiler-k8 (4e67ca8)" -> "@local_config_cc//:compiler_deps (016b1f6)"
  "@local_config_cc//:cc-compiler-k8 (4e67ca8)" -> "@local_config_cc//:empty (016b1f6)\n@local_config_cc//:local (4e67ca8)"
  "@local_config_cc//:empty (016b1f6)\n@local_config_cc//:local (4e67ca8)"
  "@local_config_cc//:compiler_deps (016b1f6)"
  "@local_config_cc//:compiler_deps (016b1f6)" -> "@local_config_cc//:builtin_include_directory_paths (null)"
  "@local_config_cc//:builtin_include_directory_paths (null)"
  "@bazel_tools//tools/python:_autodetecting_py_runtime_pair (4e67ca8)"
  "@bazel_tools//tools/python:_autodetecting_py_runtime_pair (4e67ca8)" -> "@bazel_tools//src/conditions:windows (4e67ca8)"
  "@bazel_tools//tools/python:_autodetecting_py_runtime_pair (4e67ca8)" -> "@bazel_tools//tools/python:_autodetecting_py2_runtime (4e67ca8)"
  "@bazel_tools//tools/python:_autodetecting_py_runtime_pair (4e67ca8)" -> "@bazel_tools//tools/python:_autodetecting_py3_runtime (4e67ca8)"
  "@bazel_tools//tools/python:_autodetecting_py3_runtime (4e67ca8)"
  "@bazel_tools//tools/python:_autodetecting_py3_runtime (4e67ca8)" -> "@bazel_tools//tools/python:py3wrapper.sh (4e67ca8)"
  "@bazel_tools//tools/python:py3wrapper.sh (4e67ca8)"
  "@bazel_tools//tools/python:py3wrapper.sh (4e67ca8)" -> "@bazel_tools//tools/python:_generate_wrappers (4e67ca8)"
  "@bazel_tools//tools/python:_autodetecting_py2_runtime (4e67ca8)"
  "@bazel_tools//tools/python:_autodetecting_py2_runtime (4e67ca8)" -> "@bazel_tools//tools/python:py2wrapper.sh (4e67ca8)"
  "@bazel_tools//tools/python:py2wrapper.sh (4e67ca8)"
  "@bazel_tools//tools/python:py2wrapper.sh (4e67ca8)" -> "@bazel_tools//tools/python:_generate_wrappers (4e67ca8)"
  "@bazel_tools//tools/python:_generate_wrappers (4e67ca8)"
  "@bazel_tools//tools/python:_generate_wrappers (4e67ca8)" -> "@bazel_tools//tools/python:pywrapper_template.txt (null)"
  "@bazel_tools//tools/python:pywrapper_template.txt (null)"
  "@bazel_tools//src/conditions:windows (4e67ca8)"
  "@bazel_tools//src/conditions:windows (4e67ca8)" -> "@platforms//os:windows (4e67ca8)"
  "@platforms//os:windows (4e67ca8)"
  "@platforms//os:windows (4e67ca8)" -> "@platforms//os:os (4e67ca8)"
  "@platforms//os:os (4e67ca8)"
  "//absl/testing:flagsaver (4e67ca8)"
  "//absl/testing:flagsaver (4e67ca8)" -> "//absl/flags:flags (4e67ca8)"
  "//absl/testing:flagsaver (4e67ca8)" -> "//absl/testing:flagsaver.py (null)"
  "//absl/testing:flagsaver.py (null)"
  "//absl/testing:absltest (4e67ca8)"
  "//absl/testing:absltest (4e67ca8)" -> "//absl:app (4e67ca8)"
  "//absl/testing:absltest (4e67ca8)" -> "//absl/flags:flags (4e67ca8)"
  "//absl/testing:absltest (4e67ca8)" -> "//absl/logging:logging (4e67ca8)"
  "//absl/testing:absltest (4e67ca8)" -> "//absl/testing:_pretty_print_reporter (4e67ca8)"
  "//absl/testing:absltest (4e67ca8)" -> "//absl/testing:absltest.py (null)"
  "//absl/testing:absltest (4e67ca8)" -> "//absl/testing:xml_reporter (4e67ca8)"
  "//absl/testing:xml_reporter (4e67ca8)"
  "//absl/testing:xml_reporter (4e67ca8)" -> "//absl/testing:_pretty_print_reporter (4e67ca8)"
  "//absl/testing:xml_reporter (4e67ca8)" -> "//absl/testing:xml_reporter.py (null)"
  "//absl/testing:xml_reporter.py (null)"
  "//absl/testing:absltest.py (null)"
  "//absl/testing:_pretty_print_reporter (4e67ca8)"
  "//absl/testing:_pretty_print_reporter (4e67ca8)" -> "//absl/testing:_pretty_print_reporter.py (null)"
  "//absl/testing:_pretty_print_reporter.py (null)"
  "//absl/testing:_bazelize_command (4e67ca8)"
  "//absl/testing:_bazelize_command (4e67ca8)" -> "//absl/flags:flags (4e67ca8)"
  "//absl/testing:_bazelize_command (4e67ca8)" -> "//absl/testing:_bazelize_command.py (null)"
  "//absl/testing:_bazelize_command.py (null)"
  "//absl:tests/app_test_helper (4e67ca8)\n//absl:tests/app_test_helper_pure_python (4e67ca8)"
  "//absl:tests/app_test_helper (4e67ca8)\n//absl:tests/app_test_helper_pure_python (4e67ca8)" -> "//absl:app (4e67ca8)"
  "//absl:tests/app_test_helper (4e67ca8)\n//absl:tests/app_test_helper_pure_python (4e67ca8)" -> "//absl:tests/app_test_helper.py (null)"
  "//absl:tests/app_test_helper (4e67ca8)\n//absl:tests/app_test_helper_pure_python (4e67ca8)" -> "//absl/flags:flags (4e67ca8)"
  "//absl:tests/app_test_helper.py (null)"
  "//absl:tests/app_test.py (null)"
  "//absl:app (4e67ca8)"
  "//absl:app (4e67ca8)" -> "//absl:app.py (null)"
  "//absl:app (4e67ca8)" -> "//absl:command_name (4e67ca8)"
  "//absl:app (4e67ca8)" -> "//absl/flags:flags (4e67ca8)"
  "//absl:app (4e67ca8)" -> "//absl/logging:logging (4e67ca8)"
  "//absl/logging:logging (4e67ca8)"
  "//absl/logging:logging (4e67ca8)" -> "//absl/flags:flags (4e67ca8)"
  "//absl/logging:logging (4e67ca8)" -> "//absl/logging:__init__.py (null)"
  "//absl/logging:logging (4e67ca8)" -> "//absl/logging:converter (4e67ca8)"
  "//absl/logging:converter (4e67ca8)"
  "//absl/logging:converter (4e67ca8)" -> "//absl/logging:converter.py (null)"
  "//absl/logging:converter.py (null)"
  "//absl/logging:__init__.py (null)"
  "//absl/flags:flags (4e67ca8)"
  "//absl/flags:flags (4e67ca8)" -> "//absl/flags:__init__.py (null)"
  "//absl/flags:flags (4e67ca8)" -> "//absl/flags:_argument_parser (4e67ca8)"
  "//absl/flags:flags (4e67ca8)" -> "//absl/flags:_defines (4e67ca8)"
  "//absl/flags:flags (4e67ca8)" -> "//absl/flags:_exceptions (4e67ca8)"
  "//absl/flags:flags (4e67ca8)" -> "//absl/flags:_flag (4e67ca8)"
  "//absl/flags:flags (4e67ca8)" -> "//absl/flags:_flagvalues (4e67ca8)"
  "//absl/flags:flags (4e67ca8)" -> "//absl/flags:_helpers (4e67ca8)"
  "//absl/flags:flags (4e67ca8)" -> "//absl/flags:_validators (4e67ca8)"
  "//absl/flags:_defines (4e67ca8)"
  "//absl/flags:_defines (4e67ca8)" -> "//absl/flags:_argument_parser (4e67ca8)"
  "//absl/flags:_defines (4e67ca8)" -> "//absl/flags:_defines.py (null)"
  "//absl/flags:_defines (4e67ca8)" -> "//absl/flags:_exceptions (4e67ca8)"
  "//absl/flags:_defines (4e67ca8)" -> "//absl/flags:_flag (4e67ca8)"
  "//absl/flags:_defines (4e67ca8)" -> "//absl/flags:_flagvalues (4e67ca8)"
  "//absl/flags:_defines (4e67ca8)" -> "//absl/flags:_helpers (4e67ca8)"
  "//absl/flags:_defines (4e67ca8)" -> "//absl/flags:_validators (4e67ca8)"
  "//absl/flags:_validators (4e67ca8)"
  "//absl/flags:_validators (4e67ca8)" -> "//absl/flags:_exceptions (4e67ca8)"
  "//absl/flags:_validators (4e67ca8)" -> "//absl/flags:_flagvalues (4e67ca8)"
  "//absl/flags:_validators (4e67ca8)" -> "//absl/flags:_validators.py (null)"
  "//absl/flags:_validators (4e67ca8)" -> "//absl/flags:_validators_classes (4e67ca8)"
  "//absl/flags:_validators.py (null)"
  "//absl/flags:_flagvalues (4e67ca8)"
  "//absl/flags:_flagvalues (4e67ca8)" -> "//absl/flags:_exceptions (4e67ca8)"
  "//absl/flags:_flagvalues (4e67ca8)" -> "//absl/flags:_flag (4e67ca8)"
  "//absl/flags:_flagvalues (4e67ca8)" -> "//absl/flags:_flagvalues.py (null)"
  "//absl/flags:_flagvalues (4e67ca8)" -> "//absl/flags:_helpers (4e67ca8)"
  "//absl/flags:_flagvalues (4e67ca8)" -> "//absl/flags:_validators_classes (4e67ca8)"
  "//absl/flags:_validators_classes (4e67ca8)"
  "//absl/flags:_validators_classes (4e67ca8)" -> "//absl/flags:_exceptions (4e67ca8)"
  "//absl/flags:_validators_classes (4e67ca8)" -> "//absl/flags:_validators_classes.py (null)"
  "//absl/flags:_validators_classes.py (null)"
  "//absl/flags:_flagvalues.py (null)"
  "//absl/flags:_flag (4e67ca8)"
  "//absl/flags:_flag (4e67ca8)" -> "//absl/flags:_argument_parser (4e67ca8)"
  "//absl/flags:_flag (4e67ca8)" -> "//absl/flags:_exceptions (4e67ca8)"
  "//absl/flags:_flag (4e67ca8)" -> "//absl/flags:_flag.py (null)"
  "//absl/flags:_flag (4e67ca8)" -> "//absl/flags:_helpers (4e67ca8)"
  "//absl/flags:_flag.py (null)"
  "//absl/flags:_exceptions (4e67ca8)"
  "//absl/flags:_exceptions (4e67ca8)" -> "//absl/flags:_exceptions.py (null)"
  "//absl/flags:_exceptions (4e67ca8)" -> "//absl/flags:_helpers (4e67ca8)"
  "//absl/flags:_exceptions.py (null)"
  "//absl/flags:_defines.py (null)"
  "//absl/flags:_argument_parser (4e67ca8)"
  "//absl/flags:_argument_parser (4e67ca8)" -> "//absl/flags:_argument_parser.py (null)"
  "//absl/flags:_argument_parser (4e67ca8)" -> "//absl/flags:_helpers (4e67ca8)"
  "//absl/flags:_helpers (4e67ca8)"
  "//absl/flags:_helpers (4e67ca8)" -> "//absl/flags:_helpers.py (null)"
  "//absl/flags:_helpers.py (null)"
  "//absl/flags:_argument_parser.py (null)"
  "//absl/flags:__init__.py (null)"
  "//absl:command_name (4e67ca8)"
  "//absl:command_name (4e67ca8)" -> "//absl:command_name.py (null)"
  "//absl:command_name.py (null)"
  "//absl:app.py (null)"
}
