digraph mygraph {
  node [shape=box];
  "//:exrstdattr (17b5d4f)"
  "//:exrstdattr (17b5d4f)" -> "//:OpenEXR (17b5d4f)"
  "//:exrstdattr (17b5d4f)" -> "//:src/bin/exrstdattr/main.cpp (null)"
  "//:src/bin/exrstdattr/main.cpp (null)"
  "//:exrheader (17b5d4f)"
  "//:exrheader (17b5d4f)" -> "//:OpenEXR (17b5d4f)"
  "//:exrheader (17b5d4f)" -> "//:src/bin/exrheader/main.cpp (null)"
  "//:src/bin/exrheader/main.cpp (null)"
  "//:exrenvmap (17b5d4f)"
  "//:exrenvmap (17b5d4f)" -> "//:OpenEXR (17b5d4f)"
  "//:exrenvmap (17b5d4f)" -> "//:src/bin/exrenvmap/EnvmapImage.cpp (null)\n//:src/bin/exrenvmap/EnvmapImage.h (null)\n//:src/bin/exrenvmap/blurImage.cpp (null)\n//:src/bin/exrenvmap/blurImage.h (null)\n//:src/bin/exrenvmap/main.cpp (null)\n//:src/bin/exrenvmap/makeCubeMap.cpp (null)\n//:src/bin/exrenvmap/makeCubeMap.h (null)\n//:src/bin/exrenvmap/makeLatLongMap.cpp (null)\n//:src/bin/exrenvmap/makeLatLongMap.h (null)\n//:src/bin/exrenvmap/namespaceAlias.h (null)\n//:src/bin/exrenvmap/readInputImage.cpp (null)\n...and 3 more items"
  "//:src/bin/exrenvmap/EnvmapImage.cpp (null)\n//:src/bin/exrenvmap/EnvmapImage.h (null)\n//:src/bin/exrenvmap/blurImage.cpp (null)\n//:src/bin/exrenvmap/blurImage.h (null)\n//:src/bin/exrenvmap/main.cpp (null)\n//:src/bin/exrenvmap/makeCubeMap.cpp (null)\n//:src/bin/exrenvmap/makeCubeMap.h (null)\n//:src/bin/exrenvmap/makeLatLongMap.cpp (null)\n//:src/bin/exrenvmap/makeLatLongMap.h (null)\n//:src/bin/exrenvmap/namespaceAlias.h (null)\n//:src/bin/exrenvmap/readInputImage.cpp (null)\n...and 3 more items"
  "//:exr2aces (17b5d4f)"
  "//:exr2aces (17b5d4f)" -> "//:OpenEXR (17b5d4f)"
  "//:exr2aces (17b5d4f)" -> "//:src/bin/exr2aces/main.cpp (null)"
  "//:src/bin/exr2aces/main.cpp (null)"
  "//:OpenEXR (17b5d4f)"
  "//:OpenEXR (17b5d4f)" -> "//:IlmThread (17b5d4f)"
  "//:OpenEXR (17b5d4f)" -> "//:OpenEXRCore (17b5d4f)"
  "//:OpenEXR (17b5d4f)" -> "//:src/lib/Iex/IexConfig.h (17b5d4f)"
  "//:OpenEXR (17b5d4f)" -> "//:src/lib/Iex/IexConfigInternal.h (17b5d4f)"
  "//:OpenEXR (17b5d4f)" -> "//:src/lib/IlmThread/IlmThreadConfig.h (17b5d4f)"
  "//:OpenEXR (17b5d4f)" -> "//:src/lib/OpenEXR/ImfAcesFile.cpp (null)\n//:src/lib/OpenEXR/ImfAcesFile.h (null)\n//:src/lib/OpenEXR/ImfArray.h (null)\n//:src/lib/OpenEXR/ImfAttribute.cpp (null)\n//:src/lib/OpenEXR/ImfAttribute.h (null)\n//:src/lib/OpenEXR/ImfAutoArray.h (null)\n//:src/lib/OpenEXR/ImfB44Compressor.cpp (null)\n//:src/lib/OpenEXR/ImfB44Compressor.h (null)\n//:src/lib/OpenEXR/ImfBoxAttribute.cpp (null)\n//:src/lib/OpenEXR/ImfBoxAttribute.h (null)\n//:src/lib/OpenEXR/ImfCRgbaFile.cpp (null)\n...and 193 more items"
  "//:OpenEXR (17b5d4f)" -> "//:src/lib/OpenEXR/OpenEXRConfig.h (17b5d4f)"
  "//:OpenEXR (17b5d4f)" -> "//:src/lib/OpenEXR/OpenEXRConfigInternal.h (17b5d4f)"
  "//:OpenEXR (17b5d4f)" -> "//:src/lib/OpenEXR/dwaLookups.h (null)"
  "//:OpenEXR (17b5d4f)" -> "//:windows (17b5d4f)"
  "//:OpenEXR (17b5d4f)" -> "@Imath//:Imath (17b5d4f)"
  "//:src/lib/OpenEXR/ImfAcesFile.cpp (null)\n//:src/lib/OpenEXR/ImfAcesFile.h (null)\n//:src/lib/OpenEXR/ImfArray.h (null)\n//:src/lib/OpenEXR/ImfAttribute.cpp (null)\n//:src/lib/OpenEXR/ImfAttribute.h (null)\n//:src/lib/OpenEXR/ImfAutoArray.h (null)\n//:src/lib/OpenEXR/ImfB44Compressor.cpp (null)\n//:src/lib/OpenEXR/ImfB44Compressor.h (null)\n//:src/lib/OpenEXR/ImfBoxAttribute.cpp (null)\n//:src/lib/OpenEXR/ImfBoxAttribute.h (null)\n//:src/lib/OpenEXR/ImfCRgbaFile.cpp (null)\n...and 193 more items"
  "//:OpenEXRCore (17b5d4f)"
  "//:OpenEXRCore (17b5d4f)" -> "//:src/lib/IlmThread/IlmThreadConfig.h (17b5d4f)"
  "//:OpenEXRCore (17b5d4f)" -> "//:src/lib/OpenEXR/OpenEXRConfig.h (17b5d4f)"
  "//:OpenEXRCore (17b5d4f)" -> "//:src/lib/OpenEXR/OpenEXRConfigInternal.h (17b5d4f)"
  "//:OpenEXRCore (17b5d4f)" -> "//:src/lib/OpenEXR/dwaLookups.h (null)"
  "//:OpenEXRCore (17b5d4f)" -> "//:src/lib/OpenEXRCore/attributes.c (null)\n//:src/lib/OpenEXRCore/backward_compatibility.h (null)\n//:src/lib/OpenEXRCore/base.c (null)\n//:src/lib/OpenEXRCore/channel_list.c (null)\n//:src/lib/OpenEXRCore/chunk.c (null)\n//:src/lib/OpenEXRCore/coding.c (null)\n//:src/lib/OpenEXRCore/compression.c (null)\n//:src/lib/OpenEXRCore/context.c (null)\n//:src/lib/OpenEXRCore/debug.c (null)\n//:src/lib/OpenEXRCore/decoding.c (null)\n//:src/lib/OpenEXRCore/encoding.c (null)\n...and 64 more items"
  "//:OpenEXRCore (17b5d4f)" -> "//:src/lib/OpenEXRCore/openexr_version.h (null)"
  "//:OpenEXRCore (17b5d4f)" -> "//:windows (17b5d4f)"
  "//:OpenEXRCore (17b5d4f)" -> "@Imath//:Imath (17b5d4f)"
  "//:OpenEXRCore (17b5d4f)" -> "@libdeflate//:libdeflate (17b5d4f)"
  "@libdeflate//:libdeflate (17b5d4f)"
  "@libdeflate//:libdeflate (17b5d4f)" -> "@libdeflate//:common_defs.h (null)\n@libdeflate//:lib/adler32.c (null)\n@libdeflate//:lib/adler32_vec_template.h (null)\n@libdeflate//:lib/arm/adler32_impl.h (null)\n@libdeflate//:lib/arm/cpu_features.c (null)\n@libdeflate//:lib/arm/cpu_features.h (null)\n@libdeflate//:lib/arm/crc32_impl.h (null)\n@libdeflate//:lib/arm/crc32_pmull_helpers.h (null)\n@libdeflate//:lib/arm/crc32_pmull_wide.h (null)\n@libdeflate//:lib/arm/matchfinder_impl.h (null)\n...and 29 more items"
  "@libdeflate//:common_defs.h (null)\n@libdeflate//:lib/adler32.c (null)\n@libdeflate//:lib/adler32_vec_template.h (null)\n@libdeflate//:lib/arm/adler32_impl.h (null)\n@libdeflate//:lib/arm/cpu_features.c (null)\n@libdeflate//:lib/arm/cpu_features.h (null)\n@libdeflate//:lib/arm/crc32_impl.h (null)\n@libdeflate//:lib/arm/crc32_pmull_helpers.h (null)\n@libdeflate//:lib/arm/crc32_pmull_wide.h (null)\n@libdeflate//:lib/arm/matchfinder_impl.h (null)\n...and 29 more items"
  "@Imath//:Imath (17b5d4f)"
  "@Imath//:Imath (17b5d4f)" -> "@Imath//:src/Imath/ImathBox.h (null)\n@Imath//:src/Imath/ImathBoxAlgo.h (null)\n@Imath//:src/Imath/ImathColor.h (null)\n@Imath//:src/Imath/ImathColorAlgo.cpp (null)\n@Imath//:src/Imath/ImathColorAlgo.h (null)\n@Imath//:src/Imath/ImathEuler.h (null)\n@Imath//:src/Imath/ImathExport.h (null)\n@Imath//:src/Imath/ImathForward.h (null)\n@Imath//:src/Imath/ImathFrame.h (null)\n@Imath//:src/Imath/ImathFrustum.h (null)\n@Imath//:src/Imath/ImathFrustumTest.h (null)\n...and 29 more items"
  "@Imath//:Imath (17b5d4f)" -> "@Imath//:src/Imath/ImathConfig.h (17b5d4f)"
  "@Imath//:src/Imath/ImathConfig.h (17b5d4f)"
  "@Imath//:src/Imath/ImathConfig.h (17b5d4f)" -> "@Imath//:ImathConfig (17b5d4f)"
  "@Imath//:ImathConfig (17b5d4f)"
  "@Imath//:ImathConfig (17b5d4f)" -> "@Imath//:config/ImathConfig.h.in (null)"
  "@Imath//:config/ImathConfig.h.in (null)"
  "@Imath//:src/Imath/ImathBox.h (null)\n@Imath//:src/Imath/ImathBoxAlgo.h (null)\n@Imath//:src/Imath/ImathColor.h (null)\n@Imath//:src/Imath/ImathColorAlgo.cpp (null)\n@Imath//:src/Imath/ImathColorAlgo.h (null)\n@Imath//:src/Imath/ImathEuler.h (null)\n@Imath//:src/Imath/ImathExport.h (null)\n@Imath//:src/Imath/ImathForward.h (null)\n@Imath//:src/Imath/ImathFrame.h (null)\n@Imath//:src/Imath/ImathFrustum.h (null)\n@Imath//:src/Imath/ImathFrustumTest.h (null)\n...and 29 more items"
  "//:src/lib/OpenEXRCore/attributes.c (null)\n//:src/lib/OpenEXRCore/backward_compatibility.h (null)\n//:src/lib/OpenEXRCore/base.c (null)\n//:src/lib/OpenEXRCore/channel_list.c (null)\n//:src/lib/OpenEXRCore/chunk.c (null)\n//:src/lib/OpenEXRCore/coding.c (null)\n//:src/lib/OpenEXRCore/compression.c (null)\n//:src/lib/OpenEXRCore/context.c (null)\n//:src/lib/OpenEXRCore/debug.c (null)\n//:src/lib/OpenEXRCore/decoding.c (null)\n//:src/lib/OpenEXRCore/encoding.c (null)\n...and 64 more items"
  "//:src/lib/OpenEXR/dwaLookups.h (null)"
  "//:src/lib/OpenEXR/OpenEXRConfigInternal.h (17b5d4f)"
  "//:src/lib/OpenEXR/OpenEXRConfigInternal.h (17b5d4f)" -> "//:OpenEXRConfigInternal (17b5d4f)"
  "//:OpenEXRConfigInternal (17b5d4f)"
  "//:OpenEXRConfigInternal (17b5d4f)" -> "//:cmake/OpenEXRConfigInternal.h.in (null)"
  "//:cmake/OpenEXRConfigInternal.h.in (null)"
  "//:IlmThread (17b5d4f)"
  "//:IlmThread (17b5d4f)" -> "//:Iex (17b5d4f)"
  "//:IlmThread (17b5d4f)" -> "//:src/lib/IlmThread/IlmThread.cpp (null)\n//:src/lib/IlmThread/IlmThread.h (null)\n//:src/lib/IlmThread/IlmThreadExport.h (null)\n//:src/lib/IlmThread/IlmThreadForward.h (null)\n//:src/lib/IlmThread/IlmThreadMutex.h (null)\n//:src/lib/IlmThread/IlmThreadNamespace.h (null)\n//:src/lib/IlmThread/IlmThreadPool.cpp (null)\n//:src/lib/IlmThread/IlmThreadPool.h (null)\n//:src/lib/IlmThread/IlmThreadSemaphore.cpp (null)\n//:src/lib/IlmThread/IlmThreadSemaphore.h (null)\n...and 4 more items"
  "//:IlmThread (17b5d4f)" -> "//:src/lib/IlmThread/IlmThreadConfig.h (17b5d4f)"
  "//:IlmThread (17b5d4f)" -> "//:src/lib/OpenEXRCore/openexr_version.h (null)"
  "//:IlmThread (17b5d4f)" -> "//:windows (17b5d4f)"
  "//:src/lib/IlmThread/IlmThreadConfig.h (17b5d4f)"
  "//:src/lib/IlmThread/IlmThreadConfig.h (17b5d4f)" -> "//:IlmThreadConfig (17b5d4f)"
  "//:IlmThreadConfig (17b5d4f)"
  "//:IlmThreadConfig (17b5d4f)" -> "//:cmake/IlmThreadConfig.h.in (null)"
  "//:cmake/IlmThreadConfig.h.in (null)"
  "//:src/lib/IlmThread/IlmThread.cpp (null)\n//:src/lib/IlmThread/IlmThread.h (null)\n//:src/lib/IlmThread/IlmThreadExport.h (null)\n//:src/lib/IlmThread/IlmThreadForward.h (null)\n//:src/lib/IlmThread/IlmThreadMutex.h (null)\n//:src/lib/IlmThread/IlmThreadNamespace.h (null)\n//:src/lib/IlmThread/IlmThreadPool.cpp (null)\n//:src/lib/IlmThread/IlmThreadPool.h (null)\n//:src/lib/IlmThread/IlmThreadSemaphore.cpp (null)\n//:src/lib/IlmThread/IlmThreadSemaphore.h (null)\n...and 4 more items"
  "//:IexTest (0381bfd)"
  "//:IexTest (0381bfd)" -> "//:Iex (17b5d4f)"
  "//:IexTest (0381bfd)" -> "//:src/test/IexTest/main.cpp (null)\n//:src/test/IexTest/testBaseExc.cpp (null)\n//:src/test/IexTest/testBaseExc.h (null)"
  "//:IexTest (0381bfd)" -> "@local_config_cc//:cc-compiler-k8 (17b5d4f)"
  "@local_config_cc//:cc-compiler-k8 (17b5d4f)"
  "@local_config_cc//:cc-compiler-k8 (17b5d4f)" -> "@local_config_cc//:compiler_deps (ff78676)"
  "@local_config_cc//:cc-compiler-k8 (17b5d4f)" -> "@local_config_cc//:empty (ff78676)\n@local_config_cc//:local (17b5d4f)"
  "@local_config_cc//:empty (ff78676)\n@local_config_cc//:local (17b5d4f)"
  "@local_config_cc//:compiler_deps (ff78676)"
  "@local_config_cc//:compiler_deps (ff78676)" -> "@local_config_cc//:builtin_include_directory_paths (null)"
  "@local_config_cc//:builtin_include_directory_paths (null)"
  "//:src/test/IexTest/main.cpp (null)\n//:src/test/IexTest/testBaseExc.cpp (null)\n//:src/test/IexTest/testBaseExc.h (null)"
  "//:Iex (17b5d4f)"
  "//:Iex (17b5d4f)" -> "//:src/lib/Iex/Iex.h (null)\n//:src/lib/Iex/IexBaseExc.cpp (null)\n//:src/lib/Iex/IexBaseExc.h (null)\n//:src/lib/Iex/IexErrnoExc.h (null)\n//:src/lib/Iex/IexExport.h (null)\n//:src/lib/Iex/IexForward.h (null)\n//:src/lib/Iex/IexMacros.h (null)\n//:src/lib/Iex/IexMathExc.h (null)\n//:src/lib/Iex/IexMathFloatExc.cpp (null)\n//:src/lib/Iex/IexMathFloatExc.h (null)\n//:src/lib/Iex/IexMathFpu.cpp (null)\n//:src/lib/Iex/IexMathFpu.h (null)\n//:src/lib/Iex/IexMathIeeeExc.h (null)\n...and 3 more items"
  "//:Iex (17b5d4f)" -> "//:src/lib/Iex/IexConfig.h (17b5d4f)"
  "//:Iex (17b5d4f)" -> "//:src/lib/Iex/IexConfigInternal.h (17b5d4f)"
  "//:Iex (17b5d4f)" -> "//:src/lib/OpenEXR/OpenEXRConfig.h (17b5d4f)"
  "//:Iex (17b5d4f)" -> "//:src/lib/OpenEXRCore/openexr_version.h (null)"
  "//:Iex (17b5d4f)" -> "//:windows (17b5d4f)"
  "//:windows (17b5d4f)"
  "//:windows (17b5d4f)" -> "@platforms//os:windows (17b5d4f)"
  "@platforms//os:windows (17b5d4f)"
  "@platforms//os:windows (17b5d4f)" -> "@platforms//os:os (17b5d4f)"
  "@platforms//os:os (17b5d4f)"
  "//:src/lib/OpenEXRCore/openexr_version.h (null)"
  "//:src/lib/OpenEXR/OpenEXRConfig.h (17b5d4f)"
  "//:src/lib/OpenEXR/OpenEXRConfig.h (17b5d4f)" -> "//:OpenEXRConfig (17b5d4f)"
  "//:OpenEXRConfig (17b5d4f)"
  "//:OpenEXRConfig (17b5d4f)" -> "//:cmake/OpenEXRConfig.h.in (null)"
  "//:cmake/OpenEXRConfig.h.in (null)"
  "//:src/lib/Iex/IexConfigInternal.h (17b5d4f)"
  "//:src/lib/Iex/IexConfigInternal.h (17b5d4f)" -> "//:IexConfigInternal (17b5d4f)"
  "//:IexConfigInternal (17b5d4f)"
  "//:IexConfigInternal (17b5d4f)" -> "//:cmake/IexConfigInternal.h.in (null)"
  "//:cmake/IexConfigInternal.h.in (null)"
  "//:src/lib/Iex/IexConfig.h (17b5d4f)"
  "//:src/lib/Iex/IexConfig.h (17b5d4f)" -> "//:IexConfig (17b5d4f)"
  "//:IexConfig (17b5d4f)"
  "//:IexConfig (17b5d4f)" -> "//:cmake/IexConfig.h.in (null)"
  "//:cmake/IexConfig.h.in (null)"
  "//:src/lib/Iex/Iex.h (null)\n//:src/lib/Iex/IexBaseExc.cpp (null)\n//:src/lib/Iex/IexBaseExc.h (null)\n//:src/lib/Iex/IexErrnoExc.h (null)\n//:src/lib/Iex/IexExport.h (null)\n//:src/lib/Iex/IexForward.h (null)\n//:src/lib/Iex/IexMacros.h (null)\n//:src/lib/Iex/IexMathExc.h (null)\n//:src/lib/Iex/IexMathFloatExc.cpp (null)\n//:src/lib/Iex/IexMathFloatExc.h (null)\n//:src/lib/Iex/IexMathFpu.cpp (null)\n//:src/lib/Iex/IexMathFpu.h (null)\n//:src/lib/Iex/IexMathIeeeExc.h (null)\n...and 3 more items"
}
