digraph mygraph {
  node [shape=box];
  "//:py3_bazelisk_test (f92e381)\n//:py_bazelisk_test (f92e381)"
  "//:py3_bazelisk_test (f92e381)\n//:py_bazelisk_test (f92e381)" -> "//:bazelisk.py (null)"
  "//:py3_bazelisk_test (f92e381)\n//:py_bazelisk_test (f92e381)" -> "//:bazelisk_test.sh (null)\n//:releases_for_tests.json (null)"
  "//:py3_bazelisk_test (f92e381)\n//:py_bazelisk_test (f92e381)" -> "@bazel_tools//tools/bash/runfiles:runfiles (66919d9)"
  "//:npm_package.publish (f92e381)"
  "//:npm_package.publish (f92e381)" -> "//:npm_package.publish.sh (66919d9)"
  "//:npm_package.publish (f92e381)" -> "@bazel_tools//src/conditions:host_windows (f92e381)"
  "//:npm_package.publish (f92e381)" -> "@local_config_platform//:host (f92e381)"
  "//:npm_package.publish.sh (66919d9)"
  "//:npm_package.publish.sh (66919d9)" -> "//:npm_package (66919d9)"
  "//:npm_package.pack (f92e381)"
  "//:npm_package.pack (f92e381)" -> "//:npm_package.pack.sh (66919d9)"
  "//:npm_package.pack (f92e381)" -> "@bazel_tools//src/conditions:host_windows (f92e381)"
  "//:npm_package.pack (f92e381)" -> "@local_config_platform//:host (f92e381)"
  "@bazel_tools//src/conditions:host_windows (f92e381)"
  "@bazel_tools//src/conditions:host_windows (f92e381)" -> "@bazel_tools//src/conditions:host_windows_arm64_constraint (f92e381)\n@bazel_tools//src/conditions:host_windows_x64_constraint (66919d9)"
  "@bazel_tools//src/conditions:host_windows (f92e381)" -> "@local_config_platform//:host (f92e381)"
  "@local_config_platform//:host (f92e381)"
  "@local_config_platform//:host (f92e381)" -> "@platforms//cpu:x86_64 (66919d9)"
  "@local_config_platform//:host (f92e381)" -> "@platforms//os:linux (66919d9)"
  "@platforms//os:linux (66919d9)"
  "@platforms//os:linux (66919d9)" -> "@platforms//os:os (66919d9)"
  "@platforms//cpu:x86_64 (66919d9)"
  "@platforms//cpu:x86_64 (66919d9)" -> "@platforms//cpu:cpu (66919d9)"
  "@platforms//cpu:cpu (66919d9)"
  "@bazel_tools//src/conditions:host_windows_arm64_constraint (f92e381)\n@bazel_tools//src/conditions:host_windows_x64_constraint (66919d9)"
  "//:npm_package.pack.sh (66919d9)"
  "//:npm_package.pack.sh (66919d9)" -> "//:npm_package (66919d9)"
  "//:npm_package (66919d9)"
  "//:npm_package (66919d9)" -> "//:LICENSE (null)\n//:README.md (null)\n//:bazelisk.d.ts (null)\n//:bazelisk.js (null)\n//:package.json (null)"
  "//:npm_package (66919d9)" -> "//:bazelisk-darwin-amd64 (66919d9)"
  "//:npm_package (66919d9)" -> "//:bazelisk-darwin-arm64 (66919d9)"
  "//:npm_package (66919d9)" -> "//:bazelisk-linux-amd64 (66919d9)"
  "//:npm_package (66919d9)" -> "//:bazelisk-linux-arm64 (66919d9)"
  "//:npm_package (66919d9)" -> "//:bazelisk-windows-amd64 (66919d9)"
  "//:go_default_test (f92e381)"
  "//:go_default_test (f92e381)" -> "//:bazelisk_version_test.go (null)\n//:sample-issues-migration.json (null)"
  "//:go_default_test (f92e381)" -> "//:go_default_library (66919d9)"
  "//:go_default_test (f92e381)" -> "//core:go_default_library (66919d9)"
  "//:go_default_test (f92e381)" -> "//httputil:go_default_library (66919d9)"
  "//:go_default_test (f92e381)" -> "//repositories:go_default_library (66919d9)"
  "//:go_default_test (f92e381)" -> "//versions:go_default_library (66919d9)"
  "//:go_default_test (f92e381)" -> "@go_sdk//:go_linux_amd64-impl (66919d9)"
  "@go_sdk//:go_linux_amd64-impl (66919d9)"
  "@go_sdk//:go_linux_amd64-impl (66919d9)" -> "@go_sdk//:builder (c620c10)"
  "@go_sdk//:go_linux_amd64-impl (66919d9)" -> "@go_sdk//:go_sdk (c620c10)"
  "@go_sdk//:builder (c620c10)"
  "@go_sdk//:builder (c620c10)" -> "@go_sdk//:go_sdk (c620c10)"
  "@go_sdk//:builder (c620c10)" -> "@io_bazel_rules_go//go/tools/builders:builder_srcs (c620c10)"
  "@io_bazel_rules_go//go/tools/builders:builder_srcs (c620c10)"
  "@io_bazel_rules_go//go/tools/builders:builder_srcs (c620c10)" -> "@bazel_tools//src/conditions:windows (c620c10)"
  "@io_bazel_rules_go//go/tools/builders:builder_srcs (c620c10)" -> "@io_bazel_rules_go//go/tools/builders:ar.go (null)\n@io_bazel_rules_go//go/tools/builders:asm.go (null)\n@io_bazel_rules_go//go/tools/builders:builder.go (null)\n@io_bazel_rules_go//go/tools/builders:cgo2.go (null)\n@io_bazel_rules_go//go/tools/builders:compilepkg.go (null)\n@io_bazel_rules_go//go/tools/builders:cover.go (null)\n@io_bazel_rules_go//go/tools/builders:edit.go (null)\n@io_bazel_rules_go//go/tools/builders:embedcfg.go (null)\n...and 14 more items"
  "@io_bazel_rules_go//go/tools/builders:ar.go (null)\n@io_bazel_rules_go//go/tools/builders:asm.go (null)\n@io_bazel_rules_go//go/tools/builders:builder.go (null)\n@io_bazel_rules_go//go/tools/builders:cgo2.go (null)\n@io_bazel_rules_go//go/tools/builders:compilepkg.go (null)\n@io_bazel_rules_go//go/tools/builders:cover.go (null)\n@io_bazel_rules_go//go/tools/builders:edit.go (null)\n@io_bazel_rules_go//go/tools/builders:embedcfg.go (null)\n...and 14 more items"
  "@bazel_tools//src/conditions:windows (c620c10)"
  "@bazel_tools//src/conditions:windows (c620c10)" -> "@platforms//os:windows (c620c10)"
  "@platforms//os:windows (c620c10)"
  "@platforms//os:windows (c620c10)" -> "@platforms//os:os (c620c10)"
  "@platforms//os:os (c620c10)"
  "@go_sdk//:go_sdk (c620c10)"
  "@go_sdk//:go_sdk (c620c10)" -> "@go_sdk//:ROOT (null)"
  "@go_sdk//:go_sdk (c620c10)" -> "@go_sdk//:bin/go (null)"
  "@go_sdk//:go_sdk (c620c10)" -> "@go_sdk//:headers (c620c10)"
  "@go_sdk//:go_sdk (c620c10)" -> "@go_sdk//:libs (c620c10)"
  "@go_sdk//:go_sdk (c620c10)" -> "@go_sdk//:package_list (c620c10)"
  "@go_sdk//:go_sdk (c620c10)" -> "@go_sdk//:srcs (c620c10)"
  "@go_sdk//:go_sdk (c620c10)" -> "@go_sdk//:tools (c620c10)"
  "@go_sdk//:tools (c620c10)"
  "@go_sdk//:tools (c620c10)" -> "@go_sdk//:bin/gofmt (null)\n@go_sdk//:pkg/tool/linux_amd64/addr2line (null)\n@go_sdk//:pkg/tool/linux_amd64/asm (null)\n@go_sdk//:pkg/tool/linux_amd64/buildid (null)\n@go_sdk//:pkg/tool/linux_amd64/cgo (null)\n@go_sdk//:pkg/tool/linux_amd64/compile (null)\n@go_sdk//:pkg/tool/linux_amd64/cover (null)\n@go_sdk//:pkg/tool/linux_amd64/dist (null)\n@go_sdk//:pkg/tool/linux_amd64/doc (null)\n@go_sdk//:pkg/tool/linux_amd64/fix (null)\n@go_sdk//:pkg/tool/linux_amd64/link (null)\n...and 7 more items"
  "@go_sdk//:bin/gofmt (null)\n@go_sdk//:pkg/tool/linux_amd64/addr2line (null)\n@go_sdk//:pkg/tool/linux_amd64/asm (null)\n@go_sdk//:pkg/tool/linux_amd64/buildid (null)\n@go_sdk//:pkg/tool/linux_amd64/cgo (null)\n@go_sdk//:pkg/tool/linux_amd64/compile (null)\n@go_sdk//:pkg/tool/linux_amd64/cover (null)\n@go_sdk//:pkg/tool/linux_amd64/dist (null)\n@go_sdk//:pkg/tool/linux_amd64/doc (null)\n@go_sdk//:pkg/tool/linux_amd64/fix (null)\n@go_sdk//:pkg/tool/linux_amd64/link (null)\n...and 7 more items"
  "@go_sdk//:package_list (c620c10)"
  "@go_sdk//:package_list (c620c10)" -> "@go_sdk//:ROOT (null)"
  "@go_sdk//:package_list (c620c10)" -> "@go_sdk//:srcs (c620c10)"
  "@go_sdk//:srcs (c620c10)"
  "@go_sdk//:srcs (c620c10)" -> "@go_sdk//:src/Make.dist (null)\n@go_sdk//:src/README.vendor (null)\n@go_sdk//:src/all.bash (null)\n@go_sdk//:src/all.bat (null)\n@go_sdk//:src/all.rc (null)\n@go_sdk//:src/archive/tar/common.go (null)\n@go_sdk//:src/archive/tar/example_test.go (null)\n@go_sdk//:src/archive/tar/format.go (null)\n@go_sdk//:src/archive/tar/fuzz_test.go (null)\n@go_sdk//:src/archive/tar/reader.go (null)\n@go_sdk//:src/archive/tar/reader_test.go (null)\n@go_sdk//:src/archive/tar/stat_actime1.go (null)\n...and 8160 more items"
  "@go_sdk//:src/Make.dist (null)\n@go_sdk//:src/README.vendor (null)\n@go_sdk//:src/all.bash (null)\n@go_sdk//:src/all.bat (null)\n@go_sdk//:src/all.rc (null)\n@go_sdk//:src/archive/tar/common.go (null)\n@go_sdk//:src/archive/tar/example_test.go (null)\n@go_sdk//:src/archive/tar/format.go (null)\n@go_sdk//:src/archive/tar/fuzz_test.go (null)\n@go_sdk//:src/archive/tar/reader.go (null)\n@go_sdk//:src/archive/tar/reader_test.go (null)\n@go_sdk//:src/archive/tar/stat_actime1.go (null)\n...and 8160 more items"
  "@go_sdk//:libs (c620c10)"
  "@go_sdk//:libs (c620c10)" -> "@go_sdk//:pkg/linux_amd64/archive/tar.a (null)\n@go_sdk//:pkg/linux_amd64/archive/zip.a (null)\n@go_sdk//:pkg/linux_amd64/bufio.a (null)\n@go_sdk//:pkg/linux_amd64/bytes.a (null)\n@go_sdk//:pkg/linux_amd64/compress/bzip2.a (null)\n@go_sdk//:pkg/linux_amd64/compress/flate.a (null)\n@go_sdk//:pkg/linux_amd64/compress/gzip.a (null)\n@go_sdk//:pkg/linux_amd64/compress/lzw.a (null)\n@go_sdk//:pkg/linux_amd64/compress/zlib.a (null)\n@go_sdk//:pkg/linux_amd64/container/heap.a (null)\n...and 228 more items"
  "@go_sdk//:pkg/linux_amd64/archive/tar.a (null)\n@go_sdk//:pkg/linux_amd64/archive/zip.a (null)\n@go_sdk//:pkg/linux_amd64/bufio.a (null)\n@go_sdk//:pkg/linux_amd64/bytes.a (null)\n@go_sdk//:pkg/linux_amd64/compress/bzip2.a (null)\n@go_sdk//:pkg/linux_amd64/compress/flate.a (null)\n@go_sdk//:pkg/linux_amd64/compress/gzip.a (null)\n@go_sdk//:pkg/linux_amd64/compress/lzw.a (null)\n@go_sdk//:pkg/linux_amd64/compress/zlib.a (null)\n@go_sdk//:pkg/linux_amd64/container/heap.a (null)\n...and 228 more items"
  "@go_sdk//:headers (c620c10)"
  "@go_sdk//:headers (c620c10)" -> "@go_sdk//:pkg/include/asm_amd64.h (null)\n@go_sdk//:pkg/include/asm_ppc64x.h (null)\n@go_sdk//:pkg/include/funcdata.h (null)\n@go_sdk//:pkg/include/textflag.h (null)"
  "@go_sdk//:pkg/include/asm_amd64.h (null)\n@go_sdk//:pkg/include/asm_ppc64x.h (null)\n@go_sdk//:pkg/include/funcdata.h (null)\n@go_sdk//:pkg/include/textflag.h (null)"
  "@go_sdk//:bin/go (null)"
  "@go_sdk//:ROOT (null)"
  "//:go_bazelisk_test (f92e381)"
  "//:go_bazelisk_test (f92e381)" -> "//:bazelisk (66919d9)"
  "//:go_bazelisk_test (f92e381)" -> "//:bazelisk_test.sh (null)\n//:releases_for_tests.json (null)"
  "//:go_bazelisk_test (f92e381)" -> "@bazel_tools//tools/bash/runfiles:runfiles (66919d9)"
  "@bazel_tools//tools/bash/runfiles:runfiles (66919d9)"
  "@bazel_tools//tools/bash/runfiles:runfiles (66919d9)" -> "@bazel_tools//tools/bash/runfiles:runfiles.bash (null)"
  "@bazel_tools//tools/bash/runfiles:runfiles.bash (null)"
  "//:gazelle (66919d9)"
  "//:gazelle (66919d9)" -> "//:gazelle-runner (66919d9)"
  "//:gazelle-runner (66919d9)"
  "//:bazelisk_version_test.go (null)\n//:sample-issues-migration.json (null)"
  "//:bazelisk_test.sh (null)\n//:releases_for_tests.json (null)"
  "//:bazelisk.py (null)"
  "//:bazelisk-windows-amd64 (66919d9)"
  "//:bazelisk-windows-amd64 (66919d9)" -> "//:go_default_library (f52678e)"
  "//:go_default_library (f52678e)"
  "//:go_default_library (f52678e)" -> "//:bazelisk.go (null)"
  "//:go_default_library (f52678e)" -> "//core:go_default_library (f52678e)"
  "//:go_default_library (f52678e)" -> "//repositories:go_default_library (f52678e)"
  "//repositories:go_default_library (f52678e)"
  "//repositories:go_default_library (f52678e)" -> "//core:go_default_library (f52678e)"
  "//repositories:go_default_library (f52678e)" -> "//httputil:go_default_library (f52678e)"
  "//repositories:go_default_library (f52678e)" -> "//platforms:go_default_library (f52678e)"
  "//repositories:go_default_library (f52678e)" -> "//repositories:gcs.go (null)\n//repositories:github.go (null)"
  "//repositories:go_default_library (f52678e)" -> "//versions:go_default_library (f52678e)"
  "//core:go_default_library (f52678e)"
  "//core:go_default_library (f52678e)" -> "//config:go_default_library (f52678e)"
  "//core:go_default_library (f52678e)" -> "//core:core.go (null)\n//core:repositories.go (null)"
  "//core:go_default_library (f52678e)" -> "//httputil:go_default_library (f52678e)"
  "//core:go_default_library (f52678e)" -> "//platforms:go_default_library (f52678e)"
  "//core:go_default_library (f52678e)" -> "//versions:go_default_library (f52678e)"
  "//core:go_default_library (f52678e)" -> "//ws:go_default_library (f52678e)"
  "//core:go_default_library (f52678e)" -> "@com_github_mitchellh_go_homedir//:go_default_library (f52678e)"
  "//platforms:go_default_library (f52678e)"
  "//platforms:go_default_library (f52678e)" -> "//platforms:platforms.go (null)"
  "//platforms:go_default_library (f52678e)" -> "//versions:go_default_library (f52678e)"
  "//platforms:go_default_library (f52678e)" -> "@com_github_hashicorp_go_version//:go_default_library (f52678e)"
  "//versions:go_default_library (f52678e)"
  "//versions:go_default_library (f52678e)" -> "//versions:versions.go (null)"
  "//versions:go_default_library (f52678e)" -> "@com_github_hashicorp_go_version//:go_default_library (f52678e)"
  "@com_github_hashicorp_go_version//:go_default_library (f52678e)"
  "@com_github_hashicorp_go_version//:go_default_library (f52678e)" -> "@com_github_hashicorp_go_version//:go-version (f52678e)"
  "@com_github_hashicorp_go_version//:go-version (f52678e)"
  "@com_github_hashicorp_go_version//:go-version (f52678e)" -> "@com_github_hashicorp_go_version//:constraint.go (null)\n@com_github_hashicorp_go_version//:version.go (null)\n@com_github_hashicorp_go_version//:version_collection.go (null)"
  "//httputil:go_default_library (f52678e)"
  "//httputil:go_default_library (f52678e)" -> "//httputil:fake.go (null)\n//httputil:httputil.go (null)"
  "//httputil:go_default_library (f52678e)" -> "@com_github_bgentry_go_netrc//netrc:go_default_library (f52678e)"
  "//httputil:go_default_library (f52678e)" -> "@com_github_mitchellh_go_homedir//:go_default_library (f52678e)"
  "@com_github_bgentry_go_netrc//netrc:go_default_library (f52678e)"
  "@com_github_bgentry_go_netrc//netrc:go_default_library (f52678e)" -> "@com_github_bgentry_go_netrc//netrc:netrc (f52678e)"
  "@com_github_bgentry_go_netrc//netrc:netrc (f52678e)"
  "@com_github_bgentry_go_netrc//netrc:netrc (f52678e)" -> "@com_github_bgentry_go_netrc//netrc:netrc.go (null)"
  "//config:go_default_library (f52678e)"
  "//config:go_default_library (f52678e)" -> "//config:config.go (null)"
  "//config:go_default_library (f52678e)" -> "//ws:go_default_library (f52678e)"
  "//config:go_default_library (f52678e)" -> "@com_github_mitchellh_go_homedir//:go_default_library (f52678e)"
  "//ws:go_default_library (f52678e)"
  "//ws:go_default_library (f52678e)" -> "//ws:ws.go (null)"
  "//ws:go_default_library (f52678e)" -> "@com_github_mitchellh_go_homedir//:go_default_library (f52678e)"
  "@com_github_mitchellh_go_homedir//:go_default_library (f52678e)"
  "@com_github_mitchellh_go_homedir//:go_default_library (f52678e)" -> "@com_github_mitchellh_go_homedir//:go-homedir (f52678e)"
  "@com_github_mitchellh_go_homedir//:go-homedir (f52678e)"
  "@com_github_mitchellh_go_homedir//:go-homedir (f52678e)" -> "@com_github_mitchellh_go_homedir//:homedir.go (null)"
  "//:bazelisk-linux-arm64 (66919d9)"
  "//:bazelisk-linux-arm64 (66919d9)" -> "//:go_default_library (0b6acb5)"
  "//:go_default_library (0b6acb5)"
  "//:go_default_library (0b6acb5)" -> "//:bazelisk.go (null)"
  "//:go_default_library (0b6acb5)" -> "//core:go_default_library (0b6acb5)"
  "//:go_default_library (0b6acb5)" -> "//repositories:go_default_library (0b6acb5)"
  "//repositories:go_default_library (0b6acb5)"
  "//repositories:go_default_library (0b6acb5)" -> "//core:go_default_library (0b6acb5)"
  "//repositories:go_default_library (0b6acb5)" -> "//httputil:go_default_library (0b6acb5)"
  "//repositories:go_default_library (0b6acb5)" -> "//platforms:go_default_library (0b6acb5)"
  "//repositories:go_default_library (0b6acb5)" -> "//repositories:gcs.go (null)\n//repositories:github.go (null)"
  "//repositories:go_default_library (0b6acb5)" -> "//versions:go_default_library (0b6acb5)"
  "//core:go_default_library (0b6acb5)"
  "//core:go_default_library (0b6acb5)" -> "//config:go_default_library (0b6acb5)"
  "//core:go_default_library (0b6acb5)" -> "//core:core.go (null)\n//core:repositories.go (null)"
  "//core:go_default_library (0b6acb5)" -> "//httputil:go_default_library (0b6acb5)"
  "//core:go_default_library (0b6acb5)" -> "//platforms:go_default_library (0b6acb5)"
  "//core:go_default_library (0b6acb5)" -> "//versions:go_default_library (0b6acb5)"
  "//core:go_default_library (0b6acb5)" -> "//ws:go_default_library (0b6acb5)"
  "//core:go_default_library (0b6acb5)" -> "@com_github_mitchellh_go_homedir//:go_default_library (0b6acb5)"
  "//platforms:go_default_library (0b6acb5)"
  "//platforms:go_default_library (0b6acb5)" -> "//platforms:platforms.go (null)"
  "//platforms:go_default_library (0b6acb5)" -> "//versions:go_default_library (0b6acb5)"
  "//platforms:go_default_library (0b6acb5)" -> "@com_github_hashicorp_go_version//:go_default_library (0b6acb5)"
  "//versions:go_default_library (0b6acb5)"
  "//versions:go_default_library (0b6acb5)" -> "//versions:versions.go (null)"
  "//versions:go_default_library (0b6acb5)" -> "@com_github_hashicorp_go_version//:go_default_library (0b6acb5)"
  "@com_github_hashicorp_go_version//:go_default_library (0b6acb5)"
  "@com_github_hashicorp_go_version//:go_default_library (0b6acb5)" -> "@com_github_hashicorp_go_version//:go-version (0b6acb5)"
  "@com_github_hashicorp_go_version//:go-version (0b6acb5)"
  "@com_github_hashicorp_go_version//:go-version (0b6acb5)" -> "@com_github_hashicorp_go_version//:constraint.go (null)\n@com_github_hashicorp_go_version//:version.go (null)\n@com_github_hashicorp_go_version//:version_collection.go (null)"
  "//httputil:go_default_library (0b6acb5)"
  "//httputil:go_default_library (0b6acb5)" -> "//httputil:fake.go (null)\n//httputil:httputil.go (null)"
  "//httputil:go_default_library (0b6acb5)" -> "@com_github_bgentry_go_netrc//netrc:go_default_library (0b6acb5)"
  "//httputil:go_default_library (0b6acb5)" -> "@com_github_mitchellh_go_homedir//:go_default_library (0b6acb5)"
  "@com_github_bgentry_go_netrc//netrc:go_default_library (0b6acb5)"
  "@com_github_bgentry_go_netrc//netrc:go_default_library (0b6acb5)" -> "@com_github_bgentry_go_netrc//netrc:netrc (0b6acb5)"
  "@com_github_bgentry_go_netrc//netrc:netrc (0b6acb5)"
  "@com_github_bgentry_go_netrc//netrc:netrc (0b6acb5)" -> "@com_github_bgentry_go_netrc//netrc:netrc.go (null)"
  "//config:go_default_library (0b6acb5)"
  "//config:go_default_library (0b6acb5)" -> "//config:config.go (null)"
  "//config:go_default_library (0b6acb5)" -> "//ws:go_default_library (0b6acb5)"
  "//config:go_default_library (0b6acb5)" -> "@com_github_mitchellh_go_homedir//:go_default_library (0b6acb5)"
  "//ws:go_default_library (0b6acb5)"
  "//ws:go_default_library (0b6acb5)" -> "//ws:ws.go (null)"
  "//ws:go_default_library (0b6acb5)" -> "@com_github_mitchellh_go_homedir//:go_default_library (0b6acb5)"
  "@com_github_mitchellh_go_homedir//:go_default_library (0b6acb5)"
  "@com_github_mitchellh_go_homedir//:go_default_library (0b6acb5)" -> "@com_github_mitchellh_go_homedir//:go-homedir (0b6acb5)"
  "@com_github_mitchellh_go_homedir//:go-homedir (0b6acb5)"
  "@com_github_mitchellh_go_homedir//:go-homedir (0b6acb5)" -> "@com_github_mitchellh_go_homedir//:homedir.go (null)"
  "//:bazelisk-linux-amd64 (66919d9)"
  "//:bazelisk-linux-amd64 (66919d9)" -> "//:go_default_library (1d92b16)"
  "//:go_default_library (1d92b16)"
  "//:go_default_library (1d92b16)" -> "//:bazelisk.go (null)"
  "//:go_default_library (1d92b16)" -> "//core:go_default_library (1d92b16)"
  "//:go_default_library (1d92b16)" -> "//repositories:go_default_library (1d92b16)"
  "//repositories:go_default_library (1d92b16)"
  "//repositories:go_default_library (1d92b16)" -> "//core:go_default_library (1d92b16)"
  "//repositories:go_default_library (1d92b16)" -> "//httputil:go_default_library (1d92b16)"
  "//repositories:go_default_library (1d92b16)" -> "//platforms:go_default_library (1d92b16)"
  "//repositories:go_default_library (1d92b16)" -> "//repositories:gcs.go (null)\n//repositories:github.go (null)"
  "//repositories:go_default_library (1d92b16)" -> "//versions:go_default_library (1d92b16)"
  "//core:go_default_library (1d92b16)"
  "//core:go_default_library (1d92b16)" -> "//config:go_default_library (1d92b16)"
  "//core:go_default_library (1d92b16)" -> "//core:core.go (null)\n//core:repositories.go (null)"
  "//core:go_default_library (1d92b16)" -> "//httputil:go_default_library (1d92b16)"
  "//core:go_default_library (1d92b16)" -> "//platforms:go_default_library (1d92b16)"
  "//core:go_default_library (1d92b16)" -> "//versions:go_default_library (1d92b16)"
  "//core:go_default_library (1d92b16)" -> "//ws:go_default_library (1d92b16)"
  "//core:go_default_library (1d92b16)" -> "@com_github_mitchellh_go_homedir//:go_default_library (1d92b16)"
  "//platforms:go_default_library (1d92b16)"
  "//platforms:go_default_library (1d92b16)" -> "//platforms:platforms.go (null)"
  "//platforms:go_default_library (1d92b16)" -> "//versions:go_default_library (1d92b16)"
  "//platforms:go_default_library (1d92b16)" -> "@com_github_hashicorp_go_version//:go_default_library (1d92b16)"
  "//versions:go_default_library (1d92b16)"
  "//versions:go_default_library (1d92b16)" -> "//versions:versions.go (null)"
  "//versions:go_default_library (1d92b16)" -> "@com_github_hashicorp_go_version//:go_default_library (1d92b16)"
  "@com_github_hashicorp_go_version//:go_default_library (1d92b16)"
  "@com_github_hashicorp_go_version//:go_default_library (1d92b16)" -> "@com_github_hashicorp_go_version//:go-version (1d92b16)"
  "@com_github_hashicorp_go_version//:go-version (1d92b16)"
  "@com_github_hashicorp_go_version//:go-version (1d92b16)" -> "@com_github_hashicorp_go_version//:constraint.go (null)\n@com_github_hashicorp_go_version//:version.go (null)\n@com_github_hashicorp_go_version//:version_collection.go (null)"
  "//httputil:go_default_library (1d92b16)"
  "//httputil:go_default_library (1d92b16)" -> "//httputil:fake.go (null)\n//httputil:httputil.go (null)"
  "//httputil:go_default_library (1d92b16)" -> "@com_github_bgentry_go_netrc//netrc:go_default_library (1d92b16)"
  "//httputil:go_default_library (1d92b16)" -> "@com_github_mitchellh_go_homedir//:go_default_library (1d92b16)"
  "@com_github_bgentry_go_netrc//netrc:go_default_library (1d92b16)"
  "@com_github_bgentry_go_netrc//netrc:go_default_library (1d92b16)" -> "@com_github_bgentry_go_netrc//netrc:netrc (1d92b16)"
  "@com_github_bgentry_go_netrc//netrc:netrc (1d92b16)"
  "@com_github_bgentry_go_netrc//netrc:netrc (1d92b16)" -> "@com_github_bgentry_go_netrc//netrc:netrc.go (null)"
  "//config:go_default_library (1d92b16)"
  "//config:go_default_library (1d92b16)" -> "//config:config.go (null)"
  "//config:go_default_library (1d92b16)" -> "//ws:go_default_library (1d92b16)"
  "//config:go_default_library (1d92b16)" -> "@com_github_mitchellh_go_homedir//:go_default_library (1d92b16)"
  "//ws:go_default_library (1d92b16)"
  "//ws:go_default_library (1d92b16)" -> "//ws:ws.go (null)"
  "//ws:go_default_library (1d92b16)" -> "@com_github_mitchellh_go_homedir//:go_default_library (1d92b16)"
  "@com_github_mitchellh_go_homedir//:go_default_library (1d92b16)"
  "@com_github_mitchellh_go_homedir//:go_default_library (1d92b16)" -> "@com_github_mitchellh_go_homedir//:go-homedir (1d92b16)"
  "@com_github_mitchellh_go_homedir//:go-homedir (1d92b16)"
  "@com_github_mitchellh_go_homedir//:go-homedir (1d92b16)" -> "@com_github_mitchellh_go_homedir//:homedir.go (null)"
  "//:bazelisk-darwin-universal (66919d9)"
  "//:bazelisk-darwin-universal (66919d9)" -> "@platforms//os:macos (66919d9)"
  "@platforms//os:macos (66919d9)"
  "@platforms//os:macos (66919d9)" -> "@platforms//os:osx (66919d9)"
  "@platforms//os:osx (66919d9)"
  "@platforms//os:osx (66919d9)" -> "@platforms//os:os (66919d9)"
  "@platforms//os:os (66919d9)"
  "//:bazelisk-darwin-arm64 (66919d9)"
  "//:bazelisk-darwin-arm64 (66919d9)" -> "//:go_default_library (aa8c126)"
  "//:go_default_library (aa8c126)"
  "//:go_default_library (aa8c126)" -> "//:bazelisk.go (null)"
  "//:go_default_library (aa8c126)" -> "//core:go_default_library (aa8c126)"
  "//:go_default_library (aa8c126)" -> "//repositories:go_default_library (aa8c126)"
  "//repositories:go_default_library (aa8c126)"
  "//repositories:go_default_library (aa8c126)" -> "//core:go_default_library (aa8c126)"
  "//repositories:go_default_library (aa8c126)" -> "//httputil:go_default_library (aa8c126)"
  "//repositories:go_default_library (aa8c126)" -> "//platforms:go_default_library (aa8c126)"
  "//repositories:go_default_library (aa8c126)" -> "//repositories:gcs.go (null)\n//repositories:github.go (null)"
  "//repositories:go_default_library (aa8c126)" -> "//versions:go_default_library (aa8c126)"
  "//core:go_default_library (aa8c126)"
  "//core:go_default_library (aa8c126)" -> "//config:go_default_library (aa8c126)"
  "//core:go_default_library (aa8c126)" -> "//core:core.go (null)\n//core:repositories.go (null)"
  "//core:go_default_library (aa8c126)" -> "//httputil:go_default_library (aa8c126)"
  "//core:go_default_library (aa8c126)" -> "//platforms:go_default_library (aa8c126)"
  "//core:go_default_library (aa8c126)" -> "//versions:go_default_library (aa8c126)"
  "//core:go_default_library (aa8c126)" -> "//ws:go_default_library (aa8c126)"
  "//core:go_default_library (aa8c126)" -> "@com_github_mitchellh_go_homedir//:go_default_library (aa8c126)"
  "//platforms:go_default_library (aa8c126)"
  "//platforms:go_default_library (aa8c126)" -> "//platforms:platforms.go (null)"
  "//platforms:go_default_library (aa8c126)" -> "//versions:go_default_library (aa8c126)"
  "//platforms:go_default_library (aa8c126)" -> "@com_github_hashicorp_go_version//:go_default_library (aa8c126)"
  "//versions:go_default_library (aa8c126)"
  "//versions:go_default_library (aa8c126)" -> "//versions:versions.go (null)"
  "//versions:go_default_library (aa8c126)" -> "@com_github_hashicorp_go_version//:go_default_library (aa8c126)"
  "@com_github_hashicorp_go_version//:go_default_library (aa8c126)"
  "@com_github_hashicorp_go_version//:go_default_library (aa8c126)" -> "@com_github_hashicorp_go_version//:go-version (aa8c126)"
  "@com_github_hashicorp_go_version//:go-version (aa8c126)"
  "@com_github_hashicorp_go_version//:go-version (aa8c126)" -> "@com_github_hashicorp_go_version//:constraint.go (null)\n@com_github_hashicorp_go_version//:version.go (null)\n@com_github_hashicorp_go_version//:version_collection.go (null)"
  "//httputil:go_default_library (aa8c126)"
  "//httputil:go_default_library (aa8c126)" -> "//httputil:fake.go (null)\n//httputil:httputil.go (null)"
  "//httputil:go_default_library (aa8c126)" -> "@com_github_bgentry_go_netrc//netrc:go_default_library (aa8c126)"
  "//httputil:go_default_library (aa8c126)" -> "@com_github_mitchellh_go_homedir//:go_default_library (aa8c126)"
  "@com_github_bgentry_go_netrc//netrc:go_default_library (aa8c126)"
  "@com_github_bgentry_go_netrc//netrc:go_default_library (aa8c126)" -> "@com_github_bgentry_go_netrc//netrc:netrc (aa8c126)"
  "@com_github_bgentry_go_netrc//netrc:netrc (aa8c126)"
  "@com_github_bgentry_go_netrc//netrc:netrc (aa8c126)" -> "@com_github_bgentry_go_netrc//netrc:netrc.go (null)"
  "//config:go_default_library (aa8c126)"
  "//config:go_default_library (aa8c126)" -> "//config:config.go (null)"
  "//config:go_default_library (aa8c126)" -> "//ws:go_default_library (aa8c126)"
  "//config:go_default_library (aa8c126)" -> "@com_github_mitchellh_go_homedir//:go_default_library (aa8c126)"
  "//ws:go_default_library (aa8c126)"
  "//ws:go_default_library (aa8c126)" -> "//ws:ws.go (null)"
  "//ws:go_default_library (aa8c126)" -> "@com_github_mitchellh_go_homedir//:go_default_library (aa8c126)"
  "@com_github_mitchellh_go_homedir//:go_default_library (aa8c126)"
  "@com_github_mitchellh_go_homedir//:go_default_library (aa8c126)" -> "@com_github_mitchellh_go_homedir//:go-homedir (aa8c126)"
  "@com_github_mitchellh_go_homedir//:go-homedir (aa8c126)"
  "@com_github_mitchellh_go_homedir//:go-homedir (aa8c126)" -> "@com_github_mitchellh_go_homedir//:homedir.go (null)"
  "//:bazelisk-darwin-amd64 (66919d9)"
  "//:bazelisk-darwin-amd64 (66919d9)" -> "//:go_default_library (6c54441)"
  "//:go_default_library (6c54441)"
  "//:go_default_library (6c54441)" -> "//:bazelisk.go (null)"
  "//:go_default_library (6c54441)" -> "//core:go_default_library (6c54441)"
  "//:go_default_library (6c54441)" -> "//repositories:go_default_library (6c54441)"
  "//repositories:go_default_library (6c54441)"
  "//repositories:go_default_library (6c54441)" -> "//core:go_default_library (6c54441)"
  "//repositories:go_default_library (6c54441)" -> "//httputil:go_default_library (6c54441)"
  "//repositories:go_default_library (6c54441)" -> "//platforms:go_default_library (6c54441)"
  "//repositories:go_default_library (6c54441)" -> "//repositories:gcs.go (null)\n//repositories:github.go (null)"
  "//repositories:go_default_library (6c54441)" -> "//versions:go_default_library (6c54441)"
  "//core:go_default_library (6c54441)"
  "//core:go_default_library (6c54441)" -> "//config:go_default_library (6c54441)"
  "//core:go_default_library (6c54441)" -> "//core:core.go (null)\n//core:repositories.go (null)"
  "//core:go_default_library (6c54441)" -> "//httputil:go_default_library (6c54441)"
  "//core:go_default_library (6c54441)" -> "//platforms:go_default_library (6c54441)"
  "//core:go_default_library (6c54441)" -> "//versions:go_default_library (6c54441)"
  "//core:go_default_library (6c54441)" -> "//ws:go_default_library (6c54441)"
  "//core:go_default_library (6c54441)" -> "@com_github_mitchellh_go_homedir//:go_default_library (6c54441)"
  "//platforms:go_default_library (6c54441)"
  "//platforms:go_default_library (6c54441)" -> "//platforms:platforms.go (null)"
  "//platforms:go_default_library (6c54441)" -> "//versions:go_default_library (6c54441)"
  "//platforms:go_default_library (6c54441)" -> "@com_github_hashicorp_go_version//:go_default_library (6c54441)"
  "//versions:go_default_library (6c54441)"
  "//versions:go_default_library (6c54441)" -> "//versions:versions.go (null)"
  "//versions:go_default_library (6c54441)" -> "@com_github_hashicorp_go_version//:go_default_library (6c54441)"
  "@com_github_hashicorp_go_version//:go_default_library (6c54441)"
  "@com_github_hashicorp_go_version//:go_default_library (6c54441)" -> "@com_github_hashicorp_go_version//:go-version (6c54441)"
  "@com_github_hashicorp_go_version//:go-version (6c54441)"
  "@com_github_hashicorp_go_version//:go-version (6c54441)" -> "@com_github_hashicorp_go_version//:constraint.go (null)\n@com_github_hashicorp_go_version//:version.go (null)\n@com_github_hashicorp_go_version//:version_collection.go (null)"
  "//httputil:go_default_library (6c54441)"
  "//httputil:go_default_library (6c54441)" -> "//httputil:fake.go (null)\n//httputil:httputil.go (null)"
  "//httputil:go_default_library (6c54441)" -> "@com_github_bgentry_go_netrc//netrc:go_default_library (6c54441)"
  "//httputil:go_default_library (6c54441)" -> "@com_github_mitchellh_go_homedir//:go_default_library (6c54441)"
  "@com_github_bgentry_go_netrc//netrc:go_default_library (6c54441)"
  "@com_github_bgentry_go_netrc//netrc:go_default_library (6c54441)" -> "@com_github_bgentry_go_netrc//netrc:netrc (6c54441)"
  "@com_github_bgentry_go_netrc//netrc:netrc (6c54441)"
  "@com_github_bgentry_go_netrc//netrc:netrc (6c54441)" -> "@com_github_bgentry_go_netrc//netrc:netrc.go (null)"
  "//config:go_default_library (6c54441)"
  "//config:go_default_library (6c54441)" -> "//config:config.go (null)"
  "//config:go_default_library (6c54441)" -> "//ws:go_default_library (6c54441)"
  "//config:go_default_library (6c54441)" -> "@com_github_mitchellh_go_homedir//:go_default_library (6c54441)"
  "//ws:go_default_library (6c54441)"
  "//ws:go_default_library (6c54441)" -> "//ws:ws.go (null)"
  "//ws:go_default_library (6c54441)" -> "@com_github_mitchellh_go_homedir//:go_default_library (6c54441)"
  "@com_github_mitchellh_go_homedir//:go_default_library (6c54441)"
  "@com_github_mitchellh_go_homedir//:go_default_library (6c54441)" -> "@com_github_mitchellh_go_homedir//:go-homedir (6c54441)"
  "@com_github_mitchellh_go_homedir//:go-homedir (6c54441)"
  "@com_github_mitchellh_go_homedir//:go-homedir (6c54441)" -> "@com_github_mitchellh_go_homedir//:homedir.go (null)"
  "//:bazelisk (66919d9)"
  "//:bazelisk (66919d9)" -> "//:go_default_library (66919d9)"
  "//:go_default_library (66919d9)"
  "//:go_default_library (66919d9)" -> "//:bazelisk.go (null)"
  "//:go_default_library (66919d9)" -> "//core:go_default_library (66919d9)"
  "//:go_default_library (66919d9)" -> "//repositories:go_default_library (66919d9)"
  "//repositories:go_default_library (66919d9)"
  "//repositories:go_default_library (66919d9)" -> "//core:go_default_library (66919d9)"
  "//repositories:go_default_library (66919d9)" -> "//httputil:go_default_library (66919d9)"
  "//repositories:go_default_library (66919d9)" -> "//platforms:go_default_library (66919d9)"
  "//repositories:go_default_library (66919d9)" -> "//repositories:gcs.go (null)\n//repositories:github.go (null)"
  "//repositories:go_default_library (66919d9)" -> "//versions:go_default_library (66919d9)"
  "//repositories:gcs.go (null)\n//repositories:github.go (null)"
  "//core:go_default_library (66919d9)"
  "//core:go_default_library (66919d9)" -> "//config:go_default_library (66919d9)"
  "//core:go_default_library (66919d9)" -> "//core:core.go (null)\n//core:repositories.go (null)"
  "//core:go_default_library (66919d9)" -> "//httputil:go_default_library (66919d9)"
  "//core:go_default_library (66919d9)" -> "//platforms:go_default_library (66919d9)"
  "//core:go_default_library (66919d9)" -> "//versions:go_default_library (66919d9)"
  "//core:go_default_library (66919d9)" -> "//ws:go_default_library (66919d9)"
  "//core:go_default_library (66919d9)" -> "@com_github_mitchellh_go_homedir//:go_default_library (66919d9)"
  "//platforms:go_default_library (66919d9)"
  "//platforms:go_default_library (66919d9)" -> "//platforms:platforms.go (null)"
  "//platforms:go_default_library (66919d9)" -> "//versions:go_default_library (66919d9)"
  "//platforms:go_default_library (66919d9)" -> "@com_github_hashicorp_go_version//:go_default_library (66919d9)"
  "//versions:go_default_library (66919d9)"
  "//versions:go_default_library (66919d9)" -> "//versions:versions.go (null)"
  "//versions:go_default_library (66919d9)" -> "@com_github_hashicorp_go_version//:go_default_library (66919d9)"
  "@com_github_hashicorp_go_version//:go_default_library (66919d9)"
  "@com_github_hashicorp_go_version//:go_default_library (66919d9)" -> "@com_github_hashicorp_go_version//:go-version (66919d9)"
  "@com_github_hashicorp_go_version//:go-version (66919d9)"
  "@com_github_hashicorp_go_version//:go-version (66919d9)" -> "@com_github_hashicorp_go_version//:constraint.go (null)\n@com_github_hashicorp_go_version//:version.go (null)\n@com_github_hashicorp_go_version//:version_collection.go (null)"
  "@com_github_hashicorp_go_version//:constraint.go (null)\n@com_github_hashicorp_go_version//:version.go (null)\n@com_github_hashicorp_go_version//:version_collection.go (null)"
  "//versions:versions.go (null)"
  "//platforms:platforms.go (null)"
  "//httputil:go_default_library (66919d9)"
  "//httputil:go_default_library (66919d9)" -> "//httputil:fake.go (null)\n//httputil:httputil.go (null)"
  "//httputil:go_default_library (66919d9)" -> "@com_github_bgentry_go_netrc//netrc:go_default_library (66919d9)"
  "//httputil:go_default_library (66919d9)" -> "@com_github_mitchellh_go_homedir//:go_default_library (66919d9)"
  "@com_github_bgentry_go_netrc//netrc:go_default_library (66919d9)"
  "@com_github_bgentry_go_netrc//netrc:go_default_library (66919d9)" -> "@com_github_bgentry_go_netrc//netrc:netrc (66919d9)"
  "@com_github_bgentry_go_netrc//netrc:netrc (66919d9)"
  "@com_github_bgentry_go_netrc//netrc:netrc (66919d9)" -> "@com_github_bgentry_go_netrc//netrc:netrc.go (null)"
  "@com_github_bgentry_go_netrc//netrc:netrc.go (null)"
  "//httputil:fake.go (null)\n//httputil:httputil.go (null)"
  "//core:core.go (null)\n//core:repositories.go (null)"
  "//config:go_default_library (66919d9)"
  "//config:go_default_library (66919d9)" -> "//config:config.go (null)"
  "//config:go_default_library (66919d9)" -> "//ws:go_default_library (66919d9)"
  "//config:go_default_library (66919d9)" -> "@com_github_mitchellh_go_homedir//:go_default_library (66919d9)"
  "//ws:go_default_library (66919d9)"
  "//ws:go_default_library (66919d9)" -> "//ws:ws.go (null)"
  "//ws:go_default_library (66919d9)" -> "@com_github_mitchellh_go_homedir//:go_default_library (66919d9)"
  "@com_github_mitchellh_go_homedir//:go_default_library (66919d9)"
  "@com_github_mitchellh_go_homedir//:go_default_library (66919d9)" -> "@com_github_mitchellh_go_homedir//:go-homedir (66919d9)"
  "@com_github_mitchellh_go_homedir//:go-homedir (66919d9)"
  "@com_github_mitchellh_go_homedir//:go-homedir (66919d9)" -> "@com_github_mitchellh_go_homedir//:homedir.go (null)"
  "@com_github_mitchellh_go_homedir//:homedir.go (null)"
  "//ws:ws.go (null)"
  "//config:config.go (null)"
  "//:bazelisk.go (null)"
  "//:LICENSE (null)\n//:README.md (null)\n//:bazelisk.d.ts (null)\n//:bazelisk.js (null)\n//:package.json (null)"
}
