digraph mygraph {
  node [shape=box];
  "//:pom (4e67ca8)"
  "//:pom (4e67ca8)" -> "//:allocationinstrumenter (4e67ca8)"
  "//:pom (4e67ca8)" -> "//tools:pom-template.xml (null)"
  "//tools:pom-template.xml (null)"
  "//:jarjar_rules (4e67ca8)"
  "//:jarjar_rules (4e67ca8)" -> "//:rules.txt (null)"
  "//:builddefs_bzl (4e67ca8)"
  "//:builddefs_bzl (4e67ca8)" -> "//:builddefs.bzl (null)"
  "//:builddefs.bzl (null)"
  "//:allocationinstrumenter_jar_strip (4e67ca8)"
  "//:allocationinstrumenter_jar_strip (4e67ca8)" -> "//:allocationinstrumenter_internal_2_deploy.jar (4e67ca8)"
  "//:allocationinstrumenter_jar_strip (4e67ca8)" -> "@bazel_tools//tools/jdk:current_host_java_runtime (4e67ca8)"
  "//:allocationinstrumenter_internal_2_deploy.jar (4e67ca8)"
  "//:allocationinstrumenter_internal_2_deploy.jar (4e67ca8)" -> "//:allocationinstrumenter_asm_rename (4e67ca8)"
  "//:allocationinstrumenter_asm_rename (4e67ca8)"
  "//:allocationinstrumenter_asm_rename (4e67ca8)" -> "//:allocationinstrumenter_internal_deploy.jar (4e67ca8)"
  "//:allocationinstrumenter_asm_rename (4e67ca8)" -> "//:jarjar_rules (016b1f6)"
  "//:allocationinstrumenter_asm_rename (4e67ca8)" -> "@google_bazel_common//tools/jarjar:jarjar (016b1f6)"
  "//:jarjar_rules (016b1f6)"
  "//:jarjar_rules (016b1f6)" -> "//:rules.txt (null)"
  "//:rules.txt (null)"
  "//:allocationinstrumenter_internal_deploy.jar (4e67ca8)"
  "//:allocationinstrumenter_internal_deploy.jar (4e67ca8)" -> "//:allocationinstrumenter_internal (4e67ca8)"
  "//:allocationinstrumenter_internal (4e67ca8)"
  "//:allocationinstrumenter_internal (4e67ca8)" -> "//:AllocationInstrumenterBootstrap.java (4e67ca8)"
  "//:allocationinstrumenter_internal (4e67ca8)" -> "//:allocationinstrumenter (4e67ca8)"
  "//:allocationinstrumenter_internal (4e67ca8)" -> "@google_bazel_common//third_party/java/jsr250_annotations:jsr250_annotations (4e67ca8)"
  "@google_bazel_common//third_party/java/jsr250_annotations:jsr250_annotations (4e67ca8)"
  "@google_bazel_common//third_party/java/jsr250_annotations:jsr250_annotations (4e67ca8)" -> "@javax_annotation_jsr250_api//jar:jar (4e67ca8)"
  "@javax_annotation_jsr250_api//jar:jar (4e67ca8)"
  "@javax_annotation_jsr250_api//jar:jar (4e67ca8)" -> "@javax_annotation_jsr250_api//:javax_annotation_jsr250_api (4e67ca8)"
  "@javax_annotation_jsr250_api//:javax_annotation_jsr250_api (4e67ca8)"
  "@javax_annotation_jsr250_api//:javax_annotation_jsr250_api (4e67ca8)" -> "@javax_annotation_jsr250_api//:jsr250-api-1.0.jar (null)"
  "//:allocationinstrumenter (4e67ca8)"
  "//:allocationinstrumenter (4e67ca8)" -> "//src/main/java/com/google/monitoring/runtime/instrumentation:allocation_instrumenter (4e67ca8)"
  "//:allocationinstrumenter (4e67ca8)" -> "//src/main/java/com/google/monitoring/runtime/instrumentation:sampler (4e67ca8)"
  "//:allocationinstrumenter (4e67ca8)" -> "//src/main/java/com/google/monitoring/runtime/instrumentation:staticclasswriter (4e67ca8)"
  "//src/main/java/com/google/monitoring/runtime/instrumentation:allocation_instrumenter (4e67ca8)"
  "//src/main/java/com/google/monitoring/runtime/instrumentation:allocation_instrumenter (4e67ca8)" -> "//src/main/java/com/google/monitoring/runtime/instrumentation:AllocationClassAdapter.java (null)\n//src/main/java/com/google/monitoring/runtime/instrumentation:AllocationInstrumenter.java (null)\n//src/main/java/com/google/monitoring/runtime/instrumentation:AllocationMethodAdapter.java (null)\n//src/main/java/com/google/monitoring/runtime/instrumentation:AllocationRecorder.java (null)\n...and 1 more items"
  "//src/main/java/com/google/monitoring/runtime/instrumentation:allocation_instrumenter (4e67ca8)" -> "//src/main/java/com/google/monitoring/runtime/instrumentation:guava.jar (4e67ca8)"
  "//src/main/java/com/google/monitoring/runtime/instrumentation:allocation_instrumenter (4e67ca8)" -> "//src/main/java/com/google/monitoring/runtime/instrumentation:sampler (4e67ca8)"
  "//src/main/java/com/google/monitoring/runtime/instrumentation:allocation_instrumenter (4e67ca8)" -> "//src/main/java/com/google/monitoring/runtime/instrumentation:staticclasswriter (4e67ca8)"
  "//src/main/java/com/google/monitoring/runtime/instrumentation:allocation_instrumenter (4e67ca8)" -> "//src/main/java/com/google/monitoring/runtime/instrumentation:verifying_class_adapter (4e67ca8)"
  "//src/main/java/com/google/monitoring/runtime/instrumentation:allocation_instrumenter (4e67ca8)" -> "@google_bazel_common//third_party/java/asm:asm (4e67ca8)"
  "//src/main/java/com/google/monitoring/runtime/instrumentation:allocation_instrumenter (4e67ca8)" -> "@google_bazel_common//third_party/java/asm:asm-commons (4e67ca8)"
  "//src/main/java/com/google/monitoring/runtime/instrumentation:allocation_instrumenter (4e67ca8)" -> "@google_bazel_common//third_party/java/asm:asm-tree (4e67ca8)"
  "@google_bazel_common//third_party/java/asm:asm-tree (4e67ca8)"
  "@google_bazel_common//third_party/java/asm:asm-tree (4e67ca8)" -> "@org_ow2_asm_asm_tree//jar:jar (4e67ca8)"
  "@org_ow2_asm_asm_tree//jar:jar (4e67ca8)"
  "@org_ow2_asm_asm_tree//jar:jar (4e67ca8)" -> "@org_ow2_asm_asm_tree//:org_ow2_asm_asm_tree (4e67ca8)"
  "@org_ow2_asm_asm_tree//:org_ow2_asm_asm_tree (4e67ca8)"
  "@org_ow2_asm_asm_tree//:org_ow2_asm_asm_tree (4e67ca8)" -> "@org_ow2_asm_asm_tree//:asm-tree-9.4.jar (null)"
  "//src/main/java/com/google/monitoring/runtime/instrumentation:verifying_class_adapter (4e67ca8)"
  "//src/main/java/com/google/monitoring/runtime/instrumentation:verifying_class_adapter (4e67ca8)" -> "//src/main/java/com/google/monitoring/runtime/instrumentation:VerifyingClassAdapter.java (null)"
  "//src/main/java/com/google/monitoring/runtime/instrumentation:verifying_class_adapter (4e67ca8)" -> "@google_bazel_common//third_party/java/asm:asm (4e67ca8)"
  "//src/main/java/com/google/monitoring/runtime/instrumentation:verifying_class_adapter (4e67ca8)" -> "@google_bazel_common//third_party/java/asm:asm-commons (4e67ca8)"
  "@google_bazel_common//third_party/java/asm:asm-commons (4e67ca8)"
  "@google_bazel_common//third_party/java/asm:asm-commons (4e67ca8)" -> "@org_ow2_asm_asm_commons//jar:jar (4e67ca8)"
  "@org_ow2_asm_asm_commons//jar:jar (4e67ca8)"
  "@org_ow2_asm_asm_commons//jar:jar (4e67ca8)" -> "@org_ow2_asm_asm_commons//:org_ow2_asm_asm_commons (4e67ca8)"
  "@org_ow2_asm_asm_commons//:org_ow2_asm_asm_commons (4e67ca8)"
  "@org_ow2_asm_asm_commons//:org_ow2_asm_asm_commons (4e67ca8)" -> "@org_ow2_asm_asm_commons//:asm-commons-9.4.jar (null)"
  "//src/main/java/com/google/monitoring/runtime/instrumentation:VerifyingClassAdapter.java (null)"
  "//src/main/java/com/google/monitoring/runtime/instrumentation:staticclasswriter (4e67ca8)"
  "//src/main/java/com/google/monitoring/runtime/instrumentation:staticclasswriter (4e67ca8)" -> "//src/main/java/com/google/monitoring/runtime/instrumentation:StaticClassWriter.java (null)"
  "//src/main/java/com/google/monitoring/runtime/instrumentation:staticclasswriter (4e67ca8)" -> "@google_bazel_common//third_party/java/asm:asm (4e67ca8)"
  "@google_bazel_common//third_party/java/asm:asm (4e67ca8)"
  "@google_bazel_common//third_party/java/asm:asm (4e67ca8)" -> "@org_ow2_asm_asm//jar:jar (4e67ca8)"
  "@org_ow2_asm_asm//jar:jar (4e67ca8)"
  "@org_ow2_asm_asm//jar:jar (4e67ca8)" -> "@org_ow2_asm_asm//:org_ow2_asm_asm (4e67ca8)"
  "@org_ow2_asm_asm//:org_ow2_asm_asm (4e67ca8)"
  "@org_ow2_asm_asm//:org_ow2_asm_asm (4e67ca8)" -> "@org_ow2_asm_asm//:asm-9.4.jar (null)"
  "//src/main/java/com/google/monitoring/runtime/instrumentation:StaticClassWriter.java (null)"
  "//src/main/java/com/google/monitoring/runtime/instrumentation:sampler (4e67ca8)"
  "//src/main/java/com/google/monitoring/runtime/instrumentation:sampler (4e67ca8)" -> "//src/main/java/com/google/monitoring/runtime/instrumentation:ConstructorCallback.java (null)\n//src/main/java/com/google/monitoring/runtime/instrumentation:Sampler.java (null)"
  "//src/main/java/com/google/monitoring/runtime/instrumentation:ConstructorCallback.java (null)\n//src/main/java/com/google/monitoring/runtime/instrumentation:Sampler.java (null)"
  "//src/main/java/com/google/monitoring/runtime/instrumentation:guava.jar (4e67ca8)"
  "//src/main/java/com/google/monitoring/runtime/instrumentation:guava.jar (4e67ca8)" -> "//src/main/java/com/google/monitoring/runtime/instrumentation:guava (4e67ca8)"
  "//src/main/java/com/google/monitoring/runtime/instrumentation:guava (4e67ca8)"
  "//src/main/java/com/google/monitoring/runtime/instrumentation:guava (4e67ca8)" -> "//src/main/java/com/google/monitoring/runtime/instrumentation:guava_no_classes.jar (4e67ca8)"
  "//src/main/java/com/google/monitoring/runtime/instrumentation:guava (4e67ca8)" -> "@bazel_tools//tools/jdk:current_host_java_runtime (4e67ca8)"
  "@bazel_tools//tools/jdk:current_host_java_runtime (4e67ca8)"
  "//src/main/java/com/google/monitoring/runtime/instrumentation:guava_no_classes.jar (4e67ca8)"
  "//src/main/java/com/google/monitoring/runtime/instrumentation:guava_no_classes.jar (4e67ca8)" -> "//src/main/java/com/google/monitoring/runtime/instrumentation:guava_no_classes (4e67ca8)"
  "//src/main/java/com/google/monitoring/runtime/instrumentation:guava_no_classes (4e67ca8)"
  "//src/main/java/com/google/monitoring/runtime/instrumentation:guava_no_classes (4e67ca8)" -> "//src/main/java/com/google/monitoring/runtime/instrumentation:guava_base_deploy.jar (4e67ca8)"
  "//src/main/java/com/google/monitoring/runtime/instrumentation:guava_no_classes (4e67ca8)" -> "//src/main/java/com/google/monitoring/runtime/instrumentation:jarjar_guava (016b1f6)"
  "//src/main/java/com/google/monitoring/runtime/instrumentation:guava_no_classes (4e67ca8)" -> "@google_bazel_common//tools/jarjar:jarjar (016b1f6)"
  "@google_bazel_common//tools/jarjar:jarjar (016b1f6)"
  "@google_bazel_common//tools/jarjar:jarjar (016b1f6)" -> "@google_bazel_common//third_party/java/asm:asm (016b1f6)"
  "@google_bazel_common//tools/jarjar:jarjar (016b1f6)" -> "@google_bazel_common//third_party/java/asm:asm-commons (016b1f6)"
  "@google_bazel_common//tools/jarjar:jarjar (016b1f6)" -> "@google_bazel_common//third_party/java/asm:asm-tree (016b1f6)"
  "@google_bazel_common//tools/jarjar:jarjar (016b1f6)" -> "@google_bazel_common//third_party/java/jsr250_annotations:jsr250_annotations (016b1f6)"
  "@google_bazel_common//tools/jarjar:jarjar (016b1f6)" -> "@google_bazel_common//third_party/java/jsr330_inject:jsr330_inject (016b1f6)"
  "@google_bazel_common//tools/jarjar:jarjar (016b1f6)" -> "@javax_enterprise_cdi_api//jar:jar (016b1f6)"
  "@google_bazel_common//tools/jarjar:jarjar (016b1f6)" -> "@org_apache_ant_ant//jar:jar (016b1f6)"
  "@google_bazel_common//tools/jarjar:jarjar (016b1f6)" -> "@org_apache_ant_ant_launcher//jar:jar (016b1f6)"
  "@google_bazel_common//tools/jarjar:jarjar (016b1f6)" -> "@org_apache_maven_maven_artifact//jar:jar (016b1f6)"
  "@google_bazel_common//tools/jarjar:jarjar (016b1f6)" -> "@org_apache_maven_maven_model//jar:jar (016b1f6)"
  "@google_bazel_common//tools/jarjar:jarjar (016b1f6)" -> "@org_apache_maven_maven_plugin_api//jar:jar (016b1f6)"
  "@google_bazel_common//tools/jarjar:jarjar (016b1f6)" -> "@org_codehaus_plexus_plexus_classworlds//jar:jar (016b1f6)"
  "@google_bazel_common//tools/jarjar:jarjar (016b1f6)" -> "@org_codehaus_plexus_plexus_component_annotations//jar:jar (016b1f6)"
  "@google_bazel_common//tools/jarjar:jarjar (016b1f6)" -> "@org_codehaus_plexus_plexus_utils//jar:jar (016b1f6)"
  "@google_bazel_common//tools/jarjar:jarjar (016b1f6)" -> "@org_eclipse_sisu_org_eclipse_sisu_inject//jar:jar (016b1f6)"
  "@google_bazel_common//tools/jarjar:jarjar (016b1f6)" -> "@org_eclipse_sisu_org_eclipse_sisu_plexus//jar:jar (016b1f6)"
  "@google_bazel_common//tools/jarjar:jarjar (016b1f6)" -> "@org_pantsbuild_jarjar//jar:jar (016b1f6)"
  "@org_pantsbuild_jarjar//jar:jar (016b1f6)"
  "@org_pantsbuild_jarjar//jar:jar (016b1f6)" -> "@org_pantsbuild_jarjar//:org_pantsbuild_jarjar (016b1f6)"
  "@org_pantsbuild_jarjar//:org_pantsbuild_jarjar (016b1f6)"
  "@org_pantsbuild_jarjar//:org_pantsbuild_jarjar (016b1f6)" -> "@org_pantsbuild_jarjar//:jarjar-1.7.2.jar (null)"
  "@org_pantsbuild_jarjar//:jarjar-1.7.2.jar (null)"
  "@org_eclipse_sisu_org_eclipse_sisu_plexus//jar:jar (016b1f6)"
  "@org_eclipse_sisu_org_eclipse_sisu_plexus//jar:jar (016b1f6)" -> "@org_eclipse_sisu_org_eclipse_sisu_plexus//:org_eclipse_sisu_org_eclipse_sisu_plexus (016b1f6)"
  "@org_eclipse_sisu_org_eclipse_sisu_plexus//:org_eclipse_sisu_org_eclipse_sisu_plexus (016b1f6)"
  "@org_eclipse_sisu_org_eclipse_sisu_plexus//:org_eclipse_sisu_org_eclipse_sisu_plexus (016b1f6)" -> "@org_eclipse_sisu_org_eclipse_sisu_plexus//:org.eclipse.sisu.plexus-0.3.0.jar (null)"
  "@org_eclipse_sisu_org_eclipse_sisu_plexus//:org.eclipse.sisu.plexus-0.3.0.jar (null)"
  "@org_eclipse_sisu_org_eclipse_sisu_inject//jar:jar (016b1f6)"
  "@org_eclipse_sisu_org_eclipse_sisu_inject//jar:jar (016b1f6)" -> "@org_eclipse_sisu_org_eclipse_sisu_inject//:org_eclipse_sisu_org_eclipse_sisu_inject (016b1f6)"
  "@org_eclipse_sisu_org_eclipse_sisu_inject//:org_eclipse_sisu_org_eclipse_sisu_inject (016b1f6)"
  "@org_eclipse_sisu_org_eclipse_sisu_inject//:org_eclipse_sisu_org_eclipse_sisu_inject (016b1f6)" -> "@org_eclipse_sisu_org_eclipse_sisu_inject//:org.eclipse.sisu.inject-0.3.0.jar (null)"
  "@org_eclipse_sisu_org_eclipse_sisu_inject//:org.eclipse.sisu.inject-0.3.0.jar (null)"
  "@org_codehaus_plexus_plexus_utils//jar:jar (016b1f6)"
  "@org_codehaus_plexus_plexus_utils//jar:jar (016b1f6)" -> "@org_codehaus_plexus_plexus_utils//:org_codehaus_plexus_plexus_utils (016b1f6)"
  "@org_codehaus_plexus_plexus_utils//:org_codehaus_plexus_plexus_utils (016b1f6)"
  "@org_codehaus_plexus_plexus_utils//:org_codehaus_plexus_plexus_utils (016b1f6)" -> "@org_codehaus_plexus_plexus_utils//:plexus-utils-3.0.20.jar (null)"
  "@org_codehaus_plexus_plexus_utils//:plexus-utils-3.0.20.jar (null)"
  "@org_codehaus_plexus_plexus_component_annotations//jar:jar (016b1f6)"
  "@org_codehaus_plexus_plexus_component_annotations//jar:jar (016b1f6)" -> "@org_codehaus_plexus_plexus_component_annotations//:org_codehaus_plexus_plexus_component_annotations (016b1f6)"
  "@org_codehaus_plexus_plexus_component_annotations//:org_codehaus_plexus_plexus_component_annotations (016b1f6)"
  "@org_codehaus_plexus_plexus_component_annotations//:org_codehaus_plexus_plexus_component_annotations (016b1f6)" -> "@org_codehaus_plexus_plexus_component_annotations//:plexus-component-annotations-1.5.5.jar (null)"
  "@org_codehaus_plexus_plexus_component_annotations//:plexus-component-annotations-1.5.5.jar (null)"
  "@org_codehaus_plexus_plexus_classworlds//jar:jar (016b1f6)"
  "@org_codehaus_plexus_plexus_classworlds//jar:jar (016b1f6)" -> "@org_codehaus_plexus_plexus_classworlds//:org_codehaus_plexus_plexus_classworlds (016b1f6)"
  "@org_codehaus_plexus_plexus_classworlds//:org_codehaus_plexus_plexus_classworlds (016b1f6)"
  "@org_codehaus_plexus_plexus_classworlds//:org_codehaus_plexus_plexus_classworlds (016b1f6)" -> "@org_codehaus_plexus_plexus_classworlds//:plexus-classworlds-2.5.2.jar (null)"
  "@org_codehaus_plexus_plexus_classworlds//:plexus-classworlds-2.5.2.jar (null)"
  "@org_apache_maven_maven_plugin_api//jar:jar (016b1f6)"
  "@org_apache_maven_maven_plugin_api//jar:jar (016b1f6)" -> "@org_apache_maven_maven_plugin_api//:org_apache_maven_maven_plugin_api (016b1f6)"
  "@org_apache_maven_maven_plugin_api//:org_apache_maven_maven_plugin_api (016b1f6)"
  "@org_apache_maven_maven_plugin_api//:org_apache_maven_maven_plugin_api (016b1f6)" -> "@org_apache_maven_maven_plugin_api//:maven-plugin-api-3.3.3.jar (null)"
  "@org_apache_maven_maven_plugin_api//:maven-plugin-api-3.3.3.jar (null)"
  "@org_apache_maven_maven_model//jar:jar (016b1f6)"
  "@org_apache_maven_maven_model//jar:jar (016b1f6)" -> "@org_apache_maven_maven_model//:org_apache_maven_maven_model (016b1f6)"
  "@org_apache_maven_maven_model//:org_apache_maven_maven_model (016b1f6)"
  "@org_apache_maven_maven_model//:org_apache_maven_maven_model (016b1f6)" -> "@org_apache_maven_maven_model//:maven-model-3.3.3.jar (null)"
  "@org_apache_maven_maven_model//:maven-model-3.3.3.jar (null)"
  "@org_apache_maven_maven_artifact//jar:jar (016b1f6)"
  "@org_apache_maven_maven_artifact//jar:jar (016b1f6)" -> "@org_apache_maven_maven_artifact//:org_apache_maven_maven_artifact (016b1f6)"
  "@org_apache_maven_maven_artifact//:org_apache_maven_maven_artifact (016b1f6)"
  "@org_apache_maven_maven_artifact//:org_apache_maven_maven_artifact (016b1f6)" -> "@org_apache_maven_maven_artifact//:maven-artifact-3.3.3.jar (null)"
  "@org_apache_maven_maven_artifact//:maven-artifact-3.3.3.jar (null)"
  "@org_apache_ant_ant_launcher//jar:jar (016b1f6)"
  "@org_apache_ant_ant_launcher//jar:jar (016b1f6)" -> "@org_apache_ant_ant_launcher//:org_apache_ant_ant_launcher (016b1f6)"
  "@org_apache_ant_ant_launcher//:org_apache_ant_ant_launcher (016b1f6)"
  "@org_apache_ant_ant_launcher//:org_apache_ant_ant_launcher (016b1f6)" -> "@org_apache_ant_ant_launcher//:ant-launcher-1.9.6.jar (null)"
  "@org_apache_ant_ant_launcher//:ant-launcher-1.9.6.jar (null)"
  "@org_apache_ant_ant//jar:jar (016b1f6)"
  "@org_apache_ant_ant//jar:jar (016b1f6)" -> "@org_apache_ant_ant//:org_apache_ant_ant (016b1f6)"
  "@org_apache_ant_ant//:org_apache_ant_ant (016b1f6)"
  "@org_apache_ant_ant//:org_apache_ant_ant (016b1f6)" -> "@org_apache_ant_ant//:ant-1.9.6.jar (null)"
  "@org_apache_ant_ant//:ant-1.9.6.jar (null)"
  "@javax_enterprise_cdi_api//jar:jar (016b1f6)"
  "@javax_enterprise_cdi_api//jar:jar (016b1f6)" -> "@javax_enterprise_cdi_api//:javax_enterprise_cdi_api (016b1f6)"
  "@javax_enterprise_cdi_api//:javax_enterprise_cdi_api (016b1f6)"
  "@javax_enterprise_cdi_api//:javax_enterprise_cdi_api (016b1f6)" -> "@javax_enterprise_cdi_api//:cdi-api-1.0.jar (null)"
  "@javax_enterprise_cdi_api//:cdi-api-1.0.jar (null)"
  "@google_bazel_common//third_party/java/jsr330_inject:jsr330_inject (016b1f6)"
  "@google_bazel_common//third_party/java/jsr330_inject:jsr330_inject (016b1f6)" -> "@javax_inject_javax_inject//jar:jar (016b1f6)"
  "@javax_inject_javax_inject//jar:jar (016b1f6)"
  "@javax_inject_javax_inject//jar:jar (016b1f6)" -> "@javax_inject_javax_inject//:javax_inject_javax_inject (016b1f6)"
  "@javax_inject_javax_inject//:javax_inject_javax_inject (016b1f6)"
  "@javax_inject_javax_inject//:javax_inject_javax_inject (016b1f6)" -> "@javax_inject_javax_inject//:javax.inject-1.jar (null)"
  "@javax_inject_javax_inject//:javax.inject-1.jar (null)"
  "@google_bazel_common//third_party/java/jsr250_annotations:jsr250_annotations (016b1f6)"
  "@google_bazel_common//third_party/java/jsr250_annotations:jsr250_annotations (016b1f6)" -> "@javax_annotation_jsr250_api//jar:jar (016b1f6)"
  "@javax_annotation_jsr250_api//jar:jar (016b1f6)"
  "@javax_annotation_jsr250_api//jar:jar (016b1f6)" -> "@javax_annotation_jsr250_api//:javax_annotation_jsr250_api (016b1f6)"
  "@javax_annotation_jsr250_api//:javax_annotation_jsr250_api (016b1f6)"
  "@javax_annotation_jsr250_api//:javax_annotation_jsr250_api (016b1f6)" -> "@javax_annotation_jsr250_api//:jsr250-api-1.0.jar (null)"
  "@javax_annotation_jsr250_api//:jsr250-api-1.0.jar (null)"
  "@google_bazel_common//third_party/java/asm:asm-tree (016b1f6)"
  "@google_bazel_common//third_party/java/asm:asm-tree (016b1f6)" -> "@org_ow2_asm_asm_tree//jar:jar (016b1f6)"
  "@org_ow2_asm_asm_tree//jar:jar (016b1f6)"
  "@org_ow2_asm_asm_tree//jar:jar (016b1f6)" -> "@org_ow2_asm_asm_tree//:org_ow2_asm_asm_tree (016b1f6)"
  "@org_ow2_asm_asm_tree//:org_ow2_asm_asm_tree (016b1f6)"
  "@org_ow2_asm_asm_tree//:org_ow2_asm_asm_tree (016b1f6)" -> "@org_ow2_asm_asm_tree//:asm-tree-9.4.jar (null)"
  "@org_ow2_asm_asm_tree//:asm-tree-9.4.jar (null)"
  "@google_bazel_common//third_party/java/asm:asm-commons (016b1f6)"
  "@google_bazel_common//third_party/java/asm:asm-commons (016b1f6)" -> "@org_ow2_asm_asm_commons//jar:jar (016b1f6)"
  "@org_ow2_asm_asm_commons//jar:jar (016b1f6)"
  "@org_ow2_asm_asm_commons//jar:jar (016b1f6)" -> "@org_ow2_asm_asm_commons//:org_ow2_asm_asm_commons (016b1f6)"
  "@org_ow2_asm_asm_commons//:org_ow2_asm_asm_commons (016b1f6)"
  "@org_ow2_asm_asm_commons//:org_ow2_asm_asm_commons (016b1f6)" -> "@org_ow2_asm_asm_commons//:asm-commons-9.4.jar (null)"
  "@org_ow2_asm_asm_commons//:asm-commons-9.4.jar (null)"
  "@google_bazel_common//third_party/java/asm:asm (016b1f6)"
  "@google_bazel_common//third_party/java/asm:asm (016b1f6)" -> "@org_ow2_asm_asm//jar:jar (016b1f6)"
  "@org_ow2_asm_asm//jar:jar (016b1f6)"
  "@org_ow2_asm_asm//jar:jar (016b1f6)" -> "@org_ow2_asm_asm//:org_ow2_asm_asm (016b1f6)"
  "@org_ow2_asm_asm//:org_ow2_asm_asm (016b1f6)"
  "@org_ow2_asm_asm//:org_ow2_asm_asm (016b1f6)" -> "@org_ow2_asm_asm//:asm-9.4.jar (null)"
  "@org_ow2_asm_asm//:asm-9.4.jar (null)"
  "//src/main/java/com/google/monitoring/runtime/instrumentation:jarjar_guava (016b1f6)"
  "//src/main/java/com/google/monitoring/runtime/instrumentation:jarjar_guava (016b1f6)" -> "//src/main/java/com/google/monitoring/runtime/instrumentation:jarjar_guava.txt (null)"
  "//src/main/java/com/google/monitoring/runtime/instrumentation:jarjar_guava.txt (null)"
  "//src/main/java/com/google/monitoring/runtime/instrumentation:guava_base_deploy.jar (4e67ca8)"
  "//src/main/java/com/google/monitoring/runtime/instrumentation:guava_base_deploy.jar (4e67ca8)" -> "//src/main/java/com/google/monitoring/runtime/instrumentation:guava_base (4e67ca8)"
  "//src/main/java/com/google/monitoring/runtime/instrumentation:guava_base (4e67ca8)"
  "//src/main/java/com/google/monitoring/runtime/instrumentation:guava_base (4e67ca8)" -> "@google_bazel_common//third_party/java/guava:guava (4e67ca8)"
  "@google_bazel_common//third_party/java/guava:guava (4e67ca8)"
  "@google_bazel_common//third_party/java/guava:guava (4e67ca8)" -> "@com_google_guava_failureaccess//jar:jar (4e67ca8)"
  "@google_bazel_common//third_party/java/guava:guava (4e67ca8)" -> "@com_google_guava_guava//jar:jar (4e67ca8)"
  "@google_bazel_common//third_party/java/guava:guava (4e67ca8)" -> "@google_bazel_common//third_party/java/guava:beta-checker (016b1f6)"
  "@google_bazel_common//third_party/java/guava:beta-checker (016b1f6)"
  "@google_bazel_common//third_party/java/guava:beta-checker (016b1f6)" -> "@com_google_guava_guava_beta_checker//jar:jar (016b1f6)"
  "@com_google_guava_guava_beta_checker//jar:jar (016b1f6)"
  "@com_google_guava_guava_beta_checker//jar:jar (016b1f6)" -> "@com_google_guava_guava_beta_checker//:com_google_guava_guava_beta_checker (016b1f6)"
  "@com_google_guava_guava_beta_checker//:com_google_guava_guava_beta_checker (016b1f6)"
  "@com_google_guava_guava_beta_checker//:com_google_guava_guava_beta_checker (016b1f6)" -> "@com_google_guava_guava_beta_checker//:guava-beta-checker-1.0.jar (null)"
  "@com_google_guava_guava_beta_checker//:guava-beta-checker-1.0.jar (null)"
  "@com_google_guava_guava//jar:jar (4e67ca8)"
  "@com_google_guava_guava//jar:jar (4e67ca8)" -> "@com_google_guava_guava//:com_google_guava_guava (4e67ca8)"
  "@com_google_guava_guava//:com_google_guava_guava (4e67ca8)"
  "@com_google_guava_guava//:com_google_guava_guava (4e67ca8)" -> "@com_google_guava_guava//:guava-32.1.1-jre.jar (null)"
  "@com_google_guava_guava//:guava-32.1.1-jre.jar (null)"
  "@com_google_guava_failureaccess//jar:jar (4e67ca8)"
  "@com_google_guava_failureaccess//jar:jar (4e67ca8)" -> "@com_google_guava_failureaccess//:com_google_guava_failureaccess (4e67ca8)"
  "@com_google_guava_failureaccess//:com_google_guava_failureaccess (4e67ca8)"
  "@com_google_guava_failureaccess//:com_google_guava_failureaccess (4e67ca8)" -> "@com_google_guava_failureaccess//:failureaccess-1.0.1.jar (null)"
  "@com_google_guava_failureaccess//:failureaccess-1.0.1.jar (null)"
  "//src/main/java/com/google/monitoring/runtime/instrumentation:AllocationClassAdapter.java (null)\n//src/main/java/com/google/monitoring/runtime/instrumentation:AllocationInstrumenter.java (null)\n//src/main/java/com/google/monitoring/runtime/instrumentation:AllocationMethodAdapter.java (null)\n//src/main/java/com/google/monitoring/runtime/instrumentation:AllocationRecorder.java (null)\n...and 1 more items"
  "//:AllocationInstrumenterBootstrap.java (4e67ca8)"
  "//:AllocationInstrumenterBootstrap.java (4e67ca8)" -> "//:allocationinstrumenter_bootstrap (4e67ca8)"
  "//:allocationinstrumenter_bootstrap (4e67ca8)"
  "//:allocationinstrumenter_bootstrap (4e67ca8)" -> "//:bootstrap (4e67ca8)"
  "//:bootstrap (4e67ca8)"
  "//:bootstrap (4e67ca8)" -> "//src/main/java/com/google/monitoring/runtime/instrumentation:Bootstrap.java.in (null)"
  "//src/main/java/com/google/monitoring/runtime/instrumentation:Bootstrap.java.in (null)"
}
