digraph mygraph {
  node [shape=box];
  "//:dagger-spi (c2d61c4)"
  "//:dagger-spi (c2d61c4)" -> "@local_config_cc//:cc-compiler-k8 (c2d61c4)"
  "//:dagger-spi (c2d61c4)" -> "@maven//:com_google_dagger_dagger_spi (c2d61c4)"
  "//:dagger-producers (c2d61c4)"
  "//:dagger-producers (c2d61c4)" -> "//:dagger (c2d61c4)"
  "//:dagger-producers (c2d61c4)" -> "@local_config_cc//:cc-compiler-k8 (c2d61c4)"
  "//:dagger-producers (c2d61c4)" -> "@maven//:com_google_dagger_dagger_producers (c2d61c4)"
  "//:dagger-compiler (c2d61c4)"
  "//:dagger-compiler (c2d61c4)" -> "@local_config_cc//:cc-compiler-k8 (c2d61c4)"
  "//:dagger-compiler (c2d61c4)" -> "@maven//:com_google_dagger_dagger_compiler (c2d61c4)"
  "@maven//:com_google_dagger_dagger_compiler (c2d61c4)"
  "@maven//:com_google_dagger_dagger_compiler (c2d61c4)" -> "@maven//:com_google_code_findbugs_jsr305 (c2d61c4)"
  "@maven//:com_google_dagger_dagger_compiler (c2d61c4)" -> "@maven//:com_google_dagger_dagger (c2d61c4)"
  "@maven//:com_google_dagger_dagger_compiler (c2d61c4)" -> "@maven//:com_google_dagger_dagger_producers (c2d61c4)"
  "@maven//:com_google_dagger_dagger_compiler (c2d61c4)" -> "@maven//:com_google_dagger_dagger_spi (c2d61c4)"
  "@maven//:com_google_dagger_dagger_compiler (c2d61c4)" -> "@maven//:com_google_devtools_ksp_symbol_processing_api (c2d61c4)"
  "@maven//:com_google_dagger_dagger_compiler (c2d61c4)" -> "@maven//:com_google_googlejavaformat_google_java_format (c2d61c4)"
  "@maven//:com_google_dagger_dagger_compiler (c2d61c4)" -> "@maven//:com_google_guava_failureaccess (c2d61c4)"
  "@maven//:com_google_dagger_dagger_compiler (c2d61c4)" -> "@maven//:com_google_guava_guava (c2d61c4)"
  "@maven//:com_google_dagger_dagger_compiler (c2d61c4)" -> "@maven//:com_squareup_javapoet (c2d61c4)"
  "@maven//:com_google_dagger_dagger_compiler (c2d61c4)" -> "@maven//:javax_inject_javax_inject (c2d61c4)"
  "@maven//:com_google_dagger_dagger_compiler (c2d61c4)" -> "@maven//:net_ltgt_gradle_incap_incap (c2d61c4)"
  "@maven//:com_google_dagger_dagger_compiler (c2d61c4)" -> "@maven//:org_checkerframework_checker_compat_qual (c2d61c4)"
  "@maven//:com_google_dagger_dagger_compiler (c2d61c4)" -> "@maven//:org_jetbrains_kotlin_kotlin_stdlib (c2d61c4)"
  "@maven//:com_google_dagger_dagger_compiler (c2d61c4)" -> "@maven//:org_jetbrains_kotlin_kotlin_stdlib_jdk8 (c2d61c4)"
  "@maven//:com_google_dagger_dagger_compiler (c2d61c4)" -> "@maven//:org_jetbrains_kotlinx_kotlinx_metadata_jvm (c2d61c4)"
  "@maven//:com_google_dagger_dagger_compiler (c2d61c4)" -> "@maven//:v1/https/repo1.maven.org/maven2/com/google/dagger/dagger-compiler/2.44.2/dagger-compiler-2.44.2.jar (null)"
  "@maven//:org_jetbrains_kotlinx_kotlinx_metadata_jvm (c2d61c4)"
  "@maven//:org_jetbrains_kotlinx_kotlinx_metadata_jvm (c2d61c4)" -> "@maven//:org_jetbrains_kotlin_kotlin_stdlib (c2d61c4)"
  "@maven//:org_jetbrains_kotlinx_kotlinx_metadata_jvm (c2d61c4)" -> "@maven//:v1/https/repo1.maven.org/maven2/org/jetbrains/kotlinx/kotlinx-metadata-jvm/0.5.0/kotlinx-metadata-jvm-0.5.0.jar (null)"
  "@maven//:net_ltgt_gradle_incap_incap (c2d61c4)"
  "@maven//:net_ltgt_gradle_incap_incap (c2d61c4)" -> "@maven//:v1/https/repo1.maven.org/maven2/net/ltgt/gradle/incap/incap/0.2/incap-0.2.jar (null)"
  "@maven//:com_google_googlejavaformat_google_java_format (c2d61c4)"
  "@maven//:com_google_googlejavaformat_google_java_format (c2d61c4)" -> "@maven//:com_google_errorprone_javac_shaded (c2d61c4)"
  "@maven//:com_google_googlejavaformat_google_java_format (c2d61c4)" -> "@maven//:com_google_guava_guava (c2d61c4)"
  "@maven//:com_google_googlejavaformat_google_java_format (c2d61c4)" -> "@maven//:v1/https/repo1.maven.org/maven2/com/google/googlejavaformat/google-java-format/1.5/google-java-format-1.5.jar (null)"
  "@maven//:com_google_errorprone_javac_shaded (c2d61c4)"
  "@maven//:com_google_errorprone_javac_shaded (c2d61c4)" -> "@maven//:v1/https/repo1.maven.org/maven2/com/google/errorprone/javac-shaded/9-dev-r4023-3/javac-shaded-9-dev-r4023-3.jar (null)"
  "@maven//:com_google_dagger_dagger_spi (c2d61c4)"
  "@maven//:com_google_dagger_dagger_spi (c2d61c4)" -> "@maven//:com_google_code_findbugs_jsr305 (c2d61c4)"
  "@maven//:com_google_dagger_dagger_spi (c2d61c4)" -> "@maven//:com_google_dagger_dagger (c2d61c4)"
  "@maven//:com_google_dagger_dagger_spi (c2d61c4)" -> "@maven//:com_google_dagger_dagger_producers (c2d61c4)"
  "@maven//:com_google_dagger_dagger_spi (c2d61c4)" -> "@maven//:com_google_devtools_ksp_symbol_processing_api (c2d61c4)"
  "@maven//:com_google_dagger_dagger_spi (c2d61c4)" -> "@maven//:com_google_guava_failureaccess (c2d61c4)"
  "@maven//:com_google_dagger_dagger_spi (c2d61c4)" -> "@maven//:com_google_guava_guava (c2d61c4)"
  "@maven//:com_google_dagger_dagger_spi (c2d61c4)" -> "@maven//:com_squareup_javapoet (c2d61c4)"
  "@maven//:com_google_dagger_dagger_spi (c2d61c4)" -> "@maven//:com_squareup_kotlinpoet (c2d61c4)"
  "@maven//:com_google_dagger_dagger_spi (c2d61c4)" -> "@maven//:javax_inject_javax_inject (c2d61c4)"
  "@maven//:com_google_dagger_dagger_spi (c2d61c4)" -> "@maven//:org_jetbrains_kotlin_kotlin_stdlib (c2d61c4)"
  "@maven//:com_google_dagger_dagger_spi (c2d61c4)" -> "@maven//:org_jetbrains_kotlin_kotlin_stdlib_jdk8 (c2d61c4)"
  "@maven//:com_google_dagger_dagger_spi (c2d61c4)" -> "@maven//:v1/https/repo1.maven.org/maven2/com/google/dagger/dagger-spi/2.44.2/dagger-spi-2.44.2.jar (null)"
  "@maven//:com_squareup_kotlinpoet (c2d61c4)"
  "@maven//:com_squareup_kotlinpoet (c2d61c4)" -> "@maven//:org_jetbrains_kotlin_kotlin_reflect (c2d61c4)"
  "@maven//:com_squareup_kotlinpoet (c2d61c4)" -> "@maven//:org_jetbrains_kotlin_kotlin_stdlib_jdk8 (c2d61c4)"
  "@maven//:com_squareup_kotlinpoet (c2d61c4)" -> "@maven//:v1/https/repo1.maven.org/maven2/com/squareup/kotlinpoet/1.11.0/kotlinpoet-1.11.0.jar (null)"
  "@maven//:org_jetbrains_kotlin_kotlin_stdlib_jdk8 (c2d61c4)"
  "@maven//:org_jetbrains_kotlin_kotlin_stdlib_jdk8 (c2d61c4)" -> "@maven//:org_jetbrains_kotlin_kotlin_stdlib (c2d61c4)"
  "@maven//:org_jetbrains_kotlin_kotlin_stdlib_jdk8 (c2d61c4)" -> "@maven//:org_jetbrains_kotlin_kotlin_stdlib_jdk7 (c2d61c4)"
  "@maven//:org_jetbrains_kotlin_kotlin_stdlib_jdk8 (c2d61c4)" -> "@maven//:v1/https/repo1.maven.org/maven2/org/jetbrains/kotlin/kotlin-stdlib-jdk8/1.7.0/kotlin-stdlib-jdk8-1.7.0.jar (null)"
  "@maven//:org_jetbrains_kotlin_kotlin_stdlib_jdk7 (c2d61c4)"
  "@maven//:org_jetbrains_kotlin_kotlin_stdlib_jdk7 (c2d61c4)" -> "@maven//:org_jetbrains_kotlin_kotlin_stdlib (c2d61c4)"
  "@maven//:org_jetbrains_kotlin_kotlin_stdlib_jdk7 (c2d61c4)" -> "@maven//:v1/https/repo1.maven.org/maven2/org/jetbrains/kotlin/kotlin-stdlib-jdk7/1.7.0/kotlin-stdlib-jdk7-1.7.0.jar (null)"
  "@maven//:org_jetbrains_kotlin_kotlin_reflect (c2d61c4)"
  "@maven//:org_jetbrains_kotlin_kotlin_reflect (c2d61c4)" -> "@maven//:org_jetbrains_kotlin_kotlin_stdlib (c2d61c4)"
  "@maven//:org_jetbrains_kotlin_kotlin_reflect (c2d61c4)" -> "@maven//:v1/https/repo1.maven.org/maven2/org/jetbrains/kotlin/kotlin-reflect/1.6.10/kotlin-reflect-1.6.10.jar (null)"
  "@maven//:com_squareup_javapoet (c2d61c4)"
  "@maven//:com_squareup_javapoet (c2d61c4)" -> "@maven//:v1/https/repo1.maven.org/maven2/com/squareup/javapoet/1.13.0/javapoet-1.13.0.jar (null)"
  "@maven//:com_google_devtools_ksp_symbol_processing_api (c2d61c4)"
  "@maven//:com_google_devtools_ksp_symbol_processing_api (c2d61c4)" -> "@maven//:org_jetbrains_kotlin_kotlin_stdlib (c2d61c4)"
  "@maven//:com_google_devtools_ksp_symbol_processing_api (c2d61c4)" -> "@maven//:v1/https/repo1.maven.org/maven2/com/google/devtools/ksp/symbol-processing-api/1.7.0-1.0.6/symbol-processing-api-1.7.0-1.0.6.jar (null)"
  "@maven//:org_jetbrains_kotlin_kotlin_stdlib (c2d61c4)"
  "@maven//:org_jetbrains_kotlin_kotlin_stdlib (c2d61c4)" -> "@maven//:org_jetbrains_annotations (c2d61c4)"
  "@maven//:org_jetbrains_kotlin_kotlin_stdlib (c2d61c4)" -> "@maven//:org_jetbrains_kotlin_kotlin_stdlib_common (c2d61c4)"
  "@maven//:org_jetbrains_kotlin_kotlin_stdlib (c2d61c4)" -> "@maven//:v1/https/repo1.maven.org/maven2/org/jetbrains/kotlin/kotlin-stdlib/1.7.20/kotlin-stdlib-1.7.20.jar (null)"
  "@maven//:org_jetbrains_kotlin_kotlin_stdlib_common (c2d61c4)"
  "@maven//:org_jetbrains_kotlin_kotlin_stdlib_common (c2d61c4)" -> "@maven//:v1/https/repo1.maven.org/maven2/org/jetbrains/kotlin/kotlin-stdlib-common/1.7.20/kotlin-stdlib-common-1.7.20.jar (null)"
  "@maven//:org_jetbrains_annotations (c2d61c4)"
  "@maven//:org_jetbrains_annotations (c2d61c4)" -> "@maven//:v1/https/repo1.maven.org/maven2/org/jetbrains/annotations/13.0/annotations-13.0.jar (null)"
  "@maven//:com_google_dagger_dagger_producers (c2d61c4)"
  "@maven//:com_google_dagger_dagger_producers (c2d61c4)" -> "@maven//:com_google_dagger_dagger (c2d61c4)"
  "@maven//:com_google_dagger_dagger_producers (c2d61c4)" -> "@maven//:com_google_guava_failureaccess (c2d61c4)"
  "@maven//:com_google_dagger_dagger_producers (c2d61c4)" -> "@maven//:com_google_guava_guava (c2d61c4)"
  "@maven//:com_google_dagger_dagger_producers (c2d61c4)" -> "@maven//:javax_inject_javax_inject (c2d61c4)"
  "@maven//:com_google_dagger_dagger_producers (c2d61c4)" -> "@maven//:org_checkerframework_checker_compat_qual (c2d61c4)"
  "@maven//:com_google_dagger_dagger_producers (c2d61c4)" -> "@maven//:v1/https/repo1.maven.org/maven2/com/google/dagger/dagger-producers/2.44.2/dagger-producers-2.44.2.jar (null)"
  "@maven//:org_checkerframework_checker_compat_qual (c2d61c4)"
  "@maven//:org_checkerframework_checker_compat_qual (c2d61c4)" -> "@maven//:v1/https/repo1.maven.org/maven2/org/checkerframework/checker-compat-qual/2.5.5/checker-compat-qual-2.5.5.jar (null)"
  "@maven//:com_google_guava_guava (c2d61c4)"
  "@maven//:com_google_guava_guava (c2d61c4)" -> "@maven//:com_google_code_findbugs_jsr305 (c2d61c4)"
  "@maven//:com_google_guava_guava (c2d61c4)" -> "@maven//:com_google_errorprone_error_prone_annotations (c2d61c4)"
  "@maven//:com_google_guava_guava (c2d61c4)" -> "@maven//:com_google_guava_failureaccess (c2d61c4)"
  "@maven//:com_google_guava_guava (c2d61c4)" -> "@maven//:com_google_guava_listenablefuture (c2d61c4)"
  "@maven//:com_google_guava_guava (c2d61c4)" -> "@maven//:com_google_j2objc_j2objc_annotations (c2d61c4)"
  "@maven//:com_google_guava_guava (c2d61c4)" -> "@maven//:org_checkerframework_checker_qual (c2d61c4)"
  "@maven//:com_google_guava_guava (c2d61c4)" -> "@maven//:v1/https/repo1.maven.org/maven2/com/google/guava/guava/31.0.1-jre/guava-31.0.1-jre.jar (null)"
  "@maven//:org_checkerframework_checker_qual (c2d61c4)"
  "@maven//:org_checkerframework_checker_qual (c2d61c4)" -> "@maven//:v1/https/repo1.maven.org/maven2/org/checkerframework/checker-qual/3.12.0/checker-qual-3.12.0.jar (null)"
  "@maven//:com_google_j2objc_j2objc_annotations (c2d61c4)"
  "@maven//:com_google_j2objc_j2objc_annotations (c2d61c4)" -> "@maven//:v1/https/repo1.maven.org/maven2/com/google/j2objc/j2objc-annotations/1.3/j2objc-annotations-1.3.jar (null)"
  "@maven//:com_google_guava_listenablefuture (c2d61c4)"
  "@maven//:com_google_guava_listenablefuture (c2d61c4)" -> "@maven//:v1/https/repo1.maven.org/maven2/com/google/guava/listenablefuture/9999.0-empty-to-avoid-conflict-with-guava/listenablefuture-9999.0-empty-to-avoid-conflict-with-guava.jar (null)"
  "@maven//:com_google_errorprone_error_prone_annotations (c2d61c4)"
  "@maven//:com_google_errorprone_error_prone_annotations (c2d61c4)" -> "@maven//:v1/https/repo1.maven.org/maven2/com/google/errorprone/error_prone_annotations/2.9.0/error_prone_annotations-2.9.0.jar (null)"
  "@maven//:com_google_guava_failureaccess (c2d61c4)"
  "@maven//:com_google_guava_failureaccess (c2d61c4)" -> "@maven//:v1/https/repo1.maven.org/maven2/com/google/guava/failureaccess/1.0.1/failureaccess-1.0.1.jar (null)"
  "@maven//:com_google_code_findbugs_jsr305 (c2d61c4)"
  "@maven//:com_google_code_findbugs_jsr305 (c2d61c4)" -> "@maven//:v1/https/repo1.maven.org/maven2/com/google/code/findbugs/jsr305/3.0.2/jsr305-3.0.2.jar (null)"
  "//:dagger (c2d61c4)"
  "//:dagger (c2d61c4)" -> "//:dagger-compiler (a9eaa16)"
  "//:dagger (c2d61c4)" -> "@local_config_cc//:cc-compiler-k8 (c2d61c4)"
  "//:dagger (c2d61c4)" -> "@maven//:com_google_dagger_dagger (c2d61c4)"
  "//:dagger (c2d61c4)" -> "@maven//:javax_inject_javax_inject (c2d61c4)"
  "@maven//:com_google_dagger_dagger (c2d61c4)"
  "@maven//:com_google_dagger_dagger (c2d61c4)" -> "@maven//:javax_inject_javax_inject (c2d61c4)"
  "@maven//:com_google_dagger_dagger (c2d61c4)" -> "@maven//:v1/https/repo1.maven.org/maven2/com/google/dagger/dagger/2.44.2/dagger-2.44.2.jar (null)"
  "@maven//:javax_inject_javax_inject (c2d61c4)"
  "@maven//:javax_inject_javax_inject (c2d61c4)" -> "@maven//:v1/https/repo1.maven.org/maven2/javax/inject/javax.inject/1/javax.inject-1.jar (null)"
  "@local_config_cc//:cc-compiler-k8 (c2d61c4)"
  "@local_config_cc//:cc-compiler-k8 (c2d61c4)" -> "@local_config_cc//:compiler_deps (a9eaa16)"
  "@local_config_cc//:cc-compiler-k8 (c2d61c4)" -> "@local_config_cc//:empty (a9eaa16)"
  "@local_config_cc//:cc-compiler-k8 (c2d61c4)" -> "@local_config_cc//:local (c2d61c4)"
  "@local_config_cc//:local (c2d61c4)"
  "//:dagger-compiler (a9eaa16)"
  "//:dagger-compiler (a9eaa16)" -> "@local_config_cc//:cc-compiler-k8 (a9eaa16)"
  "//:dagger-compiler (a9eaa16)" -> "@maven//:com_google_dagger_dagger_compiler (a9eaa16)"
  "@maven//:com_google_dagger_dagger_compiler (a9eaa16)"
  "@maven//:com_google_dagger_dagger_compiler (a9eaa16)" -> "@maven//:com_google_code_findbugs_jsr305 (a9eaa16)"
  "@maven//:com_google_dagger_dagger_compiler (a9eaa16)" -> "@maven//:com_google_dagger_dagger (a9eaa16)"
  "@maven//:com_google_dagger_dagger_compiler (a9eaa16)" -> "@maven//:com_google_dagger_dagger_producers (a9eaa16)"
  "@maven//:com_google_dagger_dagger_compiler (a9eaa16)" -> "@maven//:com_google_dagger_dagger_spi (a9eaa16)"
  "@maven//:com_google_dagger_dagger_compiler (a9eaa16)" -> "@maven//:com_google_devtools_ksp_symbol_processing_api (a9eaa16)"
  "@maven//:com_google_dagger_dagger_compiler (a9eaa16)" -> "@maven//:com_google_googlejavaformat_google_java_format (a9eaa16)"
  "@maven//:com_google_dagger_dagger_compiler (a9eaa16)" -> "@maven//:com_google_guava_failureaccess (a9eaa16)"
  "@maven//:com_google_dagger_dagger_compiler (a9eaa16)" -> "@maven//:com_google_guava_guava (a9eaa16)"
  "@maven//:com_google_dagger_dagger_compiler (a9eaa16)" -> "@maven//:com_squareup_javapoet (a9eaa16)"
  "@maven//:com_google_dagger_dagger_compiler (a9eaa16)" -> "@maven//:javax_inject_javax_inject (a9eaa16)"
  "@maven//:com_google_dagger_dagger_compiler (a9eaa16)" -> "@maven//:net_ltgt_gradle_incap_incap (a9eaa16)"
  "@maven//:com_google_dagger_dagger_compiler (a9eaa16)" -> "@maven//:org_checkerframework_checker_compat_qual (a9eaa16)"
  "@maven//:com_google_dagger_dagger_compiler (a9eaa16)" -> "@maven//:org_jetbrains_kotlin_kotlin_stdlib (a9eaa16)"
  "@maven//:com_google_dagger_dagger_compiler (a9eaa16)" -> "@maven//:org_jetbrains_kotlin_kotlin_stdlib_jdk8 (a9eaa16)"
  "@maven//:com_google_dagger_dagger_compiler (a9eaa16)" -> "@maven//:org_jetbrains_kotlinx_kotlinx_metadata_jvm (a9eaa16)"
  "@maven//:com_google_dagger_dagger_compiler (a9eaa16)" -> "@maven//:v1/https/repo1.maven.org/maven2/com/google/dagger/dagger-compiler/2.44.2/dagger-compiler-2.44.2.jar (null)"
  "@maven//:v1/https/repo1.maven.org/maven2/com/google/dagger/dagger-compiler/2.44.2/dagger-compiler-2.44.2.jar (null)"
  "@maven//:org_jetbrains_kotlinx_kotlinx_metadata_jvm (a9eaa16)"
  "@maven//:org_jetbrains_kotlinx_kotlinx_metadata_jvm (a9eaa16)" -> "@maven//:org_jetbrains_kotlin_kotlin_stdlib (a9eaa16)"
  "@maven//:org_jetbrains_kotlinx_kotlinx_metadata_jvm (a9eaa16)" -> "@maven//:v1/https/repo1.maven.org/maven2/org/jetbrains/kotlinx/kotlinx-metadata-jvm/0.5.0/kotlinx-metadata-jvm-0.5.0.jar (null)"
  "@maven//:v1/https/repo1.maven.org/maven2/org/jetbrains/kotlinx/kotlinx-metadata-jvm/0.5.0/kotlinx-metadata-jvm-0.5.0.jar (null)"
  "@maven//:net_ltgt_gradle_incap_incap (a9eaa16)"
  "@maven//:net_ltgt_gradle_incap_incap (a9eaa16)" -> "@maven//:v1/https/repo1.maven.org/maven2/net/ltgt/gradle/incap/incap/0.2/incap-0.2.jar (null)"
  "@maven//:v1/https/repo1.maven.org/maven2/net/ltgt/gradle/incap/incap/0.2/incap-0.2.jar (null)"
  "@maven//:com_google_googlejavaformat_google_java_format (a9eaa16)"
  "@maven//:com_google_googlejavaformat_google_java_format (a9eaa16)" -> "@maven//:com_google_errorprone_javac_shaded (a9eaa16)"
  "@maven//:com_google_googlejavaformat_google_java_format (a9eaa16)" -> "@maven//:com_google_guava_guava (a9eaa16)"
  "@maven//:com_google_googlejavaformat_google_java_format (a9eaa16)" -> "@maven//:v1/https/repo1.maven.org/maven2/com/google/googlejavaformat/google-java-format/1.5/google-java-format-1.5.jar (null)"
  "@maven//:v1/https/repo1.maven.org/maven2/com/google/googlejavaformat/google-java-format/1.5/google-java-format-1.5.jar (null)"
  "@maven//:com_google_errorprone_javac_shaded (a9eaa16)"
  "@maven//:com_google_errorprone_javac_shaded (a9eaa16)" -> "@maven//:v1/https/repo1.maven.org/maven2/com/google/errorprone/javac-shaded/9-dev-r4023-3/javac-shaded-9-dev-r4023-3.jar (null)"
  "@maven//:v1/https/repo1.maven.org/maven2/com/google/errorprone/javac-shaded/9-dev-r4023-3/javac-shaded-9-dev-r4023-3.jar (null)"
  "@maven//:com_google_dagger_dagger_spi (a9eaa16)"
  "@maven//:com_google_dagger_dagger_spi (a9eaa16)" -> "@maven//:com_google_code_findbugs_jsr305 (a9eaa16)"
  "@maven//:com_google_dagger_dagger_spi (a9eaa16)" -> "@maven//:com_google_dagger_dagger (a9eaa16)"
  "@maven//:com_google_dagger_dagger_spi (a9eaa16)" -> "@maven//:com_google_dagger_dagger_producers (a9eaa16)"
  "@maven//:com_google_dagger_dagger_spi (a9eaa16)" -> "@maven//:com_google_devtools_ksp_symbol_processing_api (a9eaa16)"
  "@maven//:com_google_dagger_dagger_spi (a9eaa16)" -> "@maven//:com_google_guava_failureaccess (a9eaa16)"
  "@maven//:com_google_dagger_dagger_spi (a9eaa16)" -> "@maven//:com_google_guava_guava (a9eaa16)"
  "@maven//:com_google_dagger_dagger_spi (a9eaa16)" -> "@maven//:com_squareup_javapoet (a9eaa16)"
  "@maven//:com_google_dagger_dagger_spi (a9eaa16)" -> "@maven//:com_squareup_kotlinpoet (a9eaa16)"
  "@maven//:com_google_dagger_dagger_spi (a9eaa16)" -> "@maven//:javax_inject_javax_inject (a9eaa16)"
  "@maven//:com_google_dagger_dagger_spi (a9eaa16)" -> "@maven//:org_jetbrains_kotlin_kotlin_stdlib (a9eaa16)"
  "@maven//:com_google_dagger_dagger_spi (a9eaa16)" -> "@maven//:org_jetbrains_kotlin_kotlin_stdlib_jdk8 (a9eaa16)"
  "@maven//:com_google_dagger_dagger_spi (a9eaa16)" -> "@maven//:v1/https/repo1.maven.org/maven2/com/google/dagger/dagger-spi/2.44.2/dagger-spi-2.44.2.jar (null)"
  "@maven//:v1/https/repo1.maven.org/maven2/com/google/dagger/dagger-spi/2.44.2/dagger-spi-2.44.2.jar (null)"
  "@maven//:com_squareup_kotlinpoet (a9eaa16)"
  "@maven//:com_squareup_kotlinpoet (a9eaa16)" -> "@maven//:org_jetbrains_kotlin_kotlin_reflect (a9eaa16)"
  "@maven//:com_squareup_kotlinpoet (a9eaa16)" -> "@maven//:org_jetbrains_kotlin_kotlin_stdlib_jdk8 (a9eaa16)"
  "@maven//:com_squareup_kotlinpoet (a9eaa16)" -> "@maven//:v1/https/repo1.maven.org/maven2/com/squareup/kotlinpoet/1.11.0/kotlinpoet-1.11.0.jar (null)"
  "@maven//:v1/https/repo1.maven.org/maven2/com/squareup/kotlinpoet/1.11.0/kotlinpoet-1.11.0.jar (null)"
  "@maven//:org_jetbrains_kotlin_kotlin_stdlib_jdk8 (a9eaa16)"
  "@maven//:org_jetbrains_kotlin_kotlin_stdlib_jdk8 (a9eaa16)" -> "@maven//:org_jetbrains_kotlin_kotlin_stdlib (a9eaa16)"
  "@maven//:org_jetbrains_kotlin_kotlin_stdlib_jdk8 (a9eaa16)" -> "@maven//:org_jetbrains_kotlin_kotlin_stdlib_jdk7 (a9eaa16)"
  "@maven//:org_jetbrains_kotlin_kotlin_stdlib_jdk8 (a9eaa16)" -> "@maven//:v1/https/repo1.maven.org/maven2/org/jetbrains/kotlin/kotlin-stdlib-jdk8/1.7.0/kotlin-stdlib-jdk8-1.7.0.jar (null)"
  "@maven//:v1/https/repo1.maven.org/maven2/org/jetbrains/kotlin/kotlin-stdlib-jdk8/1.7.0/kotlin-stdlib-jdk8-1.7.0.jar (null)"
  "@maven//:org_jetbrains_kotlin_kotlin_stdlib_jdk7 (a9eaa16)"
  "@maven//:org_jetbrains_kotlin_kotlin_stdlib_jdk7 (a9eaa16)" -> "@maven//:org_jetbrains_kotlin_kotlin_stdlib (a9eaa16)"
  "@maven//:org_jetbrains_kotlin_kotlin_stdlib_jdk7 (a9eaa16)" -> "@maven//:v1/https/repo1.maven.org/maven2/org/jetbrains/kotlin/kotlin-stdlib-jdk7/1.7.0/kotlin-stdlib-jdk7-1.7.0.jar (null)"
  "@maven//:v1/https/repo1.maven.org/maven2/org/jetbrains/kotlin/kotlin-stdlib-jdk7/1.7.0/kotlin-stdlib-jdk7-1.7.0.jar (null)"
  "@maven//:org_jetbrains_kotlin_kotlin_reflect (a9eaa16)"
  "@maven//:org_jetbrains_kotlin_kotlin_reflect (a9eaa16)" -> "@maven//:org_jetbrains_kotlin_kotlin_stdlib (a9eaa16)"
  "@maven//:org_jetbrains_kotlin_kotlin_reflect (a9eaa16)" -> "@maven//:v1/https/repo1.maven.org/maven2/org/jetbrains/kotlin/kotlin-reflect/1.6.10/kotlin-reflect-1.6.10.jar (null)"
  "@maven//:v1/https/repo1.maven.org/maven2/org/jetbrains/kotlin/kotlin-reflect/1.6.10/kotlin-reflect-1.6.10.jar (null)"
  "@maven//:com_squareup_javapoet (a9eaa16)"
  "@maven//:com_squareup_javapoet (a9eaa16)" -> "@maven//:v1/https/repo1.maven.org/maven2/com/squareup/javapoet/1.13.0/javapoet-1.13.0.jar (null)"
  "@maven//:v1/https/repo1.maven.org/maven2/com/squareup/javapoet/1.13.0/javapoet-1.13.0.jar (null)"
  "@maven//:com_google_devtools_ksp_symbol_processing_api (a9eaa16)"
  "@maven//:com_google_devtools_ksp_symbol_processing_api (a9eaa16)" -> "@maven//:org_jetbrains_kotlin_kotlin_stdlib (a9eaa16)"
  "@maven//:com_google_devtools_ksp_symbol_processing_api (a9eaa16)" -> "@maven//:v1/https/repo1.maven.org/maven2/com/google/devtools/ksp/symbol-processing-api/1.7.0-1.0.6/symbol-processing-api-1.7.0-1.0.6.jar (null)"
  "@maven//:v1/https/repo1.maven.org/maven2/com/google/devtools/ksp/symbol-processing-api/1.7.0-1.0.6/symbol-processing-api-1.7.0-1.0.6.jar (null)"
  "@maven//:org_jetbrains_kotlin_kotlin_stdlib (a9eaa16)"
  "@maven//:org_jetbrains_kotlin_kotlin_stdlib (a9eaa16)" -> "@maven//:org_jetbrains_annotations (a9eaa16)"
  "@maven//:org_jetbrains_kotlin_kotlin_stdlib (a9eaa16)" -> "@maven//:org_jetbrains_kotlin_kotlin_stdlib_common (a9eaa16)"
  "@maven//:org_jetbrains_kotlin_kotlin_stdlib (a9eaa16)" -> "@maven//:v1/https/repo1.maven.org/maven2/org/jetbrains/kotlin/kotlin-stdlib/1.7.20/kotlin-stdlib-1.7.20.jar (null)"
  "@maven//:v1/https/repo1.maven.org/maven2/org/jetbrains/kotlin/kotlin-stdlib/1.7.20/kotlin-stdlib-1.7.20.jar (null)"
  "@maven//:org_jetbrains_kotlin_kotlin_stdlib_common (a9eaa16)"
  "@maven//:org_jetbrains_kotlin_kotlin_stdlib_common (a9eaa16)" -> "@maven//:v1/https/repo1.maven.org/maven2/org/jetbrains/kotlin/kotlin-stdlib-common/1.7.20/kotlin-stdlib-common-1.7.20.jar (null)"
  "@maven//:v1/https/repo1.maven.org/maven2/org/jetbrains/kotlin/kotlin-stdlib-common/1.7.20/kotlin-stdlib-common-1.7.20.jar (null)"
  "@maven//:org_jetbrains_annotations (a9eaa16)"
  "@maven//:org_jetbrains_annotations (a9eaa16)" -> "@maven//:v1/https/repo1.maven.org/maven2/org/jetbrains/annotations/13.0/annotations-13.0.jar (null)"
  "@maven//:v1/https/repo1.maven.org/maven2/org/jetbrains/annotations/13.0/annotations-13.0.jar (null)"
  "@maven//:com_google_dagger_dagger_producers (a9eaa16)"
  "@maven//:com_google_dagger_dagger_producers (a9eaa16)" -> "@maven//:com_google_dagger_dagger (a9eaa16)"
  "@maven//:com_google_dagger_dagger_producers (a9eaa16)" -> "@maven//:com_google_guava_failureaccess (a9eaa16)"
  "@maven//:com_google_dagger_dagger_producers (a9eaa16)" -> "@maven//:com_google_guava_guava (a9eaa16)"
  "@maven//:com_google_dagger_dagger_producers (a9eaa16)" -> "@maven//:javax_inject_javax_inject (a9eaa16)"
  "@maven//:com_google_dagger_dagger_producers (a9eaa16)" -> "@maven//:org_checkerframework_checker_compat_qual (a9eaa16)"
  "@maven//:com_google_dagger_dagger_producers (a9eaa16)" -> "@maven//:v1/https/repo1.maven.org/maven2/com/google/dagger/dagger-producers/2.44.2/dagger-producers-2.44.2.jar (null)"
  "@maven//:v1/https/repo1.maven.org/maven2/com/google/dagger/dagger-producers/2.44.2/dagger-producers-2.44.2.jar (null)"
  "@maven//:org_checkerframework_checker_compat_qual (a9eaa16)"
  "@maven//:org_checkerframework_checker_compat_qual (a9eaa16)" -> "@maven//:v1/https/repo1.maven.org/maven2/org/checkerframework/checker-compat-qual/2.5.5/checker-compat-qual-2.5.5.jar (null)"
  "@maven//:v1/https/repo1.maven.org/maven2/org/checkerframework/checker-compat-qual/2.5.5/checker-compat-qual-2.5.5.jar (null)"
  "@maven//:com_google_guava_guava (a9eaa16)"
  "@maven//:com_google_guava_guava (a9eaa16)" -> "@maven//:com_google_code_findbugs_jsr305 (a9eaa16)"
  "@maven//:com_google_guava_guava (a9eaa16)" -> "@maven//:com_google_errorprone_error_prone_annotations (a9eaa16)"
  "@maven//:com_google_guava_guava (a9eaa16)" -> "@maven//:com_google_guava_failureaccess (a9eaa16)"
  "@maven//:com_google_guava_guava (a9eaa16)" -> "@maven//:com_google_guava_listenablefuture (a9eaa16)"
  "@maven//:com_google_guava_guava (a9eaa16)" -> "@maven//:com_google_j2objc_j2objc_annotations (a9eaa16)"
  "@maven//:com_google_guava_guava (a9eaa16)" -> "@maven//:org_checkerframework_checker_qual (a9eaa16)"
  "@maven//:com_google_guava_guava (a9eaa16)" -> "@maven//:v1/https/repo1.maven.org/maven2/com/google/guava/guava/31.0.1-jre/guava-31.0.1-jre.jar (null)"
  "@maven//:v1/https/repo1.maven.org/maven2/com/google/guava/guava/31.0.1-jre/guava-31.0.1-jre.jar (null)"
  "@maven//:org_checkerframework_checker_qual (a9eaa16)"
  "@maven//:org_checkerframework_checker_qual (a9eaa16)" -> "@maven//:v1/https/repo1.maven.org/maven2/org/checkerframework/checker-qual/3.12.0/checker-qual-3.12.0.jar (null)"
  "@maven//:v1/https/repo1.maven.org/maven2/org/checkerframework/checker-qual/3.12.0/checker-qual-3.12.0.jar (null)"
  "@maven//:com_google_j2objc_j2objc_annotations (a9eaa16)"
  "@maven//:com_google_j2objc_j2objc_annotations (a9eaa16)" -> "@maven//:v1/https/repo1.maven.org/maven2/com/google/j2objc/j2objc-annotations/1.3/j2objc-annotations-1.3.jar (null)"
  "@maven//:v1/https/repo1.maven.org/maven2/com/google/j2objc/j2objc-annotations/1.3/j2objc-annotations-1.3.jar (null)"
  "@maven//:com_google_guava_listenablefuture (a9eaa16)"
  "@maven//:com_google_guava_listenablefuture (a9eaa16)" -> "@maven//:v1/https/repo1.maven.org/maven2/com/google/guava/listenablefuture/9999.0-empty-to-avoid-conflict-with-guava/listenablefuture-9999.0-empty-to-avoid-conflict-with-guava.jar (null)"
  "@maven//:v1/https/repo1.maven.org/maven2/com/google/guava/listenablefuture/9999.0-empty-to-avoid-conflict-with-guava/listenablefuture-9999.0-empty-to-avoid-conflict-with-guava.jar (null)"
  "@maven//:com_google_errorprone_error_prone_annotations (a9eaa16)"
  "@maven//:com_google_errorprone_error_prone_annotations (a9eaa16)" -> "@maven//:v1/https/repo1.maven.org/maven2/com/google/errorprone/error_prone_annotations/2.9.0/error_prone_annotations-2.9.0.jar (null)"
  "@maven//:v1/https/repo1.maven.org/maven2/com/google/errorprone/error_prone_annotations/2.9.0/error_prone_annotations-2.9.0.jar (null)"
  "@maven//:com_google_guava_failureaccess (a9eaa16)"
  "@maven//:com_google_guava_failureaccess (a9eaa16)" -> "@maven//:v1/https/repo1.maven.org/maven2/com/google/guava/failureaccess/1.0.1/failureaccess-1.0.1.jar (null)"
  "@maven//:v1/https/repo1.maven.org/maven2/com/google/guava/failureaccess/1.0.1/failureaccess-1.0.1.jar (null)"
  "@maven//:com_google_dagger_dagger (a9eaa16)"
  "@maven//:com_google_dagger_dagger (a9eaa16)" -> "@maven//:javax_inject_javax_inject (a9eaa16)"
  "@maven//:com_google_dagger_dagger (a9eaa16)" -> "@maven//:v1/https/repo1.maven.org/maven2/com/google/dagger/dagger/2.44.2/dagger-2.44.2.jar (null)"
  "@maven//:v1/https/repo1.maven.org/maven2/com/google/dagger/dagger/2.44.2/dagger-2.44.2.jar (null)"
  "@maven//:javax_inject_javax_inject (a9eaa16)"
  "@maven//:javax_inject_javax_inject (a9eaa16)" -> "@maven//:v1/https/repo1.maven.org/maven2/javax/inject/javax.inject/1/javax.inject-1.jar (null)"
  "@maven//:v1/https/repo1.maven.org/maven2/javax/inject/javax.inject/1/javax.inject-1.jar (null)"
  "@maven//:com_google_code_findbugs_jsr305 (a9eaa16)"
  "@maven//:com_google_code_findbugs_jsr305 (a9eaa16)" -> "@maven//:v1/https/repo1.maven.org/maven2/com/google/code/findbugs/jsr305/3.0.2/jsr305-3.0.2.jar (null)"
  "@maven//:v1/https/repo1.maven.org/maven2/com/google/code/findbugs/jsr305/3.0.2/jsr305-3.0.2.jar (null)"
  "@local_config_cc//:cc-compiler-k8 (a9eaa16)"
  "@local_config_cc//:cc-compiler-k8 (a9eaa16)" -> "@local_config_cc//:compiler_deps (a9eaa16)"
  "@local_config_cc//:cc-compiler-k8 (a9eaa16)" -> "@local_config_cc//:empty (a9eaa16)"
  "@local_config_cc//:cc-compiler-k8 (a9eaa16)" -> "@local_config_cc//:local (a9eaa16)"
  "@local_config_cc//:local (a9eaa16)"
  "@local_config_cc//:empty (a9eaa16)"
  "@local_config_cc//:compiler_deps (a9eaa16)"
  "@local_config_cc//:compiler_deps (a9eaa16)" -> "@local_config_cc//:builtin_include_directory_paths (null)"
  "@local_config_cc//:builtin_include_directory_paths (null)"
}
