digraph mygraph {
  node [shape=box];
  "//:nogo_actual (659aaad)"
  "//:nogo_actual (659aaad)" -> "@org_golang_x_tools//go/analysis/passes/atomic:go_default_library (659aaad)"
  "//:nogo_actual (659aaad)" -> "@org_golang_x_tools//go/analysis/passes/bools:go_default_library (659aaad)"
  "//:nogo_actual (659aaad)" -> "@org_golang_x_tools//go/analysis/passes/buildtag:go_default_library (659aaad)"
  "//:nogo_actual (659aaad)" -> "@org_golang_x_tools//go/analysis/passes/copylock:copylock (659aaad)"
  "//:nogo_actual (659aaad)" -> "@org_golang_x_tools//go/analysis/passes/nilfunc:go_default_library (659aaad)"
  "//:nogo_actual (659aaad)" -> "@org_golang_x_tools//go/analysis/passes/printf:go_default_library (659aaad)"
  "@org_golang_x_tools//go/analysis/passes/printf:go_default_library (659aaad)"
  "@org_golang_x_tools//go/analysis/passes/printf:go_default_library (659aaad)" -> "@org_golang_x_tools//go/analysis/passes/printf:printf (659aaad)"
  "@org_golang_x_tools//go/analysis/passes/printf:printf (659aaad)"
  "@org_golang_x_tools//go/analysis/passes/printf:printf (659aaad)" -> "@org_golang_x_tools//go/analysis:analysis (659aaad)"
  "@org_golang_x_tools//go/analysis/passes/printf:printf (659aaad)" -> "@org_golang_x_tools//go/analysis/passes/inspect:inspect (659aaad)"
  "@org_golang_x_tools//go/analysis/passes/printf:printf (659aaad)" -> "@org_golang_x_tools//go/analysis/passes/internal/analysisutil:analysisutil (659aaad)"
  "@org_golang_x_tools//go/analysis/passes/printf:printf (659aaad)" -> "@org_golang_x_tools//go/analysis/passes/printf:printf.go (null)\n@org_golang_x_tools//go/analysis/passes/printf:types.go (null)"
  "@org_golang_x_tools//go/analysis/passes/printf:printf (659aaad)" -> "@org_golang_x_tools//go/ast/inspector:inspector (659aaad)"
  "@org_golang_x_tools//go/analysis/passes/printf:printf (659aaad)" -> "@org_golang_x_tools//go/types/typeutil:typeutil (659aaad)"
  "@org_golang_x_tools//go/analysis/passes/printf:printf (659aaad)" -> "@org_golang_x_tools//internal/typeparams:typeparams (659aaad)"
  "@org_golang_x_tools//go/types/typeutil:typeutil (659aaad)"
  "@org_golang_x_tools//go/types/typeutil:typeutil (659aaad)" -> "@org_golang_x_tools//go/ast/astutil:astutil (659aaad)"
  "@org_golang_x_tools//go/types/typeutil:typeutil (659aaad)" -> "@org_golang_x_tools//go/types/typeutil:callee.go (null)\n@org_golang_x_tools//go/types/typeutil:imports.go (null)\n@org_golang_x_tools//go/types/typeutil:map.go (null)\n@org_golang_x_tools//go/types/typeutil:methodsetcache.go (null)\n@org_golang_x_tools//go/types/typeutil:ui.go (null)"
  "@org_golang_x_tools//go/types/typeutil:typeutil (659aaad)" -> "@org_golang_x_tools//internal/typeparams:typeparams (659aaad)"
  "@org_golang_x_tools//go/ast/astutil:astutil (659aaad)"
  "@org_golang_x_tools//go/ast/astutil:astutil (659aaad)" -> "@org_golang_x_tools//go/ast/astutil:enclosing.go (null)\n@org_golang_x_tools//go/ast/astutil:imports.go (null)\n@org_golang_x_tools//go/ast/astutil:rewrite.go (null)\n@org_golang_x_tools//go/ast/astutil:util.go (null)"
  "@org_golang_x_tools//go/ast/astutil:astutil (659aaad)" -> "@org_golang_x_tools//internal/typeparams:typeparams (659aaad)"
  "@org_golang_x_tools//go/analysis/passes/nilfunc:go_default_library (659aaad)"
  "@org_golang_x_tools//go/analysis/passes/nilfunc:go_default_library (659aaad)" -> "@org_golang_x_tools//go/analysis/passes/nilfunc:nilfunc (659aaad)"
  "@org_golang_x_tools//go/analysis/passes/nilfunc:nilfunc (659aaad)"
  "@org_golang_x_tools//go/analysis/passes/nilfunc:nilfunc (659aaad)" -> "@org_golang_x_tools//go/analysis:analysis (659aaad)"
  "@org_golang_x_tools//go/analysis/passes/nilfunc:nilfunc (659aaad)" -> "@org_golang_x_tools//go/analysis/passes/inspect:inspect (659aaad)"
  "@org_golang_x_tools//go/analysis/passes/nilfunc:nilfunc (659aaad)" -> "@org_golang_x_tools//go/analysis/passes/nilfunc:nilfunc.go (null)"
  "@org_golang_x_tools//go/analysis/passes/nilfunc:nilfunc (659aaad)" -> "@org_golang_x_tools//go/ast/inspector:inspector (659aaad)"
  "@org_golang_x_tools//go/analysis/passes/nilfunc:nilfunc (659aaad)" -> "@org_golang_x_tools//internal/typeparams:typeparams (659aaad)"
  "@org_golang_x_tools//go/analysis/passes/copylock:copylock (659aaad)"
  "@org_golang_x_tools//go/analysis/passes/copylock:copylock (659aaad)" -> "@org_golang_x_tools//go/analysis:analysis (659aaad)"
  "@org_golang_x_tools//go/analysis/passes/copylock:copylock (659aaad)" -> "@org_golang_x_tools//go/analysis/passes/copylock:copylock.go (null)"
  "@org_golang_x_tools//go/analysis/passes/copylock:copylock (659aaad)" -> "@org_golang_x_tools//go/analysis/passes/inspect:inspect (659aaad)"
  "@org_golang_x_tools//go/analysis/passes/copylock:copylock (659aaad)" -> "@org_golang_x_tools//go/analysis/passes/internal/analysisutil:analysisutil (659aaad)"
  "@org_golang_x_tools//go/analysis/passes/copylock:copylock (659aaad)" -> "@org_golang_x_tools//go/ast/inspector:inspector (659aaad)"
  "@org_golang_x_tools//go/analysis/passes/copylock:copylock (659aaad)" -> "@org_golang_x_tools//internal/typeparams:typeparams (659aaad)"
  "@org_golang_x_tools//go/analysis/passes/buildtag:go_default_library (659aaad)"
  "@org_golang_x_tools//go/analysis/passes/buildtag:go_default_library (659aaad)" -> "@org_golang_x_tools//go/analysis/passes/buildtag:buildtag (659aaad)"
  "@org_golang_x_tools//go/analysis/passes/buildtag:buildtag (659aaad)"
  "@org_golang_x_tools//go/analysis/passes/buildtag:buildtag (659aaad)" -> "@org_golang_x_tools//go/analysis:analysis (659aaad)"
  "@org_golang_x_tools//go/analysis/passes/buildtag:buildtag (659aaad)" -> "@org_golang_x_tools//go/analysis/passes/buildtag:buildtag.go (null)\n@org_golang_x_tools//go/analysis/passes/buildtag:buildtag_old.go (null)"
  "@org_golang_x_tools//go/analysis/passes/buildtag:buildtag (659aaad)" -> "@org_golang_x_tools//go/analysis/passes/internal/analysisutil:analysisutil (659aaad)"
  "@org_golang_x_tools//go/analysis/passes/bools:go_default_library (659aaad)"
  "@org_golang_x_tools//go/analysis/passes/bools:go_default_library (659aaad)" -> "@org_golang_x_tools//go/analysis/passes/bools:bools (659aaad)"
  "@org_golang_x_tools//go/analysis/passes/bools:bools (659aaad)"
  "@org_golang_x_tools//go/analysis/passes/bools:bools (659aaad)" -> "@org_golang_x_tools//go/analysis:analysis (659aaad)"
  "@org_golang_x_tools//go/analysis/passes/bools:bools (659aaad)" -> "@org_golang_x_tools//go/analysis/passes/bools:bools.go (null)"
  "@org_golang_x_tools//go/analysis/passes/bools:bools (659aaad)" -> "@org_golang_x_tools//go/analysis/passes/inspect:inspect (659aaad)"
  "@org_golang_x_tools//go/analysis/passes/bools:bools (659aaad)" -> "@org_golang_x_tools//go/analysis/passes/internal/analysisutil:analysisutil (659aaad)"
  "@org_golang_x_tools//go/analysis/passes/bools:bools (659aaad)" -> "@org_golang_x_tools//go/ast/inspector:inspector (659aaad)"
  "@org_golang_x_tools//go/analysis/passes/atomic:go_default_library (659aaad)"
  "@org_golang_x_tools//go/analysis/passes/atomic:go_default_library (659aaad)" -> "@org_golang_x_tools//go/analysis/passes/atomic:atomic (659aaad)"
  "@org_golang_x_tools//go/analysis/passes/atomic:atomic (659aaad)"
  "@org_golang_x_tools//go/analysis/passes/atomic:atomic (659aaad)" -> "@org_golang_x_tools//go/analysis:analysis (659aaad)"
  "@org_golang_x_tools//go/analysis/passes/atomic:atomic (659aaad)" -> "@org_golang_x_tools//go/analysis/passes/atomic:atomic.go (null)"
  "@org_golang_x_tools//go/analysis/passes/atomic:atomic (659aaad)" -> "@org_golang_x_tools//go/analysis/passes/inspect:inspect (659aaad)"
  "@org_golang_x_tools//go/analysis/passes/atomic:atomic (659aaad)" -> "@org_golang_x_tools//go/analysis/passes/internal/analysisutil:analysisutil (659aaad)"
  "@org_golang_x_tools//go/analysis/passes/atomic:atomic (659aaad)" -> "@org_golang_x_tools//go/ast/inspector:inspector (659aaad)"
  "@org_golang_x_tools//go/analysis/passes/internal/analysisutil:analysisutil (659aaad)"
  "@org_golang_x_tools//go/analysis/passes/internal/analysisutil:analysisutil (659aaad)" -> "@org_golang_x_tools//go/analysis/passes/internal/analysisutil:util.go (null)"
  "@org_golang_x_tools//go/analysis/passes/inspect:inspect (659aaad)"
  "@org_golang_x_tools//go/analysis/passes/inspect:inspect (659aaad)" -> "@org_golang_x_tools//go/analysis:analysis (659aaad)"
  "@org_golang_x_tools//go/analysis/passes/inspect:inspect (659aaad)" -> "@org_golang_x_tools//go/analysis/passes/inspect:inspect.go (null)"
  "@org_golang_x_tools//go/analysis/passes/inspect:inspect (659aaad)" -> "@org_golang_x_tools//go/ast/inspector:inspector (659aaad)"
  "@org_golang_x_tools//go/ast/inspector:inspector (659aaad)"
  "@org_golang_x_tools//go/ast/inspector:inspector (659aaad)" -> "@org_golang_x_tools//go/ast/inspector:inspector.go (null)\n@org_golang_x_tools//go/ast/inspector:typeof.go (null)"
  "@org_golang_x_tools//go/ast/inspector:inspector (659aaad)" -> "@org_golang_x_tools//internal/typeparams:typeparams (659aaad)"
  "@org_golang_x_tools//internal/typeparams:typeparams (659aaad)"
  "@org_golang_x_tools//internal/typeparams:typeparams (659aaad)" -> "@org_golang_x_tools//internal/typeparams:common.go (null)\n@org_golang_x_tools//internal/typeparams:coretype.go (null)\n@org_golang_x_tools//internal/typeparams:enabled_go117.go (null)\n@org_golang_x_tools//internal/typeparams:enabled_go118.go (null)\n@org_golang_x_tools//internal/typeparams:normalize.go (null)\n@org_golang_x_tools//internal/typeparams:termlist.go (null)\n@org_golang_x_tools//internal/typeparams:typeparams_go117.go (null)\n...and 2 more items"
  "@org_golang_x_tools//go/analysis:analysis (659aaad)"
  "@org_golang_x_tools//go/analysis:analysis (659aaad)" -> "@org_golang_x_tools//go/analysis:analysis.go (null)\n@org_golang_x_tools//go/analysis:diagnostic.go (null)\n@org_golang_x_tools//go/analysis:doc.go (null)\n@org_golang_x_tools//go/analysis:validate.go (null)"
  "//:nogo (6953f50)"
  "//:nogo (6953f50)" -> "@io_bazel_rules_go//:default_nogo (4e67ca8)"
  "//:nogo (6953f50)" -> "@io_bazel_rules_go//go/private:nogo_active (6953f50)"
  "//:nogo (6953f50)" -> "@local_config_platform//:host (6953f50)"
  "@local_config_platform//:host (6953f50)"
  "@local_config_platform//:host (6953f50)" -> "@platforms//cpu:x86_64 (4e67ca8)"
  "@local_config_platform//:host (6953f50)" -> "@platforms//os:linux (4e67ca8)"
  "@platforms//os:linux (4e67ca8)"
  "@platforms//os:linux (4e67ca8)" -> "@platforms//os:os (4e67ca8)"
  "@platforms//os:os (4e67ca8)"
  "@platforms//cpu:x86_64 (4e67ca8)"
  "@platforms//cpu:x86_64 (4e67ca8)" -> "@platforms//cpu:cpu (4e67ca8)"
  "@platforms//cpu:cpu (4e67ca8)"
  "@io_bazel_rules_go//go/private:nogo_active (6953f50)"
  "@io_bazel_rules_go//go/private:nogo_active (6953f50)" -> "@io_bazel_rules_go//go/private:bootstrap_nogo (4e67ca8)\n@io_bazel_rules_go//go/private:request_nogo (4e67ca8)"
  "@io_bazel_rules_go//go/private:bootstrap_nogo (4e67ca8)\n@io_bazel_rules_go//go/private:request_nogo (4e67ca8)"
  "@io_bazel_rules_go//:default_nogo (4e67ca8)"
  "//:nogo (38d4476)"
  "//:nogo (38d4476)" -> "//:nogo_actual (77e2a63)"
  "//:nogo (38d4476)" -> "@io_bazel_rules_go//go/private:nogo_active (38d4476)"
  "//:nogo (38d4476)" -> "@local_config_platform//:host (38d4476)"
  "@local_config_platform//:host (38d4476)"
  "@local_config_platform//:host (38d4476)" -> "@platforms//cpu:x86_64 (38d4476)"
  "@local_config_platform//:host (38d4476)" -> "@platforms//os:linux (38d4476)"
  "@platforms//os:linux (38d4476)"
  "@platforms//os:linux (38d4476)" -> "@platforms//os:os (38d4476)"
  "@platforms//os:os (38d4476)"
  "@platforms//cpu:x86_64 (38d4476)"
  "@platforms//cpu:x86_64 (38d4476)" -> "@platforms//cpu:cpu (38d4476)"
  "@platforms//cpu:cpu (38d4476)"
  "@io_bazel_rules_go//go/private:nogo_active (38d4476)"
  "@io_bazel_rules_go//go/private:nogo_active (38d4476)" -> "@io_bazel_rules_go//go/private:bootstrap_nogo (38d4476)\n@io_bazel_rules_go//go/private:request_nogo (38d4476)"
  "@io_bazel_rules_go//go/private:bootstrap_nogo (38d4476)\n@io_bazel_rules_go//go/private:request_nogo (38d4476)"
  "//:nogo_actual (77e2a63)"
  "//:nogo_actual (77e2a63)" -> "@org_golang_x_tools//go/analysis/passes/atomic:go_default_library (77e2a63)"
  "//:nogo_actual (77e2a63)" -> "@org_golang_x_tools//go/analysis/passes/bools:go_default_library (77e2a63)"
  "//:nogo_actual (77e2a63)" -> "@org_golang_x_tools//go/analysis/passes/buildtag:go_default_library (77e2a63)"
  "//:nogo_actual (77e2a63)" -> "@org_golang_x_tools//go/analysis/passes/copylock:copylock (77e2a63)"
  "//:nogo_actual (77e2a63)" -> "@org_golang_x_tools//go/analysis/passes/nilfunc:go_default_library (77e2a63)"
  "//:nogo_actual (77e2a63)" -> "@org_golang_x_tools//go/analysis/passes/printf:go_default_library (77e2a63)"
  "@org_golang_x_tools//go/analysis/passes/printf:go_default_library (77e2a63)"
  "@org_golang_x_tools//go/analysis/passes/printf:go_default_library (77e2a63)" -> "@org_golang_x_tools//go/analysis/passes/printf:printf (77e2a63)"
  "@org_golang_x_tools//go/analysis/passes/printf:printf (77e2a63)"
  "@org_golang_x_tools//go/analysis/passes/printf:printf (77e2a63)" -> "@org_golang_x_tools//go/analysis:analysis (77e2a63)"
  "@org_golang_x_tools//go/analysis/passes/printf:printf (77e2a63)" -> "@org_golang_x_tools//go/analysis/passes/inspect:inspect (77e2a63)"
  "@org_golang_x_tools//go/analysis/passes/printf:printf (77e2a63)" -> "@org_golang_x_tools//go/analysis/passes/internal/analysisutil:analysisutil (77e2a63)"
  "@org_golang_x_tools//go/analysis/passes/printf:printf (77e2a63)" -> "@org_golang_x_tools//go/analysis/passes/printf:printf.go (null)\n@org_golang_x_tools//go/analysis/passes/printf:types.go (null)"
  "@org_golang_x_tools//go/analysis/passes/printf:printf (77e2a63)" -> "@org_golang_x_tools//go/ast/inspector:inspector (77e2a63)"
  "@org_golang_x_tools//go/analysis/passes/printf:printf (77e2a63)" -> "@org_golang_x_tools//go/types/typeutil:typeutil (77e2a63)"
  "@org_golang_x_tools//go/analysis/passes/printf:printf (77e2a63)" -> "@org_golang_x_tools//internal/typeparams:typeparams (77e2a63)"
  "@org_golang_x_tools//go/types/typeutil:typeutil (77e2a63)"
  "@org_golang_x_tools//go/types/typeutil:typeutil (77e2a63)" -> "@org_golang_x_tools//go/ast/astutil:astutil (77e2a63)"
  "@org_golang_x_tools//go/types/typeutil:typeutil (77e2a63)" -> "@org_golang_x_tools//go/types/typeutil:callee.go (null)\n@org_golang_x_tools//go/types/typeutil:imports.go (null)\n@org_golang_x_tools//go/types/typeutil:map.go (null)\n@org_golang_x_tools//go/types/typeutil:methodsetcache.go (null)\n@org_golang_x_tools//go/types/typeutil:ui.go (null)"
  "@org_golang_x_tools//go/types/typeutil:typeutil (77e2a63)" -> "@org_golang_x_tools//internal/typeparams:typeparams (77e2a63)"
  "@org_golang_x_tools//go/types/typeutil:callee.go (null)\n@org_golang_x_tools//go/types/typeutil:imports.go (null)\n@org_golang_x_tools//go/types/typeutil:map.go (null)\n@org_golang_x_tools//go/types/typeutil:methodsetcache.go (null)\n@org_golang_x_tools//go/types/typeutil:ui.go (null)"
  "@org_golang_x_tools//go/ast/astutil:astutil (77e2a63)"
  "@org_golang_x_tools//go/ast/astutil:astutil (77e2a63)" -> "@org_golang_x_tools//go/ast/astutil:enclosing.go (null)\n@org_golang_x_tools//go/ast/astutil:imports.go (null)\n@org_golang_x_tools//go/ast/astutil:rewrite.go (null)\n@org_golang_x_tools//go/ast/astutil:util.go (null)"
  "@org_golang_x_tools//go/ast/astutil:astutil (77e2a63)" -> "@org_golang_x_tools//internal/typeparams:typeparams (77e2a63)"
  "@org_golang_x_tools//go/ast/astutil:enclosing.go (null)\n@org_golang_x_tools//go/ast/astutil:imports.go (null)\n@org_golang_x_tools//go/ast/astutil:rewrite.go (null)\n@org_golang_x_tools//go/ast/astutil:util.go (null)"
  "@org_golang_x_tools//go/analysis/passes/printf:printf.go (null)\n@org_golang_x_tools//go/analysis/passes/printf:types.go (null)"
  "@org_golang_x_tools//go/analysis/passes/nilfunc:go_default_library (77e2a63)"
  "@org_golang_x_tools//go/analysis/passes/nilfunc:go_default_library (77e2a63)" -> "@org_golang_x_tools//go/analysis/passes/nilfunc:nilfunc (77e2a63)"
  "@org_golang_x_tools//go/analysis/passes/nilfunc:nilfunc (77e2a63)"
  "@org_golang_x_tools//go/analysis/passes/nilfunc:nilfunc (77e2a63)" -> "@org_golang_x_tools//go/analysis:analysis (77e2a63)"
  "@org_golang_x_tools//go/analysis/passes/nilfunc:nilfunc (77e2a63)" -> "@org_golang_x_tools//go/analysis/passes/inspect:inspect (77e2a63)"
  "@org_golang_x_tools//go/analysis/passes/nilfunc:nilfunc (77e2a63)" -> "@org_golang_x_tools//go/analysis/passes/nilfunc:nilfunc.go (null)"
  "@org_golang_x_tools//go/analysis/passes/nilfunc:nilfunc (77e2a63)" -> "@org_golang_x_tools//go/ast/inspector:inspector (77e2a63)"
  "@org_golang_x_tools//go/analysis/passes/nilfunc:nilfunc (77e2a63)" -> "@org_golang_x_tools//internal/typeparams:typeparams (77e2a63)"
  "@org_golang_x_tools//go/analysis/passes/nilfunc:nilfunc.go (null)"
  "@org_golang_x_tools//go/analysis/passes/copylock:copylock (77e2a63)"
  "@org_golang_x_tools//go/analysis/passes/copylock:copylock (77e2a63)" -> "@org_golang_x_tools//go/analysis:analysis (77e2a63)"
  "@org_golang_x_tools//go/analysis/passes/copylock:copylock (77e2a63)" -> "@org_golang_x_tools//go/analysis/passes/copylock:copylock.go (null)"
  "@org_golang_x_tools//go/analysis/passes/copylock:copylock (77e2a63)" -> "@org_golang_x_tools//go/analysis/passes/inspect:inspect (77e2a63)"
  "@org_golang_x_tools//go/analysis/passes/copylock:copylock (77e2a63)" -> "@org_golang_x_tools//go/analysis/passes/internal/analysisutil:analysisutil (77e2a63)"
  "@org_golang_x_tools//go/analysis/passes/copylock:copylock (77e2a63)" -> "@org_golang_x_tools//go/ast/inspector:inspector (77e2a63)"
  "@org_golang_x_tools//go/analysis/passes/copylock:copylock (77e2a63)" -> "@org_golang_x_tools//internal/typeparams:typeparams (77e2a63)"
  "@org_golang_x_tools//go/analysis/passes/copylock:copylock.go (null)"
  "@org_golang_x_tools//go/analysis/passes/buildtag:go_default_library (77e2a63)"
  "@org_golang_x_tools//go/analysis/passes/buildtag:go_default_library (77e2a63)" -> "@org_golang_x_tools//go/analysis/passes/buildtag:buildtag (77e2a63)"
  "@org_golang_x_tools//go/analysis/passes/buildtag:buildtag (77e2a63)"
  "@org_golang_x_tools//go/analysis/passes/buildtag:buildtag (77e2a63)" -> "@org_golang_x_tools//go/analysis:analysis (77e2a63)"
  "@org_golang_x_tools//go/analysis/passes/buildtag:buildtag (77e2a63)" -> "@org_golang_x_tools//go/analysis/passes/buildtag:buildtag.go (null)\n@org_golang_x_tools//go/analysis/passes/buildtag:buildtag_old.go (null)"
  "@org_golang_x_tools//go/analysis/passes/buildtag:buildtag (77e2a63)" -> "@org_golang_x_tools//go/analysis/passes/internal/analysisutil:analysisutil (77e2a63)"
  "@org_golang_x_tools//go/analysis/passes/buildtag:buildtag.go (null)\n@org_golang_x_tools//go/analysis/passes/buildtag:buildtag_old.go (null)"
  "@org_golang_x_tools//go/analysis/passes/bools:go_default_library (77e2a63)"
  "@org_golang_x_tools//go/analysis/passes/bools:go_default_library (77e2a63)" -> "@org_golang_x_tools//go/analysis/passes/bools:bools (77e2a63)"
  "@org_golang_x_tools//go/analysis/passes/bools:bools (77e2a63)"
  "@org_golang_x_tools//go/analysis/passes/bools:bools (77e2a63)" -> "@org_golang_x_tools//go/analysis:analysis (77e2a63)"
  "@org_golang_x_tools//go/analysis/passes/bools:bools (77e2a63)" -> "@org_golang_x_tools//go/analysis/passes/bools:bools.go (null)"
  "@org_golang_x_tools//go/analysis/passes/bools:bools (77e2a63)" -> "@org_golang_x_tools//go/analysis/passes/inspect:inspect (77e2a63)"
  "@org_golang_x_tools//go/analysis/passes/bools:bools (77e2a63)" -> "@org_golang_x_tools//go/analysis/passes/internal/analysisutil:analysisutil (77e2a63)"
  "@org_golang_x_tools//go/analysis/passes/bools:bools (77e2a63)" -> "@org_golang_x_tools//go/ast/inspector:inspector (77e2a63)"
  "@org_golang_x_tools//go/analysis/passes/bools:bools.go (null)"
  "@org_golang_x_tools//go/analysis/passes/atomic:go_default_library (77e2a63)"
  "@org_golang_x_tools//go/analysis/passes/atomic:go_default_library (77e2a63)" -> "@org_golang_x_tools//go/analysis/passes/atomic:atomic (77e2a63)"
  "@org_golang_x_tools//go/analysis/passes/atomic:atomic (77e2a63)"
  "@org_golang_x_tools//go/analysis/passes/atomic:atomic (77e2a63)" -> "@org_golang_x_tools//go/analysis:analysis (77e2a63)"
  "@org_golang_x_tools//go/analysis/passes/atomic:atomic (77e2a63)" -> "@org_golang_x_tools//go/analysis/passes/atomic:atomic.go (null)"
  "@org_golang_x_tools//go/analysis/passes/atomic:atomic (77e2a63)" -> "@org_golang_x_tools//go/analysis/passes/inspect:inspect (77e2a63)"
  "@org_golang_x_tools//go/analysis/passes/atomic:atomic (77e2a63)" -> "@org_golang_x_tools//go/analysis/passes/internal/analysisutil:analysisutil (77e2a63)"
  "@org_golang_x_tools//go/analysis/passes/atomic:atomic (77e2a63)" -> "@org_golang_x_tools//go/ast/inspector:inspector (77e2a63)"
  "@org_golang_x_tools//go/analysis/passes/internal/analysisutil:analysisutil (77e2a63)"
  "@org_golang_x_tools//go/analysis/passes/internal/analysisutil:analysisutil (77e2a63)" -> "@org_golang_x_tools//go/analysis/passes/internal/analysisutil:util.go (null)"
  "@org_golang_x_tools//go/analysis/passes/internal/analysisutil:util.go (null)"
  "@org_golang_x_tools//go/analysis/passes/inspect:inspect (77e2a63)"
  "@org_golang_x_tools//go/analysis/passes/inspect:inspect (77e2a63)" -> "@org_golang_x_tools//go/analysis:analysis (77e2a63)"
  "@org_golang_x_tools//go/analysis/passes/inspect:inspect (77e2a63)" -> "@org_golang_x_tools//go/analysis/passes/inspect:inspect.go (null)"
  "@org_golang_x_tools//go/analysis/passes/inspect:inspect (77e2a63)" -> "@org_golang_x_tools//go/ast/inspector:inspector (77e2a63)"
  "@org_golang_x_tools//go/ast/inspector:inspector (77e2a63)"
  "@org_golang_x_tools//go/ast/inspector:inspector (77e2a63)" -> "@org_golang_x_tools//go/ast/inspector:inspector.go (null)\n@org_golang_x_tools//go/ast/inspector:typeof.go (null)"
  "@org_golang_x_tools//go/ast/inspector:inspector (77e2a63)" -> "@org_golang_x_tools//internal/typeparams:typeparams (77e2a63)"
  "@org_golang_x_tools//internal/typeparams:typeparams (77e2a63)"
  "@org_golang_x_tools//internal/typeparams:typeparams (77e2a63)" -> "@org_golang_x_tools//internal/typeparams:common.go (null)\n@org_golang_x_tools//internal/typeparams:coretype.go (null)\n@org_golang_x_tools//internal/typeparams:enabled_go117.go (null)\n@org_golang_x_tools//internal/typeparams:enabled_go118.go (null)\n@org_golang_x_tools//internal/typeparams:normalize.go (null)\n@org_golang_x_tools//internal/typeparams:termlist.go (null)\n@org_golang_x_tools//internal/typeparams:typeparams_go117.go (null)\n...and 2 more items"
  "@org_golang_x_tools//internal/typeparams:common.go (null)\n@org_golang_x_tools//internal/typeparams:coretype.go (null)\n@org_golang_x_tools//internal/typeparams:enabled_go117.go (null)\n@org_golang_x_tools//internal/typeparams:enabled_go118.go (null)\n@org_golang_x_tools//internal/typeparams:normalize.go (null)\n@org_golang_x_tools//internal/typeparams:termlist.go (null)\n@org_golang_x_tools//internal/typeparams:typeparams_go117.go (null)\n...and 2 more items"
  "@org_golang_x_tools//go/ast/inspector:inspector.go (null)\n@org_golang_x_tools//go/ast/inspector:typeof.go (null)"
  "@org_golang_x_tools//go/analysis/passes/inspect:inspect.go (null)"
  "@org_golang_x_tools//go/analysis/passes/atomic:atomic.go (null)"
  "@org_golang_x_tools//go/analysis:analysis (77e2a63)"
  "@org_golang_x_tools//go/analysis:analysis (77e2a63)" -> "@org_golang_x_tools//go/analysis:analysis.go (null)\n@org_golang_x_tools//go/analysis:diagnostic.go (null)\n@org_golang_x_tools//go/analysis:doc.go (null)\n@org_golang_x_tools//go/analysis:validate.go (null)"
  "@org_golang_x_tools//go/analysis:analysis.go (null)\n@org_golang_x_tools//go/analysis:diagnostic.go (null)\n@org_golang_x_tools//go/analysis:doc.go (null)\n@org_golang_x_tools//go/analysis:validate.go (null)"
  "//:nogo (385c89d)"
  "//:nogo (385c89d)" -> "@io_bazel_rules_go//:default_nogo (385c89d)"
  "//:nogo (385c89d)" -> "@io_bazel_rules_go//go/private:nogo_active (385c89d)"
  "//:nogo (385c89d)" -> "@local_config_platform//:host (385c89d)"
  "@local_config_platform//:host (385c89d)"
  "@local_config_platform//:host (385c89d)" -> "@platforms//cpu:x86_64 (385c89d)"
  "@local_config_platform//:host (385c89d)" -> "@platforms//os:linux (385c89d)"
  "@platforms//os:linux (385c89d)"
  "@platforms//os:linux (385c89d)" -> "@platforms//os:os (385c89d)"
  "@platforms//os:os (385c89d)"
  "@platforms//cpu:x86_64 (385c89d)"
  "@platforms//cpu:x86_64 (385c89d)" -> "@platforms//cpu:cpu (385c89d)"
  "@platforms//cpu:cpu (385c89d)"
  "@io_bazel_rules_go//go/private:nogo_active (385c89d)"
  "@io_bazel_rules_go//go/private:nogo_active (385c89d)" -> "@io_bazel_rules_go//go/private:bootstrap_nogo (385c89d)\n@io_bazel_rules_go//go/private:request_nogo (385c89d)"
  "@io_bazel_rules_go//go/private:bootstrap_nogo (385c89d)\n@io_bazel_rules_go//go/private:request_nogo (385c89d)"
  "@io_bazel_rules_go//:default_nogo (385c89d)"
  "//:gazelle_local (4e67ca8)"
  "//:gazelle_local (4e67ca8)" -> "//internal/language/test_filegroup:test_filegroup (4e67ca8)"
  "//:gazelle_local (4e67ca8)" -> "//language/go:go (4e67ca8)"
  "//:gazelle_local (4e67ca8)" -> "//language/proto:proto (4e67ca8)"
  "//:gazelle_local (4e67ca8)" -> "@bazel_skylib//gazelle/bzl:bzl (4e67ca8)"
  "@bazel_skylib//gazelle/bzl:bzl (4e67ca8)"
  "@bazel_skylib//gazelle/bzl:bzl (4e67ca8)" -> "//config:go_default_library (4e67ca8)"
  "@bazel_skylib//gazelle/bzl:bzl (4e67ca8)" -> "//label:go_default_library (4e67ca8)"
  "@bazel_skylib//gazelle/bzl:bzl (4e67ca8)" -> "//language:go_default_library (4e67ca8)"
  "@bazel_skylib//gazelle/bzl:bzl (4e67ca8)" -> "//pathtools:go_default_library (4e67ca8)"
  "@bazel_skylib//gazelle/bzl:bzl (4e67ca8)" -> "//repo:go_default_library (4e67ca8)"
  "@bazel_skylib//gazelle/bzl:bzl (4e67ca8)" -> "//resolve:go_default_library (4e67ca8)"
  "@bazel_skylib//gazelle/bzl:bzl (4e67ca8)" -> "//rule:go_default_library (4e67ca8)"
  "@bazel_skylib//gazelle/bzl:bzl (4e67ca8)" -> "@bazel_skylib//gazelle/bzl:gazelle.go (null)"
  "@bazel_skylib//gazelle/bzl:bzl (4e67ca8)" -> "@com_github_bazelbuild_buildtools//build:go_default_library (4e67ca8)"
  "//rule:go_default_library (4e67ca8)"
  "//rule:go_default_library (4e67ca8)" -> "//rule:rule (4e67ca8)"
  "//resolve:go_default_library (4e67ca8)"
  "//resolve:go_default_library (4e67ca8)" -> "//resolve:resolve (4e67ca8)"
  "//repo:go_default_library (4e67ca8)"
  "//repo:go_default_library (4e67ca8)" -> "//repo:repo (4e67ca8)"
  "//pathtools:go_default_library (4e67ca8)"
  "//pathtools:go_default_library (4e67ca8)" -> "//pathtools:pathtools (4e67ca8)"
  "//language:go_default_library (4e67ca8)"
  "//language:go_default_library (4e67ca8)" -> "//language:language (4e67ca8)"
  "//label:go_default_library (4e67ca8)"
  "//label:go_default_library (4e67ca8)" -> "//label:label (4e67ca8)"
  "//config:go_default_library (4e67ca8)"
  "//config:go_default_library (4e67ca8)" -> "//config:config (4e67ca8)"
  "//language/go:go (4e67ca8)"
  "//language/go:go (4e67ca8)" -> "//config:config (4e67ca8)"
  "//language/go:go (4e67ca8)" -> "//flag:flag (4e67ca8)"
  "//language/go:go (4e67ca8)" -> "//internal/module:module (4e67ca8)"
  "//language/go:go (4e67ca8)" -> "//internal/version:version (4e67ca8)"
  "//language/go:go (4e67ca8)" -> "//label:label (4e67ca8)"
  "//language/go:go (4e67ca8)" -> "//language:language (4e67ca8)"
  "//language/go:go (4e67ca8)" -> "//language/go:build_constraints.go (null)\n//language/go:config.go (null)\n//language/go:constants.go (null)\n//language/go:embed.go (null)\n//language/go:fileinfo.go (null)\n//language/go:fix.go (null)\n//language/go:generate.go (null)\n//language/go:kinds.go (null)\n//language/go:lang.go (null)\n//language/go:modules.go (null)\n//language/go:package.go (null)\n//language/go:resolve.go (null)\n//language/go:stdlib_links.go (null)\n//language/go:update.go (null)\n...and 2 more items"
  "//language/go:go (4e67ca8)" -> "//language/go:std_package_list.go (4e67ca8)"
  "//language/go:go (4e67ca8)" -> "//language/proto:proto (4e67ca8)"
  "//language/go:go (4e67ca8)" -> "//pathtools:pathtools (4e67ca8)"
  "//language/go:go (4e67ca8)" -> "//repo:repo (4e67ca8)"
  "//language/go:go (4e67ca8)" -> "//resolve:resolve (4e67ca8)"
  "//language/go:go (4e67ca8)" -> "//rule:rule (4e67ca8)"
  "//language/go:go (4e67ca8)" -> "@com_github_bazelbuild_buildtools//build:go_default_library (4e67ca8)"
  "//language/go:go (4e67ca8)" -> "@org_golang_x_mod//modfile:modfile (4e67ca8)"
  "//language/go:go (4e67ca8)" -> "@org_golang_x_mod//module:module (4e67ca8)"
  "//language/go:go (4e67ca8)" -> "@org_golang_x_sync//errgroup:errgroup (4e67ca8)"
  "@org_golang_x_sync//errgroup:errgroup (4e67ca8)"
  "@org_golang_x_sync//errgroup:errgroup (4e67ca8)" -> "@org_golang_x_sync//errgroup:errgroup.go (null)"
  "//language/proto:proto (4e67ca8)"
  "//language/proto:proto (4e67ca8)" -> "//config:config (4e67ca8)"
  "//language/proto:proto (4e67ca8)" -> "//label:label (4e67ca8)"
  "//language/proto:proto (4e67ca8)" -> "//language:language (4e67ca8)"
  "//language/proto:proto (4e67ca8)" -> "//language/proto:config.go (null)\n//language/proto:constants.go (null)\n//language/proto:fileinfo.go (null)\n//language/proto:fix.go (null)\n//language/proto:generate.go (null)\n//language/proto:kinds.go (null)\n//language/proto:lang.go (null)\n//language/proto:package.go (null)\n//language/proto:resolve.go (null)"
  "//language/proto:proto (4e67ca8)" -> "//language/proto:known_go_imports.go (4e67ca8)"
  "//language/proto:proto (4e67ca8)" -> "//language/proto:known_imports.go (4e67ca8)"
  "//language/proto:proto (4e67ca8)" -> "//language/proto:known_proto_imports.go (4e67ca8)"
  "//language/proto:proto (4e67ca8)" -> "//pathtools:pathtools (4e67ca8)"
  "//language/proto:proto (4e67ca8)" -> "//repo:repo (4e67ca8)"
  "//language/proto:proto (4e67ca8)" -> "//resolve:resolve (4e67ca8)"
  "//language/proto:proto (4e67ca8)" -> "//rule:rule (4e67ca8)"
  "//internal/version:version (4e67ca8)"
  "//internal/version:version (4e67ca8)" -> "//internal/version:version.go (null)"
  "//internal/module:module (4e67ca8)"
  "//internal/module:module (4e67ca8)" -> "//internal/module:module.go (null)"
  "//internal/module:module (4e67ca8)" -> "@com_github_bazelbuild_buildtools//build:go_default_library (4e67ca8)"
  "//flag:flag (4e67ca8)"
  "//flag:flag (4e67ca8)" -> "//flag:flag.go (null)"
  "//internal/language/test_filegroup:test_filegroup (4e67ca8)"
  "//internal/language/test_filegroup:test_filegroup (4e67ca8)" -> "//config:config (4e67ca8)"
  "//internal/language/test_filegroup:test_filegroup (4e67ca8)" -> "//internal/language/test_filegroup:lang.go (null)"
  "//internal/language/test_filegroup:test_filegroup (4e67ca8)" -> "//label:label (4e67ca8)"
  "//internal/language/test_filegroup:test_filegroup (4e67ca8)" -> "//language:language (4e67ca8)"
  "//internal/language/test_filegroup:test_filegroup (4e67ca8)" -> "//repo:repo (4e67ca8)"
  "//internal/language/test_filegroup:test_filegroup (4e67ca8)" -> "//resolve:resolve (4e67ca8)"
  "//internal/language/test_filegroup:test_filegroup (4e67ca8)" -> "//rule:rule (4e67ca8)"
  "//language:language (4e67ca8)"
  "//language:language (4e67ca8)" -> "//config:config (4e67ca8)"
  "//language:language (4e67ca8)" -> "//label:label (4e67ca8)"
  "//language:language (4e67ca8)" -> "//language:base.go (null)\n//language:lang.go (null)\n//language:lifecycle.go (null)\n//language:update.go (null)"
  "//language:language (4e67ca8)" -> "//repo:repo (4e67ca8)"
  "//language:language (4e67ca8)" -> "//resolve:resolve (4e67ca8)"
  "//language:language (4e67ca8)" -> "//rule:rule (4e67ca8)"
  "//resolve:resolve (4e67ca8)"
  "//resolve:resolve (4e67ca8)" -> "//config:config (4e67ca8)"
  "//resolve:resolve (4e67ca8)" -> "//label:label (4e67ca8)"
  "//resolve:resolve (4e67ca8)" -> "//repo:repo (4e67ca8)"
  "//resolve:resolve (4e67ca8)" -> "//resolve:config.go (null)\n//resolve:index.go (null)"
  "//resolve:resolve (4e67ca8)" -> "//rule:rule (4e67ca8)"
  "//repo:repo (4e67ca8)"
  "//repo:repo (4e67ca8)" -> "//label:label (4e67ca8)"
  "//repo:repo (4e67ca8)" -> "//pathtools:pathtools (4e67ca8)"
  "//repo:repo (4e67ca8)" -> "//repo:remote.go (null)\n//repo:repo.go (null)"
  "//repo:repo (4e67ca8)" -> "//rule:rule (4e67ca8)"
  "//repo:repo (4e67ca8)" -> "@org_golang_x_mod//modfile:modfile (4e67ca8)"
  "//repo:repo (4e67ca8)" -> "@org_golang_x_tools//go/vcs:vcs (4e67ca8)"
  "@org_golang_x_tools//go/vcs:vcs (4e67ca8)"
  "@org_golang_x_tools//go/vcs:vcs (4e67ca8)" -> "@org_golang_x_sys//execabs:go_default_library (4e67ca8)"
  "@org_golang_x_tools//go/vcs:vcs (4e67ca8)" -> "@org_golang_x_tools//go/vcs:discovery.go (null)\n@org_golang_x_tools//go/vcs:env.go (null)\n@org_golang_x_tools//go/vcs:http.go (null)\n@org_golang_x_tools//go/vcs:vcs.go (null)"
  "@org_golang_x_sys//execabs:go_default_library (4e67ca8)"
  "@org_golang_x_sys//execabs:go_default_library (4e67ca8)" -> "@org_golang_x_sys//execabs:execabs (4e67ca8)"
  "@org_golang_x_sys//execabs:execabs (4e67ca8)"
  "@org_golang_x_sys//execabs:execabs (4e67ca8)" -> "@org_golang_x_sys//execabs:execabs.go (null)\n@org_golang_x_sys//execabs:execabs_go118.go (null)\n@org_golang_x_sys//execabs:execabs_go119.go (null)"
  "@org_golang_x_mod//modfile:modfile (4e67ca8)"
  "@org_golang_x_mod//modfile:modfile (4e67ca8)" -> "@org_golang_x_mod//internal/lazyregexp:lazyregexp (4e67ca8)"
  "@org_golang_x_mod//modfile:modfile (4e67ca8)" -> "@org_golang_x_mod//modfile:print.go (null)\n@org_golang_x_mod//modfile:read.go (null)\n@org_golang_x_mod//modfile:rule.go (null)\n@org_golang_x_mod//modfile:work.go (null)"
  "@org_golang_x_mod//modfile:modfile (4e67ca8)" -> "@org_golang_x_mod//module:module (4e67ca8)"
  "@org_golang_x_mod//modfile:modfile (4e67ca8)" -> "@org_golang_x_mod//semver:semver (4e67ca8)"
  "@org_golang_x_mod//module:module (4e67ca8)"
  "@org_golang_x_mod//module:module (4e67ca8)" -> "@org_golang_x_mod//internal/lazyregexp:lazyregexp (4e67ca8)"
  "@org_golang_x_mod//module:module (4e67ca8)" -> "@org_golang_x_mod//module:module.go (null)\n@org_golang_x_mod//module:pseudo.go (null)"
  "@org_golang_x_mod//module:module (4e67ca8)" -> "@org_golang_x_mod//semver:semver (4e67ca8)"
  "@org_golang_x_mod//semver:semver (4e67ca8)"
  "@org_golang_x_mod//semver:semver (4e67ca8)" -> "@org_golang_x_mod//semver:semver.go (null)"
  "@org_golang_x_mod//internal/lazyregexp:lazyregexp (4e67ca8)"
  "@org_golang_x_mod//internal/lazyregexp:lazyregexp (4e67ca8)" -> "@org_golang_x_mod//internal/lazyregexp:lazyre.go (null)"
  "//config:config (4e67ca8)"
  "//config:config (4e67ca8)" -> "//config:config.go (null)\n//config:constants.go (null)"
  "//config:config (4e67ca8)" -> "//internal/wspace:wspace (4e67ca8)"
  "//config:config (4e67ca8)" -> "//rule:rule (4e67ca8)"
  "//rule:rule (4e67ca8)"
  "//rule:rule (4e67ca8)" -> "//label:label (4e67ca8)"
  "//rule:rule (4e67ca8)" -> "//rule:directives.go (null)\n//rule:expr.go (null)\n//rule:merge.go (null)\n//rule:platform.go (null)\n//rule:platform_strings.go (null)\n//rule:rule.go (null)\n//rule:sort_labels.go (null)\n//rule:types.go (null)\n//rule:value.go (null)"
  "//rule:rule (4e67ca8)" -> "@com_github_bazelbuild_buildtools//build:go_default_library (4e67ca8)"
  "//rule:rule (4e67ca8)" -> "@com_github_bazelbuild_buildtools//tables:go_default_library (4e67ca8)"
  "@com_github_bazelbuild_buildtools//build:go_default_library (4e67ca8)"
  "@com_github_bazelbuild_buildtools//build:go_default_library (4e67ca8)" -> "@com_github_bazelbuild_buildtools//build:lex.go (null)\n@com_github_bazelbuild_buildtools//build:print.go (null)\n@com_github_bazelbuild_buildtools//build:quote.go (null)\n@com_github_bazelbuild_buildtools//build:rewrite.go (null)\n@com_github_bazelbuild_buildtools//build:rule.go (null)\n@com_github_bazelbuild_buildtools//build:syntax.go (null)\n@com_github_bazelbuild_buildtools//build:utils.go (null)\n@com_github_bazelbuild_buildtools//build:walk.go (null)"
  "@com_github_bazelbuild_buildtools//build:go_default_library (4e67ca8)" -> "@com_github_bazelbuild_buildtools//build:parse.y.baz.go (4e67ca8)"
  "@com_github_bazelbuild_buildtools//build:go_default_library (4e67ca8)" -> "@com_github_bazelbuild_buildtools//tables:go_default_library (4e67ca8)"
  "@com_github_bazelbuild_buildtools//tables:go_default_library (4e67ca8)"
  "@com_github_bazelbuild_buildtools//tables:go_default_library (4e67ca8)" -> "@com_github_bazelbuild_buildtools//tables:jsonparser.go (null)\n@com_github_bazelbuild_buildtools//tables:tables.go (null)"
  "@com_github_bazelbuild_buildtools//build:parse.y.baz.go (4e67ca8)"
  "@com_github_bazelbuild_buildtools//build:parse.y.baz.go (4e67ca8)" -> "@com_github_bazelbuild_buildtools//build:parse.y.go_yacc (4e67ca8)"
  "@com_github_bazelbuild_buildtools//build:parse.y.go_yacc (4e67ca8)"
  "@com_github_bazelbuild_buildtools//build:parse.y.go_yacc (4e67ca8)" -> "@com_github_bazelbuild_buildtools//build:parse.y (null)"
  "//label:label (4e67ca8)"
  "//label:label (4e67ca8)" -> "//label:label.go (null)"
  "//label:label (4e67ca8)" -> "//pathtools:pathtools (4e67ca8)"
  "//pathtools:pathtools (4e67ca8)"
  "//pathtools:pathtools (4e67ca8)" -> "//pathtools:path.go (null)"
  "//internal/wspace:wspace (4e67ca8)"
  "//internal/wspace:wspace (4e67ca8)" -> "//internal/wspace:finder.go (null)"
  "//:gazelle_ci (4e67ca8)"
  "//:gazelle_ci (4e67ca8)" -> "//:gazelle_ci-runner (4e67ca8)"
  "//:gazelle_ci-runner (4e67ca8)"
  "//:gazelle_ci-runner (4e67ca8)" -> "//:gazelle_local (016b1f6)"
  "//:gazelle (4e67ca8)"
  "//:gazelle (4e67ca8)" -> "//:gazelle-runner (4e67ca8)"
  "//:gazelle-runner (4e67ca8)"
  "//:gazelle-runner (4e67ca8)" -> "//:gazelle_local (016b1f6)"
  "//:gazelle_local (016b1f6)"
  "//:gazelle_local (016b1f6)" -> "//internal/language/test_filegroup:test_filegroup (016b1f6)"
  "//:gazelle_local (016b1f6)" -> "//language/go:go (016b1f6)"
  "//:gazelle_local (016b1f6)" -> "//language/proto:proto (016b1f6)"
  "//:gazelle_local (016b1f6)" -> "@bazel_skylib//gazelle/bzl:bzl (016b1f6)"
  "@bazel_skylib//gazelle/bzl:bzl (016b1f6)"
  "@bazel_skylib//gazelle/bzl:bzl (016b1f6)" -> "//config:go_default_library (016b1f6)"
  "@bazel_skylib//gazelle/bzl:bzl (016b1f6)" -> "//label:go_default_library (016b1f6)"
  "@bazel_skylib//gazelle/bzl:bzl (016b1f6)" -> "//language:go_default_library (016b1f6)"
  "@bazel_skylib//gazelle/bzl:bzl (016b1f6)" -> "//pathtools:go_default_library (016b1f6)"
  "@bazel_skylib//gazelle/bzl:bzl (016b1f6)" -> "//repo:go_default_library (016b1f6)"
  "@bazel_skylib//gazelle/bzl:bzl (016b1f6)" -> "//resolve:go_default_library (016b1f6)"
  "@bazel_skylib//gazelle/bzl:bzl (016b1f6)" -> "//rule:go_default_library (016b1f6)"
  "@bazel_skylib//gazelle/bzl:bzl (016b1f6)" -> "@bazel_skylib//gazelle/bzl:gazelle.go (null)"
  "@bazel_skylib//gazelle/bzl:bzl (016b1f6)" -> "@com_github_bazelbuild_buildtools//build:go_default_library (016b1f6)"
  "@bazel_skylib//gazelle/bzl:gazelle.go (null)"
  "//rule:go_default_library (016b1f6)"
  "//rule:go_default_library (016b1f6)" -> "//rule:rule (016b1f6)"
  "//resolve:go_default_library (016b1f6)"
  "//resolve:go_default_library (016b1f6)" -> "//resolve:resolve (016b1f6)"
  "//repo:go_default_library (016b1f6)"
  "//repo:go_default_library (016b1f6)" -> "//repo:repo (016b1f6)"
  "//pathtools:go_default_library (016b1f6)"
  "//pathtools:go_default_library (016b1f6)" -> "//pathtools:pathtools (016b1f6)"
  "//language:go_default_library (016b1f6)"
  "//language:go_default_library (016b1f6)" -> "//language:language (016b1f6)"
  "//label:go_default_library (016b1f6)"
  "//label:go_default_library (016b1f6)" -> "//label:label (016b1f6)"
  "//config:go_default_library (016b1f6)"
  "//config:go_default_library (016b1f6)" -> "//config:config (016b1f6)"
  "//language/go:go (016b1f6)"
  "//language/go:go (016b1f6)" -> "//config:config (016b1f6)"
  "//language/go:go (016b1f6)" -> "//flag:flag (016b1f6)"
  "//language/go:go (016b1f6)" -> "//internal/module:module (016b1f6)"
  "//language/go:go (016b1f6)" -> "//internal/version:version (016b1f6)"
  "//language/go:go (016b1f6)" -> "//label:label (016b1f6)"
  "//language/go:go (016b1f6)" -> "//language:language (016b1f6)"
  "//language/go:go (016b1f6)" -> "//language/go:build_constraints.go (null)\n//language/go:config.go (null)\n//language/go:constants.go (null)\n//language/go:embed.go (null)\n//language/go:fileinfo.go (null)\n//language/go:fix.go (null)\n//language/go:generate.go (null)\n//language/go:kinds.go (null)\n//language/go:lang.go (null)\n//language/go:modules.go (null)\n//language/go:package.go (null)\n//language/go:resolve.go (null)\n//language/go:stdlib_links.go (null)\n//language/go:update.go (null)\n...and 2 more items"
  "//language/go:go (016b1f6)" -> "//language/go:std_package_list.go (016b1f6)"
  "//language/go:go (016b1f6)" -> "//language/proto:proto (016b1f6)"
  "//language/go:go (016b1f6)" -> "//pathtools:pathtools (016b1f6)"
  "//language/go:go (016b1f6)" -> "//repo:repo (016b1f6)"
  "//language/go:go (016b1f6)" -> "//resolve:resolve (016b1f6)"
  "//language/go:go (016b1f6)" -> "//rule:rule (016b1f6)"
  "//language/go:go (016b1f6)" -> "@com_github_bazelbuild_buildtools//build:go_default_library (016b1f6)"
  "//language/go:go (016b1f6)" -> "@org_golang_x_mod//modfile:modfile (016b1f6)"
  "//language/go:go (016b1f6)" -> "@org_golang_x_mod//module:module (016b1f6)"
  "//language/go:go (016b1f6)" -> "@org_golang_x_sync//errgroup:errgroup (016b1f6)"
  "@org_golang_x_sync//errgroup:errgroup (016b1f6)"
  "@org_golang_x_sync//errgroup:errgroup (016b1f6)" -> "@org_golang_x_sync//errgroup:errgroup.go (null)"
  "@org_golang_x_sync//errgroup:errgroup.go (null)"
  "//language/proto:proto (016b1f6)"
  "//language/proto:proto (016b1f6)" -> "//config:config (016b1f6)"
  "//language/proto:proto (016b1f6)" -> "//label:label (016b1f6)"
  "//language/proto:proto (016b1f6)" -> "//language:language (016b1f6)"
  "//language/proto:proto (016b1f6)" -> "//language/proto:config.go (null)\n//language/proto:constants.go (null)\n//language/proto:fileinfo.go (null)\n//language/proto:fix.go (null)\n//language/proto:generate.go (null)\n//language/proto:kinds.go (null)\n//language/proto:lang.go (null)\n//language/proto:package.go (null)\n//language/proto:resolve.go (null)"
  "//language/proto:proto (016b1f6)" -> "//language/proto:known_go_imports.go (016b1f6)"
  "//language/proto:proto (016b1f6)" -> "//language/proto:known_imports.go (016b1f6)"
  "//language/proto:proto (016b1f6)" -> "//language/proto:known_proto_imports.go (016b1f6)"
  "//language/proto:proto (016b1f6)" -> "//pathtools:pathtools (016b1f6)"
  "//language/proto:proto (016b1f6)" -> "//repo:repo (016b1f6)"
  "//language/proto:proto (016b1f6)" -> "//resolve:resolve (016b1f6)"
  "//language/proto:proto (016b1f6)" -> "//rule:rule (016b1f6)"
  "//language/proto:known_proto_imports.go (016b1f6)"
  "//language/proto:known_proto_imports.go (016b1f6)" -> "//language/proto:known_proto_imports (016b1f6)"
  "//language/proto:known_proto_imports (016b1f6)"
  "//language/proto:known_proto_imports (016b1f6)" -> "//language/proto:proto.csv (null)"
  "//language/proto:known_imports.go (016b1f6)"
  "//language/proto:known_imports.go (016b1f6)" -> "//language/proto:known_imports (016b1f6)"
  "//language/proto:known_imports (016b1f6)"
  "//language/proto:known_imports (016b1f6)" -> "//language/proto:proto.csv (null)"
  "//language/proto:known_go_imports.go (016b1f6)"
  "//language/proto:known_go_imports.go (016b1f6)" -> "//language/proto:known_go_imports (016b1f6)"
  "//language/proto:known_go_imports (016b1f6)"
  "//language/proto:known_go_imports (016b1f6)" -> "//language/proto:proto.csv (null)"
  "//language/go:std_package_list.go (016b1f6)"
  "//language/go:std_package_list.go (016b1f6)" -> "//language/go:std_package_list (016b1f6)"
  "//language/go:std_package_list (016b1f6)"
  "//internal/version:version (016b1f6)"
  "//internal/version:version (016b1f6)" -> "//internal/version:version.go (null)"
  "//internal/module:module (016b1f6)"
  "//internal/module:module (016b1f6)" -> "//internal/module:module.go (null)"
  "//internal/module:module (016b1f6)" -> "@com_github_bazelbuild_buildtools//build:go_default_library (016b1f6)"
  "//flag:flag (016b1f6)"
  "//flag:flag (016b1f6)" -> "//flag:flag.go (null)"
  "//internal/language/test_filegroup:test_filegroup (016b1f6)"
  "//internal/language/test_filegroup:test_filegroup (016b1f6)" -> "//config:config (016b1f6)"
  "//internal/language/test_filegroup:test_filegroup (016b1f6)" -> "//internal/language/test_filegroup:lang.go (null)"
  "//internal/language/test_filegroup:test_filegroup (016b1f6)" -> "//label:label (016b1f6)"
  "//internal/language/test_filegroup:test_filegroup (016b1f6)" -> "//language:language (016b1f6)"
  "//internal/language/test_filegroup:test_filegroup (016b1f6)" -> "//repo:repo (016b1f6)"
  "//internal/language/test_filegroup:test_filegroup (016b1f6)" -> "//resolve:resolve (016b1f6)"
  "//internal/language/test_filegroup:test_filegroup (016b1f6)" -> "//rule:rule (016b1f6)"
  "//language:language (016b1f6)"
  "//language:language (016b1f6)" -> "//config:config (016b1f6)"
  "//language:language (016b1f6)" -> "//label:label (016b1f6)"
  "//language:language (016b1f6)" -> "//language:base.go (null)\n//language:lang.go (null)\n//language:lifecycle.go (null)\n//language:update.go (null)"
  "//language:language (016b1f6)" -> "//repo:repo (016b1f6)"
  "//language:language (016b1f6)" -> "//resolve:resolve (016b1f6)"
  "//language:language (016b1f6)" -> "//rule:rule (016b1f6)"
  "//resolve:resolve (016b1f6)"
  "//resolve:resolve (016b1f6)" -> "//config:config (016b1f6)"
  "//resolve:resolve (016b1f6)" -> "//label:label (016b1f6)"
  "//resolve:resolve (016b1f6)" -> "//repo:repo (016b1f6)"
  "//resolve:resolve (016b1f6)" -> "//resolve:config.go (null)\n//resolve:index.go (null)"
  "//resolve:resolve (016b1f6)" -> "//rule:rule (016b1f6)"
  "//repo:repo (016b1f6)"
  "//repo:repo (016b1f6)" -> "//label:label (016b1f6)"
  "//repo:repo (016b1f6)" -> "//pathtools:pathtools (016b1f6)"
  "//repo:repo (016b1f6)" -> "//repo:remote.go (null)\n//repo:repo.go (null)"
  "//repo:repo (016b1f6)" -> "//rule:rule (016b1f6)"
  "//repo:repo (016b1f6)" -> "@org_golang_x_mod//modfile:modfile (016b1f6)"
  "//repo:repo (016b1f6)" -> "@org_golang_x_tools//go/vcs:vcs (016b1f6)"
  "@org_golang_x_tools//go/vcs:vcs (016b1f6)"
  "@org_golang_x_tools//go/vcs:vcs (016b1f6)" -> "@org_golang_x_sys//execabs:go_default_library (016b1f6)"
  "@org_golang_x_tools//go/vcs:vcs (016b1f6)" -> "@org_golang_x_tools//go/vcs:discovery.go (null)\n@org_golang_x_tools//go/vcs:env.go (null)\n@org_golang_x_tools//go/vcs:http.go (null)\n@org_golang_x_tools//go/vcs:vcs.go (null)"
  "@org_golang_x_tools//go/vcs:discovery.go (null)\n@org_golang_x_tools//go/vcs:env.go (null)\n@org_golang_x_tools//go/vcs:http.go (null)\n@org_golang_x_tools//go/vcs:vcs.go (null)"
  "@org_golang_x_sys//execabs:go_default_library (016b1f6)"
  "@org_golang_x_sys//execabs:go_default_library (016b1f6)" -> "@org_golang_x_sys//execabs:execabs (016b1f6)"
  "@org_golang_x_sys//execabs:execabs (016b1f6)"
  "@org_golang_x_sys//execabs:execabs (016b1f6)" -> "@org_golang_x_sys//execabs:execabs.go (null)\n@org_golang_x_sys//execabs:execabs_go118.go (null)\n@org_golang_x_sys//execabs:execabs_go119.go (null)"
  "@org_golang_x_sys//execabs:execabs.go (null)\n@org_golang_x_sys//execabs:execabs_go118.go (null)\n@org_golang_x_sys//execabs:execabs_go119.go (null)"
  "@org_golang_x_mod//modfile:modfile (016b1f6)"
  "@org_golang_x_mod//modfile:modfile (016b1f6)" -> "@org_golang_x_mod//internal/lazyregexp:lazyregexp (016b1f6)"
  "@org_golang_x_mod//modfile:modfile (016b1f6)" -> "@org_golang_x_mod//modfile:print.go (null)\n@org_golang_x_mod//modfile:read.go (null)\n@org_golang_x_mod//modfile:rule.go (null)\n@org_golang_x_mod//modfile:work.go (null)"
  "@org_golang_x_mod//modfile:modfile (016b1f6)" -> "@org_golang_x_mod//module:module (016b1f6)"
  "@org_golang_x_mod//modfile:modfile (016b1f6)" -> "@org_golang_x_mod//semver:semver (016b1f6)"
  "@org_golang_x_mod//module:module (016b1f6)"
  "@org_golang_x_mod//module:module (016b1f6)" -> "@org_golang_x_mod//internal/lazyregexp:lazyregexp (016b1f6)"
  "@org_golang_x_mod//module:module (016b1f6)" -> "@org_golang_x_mod//module:module.go (null)\n@org_golang_x_mod//module:pseudo.go (null)"
  "@org_golang_x_mod//module:module (016b1f6)" -> "@org_golang_x_mod//semver:semver (016b1f6)"
  "@org_golang_x_mod//semver:semver (016b1f6)"
  "@org_golang_x_mod//semver:semver (016b1f6)" -> "@org_golang_x_mod//semver:semver.go (null)"
  "@org_golang_x_mod//semver:semver.go (null)"
  "@org_golang_x_mod//module:module.go (null)\n@org_golang_x_mod//module:pseudo.go (null)"
  "@org_golang_x_mod//modfile:print.go (null)\n@org_golang_x_mod//modfile:read.go (null)\n@org_golang_x_mod//modfile:rule.go (null)\n@org_golang_x_mod//modfile:work.go (null)"
  "@org_golang_x_mod//internal/lazyregexp:lazyregexp (016b1f6)"
  "@org_golang_x_mod//internal/lazyregexp:lazyregexp (016b1f6)" -> "@org_golang_x_mod//internal/lazyregexp:lazyre.go (null)"
  "@org_golang_x_mod//internal/lazyregexp:lazyre.go (null)"
  "//config:config (016b1f6)"
  "//config:config (016b1f6)" -> "//config:config.go (null)\n//config:constants.go (null)"
  "//config:config (016b1f6)" -> "//internal/wspace:wspace (016b1f6)"
  "//config:config (016b1f6)" -> "//rule:rule (016b1f6)"
  "//rule:rule (016b1f6)"
  "//rule:rule (016b1f6)" -> "//label:label (016b1f6)"
  "//rule:rule (016b1f6)" -> "//rule:directives.go (null)\n//rule:expr.go (null)\n//rule:merge.go (null)\n//rule:platform.go (null)\n//rule:platform_strings.go (null)\n//rule:rule.go (null)\n//rule:sort_labels.go (null)\n//rule:types.go (null)\n//rule:value.go (null)"
  "//rule:rule (016b1f6)" -> "@com_github_bazelbuild_buildtools//build:go_default_library (016b1f6)"
  "//rule:rule (016b1f6)" -> "@com_github_bazelbuild_buildtools//tables:go_default_library (016b1f6)"
  "@com_github_bazelbuild_buildtools//build:go_default_library (016b1f6)"
  "@com_github_bazelbuild_buildtools//build:go_default_library (016b1f6)" -> "@com_github_bazelbuild_buildtools//build:lex.go (null)\n@com_github_bazelbuild_buildtools//build:print.go (null)\n@com_github_bazelbuild_buildtools//build:quote.go (null)\n@com_github_bazelbuild_buildtools//build:rewrite.go (null)\n@com_github_bazelbuild_buildtools//build:rule.go (null)\n@com_github_bazelbuild_buildtools//build:syntax.go (null)\n@com_github_bazelbuild_buildtools//build:utils.go (null)\n@com_github_bazelbuild_buildtools//build:walk.go (null)"
  "@com_github_bazelbuild_buildtools//build:go_default_library (016b1f6)" -> "@com_github_bazelbuild_buildtools//build:parse.y.baz.go (016b1f6)"
  "@com_github_bazelbuild_buildtools//build:go_default_library (016b1f6)" -> "@com_github_bazelbuild_buildtools//tables:go_default_library (016b1f6)"
  "@com_github_bazelbuild_buildtools//tables:go_default_library (016b1f6)"
  "@com_github_bazelbuild_buildtools//tables:go_default_library (016b1f6)" -> "@com_github_bazelbuild_buildtools//tables:jsonparser.go (null)\n@com_github_bazelbuild_buildtools//tables:tables.go (null)"
  "@com_github_bazelbuild_buildtools//tables:jsonparser.go (null)\n@com_github_bazelbuild_buildtools//tables:tables.go (null)"
  "@com_github_bazelbuild_buildtools//build:parse.y.baz.go (016b1f6)"
  "@com_github_bazelbuild_buildtools//build:parse.y.baz.go (016b1f6)" -> "@com_github_bazelbuild_buildtools//build:parse.y.go_yacc (016b1f6)"
  "@com_github_bazelbuild_buildtools//build:parse.y.go_yacc (016b1f6)"
  "@com_github_bazelbuild_buildtools//build:parse.y.go_yacc (016b1f6)" -> "@com_github_bazelbuild_buildtools//build:parse.y (null)"
  "@com_github_bazelbuild_buildtools//build:parse.y (null)"
  "@com_github_bazelbuild_buildtools//build:lex.go (null)\n@com_github_bazelbuild_buildtools//build:print.go (null)\n@com_github_bazelbuild_buildtools//build:quote.go (null)\n@com_github_bazelbuild_buildtools//build:rewrite.go (null)\n@com_github_bazelbuild_buildtools//build:rule.go (null)\n@com_github_bazelbuild_buildtools//build:syntax.go (null)\n@com_github_bazelbuild_buildtools//build:utils.go (null)\n@com_github_bazelbuild_buildtools//build:walk.go (null)"
  "//label:label (016b1f6)"
  "//label:label (016b1f6)" -> "//label:label.go (null)"
  "//label:label (016b1f6)" -> "//pathtools:pathtools (016b1f6)"
  "//pathtools:pathtools (016b1f6)"
  "//pathtools:pathtools (016b1f6)" -> "//pathtools:path.go (null)"
  "//internal/wspace:wspace (016b1f6)"
  "//internal/wspace:wspace (016b1f6)" -> "//internal/wspace:finder.go (null)"
  "//:extensions (4e67ca8)"
  "//:extensions (4e67ca8)" -> "//:extensions.bzl (null)"
  "//:extensions (4e67ca8)" -> "//internal/bzlmod:go_deps (4e67ca8)"
  "//internal/bzlmod:go_deps (4e67ca8)"
  "//internal/bzlmod:go_deps (4e67ca8)" -> "//internal:go_repository (4e67ca8)"
  "//internal/bzlmod:go_deps (4e67ca8)" -> "//internal/bzlmod:default_gazelle_overrides (4e67ca8)"
  "//internal/bzlmod:go_deps (4e67ca8)" -> "//internal/bzlmod:go_deps.bzl (null)"
  "//internal/bzlmod:go_deps (4e67ca8)" -> "//internal/bzlmod:semver (4e67ca8)"
  "//internal/bzlmod:semver (4e67ca8)"
  "//internal/bzlmod:semver (4e67ca8)" -> "//internal/bzlmod:semver.bzl (null)"
  "//internal/bzlmod:default_gazelle_overrides (4e67ca8)"
  "//internal/bzlmod:default_gazelle_overrides (4e67ca8)" -> "//internal/bzlmod:default_gazelle_overrides.bzl (null)"
  "//:extensions.bzl (null)"
  "//:deps (4e67ca8)"
  "//:deps (4e67ca8)" -> "//:deps.bzl (null)"
  "//:deps (4e67ca8)" -> "//internal:go_repository (4e67ca8)"
  "//:deps (4e67ca8)" -> "//internal:go_repository_cache (4e67ca8)"
  "//:deps (4e67ca8)" -> "//internal:go_repository_config (4e67ca8)"
  "//:deps (4e67ca8)" -> "//internal:go_repository_tools (4e67ca8)"
  "//:deps (4e67ca8)" -> "@bazel_tools//tools/build_defs/repo:git.bzl (null)"
  "@bazel_tools//tools/build_defs/repo:git.bzl (null)"
  "//internal:go_repository_tools (4e67ca8)"
  "//internal:go_repository_tools (4e67ca8)" -> "//internal:common (4e67ca8)"
  "//internal:go_repository_tools (4e67ca8)" -> "//internal:go_repository_cache (4e67ca8)"
  "//internal:go_repository_tools (4e67ca8)" -> "//internal:go_repository_tools.bzl (null)"
  "//internal:go_repository_tools (4e67ca8)" -> "//internal:go_repository_tools_srcs (4e67ca8)"
  "//internal:go_repository_tools_srcs (4e67ca8)"
  "//internal:go_repository_tools_srcs (4e67ca8)" -> "//internal:go_repository_tools_srcs.bzl (null)"
  "//internal:go_repository_config (4e67ca8)"
  "//internal:go_repository_config (4e67ca8)" -> "//internal:common (4e67ca8)"
  "//internal:go_repository_config (4e67ca8)" -> "//internal:go_repository_cache (4e67ca8)"
  "//internal:go_repository_config (4e67ca8)" -> "//internal:go_repository_config.bzl (null)"
  "//:def (4e67ca8)"
  "//:def (4e67ca8)" -> "//:def.bzl (null)"
  "//:def (4e67ca8)" -> "//internal:gazelle_binary (4e67ca8)"
  "//:def (4e67ca8)" -> "//internal:go_repository (4e67ca8)"
  "//:def (4e67ca8)" -> "//internal:overlay_repository (4e67ca8)"
  "//:def (4e67ca8)" -> "//internal/generationtest:generationtest (4e67ca8)"
  "//:def (4e67ca8)" -> "@bazel_skylib//lib:shell (4e67ca8)"
  "//internal/generationtest:generationtest (4e67ca8)"
  "//internal/generationtest:generationtest (4e67ca8)" -> "//internal/generationtest:generationtest.bzl (null)"
  "//internal/generationtest:generationtest (4e67ca8)" -> "@io_bazel_rules_go//go:def (4e67ca8)"
  "//internal:overlay_repository (4e67ca8)"
  "//internal:overlay_repository (4e67ca8)" -> "//internal:overlay_repository.bzl (null)"
  "//internal:go_repository (4e67ca8)"
  "//internal:go_repository (4e67ca8)" -> "//internal:common (4e67ca8)"
  "//internal:go_repository (4e67ca8)" -> "//internal:go_repository.bzl (null)"
  "//internal:go_repository (4e67ca8)" -> "//internal:go_repository_cache (4e67ca8)"
  "//internal:go_repository (4e67ca8)" -> "@bazel_tools//tools/build_defs/repo:utils.bzl (null)"
  "@bazel_tools//tools/build_defs/repo:utils.bzl (null)"
  "//internal:go_repository_cache (4e67ca8)"
  "//internal:go_repository_cache (4e67ca8)" -> "//internal:common (4e67ca8)"
  "//internal:go_repository_cache (4e67ca8)" -> "//internal:go_repository_cache.bzl (null)"
  "//internal:common (4e67ca8)"
  "//internal:common (4e67ca8)" -> "//internal:common.bzl (null)"
  "//internal:gazelle_binary (4e67ca8)"
  "//internal:gazelle_binary (4e67ca8)" -> "//internal:gazelle_binary.bzl (null)"
  "//internal:gazelle_binary (4e67ca8)" -> "@io_bazel_rules_go//go:def (4e67ca8)"
  "@io_bazel_rules_go//go:def (4e67ca8)"
  "@io_bazel_rules_go//go:def (4e67ca8)" -> "@io_bazel_rules_go//extras:embed_data (4e67ca8)"
  "@io_bazel_rules_go//go:def (4e67ca8)" -> "@io_bazel_rules_go//extras:gomock (4e67ca8)"
  "@io_bazel_rules_go//go:def (4e67ca8)" -> "@io_bazel_rules_go//go:def.bzl (null)"
  "@io_bazel_rules_go//go:def (4e67ca8)" -> "@io_bazel_rules_go//go/private:context (4e67ca8)"
  "@io_bazel_rules_go//go:def (4e67ca8)" -> "@io_bazel_rules_go//go/private:go_toolchain (4e67ca8)"
  "@io_bazel_rules_go//go:def (4e67ca8)" -> "@io_bazel_rules_go//go/private:providers (4e67ca8)"
  "@io_bazel_rules_go//go:def (4e67ca8)" -> "@io_bazel_rules_go//go/private/rules:library (4e67ca8)"
  "@io_bazel_rules_go//go:def (4e67ca8)" -> "@io_bazel_rules_go//go/private/rules:nogo (4e67ca8)"
  "@io_bazel_rules_go//go:def (4e67ca8)" -> "@io_bazel_rules_go//go/private/rules:sdk (4e67ca8)"
  "@io_bazel_rules_go//go:def (4e67ca8)" -> "@io_bazel_rules_go//go/private/rules:source (4e67ca8)"
  "@io_bazel_rules_go//go:def (4e67ca8)" -> "@io_bazel_rules_go//go/private/rules:wrappers (4e67ca8)"
  "@io_bazel_rules_go//go:def (4e67ca8)" -> "@io_bazel_rules_go//go/private/tools:path (4e67ca8)"
  "@io_bazel_rules_go//go/private/tools:path (4e67ca8)"
  "@io_bazel_rules_go//go/private/tools:path (4e67ca8)" -> "@io_bazel_rules_go//go/private:common (4e67ca8)"
  "@io_bazel_rules_go//go/private/tools:path (4e67ca8)" -> "@io_bazel_rules_go//go/private:providers (4e67ca8)"
  "@io_bazel_rules_go//go/private/tools:path (4e67ca8)" -> "@io_bazel_rules_go//go/private/tools:path.bzl (null)"
  "@io_bazel_rules_go//go/private/tools:path.bzl (null)"
  "@io_bazel_rules_go//go/private/rules:source (4e67ca8)"
  "@io_bazel_rules_go//go/private/rules:source (4e67ca8)" -> "@io_bazel_rules_go//go/private:context (4e67ca8)"
  "@io_bazel_rules_go//go/private/rules:source (4e67ca8)" -> "@io_bazel_rules_go//go/private:providers (4e67ca8)"
  "@io_bazel_rules_go//go/private/rules:source (4e67ca8)" -> "@io_bazel_rules_go//go/private/rules:source.bzl (null)"
  "@io_bazel_rules_go//go/private/rules:source.bzl (null)"
  "@io_bazel_rules_go//go/private/rules:sdk (4e67ca8)"
  "@io_bazel_rules_go//go/private/rules:sdk (4e67ca8)" -> "@io_bazel_rules_go//go/private:providers (4e67ca8)"
  "@io_bazel_rules_go//go/private/rules:sdk (4e67ca8)" -> "@io_bazel_rules_go//go/private/rules:sdk.bzl (null)"
  "@io_bazel_rules_go//go/private/rules:sdk.bzl (null)"
  "@io_bazel_rules_go//go/private/rules:nogo (4e67ca8)"
  "@io_bazel_rules_go//go/private/rules:nogo (4e67ca8)" -> "@io_bazel_rules_go//go/private:context (4e67ca8)"
  "@io_bazel_rules_go//go/private/rules:nogo (4e67ca8)" -> "@io_bazel_rules_go//go/private:providers (4e67ca8)"
  "@io_bazel_rules_go//go/private/rules:nogo (4e67ca8)" -> "@io_bazel_rules_go//go/private/rules:nogo.bzl (null)"
  "@io_bazel_rules_go//go/private/rules:nogo (4e67ca8)" -> "@io_bazel_rules_go//go/private/rules:transition (4e67ca8)"
  "@io_bazel_rules_go//go/private/rules:nogo.bzl (null)"
  "@io_bazel_rules_go//go:def.bzl (null)"
  "@io_bazel_rules_go//extras:gomock (4e67ca8)"
  "@io_bazel_rules_go//extras:gomock (4e67ca8)" -> "@io_bazel_rules_go//extras:gomock.bzl (null)"
  "@io_bazel_rules_go//extras:gomock (4e67ca8)" -> "@io_bazel_rules_go//go/private:context (4e67ca8)"
  "@io_bazel_rules_go//extras:gomock (4e67ca8)" -> "@io_bazel_rules_go//go/private:go_toolchain (4e67ca8)"
  "@io_bazel_rules_go//extras:gomock (4e67ca8)" -> "@io_bazel_rules_go//go/private:providers (4e67ca8)"
  "@io_bazel_rules_go//extras:gomock (4e67ca8)" -> "@io_bazel_rules_go//go/private/rules:wrappers (4e67ca8)"
  "@io_bazel_rules_go//go/private/rules:wrappers (4e67ca8)"
  "@io_bazel_rules_go//go/private/rules:wrappers (4e67ca8)" -> "@io_bazel_rules_go//go/private/rules:binary (4e67ca8)"
  "@io_bazel_rules_go//go/private/rules:wrappers (4e67ca8)" -> "@io_bazel_rules_go//go/private/rules:cgo (4e67ca8)"
  "@io_bazel_rules_go//go/private/rules:wrappers (4e67ca8)" -> "@io_bazel_rules_go//go/private/rules:cross (4e67ca8)"
  "@io_bazel_rules_go//go/private/rules:wrappers (4e67ca8)" -> "@io_bazel_rules_go//go/private/rules:library (4e67ca8)"
  "@io_bazel_rules_go//go/private/rules:wrappers (4e67ca8)" -> "@io_bazel_rules_go//go/private/rules:test (4e67ca8)"
  "@io_bazel_rules_go//go/private/rules:wrappers (4e67ca8)" -> "@io_bazel_rules_go//go/private/rules:transition (4e67ca8)"
  "@io_bazel_rules_go//go/private/rules:wrappers (4e67ca8)" -> "@io_bazel_rules_go//go/private/rules:wrappers.bzl (null)"
  "@io_bazel_rules_go//go/private/rules:wrappers.bzl (null)"
  "@io_bazel_rules_go//go/private/rules:test (4e67ca8)"
  "@io_bazel_rules_go//go/private/rules:test (4e67ca8)" -> "@bazel_skylib//lib:structs (4e67ca8)"
  "@io_bazel_rules_go//go/private/rules:test (4e67ca8)" -> "@io_bazel_rules_go//go/private:common (4e67ca8)"
  "@io_bazel_rules_go//go/private/rules:test (4e67ca8)" -> "@io_bazel_rules_go//go/private:context (4e67ca8)"
  "@io_bazel_rules_go//go/private/rules:test (4e67ca8)" -> "@io_bazel_rules_go//go/private:mode (4e67ca8)"
  "@io_bazel_rules_go//go/private/rules:test (4e67ca8)" -> "@io_bazel_rules_go//go/private:providers (4e67ca8)"
  "@io_bazel_rules_go//go/private/rules:test (4e67ca8)" -> "@io_bazel_rules_go//go/private/rules:binary (4e67ca8)"
  "@io_bazel_rules_go//go/private/rules:test (4e67ca8)" -> "@io_bazel_rules_go//go/private/rules:test.bzl (null)"
  "@io_bazel_rules_go//go/private/rules:test (4e67ca8)" -> "@io_bazel_rules_go//go/private/rules:transition (4e67ca8)"
  "@io_bazel_rules_go//go/private/rules:test.bzl (null)"
  "@bazel_skylib//lib:structs (4e67ca8)"
  "@bazel_skylib//lib:structs (4e67ca8)" -> "@bazel_skylib//lib:structs.bzl (null)"
  "@bazel_skylib//lib:structs.bzl (null)"
  "@io_bazel_rules_go//go/private/rules:library (4e67ca8)"
  "@io_bazel_rules_go//go/private/rules:library (4e67ca8)" -> "@io_bazel_rules_go//go/private:common (4e67ca8)"
  "@io_bazel_rules_go//go/private/rules:library (4e67ca8)" -> "@io_bazel_rules_go//go/private:context (4e67ca8)"
  "@io_bazel_rules_go//go/private/rules:library (4e67ca8)" -> "@io_bazel_rules_go//go/private:providers (4e67ca8)"
  "@io_bazel_rules_go//go/private/rules:library (4e67ca8)" -> "@io_bazel_rules_go//go/private/rules:library.bzl (null)"
  "@io_bazel_rules_go//go/private/rules:library.bzl (null)"
  "@io_bazel_rules_go//go/private/rules:cross (4e67ca8)"
  "@io_bazel_rules_go//go/private/rules:cross (4e67ca8)" -> "@io_bazel_rules_go//go/private:providers (4e67ca8)"
  "@io_bazel_rules_go//go/private/rules:cross (4e67ca8)" -> "@io_bazel_rules_go//go/private/rules:cross.bzl (null)"
  "@io_bazel_rules_go//go/private/rules:cross (4e67ca8)" -> "@io_bazel_rules_go//go/private/rules:transition (4e67ca8)"
  "@io_bazel_rules_go//go/private/rules:cross.bzl (null)"
  "@io_bazel_rules_go//go/private/rules:binary (4e67ca8)"
  "@io_bazel_rules_go//go/private/rules:binary (4e67ca8)" -> "@io_bazel_rules_go//go/private:common (4e67ca8)"
  "@io_bazel_rules_go//go/private/rules:binary (4e67ca8)" -> "@io_bazel_rules_go//go/private:context (4e67ca8)"
  "@io_bazel_rules_go//go/private/rules:binary (4e67ca8)" -> "@io_bazel_rules_go//go/private:mode (4e67ca8)"
  "@io_bazel_rules_go//go/private/rules:binary (4e67ca8)" -> "@io_bazel_rules_go//go/private:providers (4e67ca8)"
  "@io_bazel_rules_go//go/private/rules:binary (4e67ca8)" -> "@io_bazel_rules_go//go/private:rpath (4e67ca8)"
  "@io_bazel_rules_go//go/private/rules:binary (4e67ca8)" -> "@io_bazel_rules_go//go/private/rules:binary.bzl (null)"
  "@io_bazel_rules_go//go/private/rules:binary (4e67ca8)" -> "@io_bazel_rules_go//go/private/rules:transition (4e67ca8)"
  "@io_bazel_rules_go//go/private/rules:binary.bzl (null)"
  "@io_bazel_rules_go//extras:gomock.bzl (null)"
  "@io_bazel_rules_go//extras:embed_data (4e67ca8)"
  "@io_bazel_rules_go//extras:embed_data (4e67ca8)" -> "@io_bazel_rules_go//extras:embed_data.bzl (null)"
  "@io_bazel_rules_go//extras:embed_data (4e67ca8)" -> "@io_bazel_rules_go//go/private:context (4e67ca8)"
  "@io_bazel_rules_go//extras:embed_data (4e67ca8)" -> "@io_bazel_rules_go//go/private:go_toolchain (4e67ca8)"
  "@io_bazel_rules_go//go/private:context (4e67ca8)"
  "@io_bazel_rules_go//go/private:context (4e67ca8)" -> "@bazel_skylib//lib:paths (4e67ca8)"
  "@io_bazel_rules_go//go/private:context (4e67ca8)" -> "@bazel_skylib//rules:common_settings (4e67ca8)"
  "@io_bazel_rules_go//go/private:context (4e67ca8)" -> "@bazel_tools//tools/build_defs/cc:action_names.bzl (null)\n@bazel_tools//tools/cpp:toolchain_utils.bzl (null)\n@io_bazel_rules_go//go/private:context.bzl (null)"
  "@io_bazel_rules_go//go/private:context (4e67ca8)" -> "@io_bazel_rules_go//go/platform:apple (4e67ca8)"
  "@io_bazel_rules_go//go/private:context (4e67ca8)" -> "@io_bazel_rules_go//go/private:common (4e67ca8)"
  "@io_bazel_rules_go//go/private:context (4e67ca8)" -> "@io_bazel_rules_go//go/private:go_toolchain (4e67ca8)"
  "@io_bazel_rules_go//go/private:context (4e67ca8)" -> "@io_bazel_rules_go//go/private:mode (4e67ca8)"
  "@io_bazel_rules_go//go/private:context (4e67ca8)" -> "@io_bazel_rules_go//go/private:providers (4e67ca8)"
  "@io_bazel_rules_go//go/private:context (4e67ca8)" -> "@io_bazel_rules_go//go/private/rules:transition (4e67ca8)"
  "@io_bazel_rules_go//go/private/rules:transition (4e67ca8)"
  "@io_bazel_rules_go//go/private/rules:transition (4e67ca8)" -> "@io_bazel_rules_go//go/platform:crosstool (4e67ca8)"
  "@io_bazel_rules_go//go/private/rules:transition (4e67ca8)" -> "@io_bazel_rules_go//go/private:mode (4e67ca8)"
  "@io_bazel_rules_go//go/private/rules:transition (4e67ca8)" -> "@io_bazel_rules_go//go/private:platforms (4e67ca8)"
  "@io_bazel_rules_go//go/private/rules:transition (4e67ca8)" -> "@io_bazel_rules_go//go/private:providers (4e67ca8)"
  "@io_bazel_rules_go//go/private/rules:transition (4e67ca8)" -> "@io_bazel_rules_go//go/private/rules:transition.bzl (null)"
  "@io_bazel_rules_go//go/private/rules:transition.bzl (null)"
  "@io_bazel_rules_go//go/platform:crosstool (4e67ca8)"
  "@io_bazel_rules_go//go/platform:crosstool (4e67ca8)" -> "@io_bazel_rules_go//go/platform:crosstool.bzl (null)"
  "@io_bazel_rules_go//go/platform:crosstool.bzl (null)"
  "@io_bazel_rules_go//go/private:go_toolchain (4e67ca8)"
  "@io_bazel_rules_go//go/private:go_toolchain (4e67ca8)" -> "@bazel_skylib//lib:selects (4e67ca8)"
  "@io_bazel_rules_go//go/private:go_toolchain (4e67ca8)" -> "@io_bazel_rules_go//go/private:go_toolchain.bzl (null)"
  "@io_bazel_rules_go//go/private:go_toolchain (4e67ca8)" -> "@io_bazel_rules_go//go/private:platforms (4e67ca8)"
  "@io_bazel_rules_go//go/private:go_toolchain (4e67ca8)" -> "@io_bazel_rules_go//go/private:providers (4e67ca8)"
  "@io_bazel_rules_go//go/private:go_toolchain (4e67ca8)" -> "@io_bazel_rules_go//go/private/actions:archive (4e67ca8)"
  "@io_bazel_rules_go//go/private:go_toolchain (4e67ca8)" -> "@io_bazel_rules_go//go/private/actions:binary (4e67ca8)"
  "@io_bazel_rules_go//go/private:go_toolchain (4e67ca8)" -> "@io_bazel_rules_go//go/private/actions:link (4e67ca8)"
  "@io_bazel_rules_go//go/private:go_toolchain (4e67ca8)" -> "@io_bazel_rules_go//go/private/actions:stdlib (4e67ca8)"
  "@io_bazel_rules_go//go/private/actions:stdlib (4e67ca8)"
  "@io_bazel_rules_go//go/private/actions:stdlib (4e67ca8)" -> "@io_bazel_rules_go//go/private:mode (4e67ca8)"
  "@io_bazel_rules_go//go/private/actions:stdlib (4e67ca8)" -> "@io_bazel_rules_go//go/private:providers (4e67ca8)"
  "@io_bazel_rules_go//go/private/actions:stdlib (4e67ca8)" -> "@io_bazel_rules_go//go/private:sdk (4e67ca8)"
  "@io_bazel_rules_go//go/private/actions:stdlib (4e67ca8)" -> "@io_bazel_rules_go//go/private/actions:stdlib.bzl (null)"
  "@io_bazel_rules_go//go/private/actions:stdlib (4e67ca8)" -> "@io_bazel_rules_go//go/private/actions:utils (4e67ca8)"
  "@io_bazel_rules_go//go/private/actions:stdlib.bzl (null)"
  "@io_bazel_rules_go//go/private:sdk (4e67ca8)"
  "@io_bazel_rules_go//go/private:sdk (4e67ca8)" -> "@io_bazel_rules_go//go/private:common (4e67ca8)"
  "@io_bazel_rules_go//go/private:sdk (4e67ca8)" -> "@io_bazel_rules_go//go/private:nogo (4e67ca8)"
  "@io_bazel_rules_go//go/private:sdk (4e67ca8)" -> "@io_bazel_rules_go//go/private:platforms (4e67ca8)"
  "@io_bazel_rules_go//go/private:sdk (4e67ca8)" -> "@io_bazel_rules_go//go/private:sdk.bzl (null)"
  "@io_bazel_rules_go//go/private:sdk (4e67ca8)" -> "@io_bazel_rules_go//go/private/skylib/lib:versions (4e67ca8)"
  "@io_bazel_rules_go//go/private/skylib/lib:versions (4e67ca8)"
  "@io_bazel_rules_go//go/private/skylib/lib:versions (4e67ca8)" -> "@io_bazel_rules_go//go/private/skylib/lib:versions.bzl (null)"
  "@io_bazel_rules_go//go/private/skylib/lib:versions.bzl (null)"
  "@io_bazel_rules_go//go/private:sdk.bzl (null)"
  "@io_bazel_rules_go//go/private:nogo (4e67ca8)"
  "@io_bazel_rules_go//go/private:nogo (4e67ca8)" -> "@io_bazel_rules_go//go/private:nogo.bzl (null)"
  "@io_bazel_rules_go//go/private:nogo.bzl (null)"
  "@io_bazel_rules_go//go/private/actions:link (4e67ca8)"
  "@io_bazel_rules_go//go/private/actions:link (4e67ca8)" -> "@bazel_skylib//lib:collections (4e67ca8)"
  "@io_bazel_rules_go//go/private/actions:link (4e67ca8)" -> "@io_bazel_rules_go//go/private:common (4e67ca8)"
  "@io_bazel_rules_go//go/private/actions:link (4e67ca8)" -> "@io_bazel_rules_go//go/private:mode (4e67ca8)"
  "@io_bazel_rules_go//go/private/actions:link (4e67ca8)" -> "@io_bazel_rules_go//go/private:rpath (4e67ca8)"
  "@io_bazel_rules_go//go/private/actions:link (4e67ca8)" -> "@io_bazel_rules_go//go/private/actions:link.bzl (null)"
  "@io_bazel_rules_go//go/private/actions:link.bzl (null)"
  "@io_bazel_rules_go//go/private:rpath (4e67ca8)"
  "@io_bazel_rules_go//go/private:rpath (4e67ca8)" -> "@io_bazel_rules_go//go/private:rpath.bzl (null)"
  "@io_bazel_rules_go//go/private:rpath.bzl (null)"
  "@bazel_skylib//lib:collections (4e67ca8)"
  "@bazel_skylib//lib:collections (4e67ca8)" -> "@bazel_skylib//lib:collections.bzl (null)"
  "@bazel_skylib//lib:collections.bzl (null)"
  "@io_bazel_rules_go//go/private/actions:binary (4e67ca8)"
  "@io_bazel_rules_go//go/private/actions:binary (4e67ca8)" -> "@io_bazel_rules_go//go/private:common (4e67ca8)"
  "@io_bazel_rules_go//go/private/actions:binary (4e67ca8)" -> "@io_bazel_rules_go//go/private:mode (4e67ca8)"
  "@io_bazel_rules_go//go/private/actions:binary (4e67ca8)" -> "@io_bazel_rules_go//go/private/actions:binary.bzl (null)"
  "@io_bazel_rules_go//go/private/actions:binary.bzl (null)"
  "@io_bazel_rules_go//go/private/actions:archive (4e67ca8)"
  "@io_bazel_rules_go//go/private/actions:archive (4e67ca8)" -> "@io_bazel_rules_go//go/private:common (4e67ca8)"
  "@io_bazel_rules_go//go/private/actions:archive (4e67ca8)" -> "@io_bazel_rules_go//go/private:mode (4e67ca8)"
  "@io_bazel_rules_go//go/private/actions:archive (4e67ca8)" -> "@io_bazel_rules_go//go/private:providers (4e67ca8)"
  "@io_bazel_rules_go//go/private/actions:archive (4e67ca8)" -> "@io_bazel_rules_go//go/private/actions:archive.bzl (null)"
  "@io_bazel_rules_go//go/private/actions:archive (4e67ca8)" -> "@io_bazel_rules_go//go/private/actions:compilepkg (4e67ca8)"
  "@io_bazel_rules_go//go/private/actions:archive (4e67ca8)" -> "@io_bazel_rules_go//go/private/rules:cgo (4e67ca8)"
  "@io_bazel_rules_go//go/private/rules:cgo (4e67ca8)"
  "@io_bazel_rules_go//go/private/rules:cgo (4e67ca8)" -> "@io_bazel_rules_go//go/private:common (4e67ca8)"
  "@io_bazel_rules_go//go/private/rules:cgo (4e67ca8)" -> "@io_bazel_rules_go//go/private:mode (4e67ca8)"
  "@io_bazel_rules_go//go/private/rules:cgo (4e67ca8)" -> "@io_bazel_rules_go//go/private/rules:cgo.bzl (null)"
  "@io_bazel_rules_go//go/private/rules:cgo.bzl (null)"
  "@io_bazel_rules_go//go/private/actions:compilepkg (4e67ca8)"
  "@io_bazel_rules_go//go/private/actions:compilepkg (4e67ca8)" -> "@bazel_skylib//lib:shell (4e67ca8)"
  "@io_bazel_rules_go//go/private/actions:compilepkg (4e67ca8)" -> "@io_bazel_rules_go//go/private:mode (4e67ca8)"
  "@io_bazel_rules_go//go/private/actions:compilepkg (4e67ca8)" -> "@io_bazel_rules_go//go/private/actions:compilepkg.bzl (null)"
  "@io_bazel_rules_go//go/private/actions:compilepkg (4e67ca8)" -> "@io_bazel_rules_go//go/private/actions:utils (4e67ca8)"
  "@io_bazel_rules_go//go/private/actions:utils (4e67ca8)"
  "@io_bazel_rules_go//go/private/actions:utils (4e67ca8)" -> "@io_bazel_rules_go//go/private/actions:utils.bzl (null)"
  "@io_bazel_rules_go//go/private/actions:utils.bzl (null)"
  "@io_bazel_rules_go//go/private/actions:compilepkg.bzl (null)"
  "@bazel_skylib//lib:shell (4e67ca8)"
  "@bazel_skylib//lib:shell (4e67ca8)" -> "@bazel_skylib//lib:shell.bzl (null)"
  "@bazel_skylib//lib:shell.bzl (null)"
  "@io_bazel_rules_go//go/private/actions:archive.bzl (null)"
  "@io_bazel_rules_go//go/private:mode (4e67ca8)"
  "@io_bazel_rules_go//go/private:mode (4e67ca8)" -> "@io_bazel_rules_go//go/private:mode.bzl (null)"
  "@io_bazel_rules_go//go/private:mode.bzl (null)"
  "@io_bazel_rules_go//go/private:providers (4e67ca8)"
  "@io_bazel_rules_go//go/private:providers (4e67ca8)" -> "@io_bazel_rules_go//go/private:providers.bzl (null)"
  "@io_bazel_rules_go//go/private:providers.bzl (null)"
  "@io_bazel_rules_go//go/private:platforms (4e67ca8)"
  "@io_bazel_rules_go//go/private:platforms (4e67ca8)" -> "@io_bazel_rules_go//go/private:platforms.bzl (null)"
  "@io_bazel_rules_go//go/private:platforms.bzl (null)"
  "@io_bazel_rules_go//go/private:go_toolchain.bzl (null)"
  "@bazel_skylib//lib:selects (4e67ca8)"
  "@bazel_skylib//lib:selects (4e67ca8)" -> "@bazel_skylib//lib:selects.bzl (null)"
  "@bazel_skylib//lib:selects.bzl (null)"
  "@io_bazel_rules_go//go/private:common (4e67ca8)"
  "@io_bazel_rules_go//go/private:common (4e67ca8)" -> "@io_bazel_rules_go//go/private:common.bzl (null)"
  "@io_bazel_rules_go//go/private:common.bzl (null)"
  "@io_bazel_rules_go//go/platform:apple (4e67ca8)"
  "@io_bazel_rules_go//go/platform:apple (4e67ca8)" -> "@io_bazel_rules_go//go/platform:apple.bzl (null)"
  "@io_bazel_rules_go//go/platform:apple.bzl (null)"
  "@bazel_tools//tools/build_defs/cc:action_names.bzl (null)\n@bazel_tools//tools/cpp:toolchain_utils.bzl (null)\n@io_bazel_rules_go//go/private:context.bzl (null)"
  "@bazel_skylib//rules:common_settings (4e67ca8)"
  "@bazel_skylib//rules:common_settings (4e67ca8)" -> "@bazel_skylib//rules:common_settings.bzl (null)"
  "@bazel_skylib//rules:common_settings.bzl (null)"
  "@bazel_skylib//lib:paths (4e67ca8)"
  "@bazel_skylib//lib:paths (4e67ca8)" -> "@bazel_skylib//lib:paths.bzl (null)"
  "@bazel_skylib//lib:paths.bzl (null)"
  "@io_bazel_rules_go//extras:embed_data.bzl (null)"
  "//:all_files (4e67ca8)"
  "//:all_files (4e67ca8)" -> "//:.bazelrc (null)\n//:.gitignore (null)\n//:AUTHORS (null)\n//:BUILD.bazel (null)\n//:CODEOWNERS (null)\n//:CONTRIBUTING.md (null)\n//:CONTRIBUTORS (null)\n//:Design.rst (null)\n//:LICENSE (null)\n//:README.rst (null)\n//:WORKSPACE (null)\n//:extend.rst (null)\n//:go.mod (null)\n//:go.sum (null)\n//:repository.rst (null)\n//:vendor/github.com/bazelbuild/buildtools/CONTRIBUTORS (null)\n//:vendor/github.com/bazelbuild/buildtools/LICENSE (null)\n...and 437 more items"
  "//:all_files (4e67ca8)" -> "//:def.bzl (null)"
  "//:all_files (4e67ca8)" -> "//:deps.bzl (null)"
  "//:all_files (4e67ca8)" -> "//cmd:all_files (4e67ca8)"
  "//:all_files (4e67ca8)" -> "//config:all_files (4e67ca8)"
  "//:all_files (4e67ca8)" -> "//flag:all_files (4e67ca8)"
  "//:all_files (4e67ca8)" -> "//internal:all_files (4e67ca8)"
  "//:all_files (4e67ca8)" -> "//label:all_files (4e67ca8)"
  "//:all_files (4e67ca8)" -> "//language:all_files (4e67ca8)"
  "//:all_files (4e67ca8)" -> "//merger:all_files (4e67ca8)"
  "//:all_files (4e67ca8)" -> "//pathtools:all_files (4e67ca8)"
  "//:all_files (4e67ca8)" -> "//repo:all_files (4e67ca8)"
  "//:all_files (4e67ca8)" -> "//resolve:all_files (4e67ca8)"
  "//:all_files (4e67ca8)" -> "//rule:all_files (4e67ca8)"
  "//:all_files (4e67ca8)" -> "//testtools:all_files (4e67ca8)"
  "//:all_files (4e67ca8)" -> "//tools:all_files (4e67ca8)"
  "//:all_files (4e67ca8)" -> "//walk:all_files (4e67ca8)"
  "//walk:all_files (4e67ca8)"
  "//walk:all_files (4e67ca8)" -> "//walk:BUILD.bazel (null)\n//walk:config.go (null)\n//walk:config_test.go (null)\n//walk:walk.go (null)\n//walk:walk_test.go (null)"
  "//walk:BUILD.bazel (null)\n//walk:config.go (null)\n//walk:config_test.go (null)\n//walk:walk.go (null)\n//walk:walk_test.go (null)"
  "//tools:all_files (4e67ca8)"
  "//tools:all_files (4e67ca8)" -> "//tools:BUILD.bazel (null)"
  "//tools:all_files (4e67ca8)" -> "//tools/releaser:all_files (4e67ca8)"
  "//tools/releaser:all_files (4e67ca8)"
  "//tools/releaser:all_files (4e67ca8)" -> "//tools/releaser:BUILD.bazel (null)\n//tools/releaser:main.go (null)"
  "//tools/releaser:BUILD.bazel (null)\n//tools/releaser:main.go (null)"
  "//tools:BUILD.bazel (null)"
  "//testtools:all_files (4e67ca8)"
  "//testtools:all_files (4e67ca8)" -> "//testtools:BUILD.bazel (null)\n//testtools:config.go (null)\n//testtools:files.go (null)"
  "//testtools:BUILD.bazel (null)\n//testtools:config.go (null)\n//testtools:files.go (null)"
  "//rule:all_files (4e67ca8)"
  "//rule:all_files (4e67ca8)" -> "//rule:BUILD.bazel (null)\n//rule:directives_test.go (null)\n//rule:merge_test.go (null)\n//rule:rule_test.go (null)\n//rule:value_test.go (null)"
  "//rule:all_files (4e67ca8)" -> "//rule:directives.go (null)\n//rule:expr.go (null)\n//rule:merge.go (null)\n//rule:platform.go (null)\n//rule:platform_strings.go (null)\n//rule:rule.go (null)\n//rule:sort_labels.go (null)\n//rule:types.go (null)\n//rule:value.go (null)"
  "//rule:directives.go (null)\n//rule:expr.go (null)\n//rule:merge.go (null)\n//rule:platform.go (null)\n//rule:platform_strings.go (null)\n//rule:rule.go (null)\n//rule:sort_labels.go (null)\n//rule:types.go (null)\n//rule:value.go (null)"
  "//rule:BUILD.bazel (null)\n//rule:directives_test.go (null)\n//rule:merge_test.go (null)\n//rule:rule_test.go (null)\n//rule:value_test.go (null)"
  "//resolve:all_files (4e67ca8)"
  "//resolve:all_files (4e67ca8)" -> "//resolve:BUILD.bazel (null)"
  "//resolve:all_files (4e67ca8)" -> "//resolve:config.go (null)\n//resolve:index.go (null)"
  "//resolve:config.go (null)\n//resolve:index.go (null)"
  "//resolve:BUILD.bazel (null)"
  "//repo:all_files (4e67ca8)"
  "//repo:all_files (4e67ca8)" -> "//repo:BUILD.bazel (null)\n//repo:remote_test.go (null)\n//repo:repo_test.go (null)\n//repo:stubs_test.go (null)"
  "//repo:all_files (4e67ca8)" -> "//repo:remote.go (null)\n//repo:repo.go (null)"
  "//repo:remote.go (null)\n//repo:repo.go (null)"
  "//repo:BUILD.bazel (null)\n//repo:remote_test.go (null)\n//repo:repo_test.go (null)\n//repo:stubs_test.go (null)"
  "//pathtools:all_files (4e67ca8)"
  "//pathtools:all_files (4e67ca8)" -> "//pathtools:BUILD.bazel (null)\n//pathtools:path_test.go (null)"
  "//pathtools:all_files (4e67ca8)" -> "//pathtools:path.go (null)"
  "//pathtools:path.go (null)"
  "//pathtools:BUILD.bazel (null)\n//pathtools:path_test.go (null)"
  "//merger:all_files (4e67ca8)"
  "//merger:all_files (4e67ca8)" -> "//merger:BUILD.bazel (null)\n//merger:fix.go (null)\n//merger:fix_test.go (null)\n//merger:merger.go (null)\n//merger:merger_test.go (null)"
  "//merger:BUILD.bazel (null)\n//merger:fix.go (null)\n//merger:fix_test.go (null)\n//merger:merger.go (null)\n//merger:merger_test.go (null)"
  "//language:all_files (4e67ca8)"
  "//language:all_files (4e67ca8)" -> "//language:BUILD.bazel (null)"
  "//language:all_files (4e67ca8)" -> "//language:base.go (null)\n//language:lang.go (null)\n//language:lifecycle.go (null)\n//language:update.go (null)"
  "//language:all_files (4e67ca8)" -> "//language/bazel:all_files (4e67ca8)"
  "//language:all_files (4e67ca8)" -> "//language/go:all_files (4e67ca8)"
  "//language:all_files (4e67ca8)" -> "//language/proto:all_files (4e67ca8)"
  "//language/proto:all_files (4e67ca8)"
  "//language/proto:all_files (4e67ca8)" -> "//language/proto:BUILD.bazel (null)\n//language/proto:config_test.go (null)\n//language/proto:fileinfo_test.go (null)\n//language/proto:generate_test.go (null)\n//language/proto:resolve_test.go (null)"
  "//language/proto:all_files (4e67ca8)" -> "//language/proto:config.go (null)\n//language/proto:constants.go (null)\n//language/proto:fileinfo.go (null)\n//language/proto:fix.go (null)\n//language/proto:generate.go (null)\n//language/proto:kinds.go (null)\n//language/proto:lang.go (null)\n//language/proto:package.go (null)\n//language/proto:resolve.go (null)"
  "//language/proto:all_files (4e67ca8)" -> "//language/proto:known_go_imports.go (4e67ca8)"
  "//language/proto:all_files (4e67ca8)" -> "//language/proto:known_imports.go (4e67ca8)"
  "//language/proto:all_files (4e67ca8)" -> "//language/proto:known_proto_imports.go (4e67ca8)"
  "//language/proto:all_files (4e67ca8)" -> "//language/proto:proto.csv (null)"
  "//language/proto:all_files (4e67ca8)" -> "//language/proto/gen:all_files (4e67ca8)"
  "//language/proto/gen:all_files (4e67ca8)"
  "//language/proto/gen:all_files (4e67ca8)" -> "//language/proto/gen:BUILD.bazel (null)\n//language/proto/gen:def.bzl (null)\n//language/proto/gen:gen_known_imports.go (null)"
  "//language/proto/gen:BUILD.bazel (null)\n//language/proto/gen:def.bzl (null)\n//language/proto/gen:gen_known_imports.go (null)"
  "//language/proto:known_proto_imports.go (4e67ca8)"
  "//language/proto:known_proto_imports.go (4e67ca8)" -> "//language/proto:known_proto_imports (4e67ca8)"
  "//language/proto:known_proto_imports (4e67ca8)"
  "//language/proto:known_proto_imports (4e67ca8)" -> "//language/proto:proto.csv (null)"
  "//language/proto:known_imports.go (4e67ca8)"
  "//language/proto:known_imports.go (4e67ca8)" -> "//language/proto:known_imports (4e67ca8)"
  "//language/proto:known_imports (4e67ca8)"
  "//language/proto:known_imports (4e67ca8)" -> "//language/proto:proto.csv (null)"
  "//language/proto:known_go_imports.go (4e67ca8)"
  "//language/proto:known_go_imports.go (4e67ca8)" -> "//language/proto:known_go_imports (4e67ca8)"
  "//language/proto:known_go_imports (4e67ca8)"
  "//language/proto:known_go_imports (4e67ca8)" -> "//language/proto:proto.csv (null)"
  "//language/proto:proto.csv (null)"
  "//language/proto:config.go (null)\n//language/proto:constants.go (null)\n//language/proto:fileinfo.go (null)\n//language/proto:fix.go (null)\n//language/proto:generate.go (null)\n//language/proto:kinds.go (null)\n//language/proto:lang.go (null)\n//language/proto:package.go (null)\n//language/proto:resolve.go (null)"
  "//language/proto:BUILD.bazel (null)\n//language/proto:config_test.go (null)\n//language/proto:fileinfo_test.go (null)\n//language/proto:generate_test.go (null)\n//language/proto:resolve_test.go (null)"
  "//language/go:all_files (4e67ca8)"
  "//language/go:all_files (4e67ca8)" -> "//language/go:BUILD.bazel (null)\n//language/go:build_constraints_test.go (null)\n//language/go:config_test.go (null)\n//language/go:def.bzl (null)\n//language/go:fileinfo_go_test.go (null)\n//language/go:fileinfo_test.go (null)\n//language/go:fix_test.go (null)\n//language/go:generate_test.go (null)\n//language/go:resolve_test.go (null)\n//language/go:stubs_test.go (null)\n//language/go:update_import_test.go (null)"
  "//language/go:all_files (4e67ca8)" -> "//language/go:build_constraints.go (null)\n//language/go:config.go (null)\n//language/go:constants.go (null)\n//language/go:embed.go (null)\n//language/go:fileinfo.go (null)\n//language/go:fix.go (null)\n//language/go:generate.go (null)\n//language/go:kinds.go (null)\n//language/go:lang.go (null)\n//language/go:modules.go (null)\n//language/go:package.go (null)\n//language/go:resolve.go (null)\n//language/go:stdlib_links.go (null)\n//language/go:update.go (null)\n...and 2 more items"
  "//language/go:all_files (4e67ca8)" -> "//language/go:std_package_list.go (4e67ca8)"
  "//language/go:all_files (4e67ca8)" -> "//language/go/gen_std_package_list:all_files (4e67ca8)"
  "//language/go/gen_std_package_list:all_files (4e67ca8)"
  "//language/go/gen_std_package_list:all_files (4e67ca8)" -> "//language/go/gen_std_package_list:BUILD.bazel (null)\n//language/go/gen_std_package_list:gen_std_package_list.go (null)"
  "//language/go/gen_std_package_list:BUILD.bazel (null)\n//language/go/gen_std_package_list:gen_std_package_list.go (null)"
  "//language/go:std_package_list.go (4e67ca8)"
  "//language/go:std_package_list.go (4e67ca8)" -> "//language/go:std_package_list (4e67ca8)"
  "//language/go:std_package_list (4e67ca8)"
  "//language/go:build_constraints.go (null)\n//language/go:config.go (null)\n//language/go:constants.go (null)\n//language/go:embed.go (null)\n//language/go:fileinfo.go (null)\n//language/go:fix.go (null)\n//language/go:generate.go (null)\n//language/go:kinds.go (null)\n//language/go:lang.go (null)\n//language/go:modules.go (null)\n//language/go:package.go (null)\n//language/go:resolve.go (null)\n//language/go:stdlib_links.go (null)\n//language/go:update.go (null)\n...and 2 more items"
  "//language/go:BUILD.bazel (null)\n//language/go:build_constraints_test.go (null)\n//language/go:config_test.go (null)\n//language/go:def.bzl (null)\n//language/go:fileinfo_go_test.go (null)\n//language/go:fileinfo_test.go (null)\n//language/go:fix_test.go (null)\n//language/go:generate_test.go (null)\n//language/go:resolve_test.go (null)\n//language/go:stubs_test.go (null)\n//language/go:update_import_test.go (null)"
  "//language/bazel:all_files (4e67ca8)"
  "//language/bazel:all_files (4e67ca8)" -> "//language/bazel:BUILD.bazel (null)"
  "//language/bazel:all_files (4e67ca8)" -> "//language/bazel/visibility:all_files (4e67ca8)"
  "//language/bazel/visibility:all_files (4e67ca8)"
  "//language/bazel/visibility:all_files (4e67ca8)" -> "//language/bazel/visibility:BUILD.bazel (null)\n//language/bazel/visibility:config.go (null)\n//language/bazel/visibility:lang.go (null)\n//language/bazel/visibility:lang_test.go (null)\n//language/bazel/visibility:resolve.go (null)"
  "//language/bazel/visibility:BUILD.bazel (null)\n//language/bazel/visibility:config.go (null)\n//language/bazel/visibility:lang.go (null)\n//language/bazel/visibility:lang_test.go (null)\n//language/bazel/visibility:resolve.go (null)"
  "//language/bazel:BUILD.bazel (null)"
  "//language:base.go (null)\n//language:lang.go (null)\n//language:lifecycle.go (null)\n//language:update.go (null)"
  "//language:BUILD.bazel (null)"
  "//label:all_files (4e67ca8)"
  "//label:all_files (4e67ca8)" -> "//label:BUILD.bazel (null)\n//label:label_test.go (null)"
  "//label:all_files (4e67ca8)" -> "//label:label.go (null)"
  "//label:label.go (null)"
  "//label:BUILD.bazel (null)\n//label:label_test.go (null)"
  "//internal:all_files (4e67ca8)"
  "//internal:all_files (4e67ca8)" -> "//internal:BUILD.bazel (null)\n//internal:extend_docs.bzl (null)\n//internal:gazelle.bash.in (null)\n//internal:gazelle_binary_test.bzl (null)\n//internal:list_repository_tools_srcs.go (null)\n//internal:repository_docs.bzl (null)\n//internal:repository_rules_test_errors.patch (null)"
  "//internal:all_files (4e67ca8)" -> "//internal:common.bzl (null)"
  "//internal:all_files (4e67ca8)" -> "//internal:gazelle_binary.bzl (null)"
  "//internal:all_files (4e67ca8)" -> "//internal:go_repository.bzl (null)"
  "//internal:all_files (4e67ca8)" -> "//internal:go_repository_cache.bzl (null)"
  "//internal:all_files (4e67ca8)" -> "//internal:go_repository_config.bzl (null)"
  "//internal:all_files (4e67ca8)" -> "//internal:go_repository_tools.bzl (null)"
  "//internal:all_files (4e67ca8)" -> "//internal:go_repository_tools_srcs.bzl (null)"
  "//internal:all_files (4e67ca8)" -> "//internal:overlay_repository.bzl (null)"
  "//internal:all_files (4e67ca8)" -> "//internal/bzlmod:all_files (4e67ca8)"
  "//internal:all_files (4e67ca8)" -> "//internal/gazellebinarytest:all_files (4e67ca8)"
  "//internal:all_files (4e67ca8)" -> "//internal/generationtest:all_files (4e67ca8)"
  "//internal:all_files (4e67ca8)" -> "//internal/language:all_files (4e67ca8)"
  "//internal:all_files (4e67ca8)" -> "//internal/module:all_files (4e67ca8)"
  "//internal:all_files (4e67ca8)" -> "//internal/version:all_files (4e67ca8)"
  "//internal:all_files (4e67ca8)" -> "//internal/wspace:all_files (4e67ca8)"
  "//internal/wspace:all_files (4e67ca8)"
  "//internal/wspace:all_files (4e67ca8)" -> "//internal/wspace:BUILD.bazel (null)\n//internal/wspace:finder_test.go (null)"
  "//internal/wspace:all_files (4e67ca8)" -> "//internal/wspace:finder.go (null)"
  "//internal/wspace:finder.go (null)"
  "//internal/wspace:BUILD.bazel (null)\n//internal/wspace:finder_test.go (null)"
  "//internal/version:all_files (4e67ca8)"
  "//internal/version:all_files (4e67ca8)" -> "//internal/version:BUILD.bazel (null)\n//internal/version:version_test.go (null)"
  "//internal/version:all_files (4e67ca8)" -> "//internal/version:version.go (null)"
  "//internal/version:version.go (null)"
  "//internal/version:BUILD.bazel (null)\n//internal/version:version_test.go (null)"
  "//internal/module:all_files (4e67ca8)"
  "//internal/module:all_files (4e67ca8)" -> "//internal/module:BUILD.bazel (null)"
  "//internal/module:all_files (4e67ca8)" -> "//internal/module:module.go (null)"
  "//internal/module:module.go (null)"
  "//internal/module:BUILD.bazel (null)"
  "//internal/language:all_files (4e67ca8)"
  "//internal/language:all_files (4e67ca8)" -> "//internal/language:BUILD.bazel (null)"
  "//internal/language:all_files (4e67ca8)" -> "//internal/language/test_filegroup:all_files (4e67ca8)"
  "//internal/language:all_files (4e67ca8)" -> "//internal/language/test_loads_from_flag:all_files (4e67ca8)"
  "//internal/language/test_loads_from_flag:all_files (4e67ca8)"
  "//internal/language/test_loads_from_flag:all_files (4e67ca8)" -> "//internal/language/test_loads_from_flag:BUILD.bazel (null)\n//internal/language/test_loads_from_flag:lang.go (null)"
  "//internal/language/test_loads_from_flag:BUILD.bazel (null)\n//internal/language/test_loads_from_flag:lang.go (null)"
  "//internal/language/test_filegroup:all_files (4e67ca8)"
  "//internal/language/test_filegroup:all_files (4e67ca8)" -> "//internal/language/test_filegroup:BUILD.bazel (null)"
  "//internal/language/test_filegroup:all_files (4e67ca8)" -> "//internal/language/test_filegroup:lang.go (null)"
  "//internal/language/test_filegroup:lang.go (null)"
  "//internal/language/test_filegroup:BUILD.bazel (null)"
  "//internal/language:BUILD.bazel (null)"
  "//internal/generationtest:all_files (4e67ca8)"
  "//internal/generationtest:all_files (4e67ca8)" -> "//internal/generationtest:BUILD.bazel (null)"
  "//internal/generationtest:all_files (4e67ca8)" -> "//internal/generationtest:generationtest.bzl (null)"
  "//internal/generationtest:generationtest.bzl (null)"
  "//internal/generationtest:BUILD.bazel (null)"
  "//internal/gazellebinarytest:all_files (4e67ca8)"
  "//internal/gazellebinarytest:all_files (4e67ca8)" -> "//internal/gazellebinarytest:BUILD.bazel (null)\n//internal/gazellebinarytest:gazellebinary_test.go (null)\n//internal/gazellebinarytest:xlang.go (null)"
  "//internal/gazellebinarytest:BUILD.bazel (null)\n//internal/gazellebinarytest:gazellebinary_test.go (null)\n//internal/gazellebinarytest:xlang.go (null)"
  "//internal/bzlmod:all_files (4e67ca8)"
  "//internal/bzlmod:all_files (4e67ca8)" -> "//internal/bzlmod:BUILD.bazel (null)\n//internal/bzlmod:go_mod.bzl (null)\n//internal/bzlmod:non_module_deps.bzl (null)\n//internal/bzlmod:utils.bzl (null)"
  "//internal/bzlmod:all_files (4e67ca8)" -> "//internal/bzlmod:default_gazelle_overrides.bzl (null)"
  "//internal/bzlmod:all_files (4e67ca8)" -> "//internal/bzlmod:go_deps.bzl (null)"
  "//internal/bzlmod:all_files (4e67ca8)" -> "//internal/bzlmod:semver.bzl (null)"
  "//internal/bzlmod:semver.bzl (null)"
  "//internal/bzlmod:go_deps.bzl (null)"
  "//internal/bzlmod:default_gazelle_overrides.bzl (null)"
  "//internal/bzlmod:BUILD.bazel (null)\n//internal/bzlmod:go_mod.bzl (null)\n//internal/bzlmod:non_module_deps.bzl (null)\n//internal/bzlmod:utils.bzl (null)"
  "//internal:overlay_repository.bzl (null)"
  "//internal:go_repository_tools_srcs.bzl (null)"
  "//internal:go_repository_tools.bzl (null)"
  "//internal:go_repository_config.bzl (null)"
  "//internal:go_repository_cache.bzl (null)"
  "//internal:go_repository.bzl (null)"
  "//internal:gazelle_binary.bzl (null)"
  "//internal:common.bzl (null)"
  "//internal:BUILD.bazel (null)\n//internal:extend_docs.bzl (null)\n//internal:gazelle.bash.in (null)\n//internal:gazelle_binary_test.bzl (null)\n//internal:list_repository_tools_srcs.go (null)\n//internal:repository_docs.bzl (null)\n//internal:repository_rules_test_errors.patch (null)"
  "//flag:all_files (4e67ca8)"
  "//flag:all_files (4e67ca8)" -> "//flag:BUILD.bazel (null)"
  "//flag:all_files (4e67ca8)" -> "//flag:flag.go (null)"
  "//flag:flag.go (null)"
  "//flag:BUILD.bazel (null)"
  "//config:all_files (4e67ca8)"
  "//config:all_files (4e67ca8)" -> "//config:BUILD.bazel (null)\n//config:config_test.go (null)"
  "//config:all_files (4e67ca8)" -> "//config:config.go (null)\n//config:constants.go (null)"
  "//config:config.go (null)\n//config:constants.go (null)"
  "//config:BUILD.bazel (null)\n//config:config_test.go (null)"
  "//cmd:all_files (4e67ca8)"
  "//cmd:all_files (4e67ca8)" -> "//cmd:BUILD.bazel (null)"
  "//cmd:all_files (4e67ca8)" -> "//cmd/autogazelle:all_files (4e67ca8)"
  "//cmd:all_files (4e67ca8)" -> "//cmd/fetch_repo:all_files (4e67ca8)"
  "//cmd:all_files (4e67ca8)" -> "//cmd/gazelle:all_files (4e67ca8)"
  "//cmd:all_files (4e67ca8)" -> "//cmd/generate_repo_config:all_files (4e67ca8)"
  "//cmd:all_files (4e67ca8)" -> "//cmd/move_labels:all_files (4e67ca8)"
  "//cmd/move_labels:all_files (4e67ca8)"
  "//cmd/move_labels:all_files (4e67ca8)" -> "//cmd/move_labels:BUILD.bazel (null)\n//cmd/move_labels:move_labels.go (null)\n//cmd/move_labels:move_labels_test.go (null)"
  "//cmd/move_labels:BUILD.bazel (null)\n//cmd/move_labels:move_labels.go (null)\n//cmd/move_labels:move_labels_test.go (null)"
  "//cmd/generate_repo_config:all_files (4e67ca8)"
  "//cmd/generate_repo_config:all_files (4e67ca8)" -> "//cmd/generate_repo_config:BUILD.bazel (null)\n//cmd/generate_repo_config:generate_repo_config.go (null)\n//cmd/generate_repo_config:generate_repo_config_test.go (null)"
  "//cmd/generate_repo_config:BUILD.bazel (null)\n//cmd/generate_repo_config:generate_repo_config.go (null)\n//cmd/generate_repo_config:generate_repo_config_test.go (null)"
  "//cmd/gazelle:all_files (4e67ca8)"
  "//cmd/gazelle:all_files (4e67ca8)" -> "//cmd/gazelle:BUILD.bazel (null)\n//cmd/gazelle:diff.go (null)\n//cmd/gazelle:diff_test.go (null)\n//cmd/gazelle:fix-update.go (null)\n//cmd/gazelle:fix.go (null)\n//cmd/gazelle:fix_test.go (null)\n//cmd/gazelle:gazelle.go (null)\n//cmd/gazelle:integration_test.go (null)\n//cmd/gazelle:langs.go (null)\n//cmd/gazelle:metaresolver.go (null)\n//cmd/gazelle:print.go (null)\n//cmd/gazelle:update-repos.go (null)"
  "//cmd/gazelle:BUILD.bazel (null)\n//cmd/gazelle:diff.go (null)\n//cmd/gazelle:diff_test.go (null)\n//cmd/gazelle:fix-update.go (null)\n//cmd/gazelle:fix.go (null)\n//cmd/gazelle:fix_test.go (null)\n//cmd/gazelle:gazelle.go (null)\n//cmd/gazelle:integration_test.go (null)\n//cmd/gazelle:langs.go (null)\n//cmd/gazelle:metaresolver.go (null)\n//cmd/gazelle:print.go (null)\n//cmd/gazelle:update-repos.go (null)"
  "//cmd/fetch_repo:all_files (4e67ca8)"
  "//cmd/fetch_repo:all_files (4e67ca8)" -> "//cmd/fetch_repo:BUILD.bazel (null)\n//cmd/fetch_repo:fetch_repo.go (null)\n//cmd/fetch_repo:fetch_repo_test.go (null)\n//cmd/fetch_repo:module.go (null)\n//cmd/fetch_repo:vcs.go (null)"
  "//cmd/fetch_repo:BUILD.bazel (null)\n//cmd/fetch_repo:fetch_repo.go (null)\n//cmd/fetch_repo:fetch_repo_test.go (null)\n//cmd/fetch_repo:module.go (null)\n//cmd/fetch_repo:vcs.go (null)"
  "//cmd/autogazelle:all_files (4e67ca8)"
  "//cmd/autogazelle:all_files (4e67ca8)" -> "//cmd/autogazelle:BUILD.bazel (null)\n//cmd/autogazelle:README.rst (null)\n//cmd/autogazelle:autogazelle.bash (null)\n//cmd/autogazelle:autogazelle.go (null)\n//cmd/autogazelle:client_unix.go (null)\n//cmd/autogazelle:server_unix.go (null)"
  "//cmd/autogazelle:BUILD.bazel (null)\n//cmd/autogazelle:README.rst (null)\n//cmd/autogazelle:autogazelle.bash (null)\n//cmd/autogazelle:autogazelle.go (null)\n//cmd/autogazelle:client_unix.go (null)\n//cmd/autogazelle:server_unix.go (null)"
  "//cmd:BUILD.bazel (null)"
  "//:deps.bzl (null)"
  "//:def.bzl (null)"
  "//:.bazelrc (null)\n//:.gitignore (null)\n//:AUTHORS (null)\n//:BUILD.bazel (null)\n//:CODEOWNERS (null)\n//:CONTRIBUTING.md (null)\n//:CONTRIBUTORS (null)\n//:Design.rst (null)\n//:LICENSE (null)\n//:README.rst (null)\n//:WORKSPACE (null)\n//:extend.rst (null)\n//:go.mod (null)\n//:go.sum (null)\n//:repository.rst (null)\n//:vendor/github.com/bazelbuild/buildtools/CONTRIBUTORS (null)\n//:vendor/github.com/bazelbuild/buildtools/LICENSE (null)\n...and 437 more items"
}
