digraph mygraph {
  node [shape=box];
  "//:pcre2demo (7695c52)"
  "//:pcre2demo (7695c52)" -> "//:pcre2 (7695c52)"
  "//:pcre2demo (7695c52)" -> "//:src/pcre2demo.c (null)"
  "//:src/pcre2demo.c (null)"
  "//:pcre2 (7695c52)"
  "//:pcre2 (7695c52)" -> "//:config_h_generic (7695c52)"
  "//:pcre2 (7695c52)" -> "//:pcre2_chartables_c (7695c52)"
  "//:pcre2 (7695c52)" -> "//:pcre2_h_generic (7695c52)"
  "//:pcre2 (7695c52)" -> "//:src/pcre2_auto_possess.c (null)\n//:src/pcre2_chkdint.c (null)\n//:src/pcre2_compile.c (null)\n//:src/pcre2_config.c (null)\n//:src/pcre2_context.c (null)\n//:src/pcre2_convert.c (null)\n//:src/pcre2_dfa_match.c (null)\n//:src/pcre2_error.c (null)\n//:src/pcre2_extuni.c (null)\n//:src/pcre2_find_bracket.c (null)\n//:src/pcre2_internal.h (null)\n//:src/pcre2_intmodedep.h (null)\n//:src/pcre2_jit_neon_inc.h (null)\n//:src/pcre2_jit_simd_inc.h (null)\n...and 18 more items"
  "//:src/pcre2_auto_possess.c (null)\n//:src/pcre2_chkdint.c (null)\n//:src/pcre2_compile.c (null)\n//:src/pcre2_config.c (null)\n//:src/pcre2_context.c (null)\n//:src/pcre2_convert.c (null)\n//:src/pcre2_dfa_match.c (null)\n//:src/pcre2_error.c (null)\n//:src/pcre2_extuni.c (null)\n//:src/pcre2_find_bracket.c (null)\n//:src/pcre2_internal.h (null)\n//:src/pcre2_intmodedep.h (null)\n//:src/pcre2_jit_neon_inc.h (null)\n//:src/pcre2_jit_simd_inc.h (null)\n...and 18 more items"
  "//:pcre2_h_generic (7695c52)"
  "//:pcre2_h_generic (7695c52)" -> "//:src/pcre2.h.generic (null)"
  "//:pcre2_h_generic (7695c52)" -> "@bazel_tools//src/conditions:host_windows (7695c52)"
  "//:src/pcre2.h.generic (null)"
  "//:pcre2_chartables_c (7695c52)"
  "//:pcre2_chartables_c (7695c52)" -> "//:src/pcre2_chartables.c.dist (null)"
  "//:pcre2_chartables_c (7695c52)" -> "@bazel_tools//src/conditions:host_windows (7695c52)"
  "//:src/pcre2_chartables.c.dist (null)"
  "//:config_h_generic (7695c52)"
  "//:config_h_generic (7695c52)" -> "//:src/config.h.generic (null)"
  "//:config_h_generic (7695c52)" -> "@bazel_tools//src/conditions:host_windows (7695c52)"
  "@bazel_tools//src/conditions:host_windows (7695c52)"
  "@bazel_tools//src/conditions:host_windows (7695c52)" -> "@bazel_tools//src/conditions:host_windows_arm64_constraint (7695c52)\n@bazel_tools//src/conditions:host_windows_x64_constraint (7695c52)"
  "@bazel_tools//src/conditions:host_windows (7695c52)" -> "@local_config_platform//:host (7695c52)"
  "@local_config_platform//:host (7695c52)"
  "@local_config_platform//:host (7695c52)" -> "@platforms//cpu:x86_64 (7695c52)"
  "@local_config_platform//:host (7695c52)" -> "@platforms//os:linux (7695c52)"
  "@platforms//os:linux (7695c52)"
  "@platforms//os:linux (7695c52)" -> "@platforms//os:os (7695c52)"
  "@platforms//os:os (7695c52)"
  "@platforms//cpu:x86_64 (7695c52)"
  "@platforms//cpu:x86_64 (7695c52)" -> "@platforms//cpu:cpu (7695c52)"
  "@platforms//cpu:cpu (7695c52)"
  "@bazel_tools//src/conditions:host_windows_arm64_constraint (7695c52)\n@bazel_tools//src/conditions:host_windows_x64_constraint (7695c52)"
  "//:src/config.h.generic (null)"
}
