digraph mygraph {
  node [shape=box];
  "//:gen_rust_project (c8170bd)"
  "//:gen_rust_project (c8170bd)" -> "@rules_rust//tools/rust_analyzer:gen_rust_project (1348dce)"
  "@rules_rust//tools/rust_analyzer:gen_rust_project (1348dce)"
  "@rules_rust//tools/rust_analyzer:gen_rust_project (1348dce)" -> "@rules_rust//tools/rust_analyzer:gen_rust_project_lib (1348dce)"
  "@rules_rust//tools/rust_analyzer:gen_rust_project (1348dce)" -> "@rules_rust//tools/rust_analyzer:main.rs (null)"
  "@rules_rust//tools/rust_analyzer:gen_rust_project (1348dce)" -> "@rules_rust//tools/rust_analyzer/3rdparty/crates:anyhow (1348dce)"
  "@rules_rust//tools/rust_analyzer:gen_rust_project (1348dce)" -> "@rules_rust//tools/rust_analyzer/3rdparty/crates:clap (1348dce)"
  "@rules_rust//tools/rust_analyzer:gen_rust_project (1348dce)" -> "@rules_rust//tools/rust_analyzer/3rdparty/crates:env_logger (1348dce)"
  "@rules_rust//tools/rust_analyzer:gen_rust_project (1348dce)" -> "@rules_rust//tools/rust_analyzer/3rdparty/crates:log (1348dce)"
  "@rules_rust//tools/rust_analyzer:gen_rust_project (1348dce)" -> "@rules_rust//util/label:label (1348dce)"
  "@rules_rust//util/label:label (1348dce)"
  "@rules_rust//util/label:label (1348dce)" -> "@rules_rust//util/label:label.rs (null)\n@rules_rust//util/label:label_error.rs (null)"
  "@rules_rust//util/label:label.rs (null)\n@rules_rust//util/label:label_error.rs (null)"
  "@rules_rust//tools/rust_analyzer/3rdparty/crates:env_logger (1348dce)"
  "@rules_rust//tools/rust_analyzer/3rdparty/crates:env_logger (1348dce)" -> "@rules_rust_rust_analyzer__env_logger-0.9.3//:env_logger (1348dce)"
  "@rules_rust_rust_analyzer__env_logger-0.9.3//:env_logger (1348dce)"
  "@rules_rust_rust_analyzer__env_logger-0.9.3//:env_logger (1348dce)" -> "@rules_rust_rust_analyzer__atty-0.2.14//:atty (1348dce)"
  "@rules_rust_rust_analyzer__env_logger-0.9.3//:env_logger (1348dce)" -> "@rules_rust_rust_analyzer__env_logger-0.9.3//:.cargo_vcs_info.json (null)\n@rules_rust_rust_analyzer__env_logger-0.9.3//:CHANGELOG.md (null)\n@rules_rust_rust_analyzer__env_logger-0.9.3//:Cargo.lock (null)\n@rules_rust_rust_analyzer__env_logger-0.9.3//:Cargo.toml (null)\n@rules_rust_rust_analyzer__env_logger-0.9.3//:Cargo.toml.orig (null)\n@rules_rust_rust_analyzer__env_logger-0.9.3//:LICENSE-APACHE (null)\n@rules_rust_rust_analyzer__env_logger-0.9.3//:LICENSE-MIT (null)\n...and 18 more items"
  "@rules_rust_rust_analyzer__env_logger-0.9.3//:env_logger (1348dce)" -> "@rules_rust_rust_analyzer__humantime-2.1.0//:humantime (1348dce)"
  "@rules_rust_rust_analyzer__env_logger-0.9.3//:env_logger (1348dce)" -> "@rules_rust_rust_analyzer__log-0.4.17//:log (1348dce)"
  "@rules_rust_rust_analyzer__env_logger-0.9.3//:env_logger (1348dce)" -> "@rules_rust_rust_analyzer__regex-1.7.0//:regex (1348dce)"
  "@rules_rust_rust_analyzer__env_logger-0.9.3//:env_logger (1348dce)" -> "@rules_rust_rust_analyzer__termcolor-1.1.3//:termcolor (1348dce)"
  "@rules_rust_rust_analyzer__regex-1.7.0//:regex (1348dce)"
  "@rules_rust_rust_analyzer__regex-1.7.0//:regex (1348dce)" -> "@rules_rust_rust_analyzer__aho-corasick-0.7.20//:aho_corasick (1348dce)"
  "@rules_rust_rust_analyzer__regex-1.7.0//:regex (1348dce)" -> "@rules_rust_rust_analyzer__memchr-2.5.0//:memchr (1348dce)"
  "@rules_rust_rust_analyzer__regex-1.7.0//:regex (1348dce)" -> "@rules_rust_rust_analyzer__regex-1.7.0//:.cargo_vcs_info.json (null)\n@rules_rust_rust_analyzer__regex-1.7.0//:.gitignore (null)\n@rules_rust_rust_analyzer__regex-1.7.0//:CHANGELOG.md (null)\n@rules_rust_rust_analyzer__regex-1.7.0//:Cargo.lock (null)\n@rules_rust_rust_analyzer__regex-1.7.0//:Cargo.toml (null)\n@rules_rust_rust_analyzer__regex-1.7.0//:Cargo.toml.orig (null)\n@rules_rust_rust_analyzer__regex-1.7.0//:HACKING.md (null)\n...and 77 more items"
  "@rules_rust_rust_analyzer__regex-1.7.0//:regex (1348dce)" -> "@rules_rust_rust_analyzer__regex-syntax-0.6.28//:regex_syntax (1348dce)"
  "@rules_rust_rust_analyzer__regex-syntax-0.6.28//:regex_syntax (1348dce)"
  "@rules_rust_rust_analyzer__regex-syntax-0.6.28//:regex_syntax (1348dce)" -> "@rules_rust_rust_analyzer__regex-syntax-0.6.28//:.cargo_vcs_info.json (null)\n@rules_rust_rust_analyzer__regex-syntax-0.6.28//:Cargo.toml (null)\n@rules_rust_rust_analyzer__regex-syntax-0.6.28//:Cargo.toml.orig (null)\n@rules_rust_rust_analyzer__regex-syntax-0.6.28//:LICENSE-APACHE (null)\n@rules_rust_rust_analyzer__regex-syntax-0.6.28//:LICENSE-MIT (null)\n@rules_rust_rust_analyzer__regex-syntax-0.6.28//:README.md (null)\n...and 34 more items"
  "@rules_rust_rust_analyzer__regex-syntax-0.6.28//:.cargo_vcs_info.json (null)\n@rules_rust_rust_analyzer__regex-syntax-0.6.28//:Cargo.toml (null)\n@rules_rust_rust_analyzer__regex-syntax-0.6.28//:Cargo.toml.orig (null)\n@rules_rust_rust_analyzer__regex-syntax-0.6.28//:LICENSE-APACHE (null)\n@rules_rust_rust_analyzer__regex-syntax-0.6.28//:LICENSE-MIT (null)\n@rules_rust_rust_analyzer__regex-syntax-0.6.28//:README.md (null)\n...and 34 more items"
  "@rules_rust_rust_analyzer__regex-1.7.0//:.cargo_vcs_info.json (null)\n@rules_rust_rust_analyzer__regex-1.7.0//:.gitignore (null)\n@rules_rust_rust_analyzer__regex-1.7.0//:CHANGELOG.md (null)\n@rules_rust_rust_analyzer__regex-1.7.0//:Cargo.lock (null)\n@rules_rust_rust_analyzer__regex-1.7.0//:Cargo.toml (null)\n@rules_rust_rust_analyzer__regex-1.7.0//:Cargo.toml.orig (null)\n@rules_rust_rust_analyzer__regex-1.7.0//:HACKING.md (null)\n...and 77 more items"
  "@rules_rust_rust_analyzer__aho-corasick-0.7.20//:aho_corasick (1348dce)"
  "@rules_rust_rust_analyzer__aho-corasick-0.7.20//:aho_corasick (1348dce)" -> "@rules_rust_rust_analyzer__aho-corasick-0.7.20//:.cargo_vcs_info.json (null)\n@rules_rust_rust_analyzer__aho-corasick-0.7.20//:.github/workflows/ci.yml (null)\n@rules_rust_rust_analyzer__aho-corasick-0.7.20//:.gitignore (null)\n@rules_rust_rust_analyzer__aho-corasick-0.7.20//:COPYING (null)\n@rules_rust_rust_analyzer__aho-corasick-0.7.20//:Cargo.toml (null)\n@rules_rust_rust_analyzer__aho-corasick-0.7.20//:Cargo.toml.orig (null)\n...and 27 more items"
  "@rules_rust_rust_analyzer__aho-corasick-0.7.20//:aho_corasick (1348dce)" -> "@rules_rust_rust_analyzer__memchr-2.5.0//:memchr (1348dce)"
  "@rules_rust_rust_analyzer__memchr-2.5.0//:memchr (1348dce)"
  "@rules_rust_rust_analyzer__memchr-2.5.0//:memchr (1348dce)" -> "@rules_rust_rust_analyzer__memchr-2.5.0//:.cargo_vcs_info.json (null)\n@rules_rust_rust_analyzer__memchr-2.5.0//:.gitignore (null)\n@rules_rust_rust_analyzer__memchr-2.5.0//:.ignore (null)\n@rules_rust_rust_analyzer__memchr-2.5.0//:COPYING (null)\n@rules_rust_rust_analyzer__memchr-2.5.0//:Cargo.toml (null)\n@rules_rust_rust_analyzer__memchr-2.5.0//:Cargo.toml.orig (null)\n@rules_rust_rust_analyzer__memchr-2.5.0//:LICENSE-MIT (null)\n...and 42 more items"
  "@rules_rust_rust_analyzer__memchr-2.5.0//:memchr (1348dce)" -> "@rules_rust_rust_analyzer__memchr-2.5.0//:build_script_build (1348dce)"
  "@rules_rust_rust_analyzer__memchr-2.5.0//:build_script_build (1348dce)"
  "@rules_rust_rust_analyzer__memchr-2.5.0//:build_script_build (1348dce)" -> "@rules_rust_rust_analyzer__memchr-2.5.0//:memchr_build_script (1348dce)"
  "@rules_rust_rust_analyzer__memchr-2.5.0//:memchr_build_script (1348dce)"
  "@rules_rust_rust_analyzer__memchr-2.5.0//:memchr_build_script (1348dce)" -> "@rules_rust_rust_analyzer__memchr-2.5.0//:.cargo_vcs_info.json (null)\n@rules_rust_rust_analyzer__memchr-2.5.0//:.gitignore (null)\n@rules_rust_rust_analyzer__memchr-2.5.0//:.ignore (null)\n@rules_rust_rust_analyzer__memchr-2.5.0//:COPYING (null)\n@rules_rust_rust_analyzer__memchr-2.5.0//:Cargo.toml (null)\n@rules_rust_rust_analyzer__memchr-2.5.0//:Cargo.toml.orig (null)\n@rules_rust_rust_analyzer__memchr-2.5.0//:LICENSE-MIT (null)\n...and 42 more items"
  "@rules_rust_rust_analyzer__memchr-2.5.0//:memchr_build_script (1348dce)" -> "@rules_rust_rust_analyzer__memchr-2.5.0//:memchr_build_script_ (5d1dc98)"
  "@rules_rust_rust_analyzer__memchr-2.5.0//:memchr_build_script_ (5d1dc98)"
  "@rules_rust_rust_analyzer__memchr-2.5.0//:memchr_build_script_ (5d1dc98)" -> "@rules_rust_rust_analyzer__memchr-2.5.0//:.cargo_vcs_info.json (null)\n@rules_rust_rust_analyzer__memchr-2.5.0//:.gitignore (null)\n@rules_rust_rust_analyzer__memchr-2.5.0//:.ignore (null)\n@rules_rust_rust_analyzer__memchr-2.5.0//:COPYING (null)\n@rules_rust_rust_analyzer__memchr-2.5.0//:Cargo.toml (null)\n@rules_rust_rust_analyzer__memchr-2.5.0//:Cargo.toml.orig (null)\n@rules_rust_rust_analyzer__memchr-2.5.0//:LICENSE-MIT (null)\n...and 42 more items"
  "@rules_rust_rust_analyzer__memchr-2.5.0//:.cargo_vcs_info.json (null)\n@rules_rust_rust_analyzer__memchr-2.5.0//:.gitignore (null)\n@rules_rust_rust_analyzer__memchr-2.5.0//:.ignore (null)\n@rules_rust_rust_analyzer__memchr-2.5.0//:COPYING (null)\n@rules_rust_rust_analyzer__memchr-2.5.0//:Cargo.toml (null)\n@rules_rust_rust_analyzer__memchr-2.5.0//:Cargo.toml.orig (null)\n@rules_rust_rust_analyzer__memchr-2.5.0//:LICENSE-MIT (null)\n...and 42 more items"
  "@rules_rust_rust_analyzer__aho-corasick-0.7.20//:.cargo_vcs_info.json (null)\n@rules_rust_rust_analyzer__aho-corasick-0.7.20//:.github/workflows/ci.yml (null)\n@rules_rust_rust_analyzer__aho-corasick-0.7.20//:.gitignore (null)\n@rules_rust_rust_analyzer__aho-corasick-0.7.20//:COPYING (null)\n@rules_rust_rust_analyzer__aho-corasick-0.7.20//:Cargo.toml (null)\n@rules_rust_rust_analyzer__aho-corasick-0.7.20//:Cargo.toml.orig (null)\n...and 27 more items"
  "@rules_rust_rust_analyzer__humantime-2.1.0//:humantime (1348dce)"
  "@rules_rust_rust_analyzer__humantime-2.1.0//:humantime (1348dce)" -> "@rules_rust_rust_analyzer__humantime-2.1.0//:.cargo_vcs_info.json (null)\n@rules_rust_rust_analyzer__humantime-2.1.0//:.gitignore (null)\n@rules_rust_rust_analyzer__humantime-2.1.0//:.travis.yml (null)\n@rules_rust_rust_analyzer__humantime-2.1.0//:Cargo.toml (null)\n@rules_rust_rust_analyzer__humantime-2.1.0//:Cargo.toml.orig (null)\n@rules_rust_rust_analyzer__humantime-2.1.0//:LICENSE-APACHE (null)\n@rules_rust_rust_analyzer__humantime-2.1.0//:LICENSE-MIT (null)\n...and 9 more items"
  "@rules_rust_rust_analyzer__humantime-2.1.0//:.cargo_vcs_info.json (null)\n@rules_rust_rust_analyzer__humantime-2.1.0//:.gitignore (null)\n@rules_rust_rust_analyzer__humantime-2.1.0//:.travis.yml (null)\n@rules_rust_rust_analyzer__humantime-2.1.0//:Cargo.toml (null)\n@rules_rust_rust_analyzer__humantime-2.1.0//:Cargo.toml.orig (null)\n@rules_rust_rust_analyzer__humantime-2.1.0//:LICENSE-APACHE (null)\n@rules_rust_rust_analyzer__humantime-2.1.0//:LICENSE-MIT (null)\n...and 9 more items"
  "@rules_rust_rust_analyzer__env_logger-0.9.3//:.cargo_vcs_info.json (null)\n@rules_rust_rust_analyzer__env_logger-0.9.3//:CHANGELOG.md (null)\n@rules_rust_rust_analyzer__env_logger-0.9.3//:Cargo.lock (null)\n@rules_rust_rust_analyzer__env_logger-0.9.3//:Cargo.toml (null)\n@rules_rust_rust_analyzer__env_logger-0.9.3//:Cargo.toml.orig (null)\n@rules_rust_rust_analyzer__env_logger-0.9.3//:LICENSE-APACHE (null)\n@rules_rust_rust_analyzer__env_logger-0.9.3//:LICENSE-MIT (null)\n...and 18 more items"
  "@rules_rust//tools/rust_analyzer/3rdparty/crates:clap (1348dce)"
  "@rules_rust//tools/rust_analyzer/3rdparty/crates:clap (1348dce)" -> "@rules_rust_rust_analyzer__clap-3.2.23//:clap (1348dce)"
  "@rules_rust_rust_analyzer__clap-3.2.23//:clap (1348dce)"
  "@rules_rust_rust_analyzer__clap-3.2.23//:clap (1348dce)" -> "@rules_rust_rust_analyzer__atty-0.2.14//:atty (1348dce)"
  "@rules_rust_rust_analyzer__clap-3.2.23//:clap (1348dce)" -> "@rules_rust_rust_analyzer__bitflags-1.3.2//:bitflags (1348dce)"
  "@rules_rust_rust_analyzer__clap-3.2.23//:clap (1348dce)" -> "@rules_rust_rust_analyzer__clap-3.2.23//:.cargo_vcs_info.json (null)\n@rules_rust_rust_analyzer__clap-3.2.23//:Cargo.lock (null)\n@rules_rust_rust_analyzer__clap-3.2.23//:Cargo.toml (null)\n@rules_rust_rust_analyzer__clap-3.2.23//:Cargo.toml.orig (null)\n@rules_rust_rust_analyzer__clap-3.2.23//:LICENSE-APACHE (null)\n@rules_rust_rust_analyzer__clap-3.2.23//:LICENSE-MIT (null)\n@rules_rust_rust_analyzer__clap-3.2.23//:README.md (null)\n...and 159 more items"
  "@rules_rust_rust_analyzer__clap-3.2.23//:clap (1348dce)" -> "@rules_rust_rust_analyzer__clap_derive-3.2.18//:clap_derive (5d1dc98)"
  "@rules_rust_rust_analyzer__clap-3.2.23//:clap (1348dce)" -> "@rules_rust_rust_analyzer__clap_lex-0.2.4//:clap_lex (1348dce)"
  "@rules_rust_rust_analyzer__clap-3.2.23//:clap (1348dce)" -> "@rules_rust_rust_analyzer__indexmap-1.9.2//:indexmap (1348dce)"
  "@rules_rust_rust_analyzer__clap-3.2.23//:clap (1348dce)" -> "@rules_rust_rust_analyzer__once_cell-1.17.0//:once_cell (1348dce)"
  "@rules_rust_rust_analyzer__clap-3.2.23//:clap (1348dce)" -> "@rules_rust_rust_analyzer__strsim-0.10.0//:strsim (1348dce)"
  "@rules_rust_rust_analyzer__clap-3.2.23//:clap (1348dce)" -> "@rules_rust_rust_analyzer__termcolor-1.1.3//:termcolor (1348dce)"
  "@rules_rust_rust_analyzer__clap-3.2.23//:clap (1348dce)" -> "@rules_rust_rust_analyzer__textwrap-0.16.0//:textwrap (1348dce)"
  "@rules_rust_rust_analyzer__textwrap-0.16.0//:textwrap (1348dce)"
  "@rules_rust_rust_analyzer__textwrap-0.16.0//:textwrap (1348dce)" -> "@rules_rust_rust_analyzer__textwrap-0.16.0//:.cargo_vcs_info.json (null)\n@rules_rust_rust_analyzer__textwrap-0.16.0//:CHANGELOG.md (null)\n@rules_rust_rust_analyzer__textwrap-0.16.0//:Cargo.lock (null)\n@rules_rust_rust_analyzer__textwrap-0.16.0//:Cargo.toml (null)\n@rules_rust_rust_analyzer__textwrap-0.16.0//:Cargo.toml.orig (null)\n@rules_rust_rust_analyzer__textwrap-0.16.0//:LICENSE (null)\n@rules_rust_rust_analyzer__textwrap-0.16.0//:README.md (null)\n...and 12 more items"
  "@rules_rust_rust_analyzer__textwrap-0.16.0//:.cargo_vcs_info.json (null)\n@rules_rust_rust_analyzer__textwrap-0.16.0//:CHANGELOG.md (null)\n@rules_rust_rust_analyzer__textwrap-0.16.0//:Cargo.lock (null)\n@rules_rust_rust_analyzer__textwrap-0.16.0//:Cargo.toml (null)\n@rules_rust_rust_analyzer__textwrap-0.16.0//:Cargo.toml.orig (null)\n@rules_rust_rust_analyzer__textwrap-0.16.0//:LICENSE (null)\n@rules_rust_rust_analyzer__textwrap-0.16.0//:README.md (null)\n...and 12 more items"
  "@rules_rust_rust_analyzer__termcolor-1.1.3//:termcolor (1348dce)"
  "@rules_rust_rust_analyzer__termcolor-1.1.3//:termcolor (1348dce)" -> "@rules_rust//rust/platform:aarch64-pc-windows-msvc (1348dce)"
  "@rules_rust_rust_analyzer__termcolor-1.1.3//:termcolor (1348dce)" -> "@rules_rust//rust/platform:i686-pc-windows-msvc (1348dce)"
  "@rules_rust_rust_analyzer__termcolor-1.1.3//:termcolor (1348dce)" -> "@rules_rust//rust/platform:x86_64-pc-windows-msvc (1348dce)"
  "@rules_rust_rust_analyzer__termcolor-1.1.3//:termcolor (1348dce)" -> "@rules_rust_rust_analyzer__termcolor-1.1.3//:.cargo_vcs_info.json (null)\n@rules_rust_rust_analyzer__termcolor-1.1.3//:.github/workflows/ci.yml (null)\n@rules_rust_rust_analyzer__termcolor-1.1.3//:.gitignore (null)\n@rules_rust_rust_analyzer__termcolor-1.1.3//:COPYING (null)\n@rules_rust_rust_analyzer__termcolor-1.1.3//:Cargo.toml (null)\n@rules_rust_rust_analyzer__termcolor-1.1.3//:Cargo.toml.orig (null)\n@rules_rust_rust_analyzer__termcolor-1.1.3//:LICENSE-MIT (null)\n...and 4 more items"
  "@rules_rust_rust_analyzer__termcolor-1.1.3//:.cargo_vcs_info.json (null)\n@rules_rust_rust_analyzer__termcolor-1.1.3//:.github/workflows/ci.yml (null)\n@rules_rust_rust_analyzer__termcolor-1.1.3//:.gitignore (null)\n@rules_rust_rust_analyzer__termcolor-1.1.3//:COPYING (null)\n@rules_rust_rust_analyzer__termcolor-1.1.3//:Cargo.toml (null)\n@rules_rust_rust_analyzer__termcolor-1.1.3//:Cargo.toml.orig (null)\n@rules_rust_rust_analyzer__termcolor-1.1.3//:LICENSE-MIT (null)\n...and 4 more items"
  "@rules_rust_rust_analyzer__strsim-0.10.0//:strsim (1348dce)"
  "@rules_rust_rust_analyzer__strsim-0.10.0//:strsim (1348dce)" -> "@rules_rust_rust_analyzer__strsim-0.10.0//:.cargo_vcs_info.json (null)\n@rules_rust_rust_analyzer__strsim-0.10.0//:.editorconfig (null)\n@rules_rust_rust_analyzer__strsim-0.10.0//:.gitattributes (null)\n@rules_rust_rust_analyzer__strsim-0.10.0//:.github/FUNDING.yml (null)\n@rules_rust_rust_analyzer__strsim-0.10.0//:.github/workflows/ci.yml (null)\n@rules_rust_rust_analyzer__strsim-0.10.0//:.gitignore (null)\n@rules_rust_rust_analyzer__strsim-0.10.0//:CHANGELOG.md (null)\n...and 7 more items"
  "@rules_rust_rust_analyzer__strsim-0.10.0//:.cargo_vcs_info.json (null)\n@rules_rust_rust_analyzer__strsim-0.10.0//:.editorconfig (null)\n@rules_rust_rust_analyzer__strsim-0.10.0//:.gitattributes (null)\n@rules_rust_rust_analyzer__strsim-0.10.0//:.github/FUNDING.yml (null)\n@rules_rust_rust_analyzer__strsim-0.10.0//:.github/workflows/ci.yml (null)\n@rules_rust_rust_analyzer__strsim-0.10.0//:.gitignore (null)\n@rules_rust_rust_analyzer__strsim-0.10.0//:CHANGELOG.md (null)\n...and 7 more items"
  "@rules_rust_rust_analyzer__once_cell-1.17.0//:once_cell (1348dce)"
  "@rules_rust_rust_analyzer__once_cell-1.17.0//:once_cell (1348dce)" -> "@rules_rust_rust_analyzer__once_cell-1.17.0//:.cargo_vcs_info.json (null)\n@rules_rust_rust_analyzer__once_cell-1.17.0//:.github/workflows/ci.yaml (null)\n@rules_rust_rust_analyzer__once_cell-1.17.0//:.gitignore (null)\n@rules_rust_rust_analyzer__once_cell-1.17.0//:CHANGELOG.md (null)\n@rules_rust_rust_analyzer__once_cell-1.17.0//:Cargo.lock (null)\n@rules_rust_rust_analyzer__once_cell-1.17.0//:Cargo.toml (null)\n@rules_rust_rust_analyzer__once_cell-1.17.0//:Cargo.toml.orig (null)\n...and 17 more items"
  "@rules_rust_rust_analyzer__once_cell-1.17.0//:.cargo_vcs_info.json (null)\n@rules_rust_rust_analyzer__once_cell-1.17.0//:.github/workflows/ci.yaml (null)\n@rules_rust_rust_analyzer__once_cell-1.17.0//:.gitignore (null)\n@rules_rust_rust_analyzer__once_cell-1.17.0//:CHANGELOG.md (null)\n@rules_rust_rust_analyzer__once_cell-1.17.0//:Cargo.lock (null)\n@rules_rust_rust_analyzer__once_cell-1.17.0//:Cargo.toml (null)\n@rules_rust_rust_analyzer__once_cell-1.17.0//:Cargo.toml.orig (null)\n...and 17 more items"
  "@rules_rust_rust_analyzer__indexmap-1.9.2//:indexmap (1348dce)"
  "@rules_rust_rust_analyzer__indexmap-1.9.2//:indexmap (1348dce)" -> "@rules_rust_rust_analyzer__hashbrown-0.12.3//:hashbrown (1348dce)"
  "@rules_rust_rust_analyzer__indexmap-1.9.2//:indexmap (1348dce)" -> "@rules_rust_rust_analyzer__indexmap-1.9.2//:.cargo_vcs_info.json (null)\n@rules_rust_rust_analyzer__indexmap-1.9.2//:.github/workflows/ci.yml (null)\n@rules_rust_rust_analyzer__indexmap-1.9.2//:.gitignore (null)\n@rules_rust_rust_analyzer__indexmap-1.9.2//:.rustfmt.toml (null)\n@rules_rust_rust_analyzer__indexmap-1.9.2//:Cargo.toml (null)\n@rules_rust_rust_analyzer__indexmap-1.9.2//:Cargo.toml.orig (null)\n@rules_rust_rust_analyzer__indexmap-1.9.2//:LICENSE-APACHE (null)\n...and 26 more items"
  "@rules_rust_rust_analyzer__indexmap-1.9.2//:indexmap (1348dce)" -> "@rules_rust_rust_analyzer__indexmap-1.9.2//:build_script_build (1348dce)"
  "@rules_rust_rust_analyzer__indexmap-1.9.2//:build_script_build (1348dce)"
  "@rules_rust_rust_analyzer__indexmap-1.9.2//:build_script_build (1348dce)" -> "@rules_rust_rust_analyzer__indexmap-1.9.2//:indexmap_build_script (1348dce)"
  "@rules_rust_rust_analyzer__indexmap-1.9.2//:indexmap_build_script (1348dce)"
  "@rules_rust_rust_analyzer__indexmap-1.9.2//:indexmap_build_script (1348dce)" -> "@rules_rust_rust_analyzer__autocfg-1.1.0//:autocfg (5d1dc98)"
  "@rules_rust_rust_analyzer__indexmap-1.9.2//:indexmap_build_script (1348dce)" -> "@rules_rust_rust_analyzer__indexmap-1.9.2//:.cargo_vcs_info.json (null)\n@rules_rust_rust_analyzer__indexmap-1.9.2//:.github/workflows/ci.yml (null)\n@rules_rust_rust_analyzer__indexmap-1.9.2//:.gitignore (null)\n@rules_rust_rust_analyzer__indexmap-1.9.2//:.rustfmt.toml (null)\n@rules_rust_rust_analyzer__indexmap-1.9.2//:Cargo.toml (null)\n@rules_rust_rust_analyzer__indexmap-1.9.2//:Cargo.toml.orig (null)\n@rules_rust_rust_analyzer__indexmap-1.9.2//:LICENSE-APACHE (null)\n...and 26 more items"
  "@rules_rust_rust_analyzer__indexmap-1.9.2//:indexmap_build_script (1348dce)" -> "@rules_rust_rust_analyzer__indexmap-1.9.2//:indexmap_build_script_ (5d1dc98)"
  "@rules_rust_rust_analyzer__indexmap-1.9.2//:indexmap_build_script_ (5d1dc98)"
  "@rules_rust_rust_analyzer__indexmap-1.9.2//:indexmap_build_script_ (5d1dc98)" -> "@rules_rust_rust_analyzer__autocfg-1.1.0//:autocfg (5d1dc98)"
  "@rules_rust_rust_analyzer__indexmap-1.9.2//:indexmap_build_script_ (5d1dc98)" -> "@rules_rust_rust_analyzer__indexmap-1.9.2//:.cargo_vcs_info.json (null)\n@rules_rust_rust_analyzer__indexmap-1.9.2//:.github/workflows/ci.yml (null)\n@rules_rust_rust_analyzer__indexmap-1.9.2//:.gitignore (null)\n@rules_rust_rust_analyzer__indexmap-1.9.2//:.rustfmt.toml (null)\n@rules_rust_rust_analyzer__indexmap-1.9.2//:Cargo.toml (null)\n@rules_rust_rust_analyzer__indexmap-1.9.2//:Cargo.toml.orig (null)\n@rules_rust_rust_analyzer__indexmap-1.9.2//:LICENSE-APACHE (null)\n...and 26 more items"
  "@rules_rust_rust_analyzer__autocfg-1.1.0//:autocfg (5d1dc98)"
  "@rules_rust_rust_analyzer__autocfg-1.1.0//:autocfg (5d1dc98)" -> "@rules_rust_rust_analyzer__autocfg-1.1.0//:.cargo_vcs_info.json (null)\n@rules_rust_rust_analyzer__autocfg-1.1.0//:.gitignore (null)\n@rules_rust_rust_analyzer__autocfg-1.1.0//:Cargo.lock (null)\n@rules_rust_rust_analyzer__autocfg-1.1.0//:Cargo.toml (null)\n@rules_rust_rust_analyzer__autocfg-1.1.0//:Cargo.toml.orig (null)\n@rules_rust_rust_analyzer__autocfg-1.1.0//:LICENSE-APACHE (null)\n@rules_rust_rust_analyzer__autocfg-1.1.0//:LICENSE-MIT (null)\n...and 10 more items"
  "@rules_rust_rust_analyzer__autocfg-1.1.0//:.cargo_vcs_info.json (null)\n@rules_rust_rust_analyzer__autocfg-1.1.0//:.gitignore (null)\n@rules_rust_rust_analyzer__autocfg-1.1.0//:Cargo.lock (null)\n@rules_rust_rust_analyzer__autocfg-1.1.0//:Cargo.toml (null)\n@rules_rust_rust_analyzer__autocfg-1.1.0//:Cargo.toml.orig (null)\n@rules_rust_rust_analyzer__autocfg-1.1.0//:LICENSE-APACHE (null)\n@rules_rust_rust_analyzer__autocfg-1.1.0//:LICENSE-MIT (null)\n...and 10 more items"
  "@rules_rust_rust_analyzer__indexmap-1.9.2//:.cargo_vcs_info.json (null)\n@rules_rust_rust_analyzer__indexmap-1.9.2//:.github/workflows/ci.yml (null)\n@rules_rust_rust_analyzer__indexmap-1.9.2//:.gitignore (null)\n@rules_rust_rust_analyzer__indexmap-1.9.2//:.rustfmt.toml (null)\n@rules_rust_rust_analyzer__indexmap-1.9.2//:Cargo.toml (null)\n@rules_rust_rust_analyzer__indexmap-1.9.2//:Cargo.toml.orig (null)\n@rules_rust_rust_analyzer__indexmap-1.9.2//:LICENSE-APACHE (null)\n...and 26 more items"
  "@rules_rust_rust_analyzer__hashbrown-0.12.3//:hashbrown (1348dce)"
  "@rules_rust_rust_analyzer__hashbrown-0.12.3//:hashbrown (1348dce)" -> "@rules_rust_rust_analyzer__hashbrown-0.12.3//:.cargo_vcs_info.json (null)\n@rules_rust_rust_analyzer__hashbrown-0.12.3//:.gitignore (null)\n@rules_rust_rust_analyzer__hashbrown-0.12.3//:CHANGELOG.md (null)\n@rules_rust_rust_analyzer__hashbrown-0.12.3//:Cargo.toml (null)\n@rules_rust_rust_analyzer__hashbrown-0.12.3//:Cargo.toml.orig (null)\n@rules_rust_rust_analyzer__hashbrown-0.12.3//:LICENSE-APACHE (null)\n@rules_rust_rust_analyzer__hashbrown-0.12.3//:LICENSE-MIT (null)\n...and 26 more items"
  "@rules_rust_rust_analyzer__hashbrown-0.12.3//:.cargo_vcs_info.json (null)\n@rules_rust_rust_analyzer__hashbrown-0.12.3//:.gitignore (null)\n@rules_rust_rust_analyzer__hashbrown-0.12.3//:CHANGELOG.md (null)\n@rules_rust_rust_analyzer__hashbrown-0.12.3//:Cargo.toml (null)\n@rules_rust_rust_analyzer__hashbrown-0.12.3//:Cargo.toml.orig (null)\n@rules_rust_rust_analyzer__hashbrown-0.12.3//:LICENSE-APACHE (null)\n@rules_rust_rust_analyzer__hashbrown-0.12.3//:LICENSE-MIT (null)\n...and 26 more items"
  "@rules_rust_rust_analyzer__clap_lex-0.2.4//:clap_lex (1348dce)"
  "@rules_rust_rust_analyzer__clap_lex-0.2.4//:clap_lex (1348dce)" -> "@rules_rust_rust_analyzer__clap_lex-0.2.4//:.cargo_vcs_info.json (null)\n@rules_rust_rust_analyzer__clap_lex-0.2.4//:Cargo.toml (null)\n@rules_rust_rust_analyzer__clap_lex-0.2.4//:Cargo.toml.orig (null)\n@rules_rust_rust_analyzer__clap_lex-0.2.4//:LICENSE-APACHE (null)\n@rules_rust_rust_analyzer__clap_lex-0.2.4//:LICENSE-MIT (null)\n@rules_rust_rust_analyzer__clap_lex-0.2.4//:README.md (null)\n@rules_rust_rust_analyzer__clap_lex-0.2.4//:src/lib.rs (null)"
  "@rules_rust_rust_analyzer__clap_lex-0.2.4//:clap_lex (1348dce)" -> "@rules_rust_rust_analyzer__os_str_bytes-6.4.1//:os_str_bytes (1348dce)"
  "@rules_rust_rust_analyzer__os_str_bytes-6.4.1//:os_str_bytes (1348dce)"
  "@rules_rust_rust_analyzer__os_str_bytes-6.4.1//:os_str_bytes (1348dce)" -> "@rules_rust_rust_analyzer__os_str_bytes-6.4.1//:.cargo_vcs_info.json (null)\n@rules_rust_rust_analyzer__os_str_bytes-6.4.1//:COPYRIGHT (null)\n@rules_rust_rust_analyzer__os_str_bytes-6.4.1//:Cargo.toml (null)\n@rules_rust_rust_analyzer__os_str_bytes-6.4.1//:Cargo.toml.orig (null)\n@rules_rust_rust_analyzer__os_str_bytes-6.4.1//:LICENSE-APACHE (null)\n@rules_rust_rust_analyzer__os_str_bytes-6.4.1//:LICENSE-MIT (null)\n@rules_rust_rust_analyzer__os_str_bytes-6.4.1//:README.md (null)\n...and 15 more items"
  "@rules_rust_rust_analyzer__os_str_bytes-6.4.1//:.cargo_vcs_info.json (null)\n@rules_rust_rust_analyzer__os_str_bytes-6.4.1//:COPYRIGHT (null)\n@rules_rust_rust_analyzer__os_str_bytes-6.4.1//:Cargo.toml (null)\n@rules_rust_rust_analyzer__os_str_bytes-6.4.1//:Cargo.toml.orig (null)\n@rules_rust_rust_analyzer__os_str_bytes-6.4.1//:LICENSE-APACHE (null)\n@rules_rust_rust_analyzer__os_str_bytes-6.4.1//:LICENSE-MIT (null)\n@rules_rust_rust_analyzer__os_str_bytes-6.4.1//:README.md (null)\n...and 15 more items"
  "@rules_rust_rust_analyzer__clap_lex-0.2.4//:.cargo_vcs_info.json (null)\n@rules_rust_rust_analyzer__clap_lex-0.2.4//:Cargo.toml (null)\n@rules_rust_rust_analyzer__clap_lex-0.2.4//:Cargo.toml.orig (null)\n@rules_rust_rust_analyzer__clap_lex-0.2.4//:LICENSE-APACHE (null)\n@rules_rust_rust_analyzer__clap_lex-0.2.4//:LICENSE-MIT (null)\n@rules_rust_rust_analyzer__clap_lex-0.2.4//:README.md (null)\n@rules_rust_rust_analyzer__clap_lex-0.2.4//:src/lib.rs (null)"
  "@rules_rust_rust_analyzer__clap_derive-3.2.18//:clap_derive (5d1dc98)"
  "@rules_rust_rust_analyzer__clap_derive-3.2.18//:clap_derive (5d1dc98)" -> "@rules_rust_rust_analyzer__clap_derive-3.2.18//:.cargo_vcs_info.json (null)\n@rules_rust_rust_analyzer__clap_derive-3.2.18//:Cargo.toml (null)\n@rules_rust_rust_analyzer__clap_derive-3.2.18//:Cargo.toml.orig (null)\n@rules_rust_rust_analyzer__clap_derive-3.2.18//:LICENSE-APACHE (null)\n@rules_rust_rust_analyzer__clap_derive-3.2.18//:LICENSE-MIT (null)\n@rules_rust_rust_analyzer__clap_derive-3.2.18//:README.md (null)\n...and 14 more items"
  "@rules_rust_rust_analyzer__clap_derive-3.2.18//:clap_derive (5d1dc98)" -> "@rules_rust_rust_analyzer__heck-0.4.0//:heck (5d1dc98)"
  "@rules_rust_rust_analyzer__clap_derive-3.2.18//:clap_derive (5d1dc98)" -> "@rules_rust_rust_analyzer__proc-macro-error-1.0.4//:proc_macro_error (5d1dc98)"
  "@rules_rust_rust_analyzer__clap_derive-3.2.18//:clap_derive (5d1dc98)" -> "@rules_rust_rust_analyzer__proc-macro2-1.0.49//:proc_macro2 (5d1dc98)"
  "@rules_rust_rust_analyzer__clap_derive-3.2.18//:clap_derive (5d1dc98)" -> "@rules_rust_rust_analyzer__quote-1.0.23//:quote (5d1dc98)"
  "@rules_rust_rust_analyzer__clap_derive-3.2.18//:clap_derive (5d1dc98)" -> "@rules_rust_rust_analyzer__syn-1.0.107//:syn (5d1dc98)"
  "@rules_rust_rust_analyzer__proc-macro-error-1.0.4//:proc_macro_error (5d1dc98)"
  "@rules_rust_rust_analyzer__proc-macro-error-1.0.4//:proc_macro_error (5d1dc98)" -> "@rules_rust_rust_analyzer__proc-macro-error-1.0.4//:.cargo_vcs_info.json (null)\n@rules_rust_rust_analyzer__proc-macro-error-1.0.4//:.gitignore (null)\n@rules_rust_rust_analyzer__proc-macro-error-1.0.4//:.gitlab-ci.yml (null)\n@rules_rust_rust_analyzer__proc-macro-error-1.0.4//:.travis.yml (null)\n@rules_rust_rust_analyzer__proc-macro-error-1.0.4//:CHANGELOG.md (null)\n@rules_rust_rust_analyzer__proc-macro-error-1.0.4//:Cargo.toml (null)\n...and 45 more items"
  "@rules_rust_rust_analyzer__proc-macro-error-1.0.4//:proc_macro_error (5d1dc98)" -> "@rules_rust_rust_analyzer__proc-macro-error-1.0.4//:build_script_build (5d1dc98)"
  "@rules_rust_rust_analyzer__proc-macro-error-1.0.4//:proc_macro_error (5d1dc98)" -> "@rules_rust_rust_analyzer__proc-macro-error-attr-1.0.4//:proc_macro_error_attr (5d1dc98)"
  "@rules_rust_rust_analyzer__proc-macro-error-1.0.4//:proc_macro_error (5d1dc98)" -> "@rules_rust_rust_analyzer__proc-macro2-1.0.49//:proc_macro2 (5d1dc98)"
  "@rules_rust_rust_analyzer__proc-macro-error-1.0.4//:proc_macro_error (5d1dc98)" -> "@rules_rust_rust_analyzer__quote-1.0.23//:quote (5d1dc98)"
  "@rules_rust_rust_analyzer__proc-macro-error-1.0.4//:proc_macro_error (5d1dc98)" -> "@rules_rust_rust_analyzer__syn-1.0.107//:syn (5d1dc98)"
  "@rules_rust_rust_analyzer__proc-macro-error-attr-1.0.4//:proc_macro_error_attr (5d1dc98)"
  "@rules_rust_rust_analyzer__proc-macro-error-attr-1.0.4//:proc_macro_error_attr (5d1dc98)" -> "@rules_rust_rust_analyzer__proc-macro-error-attr-1.0.4//:.cargo_vcs_info.json (null)\n@rules_rust_rust_analyzer__proc-macro-error-attr-1.0.4//:.gitignore (null)\n@rules_rust_rust_analyzer__proc-macro-error-attr-1.0.4//:Cargo.toml (null)\n@rules_rust_rust_analyzer__proc-macro-error-attr-1.0.4//:Cargo.toml.orig (null)\n@rules_rust_rust_analyzer__proc-macro-error-attr-1.0.4//:LICENSE-APACHE (null)\n@rules_rust_rust_analyzer__proc-macro-error-attr-1.0.4//:LICENSE-MIT (null)\n...and 4 more items"
  "@rules_rust_rust_analyzer__proc-macro-error-attr-1.0.4//:proc_macro_error_attr (5d1dc98)" -> "@rules_rust_rust_analyzer__proc-macro-error-attr-1.0.4//:build_script_build (5d1dc98)"
  "@rules_rust_rust_analyzer__proc-macro-error-attr-1.0.4//:proc_macro_error_attr (5d1dc98)" -> "@rules_rust_rust_analyzer__proc-macro2-1.0.49//:proc_macro2 (5d1dc98)"
  "@rules_rust_rust_analyzer__proc-macro-error-attr-1.0.4//:proc_macro_error_attr (5d1dc98)" -> "@rules_rust_rust_analyzer__quote-1.0.23//:quote (5d1dc98)"
  "@rules_rust_rust_analyzer__proc-macro-error-attr-1.0.4//:build_script_build (5d1dc98)"
  "@rules_rust_rust_analyzer__proc-macro-error-attr-1.0.4//:build_script_build (5d1dc98)" -> "@rules_rust_rust_analyzer__proc-macro-error-attr-1.0.4//:proc-macro-error-attr_build_script (5d1dc98)"
  "@rules_rust_rust_analyzer__proc-macro-error-attr-1.0.4//:proc-macro-error-attr_build_script (5d1dc98)"
  "@rules_rust_rust_analyzer__proc-macro-error-attr-1.0.4//:proc-macro-error-attr_build_script (5d1dc98)" -> "@rules_rust_rust_analyzer__proc-macro-error-attr-1.0.4//:.cargo_vcs_info.json (null)\n@rules_rust_rust_analyzer__proc-macro-error-attr-1.0.4//:.gitignore (null)\n@rules_rust_rust_analyzer__proc-macro-error-attr-1.0.4//:Cargo.toml (null)\n@rules_rust_rust_analyzer__proc-macro-error-attr-1.0.4//:Cargo.toml.orig (null)\n@rules_rust_rust_analyzer__proc-macro-error-attr-1.0.4//:LICENSE-APACHE (null)\n@rules_rust_rust_analyzer__proc-macro-error-attr-1.0.4//:LICENSE-MIT (null)\n...and 4 more items"
  "@rules_rust_rust_analyzer__proc-macro-error-attr-1.0.4//:proc-macro-error-attr_build_script (5d1dc98)" -> "@rules_rust_rust_analyzer__proc-macro-error-attr-1.0.4//:proc-macro-error-attr_build_script_ (5d1dc98)"
  "@rules_rust_rust_analyzer__proc-macro-error-attr-1.0.4//:proc-macro-error-attr_build_script (5d1dc98)" -> "@rules_rust_rust_analyzer__version_check-0.9.4//:version_check (5d1dc98)"
  "@rules_rust_rust_analyzer__proc-macro-error-attr-1.0.4//:proc-macro-error-attr_build_script_ (5d1dc98)"
  "@rules_rust_rust_analyzer__proc-macro-error-attr-1.0.4//:proc-macro-error-attr_build_script_ (5d1dc98)" -> "@rules_rust_rust_analyzer__proc-macro-error-attr-1.0.4//:.cargo_vcs_info.json (null)\n@rules_rust_rust_analyzer__proc-macro-error-attr-1.0.4//:.gitignore (null)\n@rules_rust_rust_analyzer__proc-macro-error-attr-1.0.4//:Cargo.toml (null)\n@rules_rust_rust_analyzer__proc-macro-error-attr-1.0.4//:Cargo.toml.orig (null)\n@rules_rust_rust_analyzer__proc-macro-error-attr-1.0.4//:LICENSE-APACHE (null)\n@rules_rust_rust_analyzer__proc-macro-error-attr-1.0.4//:LICENSE-MIT (null)\n...and 4 more items"
  "@rules_rust_rust_analyzer__proc-macro-error-attr-1.0.4//:proc-macro-error-attr_build_script_ (5d1dc98)" -> "@rules_rust_rust_analyzer__version_check-0.9.4//:version_check (5d1dc98)"
  "@rules_rust_rust_analyzer__proc-macro-error-attr-1.0.4//:.cargo_vcs_info.json (null)\n@rules_rust_rust_analyzer__proc-macro-error-attr-1.0.4//:.gitignore (null)\n@rules_rust_rust_analyzer__proc-macro-error-attr-1.0.4//:Cargo.toml (null)\n@rules_rust_rust_analyzer__proc-macro-error-attr-1.0.4//:Cargo.toml.orig (null)\n@rules_rust_rust_analyzer__proc-macro-error-attr-1.0.4//:LICENSE-APACHE (null)\n@rules_rust_rust_analyzer__proc-macro-error-attr-1.0.4//:LICENSE-MIT (null)\n...and 4 more items"
  "@rules_rust_rust_analyzer__proc-macro-error-1.0.4//:build_script_build (5d1dc98)"
  "@rules_rust_rust_analyzer__proc-macro-error-1.0.4//:build_script_build (5d1dc98)" -> "@rules_rust_rust_analyzer__proc-macro-error-1.0.4//:proc-macro-error_build_script (5d1dc98)"
  "@rules_rust_rust_analyzer__proc-macro-error-1.0.4//:proc-macro-error_build_script (5d1dc98)"
  "@rules_rust_rust_analyzer__proc-macro-error-1.0.4//:proc-macro-error_build_script (5d1dc98)" -> "@rules_rust_rust_analyzer__proc-macro-error-1.0.4//:.cargo_vcs_info.json (null)\n@rules_rust_rust_analyzer__proc-macro-error-1.0.4//:.gitignore (null)\n@rules_rust_rust_analyzer__proc-macro-error-1.0.4//:.gitlab-ci.yml (null)\n@rules_rust_rust_analyzer__proc-macro-error-1.0.4//:.travis.yml (null)\n@rules_rust_rust_analyzer__proc-macro-error-1.0.4//:CHANGELOG.md (null)\n@rules_rust_rust_analyzer__proc-macro-error-1.0.4//:Cargo.toml (null)\n...and 45 more items"
  "@rules_rust_rust_analyzer__proc-macro-error-1.0.4//:proc-macro-error_build_script (5d1dc98)" -> "@rules_rust_rust_analyzer__proc-macro-error-1.0.4//:proc-macro-error_build_script_ (5d1dc98)"
  "@rules_rust_rust_analyzer__proc-macro-error-1.0.4//:proc-macro-error_build_script (5d1dc98)" -> "@rules_rust_rust_analyzer__version_check-0.9.4//:version_check (5d1dc98)"
  "@rules_rust_rust_analyzer__proc-macro-error-1.0.4//:proc-macro-error_build_script_ (5d1dc98)"
  "@rules_rust_rust_analyzer__proc-macro-error-1.0.4//:proc-macro-error_build_script_ (5d1dc98)" -> "@rules_rust_rust_analyzer__proc-macro-error-1.0.4//:.cargo_vcs_info.json (null)\n@rules_rust_rust_analyzer__proc-macro-error-1.0.4//:.gitignore (null)\n@rules_rust_rust_analyzer__proc-macro-error-1.0.4//:.gitlab-ci.yml (null)\n@rules_rust_rust_analyzer__proc-macro-error-1.0.4//:.travis.yml (null)\n@rules_rust_rust_analyzer__proc-macro-error-1.0.4//:CHANGELOG.md (null)\n@rules_rust_rust_analyzer__proc-macro-error-1.0.4//:Cargo.toml (null)\n...and 45 more items"
  "@rules_rust_rust_analyzer__proc-macro-error-1.0.4//:proc-macro-error_build_script_ (5d1dc98)" -> "@rules_rust_rust_analyzer__version_check-0.9.4//:version_check (5d1dc98)"
  "@rules_rust_rust_analyzer__version_check-0.9.4//:version_check (5d1dc98)"
  "@rules_rust_rust_analyzer__version_check-0.9.4//:version_check (5d1dc98)" -> "@rules_rust_rust_analyzer__version_check-0.9.4//:.cargo_vcs_info.json (null)\n@rules_rust_rust_analyzer__version_check-0.9.4//:.github/workflows/ci.yml (null)\n@rules_rust_rust_analyzer__version_check-0.9.4//:.gitignore (null)\n@rules_rust_rust_analyzer__version_check-0.9.4//:.travis.yml (null)\n@rules_rust_rust_analyzer__version_check-0.9.4//:Cargo.toml (null)\n@rules_rust_rust_analyzer__version_check-0.9.4//:Cargo.toml.orig (null)\n...and 7 more items"
  "@rules_rust_rust_analyzer__version_check-0.9.4//:.cargo_vcs_info.json (null)\n@rules_rust_rust_analyzer__version_check-0.9.4//:.github/workflows/ci.yml (null)\n@rules_rust_rust_analyzer__version_check-0.9.4//:.gitignore (null)\n@rules_rust_rust_analyzer__version_check-0.9.4//:.travis.yml (null)\n@rules_rust_rust_analyzer__version_check-0.9.4//:Cargo.toml (null)\n@rules_rust_rust_analyzer__version_check-0.9.4//:Cargo.toml.orig (null)\n...and 7 more items"
  "@rules_rust_rust_analyzer__proc-macro-error-1.0.4//:.cargo_vcs_info.json (null)\n@rules_rust_rust_analyzer__proc-macro-error-1.0.4//:.gitignore (null)\n@rules_rust_rust_analyzer__proc-macro-error-1.0.4//:.gitlab-ci.yml (null)\n@rules_rust_rust_analyzer__proc-macro-error-1.0.4//:.travis.yml (null)\n@rules_rust_rust_analyzer__proc-macro-error-1.0.4//:CHANGELOG.md (null)\n@rules_rust_rust_analyzer__proc-macro-error-1.0.4//:Cargo.toml (null)\n...and 45 more items"
  "@rules_rust_rust_analyzer__heck-0.4.0//:heck (5d1dc98)"
  "@rules_rust_rust_analyzer__heck-0.4.0//:heck (5d1dc98)" -> "@rules_rust_rust_analyzer__heck-0.4.0//:.cargo_vcs_info.json (null)\n@rules_rust_rust_analyzer__heck-0.4.0//:CHANGELOG.md (null)\n@rules_rust_rust_analyzer__heck-0.4.0//:Cargo.toml (null)\n@rules_rust_rust_analyzer__heck-0.4.0//:Cargo.toml.orig (null)\n@rules_rust_rust_analyzer__heck-0.4.0//:LICENSE-APACHE (null)\n@rules_rust_rust_analyzer__heck-0.4.0//:LICENSE-MIT (null)\n@rules_rust_rust_analyzer__heck-0.4.0//:README.md (null)\n...and 8 more items"
  "@rules_rust_rust_analyzer__heck-0.4.0//:.cargo_vcs_info.json (null)\n@rules_rust_rust_analyzer__heck-0.4.0//:CHANGELOG.md (null)\n@rules_rust_rust_analyzer__heck-0.4.0//:Cargo.toml (null)\n@rules_rust_rust_analyzer__heck-0.4.0//:Cargo.toml.orig (null)\n@rules_rust_rust_analyzer__heck-0.4.0//:LICENSE-APACHE (null)\n@rules_rust_rust_analyzer__heck-0.4.0//:LICENSE-MIT (null)\n@rules_rust_rust_analyzer__heck-0.4.0//:README.md (null)\n...and 8 more items"
  "@rules_rust_rust_analyzer__clap_derive-3.2.18//:.cargo_vcs_info.json (null)\n@rules_rust_rust_analyzer__clap_derive-3.2.18//:Cargo.toml (null)\n@rules_rust_rust_analyzer__clap_derive-3.2.18//:Cargo.toml.orig (null)\n@rules_rust_rust_analyzer__clap_derive-3.2.18//:LICENSE-APACHE (null)\n@rules_rust_rust_analyzer__clap_derive-3.2.18//:LICENSE-MIT (null)\n@rules_rust_rust_analyzer__clap_derive-3.2.18//:README.md (null)\n...and 14 more items"
  "@rules_rust_rust_analyzer__clap-3.2.23//:.cargo_vcs_info.json (null)\n@rules_rust_rust_analyzer__clap-3.2.23//:Cargo.lock (null)\n@rules_rust_rust_analyzer__clap-3.2.23//:Cargo.toml (null)\n@rules_rust_rust_analyzer__clap-3.2.23//:Cargo.toml.orig (null)\n@rules_rust_rust_analyzer__clap-3.2.23//:LICENSE-APACHE (null)\n@rules_rust_rust_analyzer__clap-3.2.23//:LICENSE-MIT (null)\n@rules_rust_rust_analyzer__clap-3.2.23//:README.md (null)\n...and 159 more items"
  "@rules_rust_rust_analyzer__bitflags-1.3.2//:bitflags (1348dce)"
  "@rules_rust_rust_analyzer__bitflags-1.3.2//:bitflags (1348dce)" -> "@rules_rust_rust_analyzer__bitflags-1.3.2//:.cargo_vcs_info.json (null)\n@rules_rust_rust_analyzer__bitflags-1.3.2//:.github/workflows/rust.yml (null)\n@rules_rust_rust_analyzer__bitflags-1.3.2//:.gitignore (null)\n@rules_rust_rust_analyzer__bitflags-1.3.2//:CHANGELOG.md (null)\n@rules_rust_rust_analyzer__bitflags-1.3.2//:CODE_OF_CONDUCT.md (null)\n@rules_rust_rust_analyzer__bitflags-1.3.2//:Cargo.toml (null)\n@rules_rust_rust_analyzer__bitflags-1.3.2//:Cargo.toml.orig (null)\n...and 31 more items"
  "@rules_rust_rust_analyzer__bitflags-1.3.2//:.cargo_vcs_info.json (null)\n@rules_rust_rust_analyzer__bitflags-1.3.2//:.github/workflows/rust.yml (null)\n@rules_rust_rust_analyzer__bitflags-1.3.2//:.gitignore (null)\n@rules_rust_rust_analyzer__bitflags-1.3.2//:CHANGELOG.md (null)\n@rules_rust_rust_analyzer__bitflags-1.3.2//:CODE_OF_CONDUCT.md (null)\n@rules_rust_rust_analyzer__bitflags-1.3.2//:Cargo.toml (null)\n@rules_rust_rust_analyzer__bitflags-1.3.2//:Cargo.toml.orig (null)\n...and 31 more items"
  "@rules_rust_rust_analyzer__atty-0.2.14//:atty (1348dce)"
  "@rules_rust_rust_analyzer__atty-0.2.14//:atty (1348dce)" -> "@rules_rust//rust/platform:aarch64-apple-darwin (1348dce)"
  "@rules_rust_rust_analyzer__atty-0.2.14//:atty (1348dce)" -> "@rules_rust//rust/platform:aarch64-pc-windows-msvc (1348dce)"
  "@rules_rust_rust_analyzer__atty-0.2.14//:atty (1348dce)" -> "@rules_rust//rust/platform:aarch64-unknown-linux-gnu (1348dce)"
  "@rules_rust_rust_analyzer__atty-0.2.14//:atty (1348dce)" -> "@rules_rust//rust/platform:arm-unknown-linux-gnueabi (1348dce)"
  "@rules_rust_rust_analyzer__atty-0.2.14//:atty (1348dce)" -> "@rules_rust//rust/platform:armv7-linux-androideabi (1348dce)"
  "@rules_rust_rust_analyzer__atty-0.2.14//:atty (1348dce)" -> "@rules_rust//rust/platform:armv7-unknown-linux-gnueabi (1348dce)"
  "@rules_rust_rust_analyzer__atty-0.2.14//:atty (1348dce)" -> "@rules_rust//rust/platform:i686-apple-darwin (1348dce)"
  "@rules_rust_rust_analyzer__atty-0.2.14//:atty (1348dce)" -> "@rules_rust//rust/platform:i686-pc-windows-msvc (1348dce)"
  "@rules_rust_rust_analyzer__atty-0.2.14//:atty (1348dce)" -> "@rules_rust//rust/platform:i686-unknown-freebsd (1348dce)"
  "@rules_rust_rust_analyzer__atty-0.2.14//:atty (1348dce)" -> "@rules_rust//rust/platform:i686-unknown-linux-gnu (1348dce)"
  "@rules_rust_rust_analyzer__atty-0.2.14//:atty (1348dce)" -> "@rules_rust//rust/platform:powerpc-unknown-linux-gnu (1348dce)"
  "@rules_rust_rust_analyzer__atty-0.2.14//:atty (1348dce)" -> "@rules_rust//rust/platform:s390x-unknown-linux-gnu (1348dce)"
  "@rules_rust_rust_analyzer__atty-0.2.14//:atty (1348dce)" -> "@rules_rust//rust/platform:x86_64-apple-darwin (1348dce)"
  "@rules_rust_rust_analyzer__atty-0.2.14//:atty (1348dce)" -> "@rules_rust//rust/platform:x86_64-pc-windows-msvc (1348dce)"
  "@rules_rust_rust_analyzer__atty-0.2.14//:atty (1348dce)" -> "@rules_rust//rust/platform:x86_64-unknown-freebsd (1348dce)"
  "@rules_rust_rust_analyzer__atty-0.2.14//:atty (1348dce)" -> "@rules_rust//rust/platform:x86_64-unknown-linux-gnu (1348dce)"
  "@rules_rust_rust_analyzer__atty-0.2.14//:atty (1348dce)" -> "@rules_rust_rust_analyzer__atty-0.2.14//:.cargo_vcs_info.json (null)\n@rules_rust_rust_analyzer__atty-0.2.14//:.gitignore (null)\n@rules_rust_rust_analyzer__atty-0.2.14//:CHANGELOG.md (null)\n@rules_rust_rust_analyzer__atty-0.2.14//:Cargo.lock (null)\n@rules_rust_rust_analyzer__atty-0.2.14//:Cargo.toml (null)\n@rules_rust_rust_analyzer__atty-0.2.14//:Cargo.toml.orig (null)\n@rules_rust_rust_analyzer__atty-0.2.14//:LICENSE (null)\n...and 4 more items"
  "@rules_rust_rust_analyzer__atty-0.2.14//:atty (1348dce)" -> "@rules_rust_rust_analyzer__libc-0.2.139//:libc (1348dce)"
  "@rules_rust_rust_analyzer__libc-0.2.139//:libc (1348dce)"
  "@rules_rust_rust_analyzer__libc-0.2.139//:libc (1348dce)" -> "@rules_rust_rust_analyzer__libc-0.2.139//:.cargo_vcs_info.json (null)\n@rules_rust_rust_analyzer__libc-0.2.139//:.gitignore (null)\n@rules_rust_rust_analyzer__libc-0.2.139//:CONTRIBUTING.md (null)\n@rules_rust_rust_analyzer__libc-0.2.139//:Cargo.toml (null)\n@rules_rust_rust_analyzer__libc-0.2.139//:Cargo.toml.orig (null)\n@rules_rust_rust_analyzer__libc-0.2.139//:LICENSE-APACHE (null)\n@rules_rust_rust_analyzer__libc-0.2.139//:LICENSE-MIT (null)\n...and 219 more items"
  "@rules_rust_rust_analyzer__libc-0.2.139//:libc (1348dce)" -> "@rules_rust_rust_analyzer__libc-0.2.139//:build_script_build (1348dce)"
  "@rules_rust_rust_analyzer__libc-0.2.139//:build_script_build (1348dce)"
  "@rules_rust_rust_analyzer__libc-0.2.139//:build_script_build (1348dce)" -> "@rules_rust_rust_analyzer__libc-0.2.139//:libc_build_script (1348dce)"
  "@rules_rust_rust_analyzer__libc-0.2.139//:libc_build_script (1348dce)"
  "@rules_rust_rust_analyzer__libc-0.2.139//:libc_build_script (1348dce)" -> "@rules_rust_rust_analyzer__libc-0.2.139//:.cargo_vcs_info.json (null)\n@rules_rust_rust_analyzer__libc-0.2.139//:.gitignore (null)\n@rules_rust_rust_analyzer__libc-0.2.139//:CONTRIBUTING.md (null)\n@rules_rust_rust_analyzer__libc-0.2.139//:Cargo.toml (null)\n@rules_rust_rust_analyzer__libc-0.2.139//:Cargo.toml.orig (null)\n@rules_rust_rust_analyzer__libc-0.2.139//:LICENSE-APACHE (null)\n@rules_rust_rust_analyzer__libc-0.2.139//:LICENSE-MIT (null)\n...and 219 more items"
  "@rules_rust_rust_analyzer__libc-0.2.139//:libc_build_script (1348dce)" -> "@rules_rust_rust_analyzer__libc-0.2.139//:libc_build_script_ (5d1dc98)"
  "@rules_rust_rust_analyzer__libc-0.2.139//:libc_build_script_ (5d1dc98)"
  "@rules_rust_rust_analyzer__libc-0.2.139//:libc_build_script_ (5d1dc98)" -> "@rules_rust_rust_analyzer__libc-0.2.139//:.cargo_vcs_info.json (null)\n@rules_rust_rust_analyzer__libc-0.2.139//:.gitignore (null)\n@rules_rust_rust_analyzer__libc-0.2.139//:CONTRIBUTING.md (null)\n@rules_rust_rust_analyzer__libc-0.2.139//:Cargo.toml (null)\n@rules_rust_rust_analyzer__libc-0.2.139//:Cargo.toml.orig (null)\n@rules_rust_rust_analyzer__libc-0.2.139//:LICENSE-APACHE (null)\n@rules_rust_rust_analyzer__libc-0.2.139//:LICENSE-MIT (null)\n...and 219 more items"
  "@rules_rust_rust_analyzer__libc-0.2.139//:.cargo_vcs_info.json (null)\n@rules_rust_rust_analyzer__libc-0.2.139//:.gitignore (null)\n@rules_rust_rust_analyzer__libc-0.2.139//:CONTRIBUTING.md (null)\n@rules_rust_rust_analyzer__libc-0.2.139//:Cargo.toml (null)\n@rules_rust_rust_analyzer__libc-0.2.139//:Cargo.toml.orig (null)\n@rules_rust_rust_analyzer__libc-0.2.139//:LICENSE-APACHE (null)\n@rules_rust_rust_analyzer__libc-0.2.139//:LICENSE-MIT (null)\n...and 219 more items"
  "@rules_rust_rust_analyzer__atty-0.2.14//:.cargo_vcs_info.json (null)\n@rules_rust_rust_analyzer__atty-0.2.14//:.gitignore (null)\n@rules_rust_rust_analyzer__atty-0.2.14//:CHANGELOG.md (null)\n@rules_rust_rust_analyzer__atty-0.2.14//:Cargo.lock (null)\n@rules_rust_rust_analyzer__atty-0.2.14//:Cargo.toml (null)\n@rules_rust_rust_analyzer__atty-0.2.14//:Cargo.toml.orig (null)\n@rules_rust_rust_analyzer__atty-0.2.14//:LICENSE (null)\n...and 4 more items"
  "@rules_rust//rust/platform:x86_64-unknown-linux-gnu (1348dce)"
  "@rules_rust//rust/platform:x86_64-unknown-linux-gnu (1348dce)" -> "@platforms//cpu:x86_64 (1348dce)"
  "@rules_rust//rust/platform:x86_64-unknown-linux-gnu (1348dce)" -> "@platforms//os:linux (1348dce)"
  "@rules_rust//rust/platform:x86_64-unknown-freebsd (1348dce)"
  "@rules_rust//rust/platform:x86_64-unknown-freebsd (1348dce)" -> "@platforms//cpu:x86_64 (1348dce)"
  "@rules_rust//rust/platform:x86_64-unknown-freebsd (1348dce)" -> "@platforms//os:freebsd (1348dce)"
  "@rules_rust//rust/platform:x86_64-pc-windows-msvc (1348dce)"
  "@rules_rust//rust/platform:x86_64-pc-windows-msvc (1348dce)" -> "@platforms//cpu:x86_64 (1348dce)"
  "@rules_rust//rust/platform:x86_64-pc-windows-msvc (1348dce)" -> "@platforms//os:windows (1348dce)"
  "@rules_rust//rust/platform:x86_64-apple-darwin (1348dce)"
  "@rules_rust//rust/platform:x86_64-apple-darwin (1348dce)" -> "@platforms//cpu:x86_64 (1348dce)"
  "@rules_rust//rust/platform:x86_64-apple-darwin (1348dce)" -> "@platforms//os:osx (1348dce)"
  "@platforms//cpu:x86_64 (1348dce)"
  "@platforms//cpu:x86_64 (1348dce)" -> "@platforms//cpu:cpu (1348dce)"
  "@rules_rust//rust/platform:s390x-unknown-linux-gnu (1348dce)"
  "@rules_rust//rust/platform:s390x-unknown-linux-gnu (1348dce)" -> "@platforms//cpu:s390x (1348dce)"
  "@rules_rust//rust/platform:s390x-unknown-linux-gnu (1348dce)" -> "@platforms//os:linux (1348dce)"
  "@platforms//cpu:s390x (1348dce)"
  "@platforms//cpu:s390x (1348dce)" -> "@platforms//cpu:cpu (1348dce)"
  "@rules_rust//rust/platform:powerpc-unknown-linux-gnu (1348dce)"
  "@rules_rust//rust/platform:powerpc-unknown-linux-gnu (1348dce)" -> "@platforms//cpu:ppc (1348dce)"
  "@rules_rust//rust/platform:powerpc-unknown-linux-gnu (1348dce)" -> "@platforms//os:linux (1348dce)"
  "@platforms//cpu:ppc (1348dce)"
  "@platforms//cpu:ppc (1348dce)" -> "@platforms//cpu:cpu (1348dce)"
  "@rules_rust//rust/platform:i686-unknown-linux-gnu (1348dce)"
  "@rules_rust//rust/platform:i686-unknown-linux-gnu (1348dce)" -> "@platforms//cpu:x86_32 (1348dce)"
  "@rules_rust//rust/platform:i686-unknown-linux-gnu (1348dce)" -> "@platforms//os:linux (1348dce)"
  "@rules_rust//rust/platform:i686-unknown-freebsd (1348dce)"
  "@rules_rust//rust/platform:i686-unknown-freebsd (1348dce)" -> "@platforms//cpu:x86_32 (1348dce)"
  "@rules_rust//rust/platform:i686-unknown-freebsd (1348dce)" -> "@platforms//os:freebsd (1348dce)"
  "@platforms//os:freebsd (1348dce)"
  "@platforms//os:freebsd (1348dce)" -> "@platforms//os:os (1348dce)"
  "@rules_rust//rust/platform:i686-pc-windows-msvc (1348dce)"
  "@rules_rust//rust/platform:i686-pc-windows-msvc (1348dce)" -> "@platforms//cpu:x86_32 (1348dce)"
  "@rules_rust//rust/platform:i686-pc-windows-msvc (1348dce)" -> "@platforms//os:windows (1348dce)"
  "@rules_rust//rust/platform:i686-apple-darwin (1348dce)"
  "@rules_rust//rust/platform:i686-apple-darwin (1348dce)" -> "@platforms//cpu:x86_32 (1348dce)"
  "@rules_rust//rust/platform:i686-apple-darwin (1348dce)" -> "@platforms//os:osx (1348dce)"
  "@platforms//cpu:x86_32 (1348dce)"
  "@platforms//cpu:x86_32 (1348dce)" -> "@platforms//cpu:cpu (1348dce)"
  "@rules_rust//rust/platform:armv7-unknown-linux-gnueabi (1348dce)"
  "@rules_rust//rust/platform:armv7-unknown-linux-gnueabi (1348dce)" -> "@platforms//cpu:armv7 (1348dce)"
  "@rules_rust//rust/platform:armv7-unknown-linux-gnueabi (1348dce)" -> "@platforms//os:linux (1348dce)"
  "@rules_rust//rust/platform:armv7-linux-androideabi (1348dce)"
  "@rules_rust//rust/platform:armv7-linux-androideabi (1348dce)" -> "@platforms//cpu:armv7 (1348dce)"
  "@rules_rust//rust/platform:armv7-linux-androideabi (1348dce)" -> "@platforms//os:android (1348dce)"
  "@platforms//os:android (1348dce)"
  "@platforms//os:android (1348dce)" -> "@platforms//os:os (1348dce)"
  "@platforms//cpu:armv7 (1348dce)"
  "@platforms//cpu:armv7 (1348dce)" -> "@platforms//cpu:cpu (1348dce)"
  "@rules_rust//rust/platform:arm-unknown-linux-gnueabi (1348dce)"
  "@rules_rust//rust/platform:arm-unknown-linux-gnueabi (1348dce)" -> "@platforms//cpu:arm (1348dce)"
  "@rules_rust//rust/platform:arm-unknown-linux-gnueabi (1348dce)" -> "@platforms//os:linux (1348dce)"
  "@platforms//cpu:arm (1348dce)"
  "@platforms//cpu:arm (1348dce)" -> "@platforms//cpu:cpu (1348dce)"
  "@rules_rust//rust/platform:aarch64-unknown-linux-gnu (1348dce)"
  "@rules_rust//rust/platform:aarch64-unknown-linux-gnu (1348dce)" -> "@platforms//cpu:aarch64 (1348dce)"
  "@rules_rust//rust/platform:aarch64-unknown-linux-gnu (1348dce)" -> "@platforms//os:linux (1348dce)"
  "@platforms//os:linux (1348dce)"
  "@platforms//os:linux (1348dce)" -> "@platforms//os:os (1348dce)"
  "@rules_rust//rust/platform:aarch64-pc-windows-msvc (1348dce)"
  "@rules_rust//rust/platform:aarch64-pc-windows-msvc (1348dce)" -> "@platforms//cpu:aarch64 (1348dce)"
  "@rules_rust//rust/platform:aarch64-pc-windows-msvc (1348dce)" -> "@platforms//os:windows (1348dce)"
  "@platforms//os:windows (1348dce)"
  "@platforms//os:windows (1348dce)" -> "@platforms//os:os (1348dce)"
  "@rules_rust//rust/platform:aarch64-apple-darwin (1348dce)"
  "@rules_rust//rust/platform:aarch64-apple-darwin (1348dce)" -> "@platforms//cpu:aarch64 (1348dce)"
  "@rules_rust//rust/platform:aarch64-apple-darwin (1348dce)" -> "@platforms//os:osx (1348dce)"
  "@platforms//os:osx (1348dce)"
  "@platforms//os:osx (1348dce)" -> "@platforms//os:os (1348dce)"
  "@platforms//os:os (1348dce)"
  "@platforms//cpu:aarch64 (1348dce)"
  "@platforms//cpu:aarch64 (1348dce)" -> "@platforms//cpu:arm64 (1348dce)"
  "@platforms//cpu:arm64 (1348dce)"
  "@platforms//cpu:arm64 (1348dce)" -> "@platforms//cpu:cpu (1348dce)"
  "@platforms//cpu:cpu (1348dce)"
  "@rules_rust//tools/rust_analyzer:main.rs (null)"
  "@rules_rust//tools/rust_analyzer:gen_rust_project_lib (1348dce)"
  "@rules_rust//tools/rust_analyzer:gen_rust_project_lib (1348dce)" -> "@rules_rust//rust/private:rust_analyzer_detect_sysroot (1348dce)\n@rules_rust//tools/rust_analyzer:aquery.rs (null)\n@rules_rust//tools/rust_analyzer:lib.rs (null)\n@rules_rust//tools/rust_analyzer:rust_project.rs (null)"
  "@rules_rust//tools/rust_analyzer:gen_rust_project_lib (1348dce)" -> "@rules_rust//tools/runfiles:runfiles (1348dce)"
  "@rules_rust//tools/rust_analyzer:gen_rust_project_lib (1348dce)" -> "@rules_rust//tools/rust_analyzer/3rdparty/crates:anyhow (1348dce)"
  "@rules_rust//tools/rust_analyzer:gen_rust_project_lib (1348dce)" -> "@rules_rust//tools/rust_analyzer/3rdparty/crates:log (1348dce)"
  "@rules_rust//tools/rust_analyzer:gen_rust_project_lib (1348dce)" -> "@rules_rust//tools/rust_analyzer/3rdparty/crates:serde (1348dce)"
  "@rules_rust//tools/rust_analyzer:gen_rust_project_lib (1348dce)" -> "@rules_rust//tools/rust_analyzer/3rdparty/crates:serde_json (1348dce)"
  "@rules_rust//tools/rust_analyzer/3rdparty/crates:serde_json (1348dce)"
  "@rules_rust//tools/rust_analyzer/3rdparty/crates:serde_json (1348dce)" -> "@rules_rust_rust_analyzer__serde_json-1.0.91//:serde_json (1348dce)"
  "@rules_rust_rust_analyzer__serde_json-1.0.91//:serde_json (1348dce)"
  "@rules_rust_rust_analyzer__serde_json-1.0.91//:serde_json (1348dce)" -> "@rules_rust_rust_analyzer__itoa-1.0.5//:itoa (1348dce)"
  "@rules_rust_rust_analyzer__serde_json-1.0.91//:serde_json (1348dce)" -> "@rules_rust_rust_analyzer__ryu-1.0.12//:ryu (1348dce)"
  "@rules_rust_rust_analyzer__serde_json-1.0.91//:serde_json (1348dce)" -> "@rules_rust_rust_analyzer__serde-1.0.152//:serde (1348dce)"
  "@rules_rust_rust_analyzer__serde_json-1.0.91//:serde_json (1348dce)" -> "@rules_rust_rust_analyzer__serde_json-1.0.91//:.cargo_vcs_info.json (null)\n@rules_rust_rust_analyzer__serde_json-1.0.91//:.github/workflows/ci.yml (null)\n@rules_rust_rust_analyzer__serde_json-1.0.91//:.gitignore (null)\n@rules_rust_rust_analyzer__serde_json-1.0.91//:CONTRIBUTING.md (null)\n@rules_rust_rust_analyzer__serde_json-1.0.91//:Cargo.toml (null)\n@rules_rust_rust_analyzer__serde_json-1.0.91//:Cargo.toml.orig (null)\n...and 82 more items"
  "@rules_rust_rust_analyzer__serde_json-1.0.91//:serde_json (1348dce)" -> "@rules_rust_rust_analyzer__serde_json-1.0.91//:build_script_build (1348dce)"
  "@rules_rust_rust_analyzer__serde_json-1.0.91//:build_script_build (1348dce)"
  "@rules_rust_rust_analyzer__serde_json-1.0.91//:build_script_build (1348dce)" -> "@rules_rust_rust_analyzer__serde_json-1.0.91//:serde_json_build_script (1348dce)"
  "@rules_rust_rust_analyzer__serde_json-1.0.91//:serde_json_build_script (1348dce)"
  "@rules_rust_rust_analyzer__serde_json-1.0.91//:serde_json_build_script (1348dce)" -> "@rules_rust_rust_analyzer__serde_json-1.0.91//:.cargo_vcs_info.json (null)\n@rules_rust_rust_analyzer__serde_json-1.0.91//:.github/workflows/ci.yml (null)\n@rules_rust_rust_analyzer__serde_json-1.0.91//:.gitignore (null)\n@rules_rust_rust_analyzer__serde_json-1.0.91//:CONTRIBUTING.md (null)\n@rules_rust_rust_analyzer__serde_json-1.0.91//:Cargo.toml (null)\n@rules_rust_rust_analyzer__serde_json-1.0.91//:Cargo.toml.orig (null)\n...and 82 more items"
  "@rules_rust_rust_analyzer__serde_json-1.0.91//:serde_json_build_script (1348dce)" -> "@rules_rust_rust_analyzer__serde_json-1.0.91//:serde_json_build_script_ (5d1dc98)"
  "@rules_rust_rust_analyzer__serde_json-1.0.91//:serde_json_build_script_ (5d1dc98)"
  "@rules_rust_rust_analyzer__serde_json-1.0.91//:serde_json_build_script_ (5d1dc98)" -> "@rules_rust_rust_analyzer__serde_json-1.0.91//:.cargo_vcs_info.json (null)\n@rules_rust_rust_analyzer__serde_json-1.0.91//:.github/workflows/ci.yml (null)\n@rules_rust_rust_analyzer__serde_json-1.0.91//:.gitignore (null)\n@rules_rust_rust_analyzer__serde_json-1.0.91//:CONTRIBUTING.md (null)\n@rules_rust_rust_analyzer__serde_json-1.0.91//:Cargo.toml (null)\n@rules_rust_rust_analyzer__serde_json-1.0.91//:Cargo.toml.orig (null)\n...and 82 more items"
  "@rules_rust_rust_analyzer__serde_json-1.0.91//:.cargo_vcs_info.json (null)\n@rules_rust_rust_analyzer__serde_json-1.0.91//:.github/workflows/ci.yml (null)\n@rules_rust_rust_analyzer__serde_json-1.0.91//:.gitignore (null)\n@rules_rust_rust_analyzer__serde_json-1.0.91//:CONTRIBUTING.md (null)\n@rules_rust_rust_analyzer__serde_json-1.0.91//:Cargo.toml (null)\n@rules_rust_rust_analyzer__serde_json-1.0.91//:Cargo.toml.orig (null)\n...and 82 more items"
  "@rules_rust_rust_analyzer__ryu-1.0.12//:ryu (1348dce)"
  "@rules_rust_rust_analyzer__ryu-1.0.12//:ryu (1348dce)" -> "@rules_rust_rust_analyzer__ryu-1.0.12//:.cargo_vcs_info.json (null)\n@rules_rust_rust_analyzer__ryu-1.0.12//:.clippy.toml (null)\n@rules_rust_rust_analyzer__ryu-1.0.12//:.github/FUNDING.yml (null)\n@rules_rust_rust_analyzer__ryu-1.0.12//:.github/workflows/ci.yml (null)\n@rules_rust_rust_analyzer__ryu-1.0.12//:.gitignore (null)\n@rules_rust_rust_analyzer__ryu-1.0.12//:Cargo.lock (null)\n@rules_rust_rust_analyzer__ryu-1.0.12//:Cargo.toml (null)\n...and 30 more items"
  "@rules_rust_rust_analyzer__ryu-1.0.12//:.cargo_vcs_info.json (null)\n@rules_rust_rust_analyzer__ryu-1.0.12//:.clippy.toml (null)\n@rules_rust_rust_analyzer__ryu-1.0.12//:.github/FUNDING.yml (null)\n@rules_rust_rust_analyzer__ryu-1.0.12//:.github/workflows/ci.yml (null)\n@rules_rust_rust_analyzer__ryu-1.0.12//:.gitignore (null)\n@rules_rust_rust_analyzer__ryu-1.0.12//:Cargo.lock (null)\n@rules_rust_rust_analyzer__ryu-1.0.12//:Cargo.toml (null)\n...and 30 more items"
  "@rules_rust_rust_analyzer__itoa-1.0.5//:itoa (1348dce)"
  "@rules_rust_rust_analyzer__itoa-1.0.5//:itoa (1348dce)" -> "@rules_rust_rust_analyzer__itoa-1.0.5//:.cargo_vcs_info.json (null)\n@rules_rust_rust_analyzer__itoa-1.0.5//:.clippy.toml (null)\n@rules_rust_rust_analyzer__itoa-1.0.5//:.github/FUNDING.yml (null)\n@rules_rust_rust_analyzer__itoa-1.0.5//:.github/workflows/ci.yml (null)\n@rules_rust_rust_analyzer__itoa-1.0.5//:.gitignore (null)\n@rules_rust_rust_analyzer__itoa-1.0.5//:Cargo.toml (null)\n@rules_rust_rust_analyzer__itoa-1.0.5//:Cargo.toml.orig (null)\n...and 7 more items"
  "@rules_rust_rust_analyzer__itoa-1.0.5//:.cargo_vcs_info.json (null)\n@rules_rust_rust_analyzer__itoa-1.0.5//:.clippy.toml (null)\n@rules_rust_rust_analyzer__itoa-1.0.5//:.github/FUNDING.yml (null)\n@rules_rust_rust_analyzer__itoa-1.0.5//:.github/workflows/ci.yml (null)\n@rules_rust_rust_analyzer__itoa-1.0.5//:.gitignore (null)\n@rules_rust_rust_analyzer__itoa-1.0.5//:Cargo.toml (null)\n@rules_rust_rust_analyzer__itoa-1.0.5//:Cargo.toml.orig (null)\n...and 7 more items"
  "@rules_rust//tools/rust_analyzer/3rdparty/crates:serde (1348dce)"
  "@rules_rust//tools/rust_analyzer/3rdparty/crates:serde (1348dce)" -> "@rules_rust_rust_analyzer__serde-1.0.152//:serde (1348dce)"
  "@rules_rust_rust_analyzer__serde-1.0.152//:serde (1348dce)"
  "@rules_rust_rust_analyzer__serde-1.0.152//:serde (1348dce)" -> "@rules_rust_rust_analyzer__serde-1.0.152//:.cargo_vcs_info.json (null)\n@rules_rust_rust_analyzer__serde-1.0.152//:Cargo.toml (null)\n@rules_rust_rust_analyzer__serde-1.0.152//:Cargo.toml.orig (null)\n@rules_rust_rust_analyzer__serde-1.0.152//:LICENSE-APACHE (null)\n@rules_rust_rust_analyzer__serde-1.0.152//:LICENSE-MIT (null)\n@rules_rust_rust_analyzer__serde-1.0.152//:README.md (null)\n@rules_rust_rust_analyzer__serde-1.0.152//:build.rs (null)\n...and 21 more items"
  "@rules_rust_rust_analyzer__serde-1.0.152//:serde (1348dce)" -> "@rules_rust_rust_analyzer__serde-1.0.152//:build_script_build (1348dce)"
  "@rules_rust_rust_analyzer__serde-1.0.152//:serde (1348dce)" -> "@rules_rust_rust_analyzer__serde_derive-1.0.152//:serde_derive (5d1dc98)"
  "@rules_rust_rust_analyzer__serde_derive-1.0.152//:serde_derive (5d1dc98)"
  "@rules_rust_rust_analyzer__serde_derive-1.0.152//:serde_derive (5d1dc98)" -> "@rules_rust_rust_analyzer__proc-macro2-1.0.49//:proc_macro2 (5d1dc98)"
  "@rules_rust_rust_analyzer__serde_derive-1.0.152//:serde_derive (5d1dc98)" -> "@rules_rust_rust_analyzer__quote-1.0.23//:quote (5d1dc98)"
  "@rules_rust_rust_analyzer__serde_derive-1.0.152//:serde_derive (5d1dc98)" -> "@rules_rust_rust_analyzer__serde_derive-1.0.152//:.cargo_vcs_info.json (null)\n@rules_rust_rust_analyzer__serde_derive-1.0.152//:Cargo.toml (null)\n@rules_rust_rust_analyzer__serde_derive-1.0.152//:Cargo.toml.orig (null)\n@rules_rust_rust_analyzer__serde_derive-1.0.152//:LICENSE-APACHE (null)\n@rules_rust_rust_analyzer__serde_derive-1.0.152//:LICENSE-MIT (null)\n@rules_rust_rust_analyzer__serde_derive-1.0.152//:README.md (null)\n...and 20 more items"
  "@rules_rust_rust_analyzer__serde_derive-1.0.152//:serde_derive (5d1dc98)" -> "@rules_rust_rust_analyzer__serde_derive-1.0.152//:build_script_build (5d1dc98)"
  "@rules_rust_rust_analyzer__serde_derive-1.0.152//:serde_derive (5d1dc98)" -> "@rules_rust_rust_analyzer__syn-1.0.107//:syn (5d1dc98)"
  "@rules_rust_rust_analyzer__syn-1.0.107//:syn (5d1dc98)"
  "@rules_rust_rust_analyzer__syn-1.0.107//:syn (5d1dc98)" -> "@rules_rust_rust_analyzer__proc-macro2-1.0.49//:proc_macro2 (5d1dc98)"
  "@rules_rust_rust_analyzer__syn-1.0.107//:syn (5d1dc98)" -> "@rules_rust_rust_analyzer__quote-1.0.23//:quote (5d1dc98)"
  "@rules_rust_rust_analyzer__syn-1.0.107//:syn (5d1dc98)" -> "@rules_rust_rust_analyzer__syn-1.0.107//:.cargo_vcs_info.json (null)\n@rules_rust_rust_analyzer__syn-1.0.107//:Cargo.toml (null)\n@rules_rust_rust_analyzer__syn-1.0.107//:Cargo.toml.orig (null)\n@rules_rust_rust_analyzer__syn-1.0.107//:LICENSE-APACHE (null)\n@rules_rust_rust_analyzer__syn-1.0.107//:LICENSE-MIT (null)\n@rules_rust_rust_analyzer__syn-1.0.107//:README.md (null)\n@rules_rust_rust_analyzer__syn-1.0.107//:benches/file.rs (null)\n...and 91 more items"
  "@rules_rust_rust_analyzer__syn-1.0.107//:syn (5d1dc98)" -> "@rules_rust_rust_analyzer__syn-1.0.107//:build_script_build (5d1dc98)"
  "@rules_rust_rust_analyzer__syn-1.0.107//:syn (5d1dc98)" -> "@rules_rust_rust_analyzer__unicode-ident-1.0.6//:unicode_ident (5d1dc98)"
  "@rules_rust_rust_analyzer__syn-1.0.107//:build_script_build (5d1dc98)"
  "@rules_rust_rust_analyzer__syn-1.0.107//:build_script_build (5d1dc98)" -> "@rules_rust_rust_analyzer__syn-1.0.107//:syn_build_script (5d1dc98)"
  "@rules_rust_rust_analyzer__syn-1.0.107//:syn_build_script (5d1dc98)"
  "@rules_rust_rust_analyzer__syn-1.0.107//:syn_build_script (5d1dc98)" -> "@rules_rust_rust_analyzer__syn-1.0.107//:.cargo_vcs_info.json (null)\n@rules_rust_rust_analyzer__syn-1.0.107//:Cargo.toml (null)\n@rules_rust_rust_analyzer__syn-1.0.107//:Cargo.toml.orig (null)\n@rules_rust_rust_analyzer__syn-1.0.107//:LICENSE-APACHE (null)\n@rules_rust_rust_analyzer__syn-1.0.107//:LICENSE-MIT (null)\n@rules_rust_rust_analyzer__syn-1.0.107//:README.md (null)\n@rules_rust_rust_analyzer__syn-1.0.107//:benches/file.rs (null)\n...and 91 more items"
  "@rules_rust_rust_analyzer__syn-1.0.107//:syn_build_script (5d1dc98)" -> "@rules_rust_rust_analyzer__syn-1.0.107//:syn_build_script_ (5d1dc98)"
  "@rules_rust_rust_analyzer__syn-1.0.107//:syn_build_script_ (5d1dc98)"
  "@rules_rust_rust_analyzer__syn-1.0.107//:syn_build_script_ (5d1dc98)" -> "@rules_rust_rust_analyzer__syn-1.0.107//:.cargo_vcs_info.json (null)\n@rules_rust_rust_analyzer__syn-1.0.107//:Cargo.toml (null)\n@rules_rust_rust_analyzer__syn-1.0.107//:Cargo.toml.orig (null)\n@rules_rust_rust_analyzer__syn-1.0.107//:LICENSE-APACHE (null)\n@rules_rust_rust_analyzer__syn-1.0.107//:LICENSE-MIT (null)\n@rules_rust_rust_analyzer__syn-1.0.107//:README.md (null)\n@rules_rust_rust_analyzer__syn-1.0.107//:benches/file.rs (null)\n...and 91 more items"
  "@rules_rust_rust_analyzer__syn-1.0.107//:.cargo_vcs_info.json (null)\n@rules_rust_rust_analyzer__syn-1.0.107//:Cargo.toml (null)\n@rules_rust_rust_analyzer__syn-1.0.107//:Cargo.toml.orig (null)\n@rules_rust_rust_analyzer__syn-1.0.107//:LICENSE-APACHE (null)\n@rules_rust_rust_analyzer__syn-1.0.107//:LICENSE-MIT (null)\n@rules_rust_rust_analyzer__syn-1.0.107//:README.md (null)\n@rules_rust_rust_analyzer__syn-1.0.107//:benches/file.rs (null)\n...and 91 more items"
  "@rules_rust_rust_analyzer__serde_derive-1.0.152//:build_script_build (5d1dc98)"
  "@rules_rust_rust_analyzer__serde_derive-1.0.152//:build_script_build (5d1dc98)" -> "@rules_rust_rust_analyzer__serde_derive-1.0.152//:serde_derive_build_script (5d1dc98)"
  "@rules_rust_rust_analyzer__serde_derive-1.0.152//:serde_derive_build_script (5d1dc98)"
  "@rules_rust_rust_analyzer__serde_derive-1.0.152//:serde_derive_build_script (5d1dc98)" -> "@rules_rust_rust_analyzer__serde_derive-1.0.152//:.cargo_vcs_info.json (null)\n@rules_rust_rust_analyzer__serde_derive-1.0.152//:Cargo.toml (null)\n@rules_rust_rust_analyzer__serde_derive-1.0.152//:Cargo.toml.orig (null)\n@rules_rust_rust_analyzer__serde_derive-1.0.152//:LICENSE-APACHE (null)\n@rules_rust_rust_analyzer__serde_derive-1.0.152//:LICENSE-MIT (null)\n@rules_rust_rust_analyzer__serde_derive-1.0.152//:README.md (null)\n...and 20 more items"
  "@rules_rust_rust_analyzer__serde_derive-1.0.152//:serde_derive_build_script (5d1dc98)" -> "@rules_rust_rust_analyzer__serde_derive-1.0.152//:serde_derive_build_script_ (5d1dc98)"
  "@rules_rust_rust_analyzer__serde_derive-1.0.152//:serde_derive_build_script_ (5d1dc98)"
  "@rules_rust_rust_analyzer__serde_derive-1.0.152//:serde_derive_build_script_ (5d1dc98)" -> "@rules_rust_rust_analyzer__serde_derive-1.0.152//:.cargo_vcs_info.json (null)\n@rules_rust_rust_analyzer__serde_derive-1.0.152//:Cargo.toml (null)\n@rules_rust_rust_analyzer__serde_derive-1.0.152//:Cargo.toml.orig (null)\n@rules_rust_rust_analyzer__serde_derive-1.0.152//:LICENSE-APACHE (null)\n@rules_rust_rust_analyzer__serde_derive-1.0.152//:LICENSE-MIT (null)\n@rules_rust_rust_analyzer__serde_derive-1.0.152//:README.md (null)\n...and 20 more items"
  "@rules_rust_rust_analyzer__serde_derive-1.0.152//:.cargo_vcs_info.json (null)\n@rules_rust_rust_analyzer__serde_derive-1.0.152//:Cargo.toml (null)\n@rules_rust_rust_analyzer__serde_derive-1.0.152//:Cargo.toml.orig (null)\n@rules_rust_rust_analyzer__serde_derive-1.0.152//:LICENSE-APACHE (null)\n@rules_rust_rust_analyzer__serde_derive-1.0.152//:LICENSE-MIT (null)\n@rules_rust_rust_analyzer__serde_derive-1.0.152//:README.md (null)\n...and 20 more items"
  "@rules_rust_rust_analyzer__quote-1.0.23//:quote (5d1dc98)"
  "@rules_rust_rust_analyzer__quote-1.0.23//:quote (5d1dc98)" -> "@rules_rust_rust_analyzer__proc-macro2-1.0.49//:proc_macro2 (5d1dc98)"
  "@rules_rust_rust_analyzer__quote-1.0.23//:quote (5d1dc98)" -> "@rules_rust_rust_analyzer__quote-1.0.23//:.cargo_vcs_info.json (null)\n@rules_rust_rust_analyzer__quote-1.0.23//:.clippy.toml (null)\n@rules_rust_rust_analyzer__quote-1.0.23//:.github/FUNDING.yml (null)\n@rules_rust_rust_analyzer__quote-1.0.23//:.github/workflows/ci.yml (null)\n@rules_rust_rust_analyzer__quote-1.0.23//:.gitignore (null)\n@rules_rust_rust_analyzer__quote-1.0.23//:Cargo.toml (null)\n@rules_rust_rust_analyzer__quote-1.0.23//:Cargo.toml.orig (null)\n...and 28 more items"
  "@rules_rust_rust_analyzer__quote-1.0.23//:quote (5d1dc98)" -> "@rules_rust_rust_analyzer__quote-1.0.23//:build_script_build (5d1dc98)"
  "@rules_rust_rust_analyzer__quote-1.0.23//:build_script_build (5d1dc98)"
  "@rules_rust_rust_analyzer__quote-1.0.23//:build_script_build (5d1dc98)" -> "@rules_rust_rust_analyzer__quote-1.0.23//:quote_build_script (5d1dc98)"
  "@rules_rust_rust_analyzer__quote-1.0.23//:quote_build_script (5d1dc98)"
  "@rules_rust_rust_analyzer__quote-1.0.23//:quote_build_script (5d1dc98)" -> "@rules_rust_rust_analyzer__quote-1.0.23//:.cargo_vcs_info.json (null)\n@rules_rust_rust_analyzer__quote-1.0.23//:.clippy.toml (null)\n@rules_rust_rust_analyzer__quote-1.0.23//:.github/FUNDING.yml (null)\n@rules_rust_rust_analyzer__quote-1.0.23//:.github/workflows/ci.yml (null)\n@rules_rust_rust_analyzer__quote-1.0.23//:.gitignore (null)\n@rules_rust_rust_analyzer__quote-1.0.23//:Cargo.toml (null)\n@rules_rust_rust_analyzer__quote-1.0.23//:Cargo.toml.orig (null)\n...and 28 more items"
  "@rules_rust_rust_analyzer__quote-1.0.23//:quote_build_script (5d1dc98)" -> "@rules_rust_rust_analyzer__quote-1.0.23//:quote_build_script_ (5d1dc98)"
  "@rules_rust_rust_analyzer__quote-1.0.23//:quote_build_script_ (5d1dc98)"
  "@rules_rust_rust_analyzer__quote-1.0.23//:quote_build_script_ (5d1dc98)" -> "@rules_rust_rust_analyzer__quote-1.0.23//:.cargo_vcs_info.json (null)\n@rules_rust_rust_analyzer__quote-1.0.23//:.clippy.toml (null)\n@rules_rust_rust_analyzer__quote-1.0.23//:.github/FUNDING.yml (null)\n@rules_rust_rust_analyzer__quote-1.0.23//:.github/workflows/ci.yml (null)\n@rules_rust_rust_analyzer__quote-1.0.23//:.gitignore (null)\n@rules_rust_rust_analyzer__quote-1.0.23//:Cargo.toml (null)\n@rules_rust_rust_analyzer__quote-1.0.23//:Cargo.toml.orig (null)\n...and 28 more items"
  "@rules_rust_rust_analyzer__quote-1.0.23//:.cargo_vcs_info.json (null)\n@rules_rust_rust_analyzer__quote-1.0.23//:.clippy.toml (null)\n@rules_rust_rust_analyzer__quote-1.0.23//:.github/FUNDING.yml (null)\n@rules_rust_rust_analyzer__quote-1.0.23//:.github/workflows/ci.yml (null)\n@rules_rust_rust_analyzer__quote-1.0.23//:.gitignore (null)\n@rules_rust_rust_analyzer__quote-1.0.23//:Cargo.toml (null)\n@rules_rust_rust_analyzer__quote-1.0.23//:Cargo.toml.orig (null)\n...and 28 more items"
  "@rules_rust_rust_analyzer__proc-macro2-1.0.49//:proc_macro2 (5d1dc98)"
  "@rules_rust_rust_analyzer__proc-macro2-1.0.49//:proc_macro2 (5d1dc98)" -> "@rules_rust_rust_analyzer__proc-macro2-1.0.49//:.cargo_vcs_info.json (null)\n@rules_rust_rust_analyzer__proc-macro2-1.0.49//:.clippy.toml (null)\n@rules_rust_rust_analyzer__proc-macro2-1.0.49//:.github/FUNDING.yml (null)\n@rules_rust_rust_analyzer__proc-macro2-1.0.49//:.github/workflows/ci.yml (null)\n@rules_rust_rust_analyzer__proc-macro2-1.0.49//:.gitignore (null)\n@rules_rust_rust_analyzer__proc-macro2-1.0.49//:Cargo.toml (null)\n...and 17 more items"
  "@rules_rust_rust_analyzer__proc-macro2-1.0.49//:proc_macro2 (5d1dc98)" -> "@rules_rust_rust_analyzer__proc-macro2-1.0.49//:build_script_build (5d1dc98)"
  "@rules_rust_rust_analyzer__proc-macro2-1.0.49//:proc_macro2 (5d1dc98)" -> "@rules_rust_rust_analyzer__unicode-ident-1.0.6//:unicode_ident (5d1dc98)"
  "@rules_rust_rust_analyzer__unicode-ident-1.0.6//:unicode_ident (5d1dc98)"
  "@rules_rust_rust_analyzer__unicode-ident-1.0.6//:unicode_ident (5d1dc98)" -> "@rules_rust_rust_analyzer__unicode-ident-1.0.6//:.cargo_vcs_info.json (null)\n@rules_rust_rust_analyzer__unicode-ident-1.0.6//:.gitattributes (null)\n@rules_rust_rust_analyzer__unicode-ident-1.0.6//:.github/FUNDING.yml (null)\n@rules_rust_rust_analyzer__unicode-ident-1.0.6//:.github/workflows/ci.yml (null)\n@rules_rust_rust_analyzer__unicode-ident-1.0.6//:.gitignore (null)\n@rules_rust_rust_analyzer__unicode-ident-1.0.6//:Cargo.toml (null)\n...and 19 more items"
  "@rules_rust_rust_analyzer__unicode-ident-1.0.6//:.cargo_vcs_info.json (null)\n@rules_rust_rust_analyzer__unicode-ident-1.0.6//:.gitattributes (null)\n@rules_rust_rust_analyzer__unicode-ident-1.0.6//:.github/FUNDING.yml (null)\n@rules_rust_rust_analyzer__unicode-ident-1.0.6//:.github/workflows/ci.yml (null)\n@rules_rust_rust_analyzer__unicode-ident-1.0.6//:.gitignore (null)\n@rules_rust_rust_analyzer__unicode-ident-1.0.6//:Cargo.toml (null)\n...and 19 more items"
  "@rules_rust_rust_analyzer__proc-macro2-1.0.49//:build_script_build (5d1dc98)"
  "@rules_rust_rust_analyzer__proc-macro2-1.0.49//:build_script_build (5d1dc98)" -> "@rules_rust_rust_analyzer__proc-macro2-1.0.49//:proc-macro2_build_script (5d1dc98)"
  "@rules_rust_rust_analyzer__proc-macro2-1.0.49//:proc-macro2_build_script (5d1dc98)"
  "@rules_rust_rust_analyzer__proc-macro2-1.0.49//:proc-macro2_build_script (5d1dc98)" -> "@rules_rust_rust_analyzer__proc-macro2-1.0.49//:.cargo_vcs_info.json (null)\n@rules_rust_rust_analyzer__proc-macro2-1.0.49//:.clippy.toml (null)\n@rules_rust_rust_analyzer__proc-macro2-1.0.49//:.github/FUNDING.yml (null)\n@rules_rust_rust_analyzer__proc-macro2-1.0.49//:.github/workflows/ci.yml (null)\n@rules_rust_rust_analyzer__proc-macro2-1.0.49//:.gitignore (null)\n@rules_rust_rust_analyzer__proc-macro2-1.0.49//:Cargo.toml (null)\n...and 17 more items"
  "@rules_rust_rust_analyzer__proc-macro2-1.0.49//:proc-macro2_build_script (5d1dc98)" -> "@rules_rust_rust_analyzer__proc-macro2-1.0.49//:proc-macro2_build_script_ (5d1dc98)"
  "@rules_rust_rust_analyzer__proc-macro2-1.0.49//:proc-macro2_build_script_ (5d1dc98)"
  "@rules_rust_rust_analyzer__proc-macro2-1.0.49//:proc-macro2_build_script_ (5d1dc98)" -> "@rules_rust_rust_analyzer__proc-macro2-1.0.49//:.cargo_vcs_info.json (null)\n@rules_rust_rust_analyzer__proc-macro2-1.0.49//:.clippy.toml (null)\n@rules_rust_rust_analyzer__proc-macro2-1.0.49//:.github/FUNDING.yml (null)\n@rules_rust_rust_analyzer__proc-macro2-1.0.49//:.github/workflows/ci.yml (null)\n@rules_rust_rust_analyzer__proc-macro2-1.0.49//:.gitignore (null)\n@rules_rust_rust_analyzer__proc-macro2-1.0.49//:Cargo.toml (null)\n...and 17 more items"
  "@rules_rust_rust_analyzer__proc-macro2-1.0.49//:.cargo_vcs_info.json (null)\n@rules_rust_rust_analyzer__proc-macro2-1.0.49//:.clippy.toml (null)\n@rules_rust_rust_analyzer__proc-macro2-1.0.49//:.github/FUNDING.yml (null)\n@rules_rust_rust_analyzer__proc-macro2-1.0.49//:.github/workflows/ci.yml (null)\n@rules_rust_rust_analyzer__proc-macro2-1.0.49//:.gitignore (null)\n@rules_rust_rust_analyzer__proc-macro2-1.0.49//:Cargo.toml (null)\n...and 17 more items"
  "@rules_rust_rust_analyzer__serde-1.0.152//:build_script_build (1348dce)"
  "@rules_rust_rust_analyzer__serde-1.0.152//:build_script_build (1348dce)" -> "@rules_rust_rust_analyzer__serde-1.0.152//:serde_build_script (1348dce)"
  "@rules_rust_rust_analyzer__serde-1.0.152//:serde_build_script (1348dce)"
  "@rules_rust_rust_analyzer__serde-1.0.152//:serde_build_script (1348dce)" -> "@rules_rust_rust_analyzer__serde-1.0.152//:.cargo_vcs_info.json (null)\n@rules_rust_rust_analyzer__serde-1.0.152//:Cargo.toml (null)\n@rules_rust_rust_analyzer__serde-1.0.152//:Cargo.toml.orig (null)\n@rules_rust_rust_analyzer__serde-1.0.152//:LICENSE-APACHE (null)\n@rules_rust_rust_analyzer__serde-1.0.152//:LICENSE-MIT (null)\n@rules_rust_rust_analyzer__serde-1.0.152//:README.md (null)\n@rules_rust_rust_analyzer__serde-1.0.152//:build.rs (null)\n...and 21 more items"
  "@rules_rust_rust_analyzer__serde-1.0.152//:serde_build_script (1348dce)" -> "@rules_rust_rust_analyzer__serde-1.0.152//:serde_build_script_ (5d1dc98)"
  "@rules_rust_rust_analyzer__serde-1.0.152//:serde_build_script_ (5d1dc98)"
  "@rules_rust_rust_analyzer__serde-1.0.152//:serde_build_script_ (5d1dc98)" -> "@rules_rust_rust_analyzer__serde-1.0.152//:.cargo_vcs_info.json (null)\n@rules_rust_rust_analyzer__serde-1.0.152//:Cargo.toml (null)\n@rules_rust_rust_analyzer__serde-1.0.152//:Cargo.toml.orig (null)\n@rules_rust_rust_analyzer__serde-1.0.152//:LICENSE-APACHE (null)\n@rules_rust_rust_analyzer__serde-1.0.152//:LICENSE-MIT (null)\n@rules_rust_rust_analyzer__serde-1.0.152//:README.md (null)\n@rules_rust_rust_analyzer__serde-1.0.152//:build.rs (null)\n...and 21 more items"
  "@rules_rust_rust_analyzer__serde-1.0.152//:.cargo_vcs_info.json (null)\n@rules_rust_rust_analyzer__serde-1.0.152//:Cargo.toml (null)\n@rules_rust_rust_analyzer__serde-1.0.152//:Cargo.toml.orig (null)\n@rules_rust_rust_analyzer__serde-1.0.152//:LICENSE-APACHE (null)\n@rules_rust_rust_analyzer__serde-1.0.152//:LICENSE-MIT (null)\n@rules_rust_rust_analyzer__serde-1.0.152//:README.md (null)\n@rules_rust_rust_analyzer__serde-1.0.152//:build.rs (null)\n...and 21 more items"
  "@rules_rust//tools/rust_analyzer/3rdparty/crates:log (1348dce)"
  "@rules_rust//tools/rust_analyzer/3rdparty/crates:log (1348dce)" -> "@rules_rust_rust_analyzer__log-0.4.17//:log (1348dce)"
  "@rules_rust_rust_analyzer__log-0.4.17//:log (1348dce)"
  "@rules_rust_rust_analyzer__log-0.4.17//:log (1348dce)" -> "@rules_rust_rust_analyzer__cfg-if-1.0.0//:cfg_if (1348dce)"
  "@rules_rust_rust_analyzer__log-0.4.17//:log (1348dce)" -> "@rules_rust_rust_analyzer__log-0.4.17//:.cargo_vcs_info.json (null)\n@rules_rust_rust_analyzer__log-0.4.17//:.github/workflows/main.yml (null)\n@rules_rust_rust_analyzer__log-0.4.17//:.gitignore (null)\n@rules_rust_rust_analyzer__log-0.4.17//:CHANGELOG.md (null)\n@rules_rust_rust_analyzer__log-0.4.17//:Cargo.toml (null)\n@rules_rust_rust_analyzer__log-0.4.17//:Cargo.toml.orig (null)\n@rules_rust_rust_analyzer__log-0.4.17//:LICENSE-APACHE (null)\n...and 13 more items"
  "@rules_rust_rust_analyzer__log-0.4.17//:log (1348dce)" -> "@rules_rust_rust_analyzer__log-0.4.17//:build_script_build (1348dce)"
  "@rules_rust_rust_analyzer__log-0.4.17//:build_script_build (1348dce)"
  "@rules_rust_rust_analyzer__log-0.4.17//:build_script_build (1348dce)" -> "@rules_rust_rust_analyzer__log-0.4.17//:log_build_script (1348dce)"
  "@rules_rust_rust_analyzer__log-0.4.17//:log_build_script (1348dce)"
  "@rules_rust_rust_analyzer__log-0.4.17//:log_build_script (1348dce)" -> "@rules_rust_rust_analyzer__log-0.4.17//:.cargo_vcs_info.json (null)\n@rules_rust_rust_analyzer__log-0.4.17//:.github/workflows/main.yml (null)\n@rules_rust_rust_analyzer__log-0.4.17//:.gitignore (null)\n@rules_rust_rust_analyzer__log-0.4.17//:CHANGELOG.md (null)\n@rules_rust_rust_analyzer__log-0.4.17//:Cargo.toml (null)\n@rules_rust_rust_analyzer__log-0.4.17//:Cargo.toml.orig (null)\n@rules_rust_rust_analyzer__log-0.4.17//:LICENSE-APACHE (null)\n...and 13 more items"
  "@rules_rust_rust_analyzer__log-0.4.17//:log_build_script (1348dce)" -> "@rules_rust_rust_analyzer__log-0.4.17//:log_build_script_ (5d1dc98)"
  "@rules_rust_rust_analyzer__log-0.4.17//:log_build_script_ (5d1dc98)"
  "@rules_rust_rust_analyzer__log-0.4.17//:log_build_script_ (5d1dc98)" -> "@rules_rust_rust_analyzer__log-0.4.17//:.cargo_vcs_info.json (null)\n@rules_rust_rust_analyzer__log-0.4.17//:.github/workflows/main.yml (null)\n@rules_rust_rust_analyzer__log-0.4.17//:.gitignore (null)\n@rules_rust_rust_analyzer__log-0.4.17//:CHANGELOG.md (null)\n@rules_rust_rust_analyzer__log-0.4.17//:Cargo.toml (null)\n@rules_rust_rust_analyzer__log-0.4.17//:Cargo.toml.orig (null)\n@rules_rust_rust_analyzer__log-0.4.17//:LICENSE-APACHE (null)\n...and 13 more items"
  "@rules_rust_rust_analyzer__log-0.4.17//:.cargo_vcs_info.json (null)\n@rules_rust_rust_analyzer__log-0.4.17//:.github/workflows/main.yml (null)\n@rules_rust_rust_analyzer__log-0.4.17//:.gitignore (null)\n@rules_rust_rust_analyzer__log-0.4.17//:CHANGELOG.md (null)\n@rules_rust_rust_analyzer__log-0.4.17//:Cargo.toml (null)\n@rules_rust_rust_analyzer__log-0.4.17//:Cargo.toml.orig (null)\n@rules_rust_rust_analyzer__log-0.4.17//:LICENSE-APACHE (null)\n...and 13 more items"
  "@rules_rust_rust_analyzer__cfg-if-1.0.0//:cfg_if (1348dce)"
  "@rules_rust_rust_analyzer__cfg-if-1.0.0//:cfg_if (1348dce)" -> "@rules_rust_rust_analyzer__cfg-if-1.0.0//:.cargo_vcs_info.json (null)\n@rules_rust_rust_analyzer__cfg-if-1.0.0//:.github/workflows/main.yml (null)\n@rules_rust_rust_analyzer__cfg-if-1.0.0//:.gitignore (null)\n@rules_rust_rust_analyzer__cfg-if-1.0.0//:Cargo.toml (null)\n@rules_rust_rust_analyzer__cfg-if-1.0.0//:Cargo.toml.orig (null)\n@rules_rust_rust_analyzer__cfg-if-1.0.0//:LICENSE-APACHE (null)\n@rules_rust_rust_analyzer__cfg-if-1.0.0//:LICENSE-MIT (null)\n...and 3 more items"
  "@rules_rust_rust_analyzer__cfg-if-1.0.0//:.cargo_vcs_info.json (null)\n@rules_rust_rust_analyzer__cfg-if-1.0.0//:.github/workflows/main.yml (null)\n@rules_rust_rust_analyzer__cfg-if-1.0.0//:.gitignore (null)\n@rules_rust_rust_analyzer__cfg-if-1.0.0//:Cargo.toml (null)\n@rules_rust_rust_analyzer__cfg-if-1.0.0//:Cargo.toml.orig (null)\n@rules_rust_rust_analyzer__cfg-if-1.0.0//:LICENSE-APACHE (null)\n@rules_rust_rust_analyzer__cfg-if-1.0.0//:LICENSE-MIT (null)\n...and 3 more items"
  "@rules_rust//tools/rust_analyzer/3rdparty/crates:anyhow (1348dce)"
  "@rules_rust//tools/rust_analyzer/3rdparty/crates:anyhow (1348dce)" -> "@rules_rust_rust_analyzer__anyhow-1.0.68//:anyhow (1348dce)"
  "@rules_rust_rust_analyzer__anyhow-1.0.68//:anyhow (1348dce)"
  "@rules_rust_rust_analyzer__anyhow-1.0.68//:anyhow (1348dce)" -> "@rules_rust_rust_analyzer__anyhow-1.0.68//:.cargo_vcs_info.json (null)\n@rules_rust_rust_analyzer__anyhow-1.0.68//:.clippy.toml (null)\n@rules_rust_rust_analyzer__anyhow-1.0.68//:.github/workflows/ci.yml (null)\n@rules_rust_rust_analyzer__anyhow-1.0.68//:.gitignore (null)\n@rules_rust_rust_analyzer__anyhow-1.0.68//:Cargo.toml (null)\n@rules_rust_rust_analyzer__anyhow-1.0.68//:Cargo.toml.orig (null)\n@rules_rust_rust_analyzer__anyhow-1.0.68//:LICENSE-APACHE (null)\n...and 43 more items"
  "@rules_rust_rust_analyzer__anyhow-1.0.68//:anyhow (1348dce)" -> "@rules_rust_rust_analyzer__anyhow-1.0.68//:build_script_build (1348dce)"
  "@rules_rust_rust_analyzer__anyhow-1.0.68//:build_script_build (1348dce)"
  "@rules_rust_rust_analyzer__anyhow-1.0.68//:build_script_build (1348dce)" -> "@rules_rust_rust_analyzer__anyhow-1.0.68//:anyhow_build_script (1348dce)"
  "@rules_rust_rust_analyzer__anyhow-1.0.68//:anyhow_build_script (1348dce)"
  "@rules_rust_rust_analyzer__anyhow-1.0.68//:anyhow_build_script (1348dce)" -> "@rules_rust_rust_analyzer__anyhow-1.0.68//:.cargo_vcs_info.json (null)\n@rules_rust_rust_analyzer__anyhow-1.0.68//:.clippy.toml (null)\n@rules_rust_rust_analyzer__anyhow-1.0.68//:.github/workflows/ci.yml (null)\n@rules_rust_rust_analyzer__anyhow-1.0.68//:.gitignore (null)\n@rules_rust_rust_analyzer__anyhow-1.0.68//:Cargo.toml (null)\n@rules_rust_rust_analyzer__anyhow-1.0.68//:Cargo.toml.orig (null)\n@rules_rust_rust_analyzer__anyhow-1.0.68//:LICENSE-APACHE (null)\n...and 43 more items"
  "@rules_rust_rust_analyzer__anyhow-1.0.68//:anyhow_build_script (1348dce)" -> "@rules_rust_rust_analyzer__anyhow-1.0.68//:anyhow_build_script_ (5d1dc98)"
  "@rules_rust_rust_analyzer__anyhow-1.0.68//:anyhow_build_script_ (5d1dc98)"
  "@rules_rust_rust_analyzer__anyhow-1.0.68//:anyhow_build_script_ (5d1dc98)" -> "@rules_rust_rust_analyzer__anyhow-1.0.68//:.cargo_vcs_info.json (null)\n@rules_rust_rust_analyzer__anyhow-1.0.68//:.clippy.toml (null)\n@rules_rust_rust_analyzer__anyhow-1.0.68//:.github/workflows/ci.yml (null)\n@rules_rust_rust_analyzer__anyhow-1.0.68//:.gitignore (null)\n@rules_rust_rust_analyzer__anyhow-1.0.68//:Cargo.toml (null)\n@rules_rust_rust_analyzer__anyhow-1.0.68//:Cargo.toml.orig (null)\n@rules_rust_rust_analyzer__anyhow-1.0.68//:LICENSE-APACHE (null)\n...and 43 more items"
  "@rules_rust_rust_analyzer__anyhow-1.0.68//:.cargo_vcs_info.json (null)\n@rules_rust_rust_analyzer__anyhow-1.0.68//:.clippy.toml (null)\n@rules_rust_rust_analyzer__anyhow-1.0.68//:.github/workflows/ci.yml (null)\n@rules_rust_rust_analyzer__anyhow-1.0.68//:.gitignore (null)\n@rules_rust_rust_analyzer__anyhow-1.0.68//:Cargo.toml (null)\n@rules_rust_rust_analyzer__anyhow-1.0.68//:Cargo.toml.orig (null)\n@rules_rust_rust_analyzer__anyhow-1.0.68//:LICENSE-APACHE (null)\n...and 43 more items"
  "@rules_rust//tools/runfiles:runfiles (1348dce)"
  "@rules_rust//tools/runfiles:runfiles (1348dce)" -> "@rules_rust//tools/runfiles:runfiles.rs (null)\n@rules_rust//tools/runfiles:workspace_name.env (1348dce)"
  "@rules_rust//tools/runfiles:runfiles.rs (null)\n@rules_rust//tools/runfiles:workspace_name.env (1348dce)"
  "@rules_rust//rust/private:rust_analyzer_detect_sysroot (1348dce)\n@rules_rust//tools/rust_analyzer:aquery.rs (null)\n@rules_rust//tools/rust_analyzer:lib.rs (null)\n@rules_rust//tools/rust_analyzer:rust_project.rs (null)"
  "//:cores (1348dce)"
  "//:cores (1348dce)" -> "//:check_tool_requirements.core (null)\n//:topgen-reg-only.core (null)\n//:topgen.core (null)"
  "//:check_tool_requirements.core (null)\n//:topgen-reg-only.core (null)\n//:topgen.core (null)"
}
