digraph mygraph {
  node [shape=box];
  "//proto/target:target_cc_proto (4e67ca8)"
  "//proto/target:target_cc_proto (4e67ca8)" -> "//proto/target:target_proto (4e67ca8)"
  "//proto/target:target_proto (4e67ca8)"
  "//proto/target:target_proto (4e67ca8)" -> "//proto/gnmi:gnmi_proto (4e67ca8)"
  "//proto/target:target_proto (4e67ca8)" -> "//proto/target:target.proto (null)"
  "//proto/target:target.proto (null)"
  "//proto/gnmi_ext:gnmi_ext_cc_proto (4e67ca8)"
  "//proto/gnmi_ext:gnmi_ext_cc_proto (4e67ca8)" -> "//proto/gnmi_ext:gnmi_ext_proto (4e67ca8)"
  "//proto/gnmi:gnmi_cc_grpc_proto (4e67ca8)"
  "//proto/gnmi:gnmi_cc_grpc_proto (4e67ca8)" -> "//proto/gnmi:_gnmi_cc_grpc_proto_grpc_codegen (4e67ca8)"
  "//proto/gnmi:gnmi_cc_grpc_proto (4e67ca8)" -> "//proto/gnmi:gnmi_cc_proto (4e67ca8)"
  "//proto/gnmi:gnmi_cc_grpc_proto (4e67ca8)" -> "@com_github_grpc_grpc//:grpc++_codegen_proto (4e67ca8)"
  "//proto/gnmi:gnmi_cc_proto (4e67ca8)"
  "//proto/gnmi:gnmi_cc_proto (4e67ca8)" -> "//proto/gnmi:gnmi_proto (4e67ca8)"
  "//proto/gnmi:_gnmi_cc_grpc_proto_grpc_codegen (4e67ca8)"
  "//proto/gnmi:_gnmi_cc_grpc_proto_grpc_codegen (4e67ca8)" -> "//proto/gnmi:gnmi_proto (4e67ca8)"
  "//proto/gnmi:_gnmi_cc_grpc_proto_grpc_codegen (4e67ca8)" -> "@com_github_grpc_grpc//src/compiler:grpc_cpp_plugin (016b1f6)"
  "//proto/gnmi:gnmi_proto (4e67ca8)"
  "//proto/gnmi:gnmi_proto (4e67ca8)" -> "//proto/gnmi:gnmi.proto (null)"
  "//proto/gnmi:gnmi_proto (4e67ca8)" -> "//proto/gnmi_ext:gnmi_ext_proto (4e67ca8)"
  "//proto/gnmi:gnmi_proto (4e67ca8)" -> "@com_google_protobuf//:any_proto (4e67ca8)"
  "//proto/gnmi:gnmi_proto (4e67ca8)" -> "@com_google_protobuf//:descriptor_proto (4e67ca8)"
  "@com_google_protobuf//:descriptor_proto (4e67ca8)"
  "@com_google_protobuf//:descriptor_proto (4e67ca8)" -> "@com_google_protobuf//:src/google/protobuf/descriptor.proto (null)"
  "@com_google_protobuf//:src/google/protobuf/descriptor.proto (null)"
  "@com_google_protobuf//:any_proto (4e67ca8)"
  "@com_google_protobuf//:any_proto (4e67ca8)" -> "@com_google_protobuf//:src/google/protobuf/any.proto (null)"
  "@com_google_protobuf//:src/google/protobuf/any.proto (null)"
  "//proto/gnmi_ext:gnmi_ext_proto (4e67ca8)"
  "//proto/gnmi_ext:gnmi_ext_proto (4e67ca8)" -> "//proto/gnmi_ext:gnmi_ext.proto (null)"
  "//proto/gnmi_ext:gnmi_ext.proto (null)"
  "//proto/gnmi:gnmi.proto (null)"
  "//proto/collector:collector_cc_grpc_proto (4e67ca8)"
  "//proto/collector:collector_cc_grpc_proto (4e67ca8)" -> "//proto/collector:_collector_cc_grpc_proto_grpc_codegen (4e67ca8)"
  "//proto/collector:collector_cc_grpc_proto (4e67ca8)" -> "//proto/collector:collector_cc_proto (4e67ca8)"
  "//proto/collector:collector_cc_grpc_proto (4e67ca8)" -> "@com_github_grpc_grpc//:grpc++_codegen_proto (4e67ca8)"
  "@com_github_grpc_grpc//:grpc++_codegen_proto (4e67ca8)"
  "@com_github_grpc_grpc//:grpc++_codegen_proto (4e67ca8)" -> "//external:protobuf_headers (4e67ca8)"
  "@com_github_grpc_grpc//:grpc++_codegen_proto (4e67ca8)" -> "@com_github_grpc_grpc//:grpc++_codegen_base (4e67ca8)"
  "@com_github_grpc_grpc//:grpc++_codegen_proto (4e67ca8)" -> "@com_github_grpc_grpc//:grpc++_config_proto (4e67ca8)"
  "@com_github_grpc_grpc//:grpc++_codegen_proto (4e67ca8)" -> "@com_github_grpc_grpc//:grpc_allow_exceptions (4e67ca8)\n@com_github_grpc_grpc//:grpc_disallow_exceptions (4e67ca8)\n@com_github_grpc_grpc//:grpc_no_ares (4e67ca8)\n@com_github_grpc_grpc//:remote_execution (4e67ca8)\n@com_github_grpc_grpc//:use_strict_warning (4e67ca8)\n@com_github_grpc_grpc//:windows (4e67ca8)\n@com_github_grpc_grpc//:windows_msvc (4e67ca8)"
  "@com_github_grpc_grpc//:grpc++_codegen_proto (4e67ca8)" -> "@com_github_grpc_grpc//:include/grpc++/impl/codegen/proto_utils.h (null)\n@com_github_grpc_grpc//:include/grpcpp/impl/codegen/proto_buffer_reader.h (null)\n@com_github_grpc_grpc//:include/grpcpp/impl/codegen/proto_buffer_writer.h (null)\n@com_github_grpc_grpc//:include/grpcpp/impl/codegen/proto_utils.h (null)"
  "@com_github_grpc_grpc//:include/grpc++/impl/codegen/proto_utils.h (null)\n@com_github_grpc_grpc//:include/grpcpp/impl/codegen/proto_buffer_reader.h (null)\n@com_github_grpc_grpc//:include/grpcpp/impl/codegen/proto_buffer_writer.h (null)\n@com_github_grpc_grpc//:include/grpcpp/impl/codegen/proto_utils.h (null)"
  "@com_github_grpc_grpc//:grpc++_config_proto (4e67ca8)"
  "@com_github_grpc_grpc//:grpc++_config_proto (4e67ca8)" -> "//external:protobuf_headers (4e67ca8)"
  "@com_github_grpc_grpc//:grpc++_config_proto (4e67ca8)" -> "@com_github_grpc_grpc//:grpc_allow_exceptions (4e67ca8)\n@com_github_grpc_grpc//:grpc_disallow_exceptions (4e67ca8)\n@com_github_grpc_grpc//:grpc_no_ares (4e67ca8)\n@com_github_grpc_grpc//:remote_execution (4e67ca8)\n@com_github_grpc_grpc//:use_strict_warning (4e67ca8)\n@com_github_grpc_grpc//:windows (4e67ca8)\n@com_github_grpc_grpc//:windows_msvc (4e67ca8)"
  "@com_github_grpc_grpc//:grpc++_config_proto (4e67ca8)" -> "@com_github_grpc_grpc//:include/grpc++/impl/codegen/config_protobuf.h (null)\n@com_github_grpc_grpc//:include/grpcpp/impl/codegen/config_protobuf.h (null)"
  "@com_github_grpc_grpc//:grpc++_codegen_base (4e67ca8)"
  "@com_github_grpc_grpc//:grpc++_codegen_base (4e67ca8)" -> "@com_github_grpc_grpc//:grpc++_internal_hdrs_only (4e67ca8)"
  "@com_github_grpc_grpc//:grpc++_codegen_base (4e67ca8)" -> "@com_github_grpc_grpc//:grpc_allow_exceptions (4e67ca8)\n@com_github_grpc_grpc//:grpc_disallow_exceptions (4e67ca8)\n@com_github_grpc_grpc//:grpc_no_ares (4e67ca8)\n@com_github_grpc_grpc//:remote_execution (4e67ca8)\n@com_github_grpc_grpc//:use_strict_warning (4e67ca8)\n@com_github_grpc_grpc//:windows (4e67ca8)\n@com_github_grpc_grpc//:windows_msvc (4e67ca8)"
  "@com_github_grpc_grpc//:grpc++_codegen_base (4e67ca8)" -> "@com_github_grpc_grpc//:grpc_codegen (4e67ca8)"
  "@com_github_grpc_grpc//:grpc++_codegen_base (4e67ca8)" -> "@com_github_grpc_grpc//:include/grpc++/impl/codegen/async_stream.h (null)\n@com_github_grpc_grpc//:include/grpc++/impl/codegen/async_unary_call.h (null)\n@com_github_grpc_grpc//:include/grpc++/impl/codegen/byte_buffer.h (null)\n@com_github_grpc_grpc//:include/grpc++/impl/codegen/call.h (null)\n@com_github_grpc_grpc//:include/grpc++/impl/codegen/call_hook.h (null)\n@com_github_grpc_grpc//:include/grpc++/impl/codegen/channel_interface.h (null)\n...and 69 more items"
  "@com_github_grpc_grpc//:include/grpc++/impl/codegen/async_stream.h (null)\n@com_github_grpc_grpc//:include/grpc++/impl/codegen/async_unary_call.h (null)\n@com_github_grpc_grpc//:include/grpc++/impl/codegen/byte_buffer.h (null)\n@com_github_grpc_grpc//:include/grpc++/impl/codegen/call.h (null)\n@com_github_grpc_grpc//:include/grpc++/impl/codegen/call_hook.h (null)\n@com_github_grpc_grpc//:include/grpc++/impl/codegen/channel_interface.h (null)\n...and 69 more items"
  "@com_github_grpc_grpc//:grpc_codegen (4e67ca8)"
  "@com_github_grpc_grpc//:grpc_codegen (4e67ca8)" -> "@com_github_grpc_grpc//:gpr_codegen (4e67ca8)"
  "@com_github_grpc_grpc//:grpc_codegen (4e67ca8)" -> "@com_github_grpc_grpc//:grpc_allow_exceptions (4e67ca8)\n@com_github_grpc_grpc//:grpc_disallow_exceptions (4e67ca8)\n@com_github_grpc_grpc//:grpc_no_ares (4e67ca8)\n@com_github_grpc_grpc//:remote_execution (4e67ca8)\n@com_github_grpc_grpc//:use_strict_warning (4e67ca8)\n@com_github_grpc_grpc//:windows (4e67ca8)\n@com_github_grpc_grpc//:windows_msvc (4e67ca8)"
  "@com_github_grpc_grpc//:grpc_codegen (4e67ca8)" -> "@com_github_grpc_grpc//:include/grpc/impl/codegen/byte_buffer.h (null)\n@com_github_grpc_grpc//:include/grpc/impl/codegen/byte_buffer_reader.h (null)\n@com_github_grpc_grpc//:include/grpc/impl/codegen/compression_types.h (null)\n@com_github_grpc_grpc//:include/grpc/impl/codegen/connectivity_state.h (null)\n@com_github_grpc_grpc//:include/grpc/impl/codegen/grpc_types.h (null)\n@com_github_grpc_grpc//:include/grpc/impl/codegen/propagation_bits.h (null)\n...and 2 more items"
  "@com_github_grpc_grpc//:include/grpc/impl/codegen/byte_buffer.h (null)\n@com_github_grpc_grpc//:include/grpc/impl/codegen/byte_buffer_reader.h (null)\n@com_github_grpc_grpc//:include/grpc/impl/codegen/compression_types.h (null)\n@com_github_grpc_grpc//:include/grpc/impl/codegen/connectivity_state.h (null)\n@com_github_grpc_grpc//:include/grpc/impl/codegen/grpc_types.h (null)\n@com_github_grpc_grpc//:include/grpc/impl/codegen/propagation_bits.h (null)\n...and 2 more items"
  "@com_github_grpc_grpc//:grpc++_internal_hdrs_only (4e67ca8)"
  "@com_github_grpc_grpc//:grpc++_internal_hdrs_only (4e67ca8)" -> "@com_github_grpc_grpc//:gpr_codegen (4e67ca8)"
  "@com_github_grpc_grpc//:grpc++_internal_hdrs_only (4e67ca8)" -> "@com_github_grpc_grpc//:grpc_allow_exceptions (4e67ca8)\n@com_github_grpc_grpc//:grpc_disallow_exceptions (4e67ca8)\n@com_github_grpc_grpc//:grpc_no_ares (4e67ca8)\n@com_github_grpc_grpc//:remote_execution (4e67ca8)\n@com_github_grpc_grpc//:use_strict_warning (4e67ca8)\n@com_github_grpc_grpc//:windows (4e67ca8)\n@com_github_grpc_grpc//:windows_msvc (4e67ca8)"
  "@com_github_grpc_grpc//:grpc++_internal_hdrs_only (4e67ca8)" -> "@com_github_grpc_grpc//:include/grpcpp/impl/codegen/sync.h (null)"
  "@com_github_grpc_grpc//:grpc++_internal_hdrs_only (4e67ca8)" -> "@com_google_absl//absl/synchronization:synchronization (4e67ca8)"
  "@com_google_absl//absl/synchronization:synchronization (4e67ca8)"
  "@com_google_absl//absl/synchronization:synchronization (4e67ca8)" -> "@com_google_absl//absl:clang-cl_compiler (4e67ca8)\n@com_google_absl//absl:clang_compiler (4e67ca8)\n@com_google_absl//absl:msvc_compiler (4e67ca8)"
  "@com_google_absl//absl/synchronization:synchronization (4e67ca8)" -> "@com_google_absl//absl:wasm (4e67ca8)"
  "@com_google_absl//absl/synchronization:synchronization (4e67ca8)" -> "@com_google_absl//absl/base:atomic_hook (4e67ca8)"
  "@com_google_absl//absl/synchronization:synchronization (4e67ca8)" -> "@com_google_absl//absl/base:base (4e67ca8)"
  "@com_google_absl//absl/synchronization:synchronization (4e67ca8)" -> "@com_google_absl//absl/base:base_internal (4e67ca8)"
  "@com_google_absl//absl/synchronization:synchronization (4e67ca8)" -> "@com_google_absl//absl/base:config (4e67ca8)"
  "@com_google_absl//absl/synchronization:synchronization (4e67ca8)" -> "@com_google_absl//absl/base:core_headers (4e67ca8)"
  "@com_google_absl//absl/synchronization:synchronization (4e67ca8)" -> "@com_google_absl//absl/base:dynamic_annotations (4e67ca8)"
  "@com_google_absl//absl/synchronization:synchronization (4e67ca8)" -> "@com_google_absl//absl/base:malloc_internal (4e67ca8)"
  "@com_google_absl//absl/synchronization:synchronization (4e67ca8)" -> "@com_google_absl//absl/base:raw_logging_internal (4e67ca8)"
  "@com_google_absl//absl/synchronization:synchronization (4e67ca8)" -> "@com_google_absl//absl/debugging:stacktrace (4e67ca8)"
  "@com_google_absl//absl/synchronization:synchronization (4e67ca8)" -> "@com_google_absl//absl/debugging:symbolize (4e67ca8)"
  "@com_google_absl//absl/synchronization:synchronization (4e67ca8)" -> "@com_google_absl//absl/synchronization:barrier.cc (null)\n@com_google_absl//absl/synchronization:barrier.h (null)\n@com_google_absl//absl/synchronization:blocking_counter.cc (null)\n@com_google_absl//absl/synchronization:blocking_counter.h (null)\n@com_google_absl//absl/synchronization:internal/create_thread_identity.cc (null)\n@com_google_absl//absl/synchronization:internal/create_thread_identity.h (null)\n@com_google_absl//absl/synchronization:internal/futex.h (null)\n...and 8 more items"
  "@com_google_absl//absl/synchronization:synchronization (4e67ca8)" -> "@com_google_absl//absl/synchronization:graphcycles_internal (4e67ca8)"
  "@com_google_absl//absl/synchronization:synchronization (4e67ca8)" -> "@com_google_absl//absl/synchronization:kernel_timeout_internal (4e67ca8)"
  "@com_google_absl//absl/synchronization:synchronization (4e67ca8)" -> "@com_google_absl//absl/time:time (4e67ca8)"
  "@com_google_absl//absl/synchronization:kernel_timeout_internal (4e67ca8)"
  "@com_google_absl//absl/synchronization:kernel_timeout_internal (4e67ca8)" -> "@com_google_absl//absl:clang-cl_compiler (4e67ca8)\n@com_google_absl//absl:clang_compiler (4e67ca8)\n@com_google_absl//absl:msvc_compiler (4e67ca8)"
  "@com_google_absl//absl/synchronization:kernel_timeout_internal (4e67ca8)" -> "@com_google_absl//absl/base:core_headers (4e67ca8)"
  "@com_google_absl//absl/synchronization:kernel_timeout_internal (4e67ca8)" -> "@com_google_absl//absl/base:raw_logging_internal (4e67ca8)"
  "@com_google_absl//absl/synchronization:kernel_timeout_internal (4e67ca8)" -> "@com_google_absl//absl/synchronization:internal/kernel_timeout.h (null)"
  "@com_google_absl//absl/synchronization:kernel_timeout_internal (4e67ca8)" -> "@com_google_absl//absl/time:time (4e67ca8)"
  "@com_google_absl//absl/time:time (4e67ca8)"
  "@com_google_absl//absl/time:time (4e67ca8)" -> "@com_google_absl//absl:clang-cl_compiler (4e67ca8)\n@com_google_absl//absl:clang_compiler (4e67ca8)\n@com_google_absl//absl:msvc_compiler (4e67ca8)"
  "@com_google_absl//absl/time:time (4e67ca8)" -> "@com_google_absl//absl/base:base (4e67ca8)"
  "@com_google_absl//absl/time:time (4e67ca8)" -> "@com_google_absl//absl/base:core_headers (4e67ca8)"
  "@com_google_absl//absl/time:time (4e67ca8)" -> "@com_google_absl//absl/base:raw_logging_internal (4e67ca8)"
  "@com_google_absl//absl/time:time (4e67ca8)" -> "@com_google_absl//absl/numeric:int128 (4e67ca8)"
  "@com_google_absl//absl/time:time (4e67ca8)" -> "@com_google_absl//absl/strings:strings (4e67ca8)"
  "@com_google_absl//absl/time:time (4e67ca8)" -> "@com_google_absl//absl/time:civil_time.cc (null)\n@com_google_absl//absl/time:civil_time.h (null)\n@com_google_absl//absl/time:clock.cc (null)\n@com_google_absl//absl/time:clock.h (null)\n@com_google_absl//absl/time:duration.cc (null)\n@com_google_absl//absl/time:format.cc (null)\n@com_google_absl//absl/time:internal/get_current_time_chrono.inc (null)\n@com_google_absl//absl/time:internal/get_current_time_posix.inc (null)\n@com_google_absl//absl/time:time.cc (null)\n...and 1 more items"
  "@com_google_absl//absl/time:time (4e67ca8)" -> "@com_google_absl//absl/time/internal/cctz:civil_time (4e67ca8)"
  "@com_google_absl//absl/time:time (4e67ca8)" -> "@com_google_absl//absl/time/internal/cctz:time_zone (4e67ca8)"
  "@com_google_absl//absl/time/internal/cctz:time_zone (4e67ca8)"
  "@com_google_absl//absl/time/internal/cctz:time_zone (4e67ca8)" -> "@com_google_absl//absl/base:config (4e67ca8)"
  "@com_google_absl//absl/time/internal/cctz:time_zone (4e67ca8)" -> "@com_google_absl//absl/time/internal/cctz:civil_time (4e67ca8)"
  "@com_google_absl//absl/time/internal/cctz:time_zone (4e67ca8)" -> "@com_google_absl//absl/time/internal/cctz:include/cctz/time_zone.h (null)\n@com_google_absl//absl/time/internal/cctz:include/cctz/zone_info_source.h (null)\n@com_google_absl//absl/time/internal/cctz:src/time_zone_fixed.cc (null)\n@com_google_absl//absl/time/internal/cctz:src/time_zone_fixed.h (null)\n@com_google_absl//absl/time/internal/cctz:src/time_zone_format.cc (null)\n@com_google_absl//absl/time/internal/cctz:src/time_zone_if.cc (null)\n...and 12 more items"
  "@com_google_absl//absl/time/internal/cctz:time_zone (4e67ca8)" -> "@com_google_absl//absl/time/internal/cctz:ios (4e67ca8)"
  "@com_google_absl//absl/time/internal/cctz:time_zone (4e67ca8)" -> "@com_google_absl//absl/time/internal/cctz:osx (4e67ca8)"
  "@com_google_absl//absl/time/internal/cctz:osx (4e67ca8)"
  "@com_google_absl//absl/time/internal/cctz:osx (4e67ca8)" -> "@platforms//os:osx (4e67ca8)"
  "@platforms//os:osx (4e67ca8)"
  "@platforms//os:osx (4e67ca8)" -> "@platforms//os:os (4e67ca8)"
  "@com_google_absl//absl/time/internal/cctz:ios (4e67ca8)"
  "@com_google_absl//absl/time/internal/cctz:ios (4e67ca8)" -> "@platforms//os:ios (4e67ca8)"
  "@platforms//os:ios (4e67ca8)"
  "@platforms//os:ios (4e67ca8)" -> "@platforms//os:os (4e67ca8)"
  "@com_google_absl//absl/time/internal/cctz:include/cctz/time_zone.h (null)\n@com_google_absl//absl/time/internal/cctz:include/cctz/zone_info_source.h (null)\n@com_google_absl//absl/time/internal/cctz:src/time_zone_fixed.cc (null)\n@com_google_absl//absl/time/internal/cctz:src/time_zone_fixed.h (null)\n@com_google_absl//absl/time/internal/cctz:src/time_zone_format.cc (null)\n@com_google_absl//absl/time/internal/cctz:src/time_zone_if.cc (null)\n...and 12 more items"
  "@com_google_absl//absl/time/internal/cctz:civil_time (4e67ca8)"
  "@com_google_absl//absl/time/internal/cctz:civil_time (4e67ca8)" -> "@com_google_absl//absl/base:config (4e67ca8)"
  "@com_google_absl//absl/time/internal/cctz:civil_time (4e67ca8)" -> "@com_google_absl//absl/time/internal/cctz:include/cctz/civil_time.h (null)\n@com_google_absl//absl/time/internal/cctz:include/cctz/civil_time_detail.h (null)\n@com_google_absl//absl/time/internal/cctz:src/civil_time_detail.cc (null)"
  "@com_google_absl//absl/time/internal/cctz:include/cctz/civil_time.h (null)\n@com_google_absl//absl/time/internal/cctz:include/cctz/civil_time_detail.h (null)\n@com_google_absl//absl/time/internal/cctz:src/civil_time_detail.cc (null)"
  "@com_google_absl//absl/time:civil_time.cc (null)\n@com_google_absl//absl/time:civil_time.h (null)\n@com_google_absl//absl/time:clock.cc (null)\n@com_google_absl//absl/time:clock.h (null)\n@com_google_absl//absl/time:duration.cc (null)\n@com_google_absl//absl/time:format.cc (null)\n@com_google_absl//absl/time:internal/get_current_time_chrono.inc (null)\n@com_google_absl//absl/time:internal/get_current_time_posix.inc (null)\n@com_google_absl//absl/time:time.cc (null)\n...and 1 more items"
  "@com_google_absl//absl/synchronization:internal/kernel_timeout.h (null)"
  "@com_google_absl//absl/synchronization:graphcycles_internal (4e67ca8)"
  "@com_google_absl//absl/synchronization:graphcycles_internal (4e67ca8)" -> "@com_google_absl//absl:clang-cl_compiler (4e67ca8)\n@com_google_absl//absl:clang_compiler (4e67ca8)\n@com_google_absl//absl:msvc_compiler (4e67ca8)"
  "@com_google_absl//absl/synchronization:graphcycles_internal (4e67ca8)" -> "@com_google_absl//absl/base:base (4e67ca8)"
  "@com_google_absl//absl/synchronization:graphcycles_internal (4e67ca8)" -> "@com_google_absl//absl/base:base_internal (4e67ca8)"
  "@com_google_absl//absl/synchronization:graphcycles_internal (4e67ca8)" -> "@com_google_absl//absl/base:config (4e67ca8)"
  "@com_google_absl//absl/synchronization:graphcycles_internal (4e67ca8)" -> "@com_google_absl//absl/base:core_headers (4e67ca8)"
  "@com_google_absl//absl/synchronization:graphcycles_internal (4e67ca8)" -> "@com_google_absl//absl/base:malloc_internal (4e67ca8)"
  "@com_google_absl//absl/synchronization:graphcycles_internal (4e67ca8)" -> "@com_google_absl//absl/base:raw_logging_internal (4e67ca8)"
  "@com_google_absl//absl/synchronization:graphcycles_internal (4e67ca8)" -> "@com_google_absl//absl/synchronization:internal/graphcycles.cc (null)\n@com_google_absl//absl/synchronization:internal/graphcycles.h (null)"
  "@com_google_absl//absl/synchronization:internal/graphcycles.cc (null)\n@com_google_absl//absl/synchronization:internal/graphcycles.h (null)"
  "@com_google_absl//absl/synchronization:barrier.cc (null)\n@com_google_absl//absl/synchronization:barrier.h (null)\n@com_google_absl//absl/synchronization:blocking_counter.cc (null)\n@com_google_absl//absl/synchronization:blocking_counter.h (null)\n@com_google_absl//absl/synchronization:internal/create_thread_identity.cc (null)\n@com_google_absl//absl/synchronization:internal/create_thread_identity.h (null)\n@com_google_absl//absl/synchronization:internal/futex.h (null)\n...and 8 more items"
  "@com_google_absl//absl/debugging:symbolize (4e67ca8)"
  "@com_google_absl//absl/debugging:symbolize (4e67ca8)" -> "@com_google_absl//absl:clang-cl_compiler (4e67ca8)\n@com_google_absl//absl:clang_compiler (4e67ca8)\n@com_google_absl//absl:msvc_compiler (4e67ca8)"
  "@com_google_absl//absl/debugging:symbolize (4e67ca8)" -> "@com_google_absl//absl/base:base (4e67ca8)"
  "@com_google_absl//absl/debugging:symbolize (4e67ca8)" -> "@com_google_absl//absl/base:config (4e67ca8)"
  "@com_google_absl//absl/debugging:symbolize (4e67ca8)" -> "@com_google_absl//absl/base:core_headers (4e67ca8)"
  "@com_google_absl//absl/debugging:symbolize (4e67ca8)" -> "@com_google_absl//absl/base:dynamic_annotations (4e67ca8)"
  "@com_google_absl//absl/debugging:symbolize (4e67ca8)" -> "@com_google_absl//absl/base:malloc_internal (4e67ca8)"
  "@com_google_absl//absl/debugging:symbolize (4e67ca8)" -> "@com_google_absl//absl/base:raw_logging_internal (4e67ca8)"
  "@com_google_absl//absl/debugging:symbolize (4e67ca8)" -> "@com_google_absl//absl/debugging:debugging_internal (4e67ca8)"
  "@com_google_absl//absl/debugging:symbolize (4e67ca8)" -> "@com_google_absl//absl/debugging:demangle_internal (4e67ca8)"
  "@com_google_absl//absl/debugging:symbolize (4e67ca8)" -> "@com_google_absl//absl/debugging:internal/symbolize.h (null)\n@com_google_absl//absl/debugging:symbolize.cc (null)\n@com_google_absl//absl/debugging:symbolize.h (null)\n@com_google_absl//absl/debugging:symbolize_darwin.inc (null)\n@com_google_absl//absl/debugging:symbolize_elf.inc (null)\n@com_google_absl//absl/debugging:symbolize_emscripten.inc (null)\n@com_google_absl//absl/debugging:symbolize_unimplemented.inc (null)\n@com_google_absl//absl/debugging:symbolize_win32.inc (null)"
  "@com_google_absl//absl/debugging:symbolize (4e67ca8)" -> "@com_google_absl//absl/strings:strings (4e67ca8)"
  "@com_google_absl//absl/strings:strings (4e67ca8)"
  "@com_google_absl//absl/strings:strings (4e67ca8)" -> "@com_google_absl//absl:clang-cl_compiler (4e67ca8)\n@com_google_absl//absl:clang_compiler (4e67ca8)\n@com_google_absl//absl:msvc_compiler (4e67ca8)"
  "@com_google_absl//absl/strings:strings (4e67ca8)" -> "@com_google_absl//absl/base:base (4e67ca8)"
  "@com_google_absl//absl/strings:strings (4e67ca8)" -> "@com_google_absl//absl/base:config (4e67ca8)"
  "@com_google_absl//absl/strings:strings (4e67ca8)" -> "@com_google_absl//absl/base:core_headers (4e67ca8)"
  "@com_google_absl//absl/strings:strings (4e67ca8)" -> "@com_google_absl//absl/base:endian (4e67ca8)"
  "@com_google_absl//absl/strings:strings (4e67ca8)" -> "@com_google_absl//absl/base:raw_logging_internal (4e67ca8)"
  "@com_google_absl//absl/strings:strings (4e67ca8)" -> "@com_google_absl//absl/base:throw_delegate (4e67ca8)"
  "@com_google_absl//absl/strings:strings (4e67ca8)" -> "@com_google_absl//absl/memory:memory (4e67ca8)"
  "@com_google_absl//absl/strings:strings (4e67ca8)" -> "@com_google_absl//absl/meta:type_traits (4e67ca8)"
  "@com_google_absl//absl/strings:strings (4e67ca8)" -> "@com_google_absl//absl/numeric:bits (4e67ca8)"
  "@com_google_absl//absl/strings:strings (4e67ca8)" -> "@com_google_absl//absl/numeric:int128 (4e67ca8)"
  "@com_google_absl//absl/strings:strings (4e67ca8)" -> "@com_google_absl//absl/strings:ascii.cc (null)\n@com_google_absl//absl/strings:ascii.h (null)\n@com_google_absl//absl/strings:charconv.cc (null)\n@com_google_absl//absl/strings:charconv.h (null)\n@com_google_absl//absl/strings:escaping.cc (null)\n@com_google_absl//absl/strings:escaping.h (null)\n@com_google_absl//absl/strings:internal/charconv_bigint.cc (null)\n@com_google_absl//absl/strings:internal/charconv_bigint.h (null)\n...and 24 more items"
  "@com_google_absl//absl/strings:strings (4e67ca8)" -> "@com_google_absl//absl/strings:internal (4e67ca8)"
  "@com_google_absl//absl/strings:internal (4e67ca8)"
  "@com_google_absl//absl/strings:internal (4e67ca8)" -> "@com_google_absl//absl:clang-cl_compiler (4e67ca8)\n@com_google_absl//absl:clang_compiler (4e67ca8)\n@com_google_absl//absl:msvc_compiler (4e67ca8)"
  "@com_google_absl//absl/strings:internal (4e67ca8)" -> "@com_google_absl//absl/base:config (4e67ca8)"
  "@com_google_absl//absl/strings:internal (4e67ca8)" -> "@com_google_absl//absl/base:core_headers (4e67ca8)"
  "@com_google_absl//absl/strings:internal (4e67ca8)" -> "@com_google_absl//absl/base:endian (4e67ca8)"
  "@com_google_absl//absl/strings:internal (4e67ca8)" -> "@com_google_absl//absl/base:raw_logging_internal (4e67ca8)"
  "@com_google_absl//absl/strings:internal (4e67ca8)" -> "@com_google_absl//absl/meta:type_traits (4e67ca8)"
  "@com_google_absl//absl/strings:internal (4e67ca8)" -> "@com_google_absl//absl/strings:internal/char_map.h (null)\n@com_google_absl//absl/strings:internal/escaping.cc (null)\n@com_google_absl//absl/strings:internal/escaping.h (null)\n@com_google_absl//absl/strings:internal/ostringstream.cc (null)\n@com_google_absl//absl/strings:internal/ostringstream.h (null)\n@com_google_absl//absl/strings:internal/resize_uninitialized.h (null)\n@com_google_absl//absl/strings:internal/utf8.cc (null)\n...and 1 more items"
  "@com_google_absl//absl/strings:internal/char_map.h (null)\n@com_google_absl//absl/strings:internal/escaping.cc (null)\n@com_google_absl//absl/strings:internal/escaping.h (null)\n@com_google_absl//absl/strings:internal/ostringstream.cc (null)\n@com_google_absl//absl/strings:internal/ostringstream.h (null)\n@com_google_absl//absl/strings:internal/resize_uninitialized.h (null)\n@com_google_absl//absl/strings:internal/utf8.cc (null)\n...and 1 more items"
  "@com_google_absl//absl/strings:ascii.cc (null)\n@com_google_absl//absl/strings:ascii.h (null)\n@com_google_absl//absl/strings:charconv.cc (null)\n@com_google_absl//absl/strings:charconv.h (null)\n@com_google_absl//absl/strings:escaping.cc (null)\n@com_google_absl//absl/strings:escaping.h (null)\n@com_google_absl//absl/strings:internal/charconv_bigint.cc (null)\n@com_google_absl//absl/strings:internal/charconv_bigint.h (null)\n...and 24 more items"
  "@com_google_absl//absl/numeric:int128 (4e67ca8)"
  "@com_google_absl//absl/numeric:int128 (4e67ca8)" -> "@com_google_absl//absl:clang-cl_compiler (4e67ca8)\n@com_google_absl//absl:clang_compiler (4e67ca8)\n@com_google_absl//absl:msvc_compiler (4e67ca8)"
  "@com_google_absl//absl/numeric:int128 (4e67ca8)" -> "@com_google_absl//absl/base:config (4e67ca8)"
  "@com_google_absl//absl/numeric:int128 (4e67ca8)" -> "@com_google_absl//absl/base:core_headers (4e67ca8)"
  "@com_google_absl//absl/numeric:int128 (4e67ca8)" -> "@com_google_absl//absl/numeric:bits (4e67ca8)"
  "@com_google_absl//absl/numeric:int128 (4e67ca8)" -> "@com_google_absl//absl/numeric:int128.cc (null)\n@com_google_absl//absl/numeric:int128.h (null)\n@com_google_absl//absl/numeric:int128_have_intrinsic.inc (null)\n@com_google_absl//absl/numeric:int128_no_intrinsic.inc (null)"
  "@com_google_absl//absl/numeric:int128.cc (null)\n@com_google_absl//absl/numeric:int128.h (null)\n@com_google_absl//absl/numeric:int128_have_intrinsic.inc (null)\n@com_google_absl//absl/numeric:int128_no_intrinsic.inc (null)"
  "@com_google_absl//absl/numeric:bits (4e67ca8)"
  "@com_google_absl//absl/numeric:bits (4e67ca8)" -> "@com_google_absl//absl:clang-cl_compiler (4e67ca8)\n@com_google_absl//absl:clang_compiler (4e67ca8)\n@com_google_absl//absl:msvc_compiler (4e67ca8)"
  "@com_google_absl//absl/numeric:bits (4e67ca8)" -> "@com_google_absl//absl/base:config (4e67ca8)"
  "@com_google_absl//absl/numeric:bits (4e67ca8)" -> "@com_google_absl//absl/base:core_headers (4e67ca8)"
  "@com_google_absl//absl/numeric:bits (4e67ca8)" -> "@com_google_absl//absl/numeric:bits.h (null)\n@com_google_absl//absl/numeric:internal/bits.h (null)"
  "@com_google_absl//absl/numeric:bits.h (null)\n@com_google_absl//absl/numeric:internal/bits.h (null)"
  "@com_google_absl//absl/memory:memory (4e67ca8)"
  "@com_google_absl//absl/memory:memory (4e67ca8)" -> "@com_google_absl//absl:clang-cl_compiler (4e67ca8)\n@com_google_absl//absl:clang_compiler (4e67ca8)\n@com_google_absl//absl:msvc_compiler (4e67ca8)"
  "@com_google_absl//absl/memory:memory (4e67ca8)" -> "@com_google_absl//absl/base:core_headers (4e67ca8)"
  "@com_google_absl//absl/memory:memory (4e67ca8)" -> "@com_google_absl//absl/memory:memory.h (null)"
  "@com_google_absl//absl/memory:memory (4e67ca8)" -> "@com_google_absl//absl/meta:type_traits (4e67ca8)"
  "@com_google_absl//absl/memory:memory.h (null)"
  "@com_google_absl//absl/base:throw_delegate (4e67ca8)"
  "@com_google_absl//absl/base:throw_delegate (4e67ca8)" -> "@com_google_absl//absl:clang-cl_compiler (4e67ca8)\n@com_google_absl//absl:clang_compiler (4e67ca8)\n@com_google_absl//absl:msvc_compiler (4e67ca8)"
  "@com_google_absl//absl/base:throw_delegate (4e67ca8)" -> "@com_google_absl//absl/base:config (4e67ca8)"
  "@com_google_absl//absl/base:throw_delegate (4e67ca8)" -> "@com_google_absl//absl/base:internal/throw_delegate.cc (null)\n@com_google_absl//absl/base:internal/throw_delegate.h (null)"
  "@com_google_absl//absl/base:throw_delegate (4e67ca8)" -> "@com_google_absl//absl/base:raw_logging_internal (4e67ca8)"
  "@com_google_absl//absl/base:internal/throw_delegate.cc (null)\n@com_google_absl//absl/base:internal/throw_delegate.h (null)"
  "@com_google_absl//absl/base:endian (4e67ca8)"
  "@com_google_absl//absl/base:endian (4e67ca8)" -> "@com_google_absl//absl:clang-cl_compiler (4e67ca8)\n@com_google_absl//absl:clang_compiler (4e67ca8)\n@com_google_absl//absl:msvc_compiler (4e67ca8)"
  "@com_google_absl//absl/base:endian (4e67ca8)" -> "@com_google_absl//absl/base:base (4e67ca8)"
  "@com_google_absl//absl/base:endian (4e67ca8)" -> "@com_google_absl//absl/base:config (4e67ca8)"
  "@com_google_absl//absl/base:endian (4e67ca8)" -> "@com_google_absl//absl/base:core_headers (4e67ca8)"
  "@com_google_absl//absl/base:endian (4e67ca8)" -> "@com_google_absl//absl/base:internal/endian.h (null)\n@com_google_absl//absl/base:internal/unaligned_access.h (null)"
  "@com_google_absl//absl/base:internal/endian.h (null)\n@com_google_absl//absl/base:internal/unaligned_access.h (null)"
  "@com_google_absl//absl/debugging:internal/symbolize.h (null)\n@com_google_absl//absl/debugging:symbolize.cc (null)\n@com_google_absl//absl/debugging:symbolize.h (null)\n@com_google_absl//absl/debugging:symbolize_darwin.inc (null)\n@com_google_absl//absl/debugging:symbolize_elf.inc (null)\n@com_google_absl//absl/debugging:symbolize_emscripten.inc (null)\n@com_google_absl//absl/debugging:symbolize_unimplemented.inc (null)\n@com_google_absl//absl/debugging:symbolize_win32.inc (null)"
  "@com_google_absl//absl/debugging:demangle_internal (4e67ca8)"
  "@com_google_absl//absl/debugging:demangle_internal (4e67ca8)" -> "@com_google_absl//absl:clang-cl_compiler (4e67ca8)\n@com_google_absl//absl:clang_compiler (4e67ca8)\n@com_google_absl//absl:msvc_compiler (4e67ca8)"
  "@com_google_absl//absl/debugging:demangle_internal (4e67ca8)" -> "@com_google_absl//absl/base:base (4e67ca8)"
  "@com_google_absl//absl/debugging:demangle_internal (4e67ca8)" -> "@com_google_absl//absl/base:config (4e67ca8)"
  "@com_google_absl//absl/debugging:demangle_internal (4e67ca8)" -> "@com_google_absl//absl/base:core_headers (4e67ca8)"
  "@com_google_absl//absl/debugging:demangle_internal (4e67ca8)" -> "@com_google_absl//absl/debugging:internal/demangle.cc (null)\n@com_google_absl//absl/debugging:internal/demangle.h (null)"
  "@com_google_absl//absl/debugging:internal/demangle.cc (null)\n@com_google_absl//absl/debugging:internal/demangle.h (null)"
  "@com_google_absl//absl/debugging:stacktrace (4e67ca8)"
  "@com_google_absl//absl/debugging:stacktrace (4e67ca8)" -> "@com_google_absl//absl:clang-cl_compiler (4e67ca8)\n@com_google_absl//absl:clang_compiler (4e67ca8)\n@com_google_absl//absl:msvc_compiler (4e67ca8)"
  "@com_google_absl//absl/debugging:stacktrace (4e67ca8)" -> "@com_google_absl//absl/base:config (4e67ca8)"
  "@com_google_absl//absl/debugging:stacktrace (4e67ca8)" -> "@com_google_absl//absl/base:core_headers (4e67ca8)"
  "@com_google_absl//absl/debugging:stacktrace (4e67ca8)" -> "@com_google_absl//absl/debugging:debugging_internal (4e67ca8)"
  "@com_google_absl//absl/debugging:stacktrace (4e67ca8)" -> "@com_google_absl//absl/debugging:internal/stacktrace_aarch64-inl.inc (null)\n@com_google_absl//absl/debugging:internal/stacktrace_arm-inl.inc (null)\n@com_google_absl//absl/debugging:internal/stacktrace_config.h (null)\n@com_google_absl//absl/debugging:internal/stacktrace_emscripten-inl.inc (null)\n@com_google_absl//absl/debugging:internal/stacktrace_generic-inl.inc (null)\n@com_google_absl//absl/debugging:internal/stacktrace_powerpc-inl.inc (null)\n...and 6 more items"
  "@com_google_absl//absl/debugging:internal/stacktrace_aarch64-inl.inc (null)\n@com_google_absl//absl/debugging:internal/stacktrace_arm-inl.inc (null)\n@com_google_absl//absl/debugging:internal/stacktrace_config.h (null)\n@com_google_absl//absl/debugging:internal/stacktrace_emscripten-inl.inc (null)\n@com_google_absl//absl/debugging:internal/stacktrace_generic-inl.inc (null)\n@com_google_absl//absl/debugging:internal/stacktrace_powerpc-inl.inc (null)\n...and 6 more items"
  "@com_google_absl//absl/debugging:debugging_internal (4e67ca8)"
  "@com_google_absl//absl/debugging:debugging_internal (4e67ca8)" -> "@com_google_absl//absl:clang-cl_compiler (4e67ca8)\n@com_google_absl//absl:clang_compiler (4e67ca8)\n@com_google_absl//absl:msvc_compiler (4e67ca8)"
  "@com_google_absl//absl/debugging:debugging_internal (4e67ca8)" -> "@com_google_absl//absl/base:config (4e67ca8)"
  "@com_google_absl//absl/debugging:debugging_internal (4e67ca8)" -> "@com_google_absl//absl/base:core_headers (4e67ca8)"
  "@com_google_absl//absl/debugging:debugging_internal (4e67ca8)" -> "@com_google_absl//absl/base:dynamic_annotations (4e67ca8)"
  "@com_google_absl//absl/debugging:debugging_internal (4e67ca8)" -> "@com_google_absl//absl/base:errno_saver (4e67ca8)"
  "@com_google_absl//absl/debugging:debugging_internal (4e67ca8)" -> "@com_google_absl//absl/base:raw_logging_internal (4e67ca8)"
  "@com_google_absl//absl/debugging:debugging_internal (4e67ca8)" -> "@com_google_absl//absl/debugging:internal/address_is_readable.cc (null)\n@com_google_absl//absl/debugging:internal/address_is_readable.h (null)\n@com_google_absl//absl/debugging:internal/elf_mem_image.cc (null)\n@com_google_absl//absl/debugging:internal/elf_mem_image.h (null)\n@com_google_absl//absl/debugging:internal/vdso_support.cc (null)\n@com_google_absl//absl/debugging:internal/vdso_support.h (null)"
  "@com_google_absl//absl/debugging:internal/address_is_readable.cc (null)\n@com_google_absl//absl/debugging:internal/address_is_readable.h (null)\n@com_google_absl//absl/debugging:internal/elf_mem_image.cc (null)\n@com_google_absl//absl/debugging:internal/elf_mem_image.h (null)\n@com_google_absl//absl/debugging:internal/vdso_support.cc (null)\n@com_google_absl//absl/debugging:internal/vdso_support.h (null)"
  "@com_google_absl//absl/base:malloc_internal (4e67ca8)"
  "@com_google_absl//absl/base:malloc_internal (4e67ca8)" -> "@com_google_absl//absl:clang-cl_compiler (4e67ca8)\n@com_google_absl//absl:clang_compiler (4e67ca8)\n@com_google_absl//absl:msvc_compiler (4e67ca8)"
  "@com_google_absl//absl/base:malloc_internal (4e67ca8)" -> "@com_google_absl//absl:wasm (4e67ca8)"
  "@com_google_absl//absl/base:malloc_internal (4e67ca8)" -> "@com_google_absl//absl/base:base (4e67ca8)"
  "@com_google_absl//absl/base:malloc_internal (4e67ca8)" -> "@com_google_absl//absl/base:base_internal (4e67ca8)"
  "@com_google_absl//absl/base:malloc_internal (4e67ca8)" -> "@com_google_absl//absl/base:config (4e67ca8)"
  "@com_google_absl//absl/base:malloc_internal (4e67ca8)" -> "@com_google_absl//absl/base:core_headers (4e67ca8)"
  "@com_google_absl//absl/base:malloc_internal (4e67ca8)" -> "@com_google_absl//absl/base:dynamic_annotations (4e67ca8)"
  "@com_google_absl//absl/base:malloc_internal (4e67ca8)" -> "@com_google_absl//absl/base:internal/direct_mmap.h (null)\n@com_google_absl//absl/base:internal/low_level_alloc.cc (null)\n@com_google_absl//absl/base:internal/low_level_alloc.h (null)"
  "@com_google_absl//absl/base:malloc_internal (4e67ca8)" -> "@com_google_absl//absl/base:raw_logging_internal (4e67ca8)"
  "@com_google_absl//absl/base:internal/direct_mmap.h (null)\n@com_google_absl//absl/base:internal/low_level_alloc.cc (null)\n@com_google_absl//absl/base:internal/low_level_alloc.h (null)"
  "@com_google_absl//absl/base:base (4e67ca8)"
  "@com_google_absl//absl/base:base (4e67ca8)" -> "@com_google_absl//absl:clang-cl_compiler (4e67ca8)\n@com_google_absl//absl:clang_compiler (4e67ca8)\n@com_google_absl//absl:msvc_compiler (4e67ca8)"
  "@com_google_absl//absl/base:base (4e67ca8)" -> "@com_google_absl//absl:wasm (4e67ca8)"
  "@com_google_absl//absl/base:base (4e67ca8)" -> "@com_google_absl//absl/base:atomic_hook (4e67ca8)"
  "@com_google_absl//absl/base:base (4e67ca8)" -> "@com_google_absl//absl/base:base_internal (4e67ca8)"
  "@com_google_absl//absl/base:base (4e67ca8)" -> "@com_google_absl//absl/base:call_once.h (null)\n@com_google_absl//absl/base:casts.h (null)\n@com_google_absl//absl/base:internal/cycleclock.cc (null)\n@com_google_absl//absl/base:internal/cycleclock.h (null)\n@com_google_absl//absl/base:internal/low_level_scheduling.h (null)\n@com_google_absl//absl/base:internal/per_thread_tls.h (null)\n@com_google_absl//absl/base:internal/spinlock.cc (null)\n@com_google_absl//absl/base:internal/spinlock.h (null)\n...and 7 more items"
  "@com_google_absl//absl/base:base (4e67ca8)" -> "@com_google_absl//absl/base:config (4e67ca8)"
  "@com_google_absl//absl/base:base (4e67ca8)" -> "@com_google_absl//absl/base:core_headers (4e67ca8)"
  "@com_google_absl//absl/base:base (4e67ca8)" -> "@com_google_absl//absl/base:dynamic_annotations (4e67ca8)"
  "@com_google_absl//absl/base:base (4e67ca8)" -> "@com_google_absl//absl/base:log_severity (4e67ca8)"
  "@com_google_absl//absl/base:base (4e67ca8)" -> "@com_google_absl//absl/base:raw_logging_internal (4e67ca8)"
  "@com_google_absl//absl/base:base (4e67ca8)" -> "@com_google_absl//absl/base:spinlock_wait (4e67ca8)"
  "@com_google_absl//absl/base:base (4e67ca8)" -> "@com_google_absl//absl/meta:type_traits (4e67ca8)"
  "@com_google_absl//absl/base:spinlock_wait (4e67ca8)"
  "@com_google_absl//absl/base:spinlock_wait (4e67ca8)" -> "@com_google_absl//absl:clang-cl_compiler (4e67ca8)\n@com_google_absl//absl:clang_compiler (4e67ca8)\n@com_google_absl//absl:msvc_compiler (4e67ca8)"
  "@com_google_absl//absl/base:spinlock_wait (4e67ca8)" -> "@com_google_absl//absl/base:base_internal (4e67ca8)"
  "@com_google_absl//absl/base:spinlock_wait (4e67ca8)" -> "@com_google_absl//absl/base:core_headers (4e67ca8)"
  "@com_google_absl//absl/base:spinlock_wait (4e67ca8)" -> "@com_google_absl//absl/base:errno_saver (4e67ca8)"
  "@com_google_absl//absl/base:spinlock_wait (4e67ca8)" -> "@com_google_absl//absl/base:internal/spinlock_akaros.inc (null)\n@com_google_absl//absl/base:internal/spinlock_linux.inc (null)\n@com_google_absl//absl/base:internal/spinlock_posix.inc (null)\n@com_google_absl//absl/base:internal/spinlock_wait.cc (null)\n@com_google_absl//absl/base:internal/spinlock_wait.h (null)\n@com_google_absl//absl/base:internal/spinlock_win32.inc (null)"
  "@com_google_absl//absl/base:internal/spinlock_akaros.inc (null)\n@com_google_absl//absl/base:internal/spinlock_linux.inc (null)\n@com_google_absl//absl/base:internal/spinlock_posix.inc (null)\n@com_google_absl//absl/base:internal/spinlock_wait.cc (null)\n@com_google_absl//absl/base:internal/spinlock_wait.h (null)\n@com_google_absl//absl/base:internal/spinlock_win32.inc (null)"
  "@com_google_absl//absl/base:errno_saver (4e67ca8)"
  "@com_google_absl//absl/base:errno_saver (4e67ca8)" -> "@com_google_absl//absl:clang-cl_compiler (4e67ca8)\n@com_google_absl//absl:clang_compiler (4e67ca8)\n@com_google_absl//absl:msvc_compiler (4e67ca8)"
  "@com_google_absl//absl/base:errno_saver (4e67ca8)" -> "@com_google_absl//absl/base:config (4e67ca8)"
  "@com_google_absl//absl/base:errno_saver (4e67ca8)" -> "@com_google_absl//absl/base:internal/errno_saver.h (null)"
  "@com_google_absl//absl/base:internal/errno_saver.h (null)"
  "@com_google_absl//absl/base:raw_logging_internal (4e67ca8)"
  "@com_google_absl//absl/base:raw_logging_internal (4e67ca8)" -> "@com_google_absl//absl:clang-cl_compiler (4e67ca8)\n@com_google_absl//absl:clang_compiler (4e67ca8)\n@com_google_absl//absl:msvc_compiler (4e67ca8)"
  "@com_google_absl//absl/base:raw_logging_internal (4e67ca8)" -> "@com_google_absl//absl/base:atomic_hook (4e67ca8)"
  "@com_google_absl//absl/base:raw_logging_internal (4e67ca8)" -> "@com_google_absl//absl/base:config (4e67ca8)"
  "@com_google_absl//absl/base:raw_logging_internal (4e67ca8)" -> "@com_google_absl//absl/base:core_headers (4e67ca8)"
  "@com_google_absl//absl/base:raw_logging_internal (4e67ca8)" -> "@com_google_absl//absl/base:internal/raw_logging.cc (null)\n@com_google_absl//absl/base:internal/raw_logging.h (null)"
  "@com_google_absl//absl/base:raw_logging_internal (4e67ca8)" -> "@com_google_absl//absl/base:log_severity (4e67ca8)"
  "@com_google_absl//absl/base:internal/raw_logging.cc (null)\n@com_google_absl//absl/base:internal/raw_logging.h (null)"
  "@com_google_absl//absl/base:log_severity (4e67ca8)"
  "@com_google_absl//absl/base:log_severity (4e67ca8)" -> "@com_google_absl//absl:clang-cl_compiler (4e67ca8)\n@com_google_absl//absl:clang_compiler (4e67ca8)\n@com_google_absl//absl:msvc_compiler (4e67ca8)"
  "@com_google_absl//absl/base:log_severity (4e67ca8)" -> "@com_google_absl//absl/base:config (4e67ca8)"
  "@com_google_absl//absl/base:log_severity (4e67ca8)" -> "@com_google_absl//absl/base:core_headers (4e67ca8)"
  "@com_google_absl//absl/base:log_severity (4e67ca8)" -> "@com_google_absl//absl/base:log_severity.cc (null)\n@com_google_absl//absl/base:log_severity.h (null)"
  "@com_google_absl//absl/base:log_severity.cc (null)\n@com_google_absl//absl/base:log_severity.h (null)"
  "@com_google_absl//absl/base:dynamic_annotations (4e67ca8)"
  "@com_google_absl//absl/base:dynamic_annotations (4e67ca8)" -> "@com_google_absl//absl:clang-cl_compiler (4e67ca8)\n@com_google_absl//absl:clang_compiler (4e67ca8)\n@com_google_absl//absl:msvc_compiler (4e67ca8)"
  "@com_google_absl//absl/base:dynamic_annotations (4e67ca8)" -> "@com_google_absl//absl/base:config (4e67ca8)"
  "@com_google_absl//absl/base:dynamic_annotations (4e67ca8)" -> "@com_google_absl//absl/base:core_headers (4e67ca8)"
  "@com_google_absl//absl/base:dynamic_annotations (4e67ca8)" -> "@com_google_absl//absl/base:dynamic_annotations.h (null)\n@com_google_absl//absl/base:internal/dynamic_annotations.h (null)"
  "@com_google_absl//absl/base:dynamic_annotations.h (null)\n@com_google_absl//absl/base:internal/dynamic_annotations.h (null)"
  "@com_google_absl//absl/base:call_once.h (null)\n@com_google_absl//absl/base:casts.h (null)\n@com_google_absl//absl/base:internal/cycleclock.cc (null)\n@com_google_absl//absl/base:internal/cycleclock.h (null)\n@com_google_absl//absl/base:internal/low_level_scheduling.h (null)\n@com_google_absl//absl/base:internal/per_thread_tls.h (null)\n@com_google_absl//absl/base:internal/spinlock.cc (null)\n@com_google_absl//absl/base:internal/spinlock.h (null)\n...and 7 more items"
  "@com_google_absl//absl/base:base_internal (4e67ca8)"
  "@com_google_absl//absl/base:base_internal (4e67ca8)" -> "@com_google_absl//absl:clang-cl_compiler (4e67ca8)\n@com_google_absl//absl:clang_compiler (4e67ca8)\n@com_google_absl//absl:msvc_compiler (4e67ca8)"
  "@com_google_absl//absl/base:base_internal (4e67ca8)" -> "@com_google_absl//absl/base:config (4e67ca8)"
  "@com_google_absl//absl/base:base_internal (4e67ca8)" -> "@com_google_absl//absl/base:internal/hide_ptr.h (null)\n@com_google_absl//absl/base:internal/identity.h (null)\n@com_google_absl//absl/base:internal/inline_variable.h (null)\n@com_google_absl//absl/base:internal/invoke.h (null)\n@com_google_absl//absl/base:internal/scheduling_mode.h (null)"
  "@com_google_absl//absl/base:base_internal (4e67ca8)" -> "@com_google_absl//absl/meta:type_traits (4e67ca8)"
  "@com_google_absl//absl/meta:type_traits (4e67ca8)"
  "@com_google_absl//absl/meta:type_traits (4e67ca8)" -> "@com_google_absl//absl:clang-cl_compiler (4e67ca8)\n@com_google_absl//absl:clang_compiler (4e67ca8)\n@com_google_absl//absl:msvc_compiler (4e67ca8)"
  "@com_google_absl//absl/meta:type_traits (4e67ca8)" -> "@com_google_absl//absl/base:config (4e67ca8)"
  "@com_google_absl//absl/meta:type_traits (4e67ca8)" -> "@com_google_absl//absl/meta:type_traits.h (null)"
  "@com_google_absl//absl/meta:type_traits.h (null)"
  "@com_google_absl//absl/base:internal/hide_ptr.h (null)\n@com_google_absl//absl/base:internal/identity.h (null)\n@com_google_absl//absl/base:internal/inline_variable.h (null)\n@com_google_absl//absl/base:internal/invoke.h (null)\n@com_google_absl//absl/base:internal/scheduling_mode.h (null)"
  "@com_google_absl//absl/base:atomic_hook (4e67ca8)"
  "@com_google_absl//absl/base:atomic_hook (4e67ca8)" -> "@com_google_absl//absl:clang-cl_compiler (4e67ca8)\n@com_google_absl//absl:clang_compiler (4e67ca8)\n@com_google_absl//absl:msvc_compiler (4e67ca8)"
  "@com_google_absl//absl/base:atomic_hook (4e67ca8)" -> "@com_google_absl//absl/base:config (4e67ca8)"
  "@com_google_absl//absl/base:atomic_hook (4e67ca8)" -> "@com_google_absl//absl/base:core_headers (4e67ca8)"
  "@com_google_absl//absl/base:atomic_hook (4e67ca8)" -> "@com_google_absl//absl/base:internal/atomic_hook.h (null)"
  "@com_google_absl//absl/base:internal/atomic_hook.h (null)"
  "@com_google_absl//absl/base:core_headers (4e67ca8)"
  "@com_google_absl//absl/base:core_headers (4e67ca8)" -> "@com_google_absl//absl:clang-cl_compiler (4e67ca8)\n@com_google_absl//absl:clang_compiler (4e67ca8)\n@com_google_absl//absl:msvc_compiler (4e67ca8)"
  "@com_google_absl//absl/base:core_headers (4e67ca8)" -> "@com_google_absl//absl/base:attributes.h (null)\n@com_google_absl//absl/base:const_init.h (null)\n@com_google_absl//absl/base:internal/thread_annotations.h (null)\n@com_google_absl//absl/base:macros.h (null)\n@com_google_absl//absl/base:optimization.h (null)\n@com_google_absl//absl/base:port.h (null)\n@com_google_absl//absl/base:thread_annotations.h (null)"
  "@com_google_absl//absl/base:core_headers (4e67ca8)" -> "@com_google_absl//absl/base:config (4e67ca8)"
  "@com_google_absl//absl/base:attributes.h (null)\n@com_google_absl//absl/base:const_init.h (null)\n@com_google_absl//absl/base:internal/thread_annotations.h (null)\n@com_google_absl//absl/base:macros.h (null)\n@com_google_absl//absl/base:optimization.h (null)\n@com_google_absl//absl/base:port.h (null)\n@com_google_absl//absl/base:thread_annotations.h (null)"
  "@com_google_absl//absl/base:config (4e67ca8)"
  "@com_google_absl//absl/base:config (4e67ca8)" -> "@com_google_absl//absl:clang-cl_compiler (4e67ca8)\n@com_google_absl//absl:clang_compiler (4e67ca8)\n@com_google_absl//absl:msvc_compiler (4e67ca8)"
  "@com_google_absl//absl/base:config (4e67ca8)" -> "@com_google_absl//absl/base:config.h (null)\n@com_google_absl//absl/base:options.h (null)\n@com_google_absl//absl/base:policy_checks.h (null)"
  "@com_google_absl//absl/base:config.h (null)\n@com_google_absl//absl/base:options.h (null)\n@com_google_absl//absl/base:policy_checks.h (null)"
  "@com_google_absl//absl:wasm (4e67ca8)"
  "@com_google_absl//absl:clang-cl_compiler (4e67ca8)\n@com_google_absl//absl:clang_compiler (4e67ca8)\n@com_google_absl//absl:msvc_compiler (4e67ca8)"
  "@com_google_absl//absl:clang-cl_compiler (4e67ca8)\n@com_google_absl//absl:clang_compiler (4e67ca8)\n@com_google_absl//absl:msvc_compiler (4e67ca8)" -> "@bazel_tools//tools/cpp:compiler (4e67ca8)"
  "@bazel_tools//tools/cpp:compiler (4e67ca8)"
  "@com_github_grpc_grpc//:include/grpcpp/impl/codegen/sync.h (null)"
  "@com_github_grpc_grpc//:gpr_codegen (4e67ca8)"
  "@com_github_grpc_grpc//:gpr_codegen (4e67ca8)" -> "@com_github_grpc_grpc//:grpc_allow_exceptions (4e67ca8)\n@com_github_grpc_grpc//:grpc_disallow_exceptions (4e67ca8)\n@com_github_grpc_grpc//:grpc_no_ares (4e67ca8)\n@com_github_grpc_grpc//:remote_execution (4e67ca8)\n@com_github_grpc_grpc//:use_strict_warning (4e67ca8)\n@com_github_grpc_grpc//:windows (4e67ca8)\n@com_github_grpc_grpc//:windows_msvc (4e67ca8)"
  "@com_github_grpc_grpc//:gpr_codegen (4e67ca8)" -> "@com_github_grpc_grpc//:include/grpc/impl/codegen/atm.h (null)\n@com_github_grpc_grpc//:include/grpc/impl/codegen/atm_gcc_atomic.h (null)\n@com_github_grpc_grpc//:include/grpc/impl/codegen/atm_gcc_sync.h (null)\n@com_github_grpc_grpc//:include/grpc/impl/codegen/atm_windows.h (null)\n@com_github_grpc_grpc//:include/grpc/impl/codegen/fork.h (null)\n@com_github_grpc_grpc//:include/grpc/impl/codegen/gpr_slice.h (null)\n...and 9 more items"
  "@com_github_grpc_grpc//:include/grpc/impl/codegen/atm.h (null)\n@com_github_grpc_grpc//:include/grpc/impl/codegen/atm_gcc_atomic.h (null)\n@com_github_grpc_grpc//:include/grpc/impl/codegen/atm_gcc_sync.h (null)\n@com_github_grpc_grpc//:include/grpc/impl/codegen/atm_windows.h (null)\n@com_github_grpc_grpc//:include/grpc/impl/codegen/fork.h (null)\n@com_github_grpc_grpc//:include/grpc/impl/codegen/gpr_slice.h (null)\n...and 9 more items"
  "@com_github_grpc_grpc//:grpc_allow_exceptions (4e67ca8)\n@com_github_grpc_grpc//:grpc_disallow_exceptions (4e67ca8)\n@com_github_grpc_grpc//:grpc_no_ares (4e67ca8)\n@com_github_grpc_grpc//:remote_execution (4e67ca8)\n@com_github_grpc_grpc//:use_strict_warning (4e67ca8)\n@com_github_grpc_grpc//:windows (4e67ca8)\n@com_github_grpc_grpc//:windows_msvc (4e67ca8)"
  "//proto/collector:collector_cc_proto (4e67ca8)"
  "//proto/collector:collector_cc_proto (4e67ca8)" -> "//proto/collector:collector_proto (4e67ca8)"
  "//proto/collector:_collector_cc_grpc_proto_grpc_codegen (4e67ca8)"
  "//proto/collector:_collector_cc_grpc_proto_grpc_codegen (4e67ca8)" -> "//proto/collector:collector_proto (4e67ca8)"
  "//proto/collector:_collector_cc_grpc_proto_grpc_codegen (4e67ca8)" -> "@com_github_grpc_grpc//src/compiler:grpc_cpp_plugin (016b1f6)"
  "@com_github_grpc_grpc//src/compiler:grpc_cpp_plugin (016b1f6)"
  "@com_github_grpc_grpc//src/compiler:grpc_cpp_plugin (016b1f6)" -> "@com_github_grpc_grpc//src/compiler:cpp_plugin.cc (null)"
  "@com_github_grpc_grpc//src/compiler:grpc_cpp_plugin (016b1f6)" -> "@com_github_grpc_grpc//src/compiler:grpc_plugin_support (016b1f6)"
  "@com_github_grpc_grpc//src/compiler:grpc_plugin_support (016b1f6)"
  "@com_github_grpc_grpc//src/compiler:grpc_plugin_support (016b1f6)" -> "//external:protobuf_clib (016b1f6)"
  "@com_github_grpc_grpc//src/compiler:grpc_plugin_support (016b1f6)" -> "@com_github_grpc_grpc//:grpc++_config_proto (016b1f6)"
  "@com_github_grpc_grpc//src/compiler:grpc_plugin_support (016b1f6)" -> "@com_github_grpc_grpc//:grpc_allow_exceptions (016b1f6)\n@com_github_grpc_grpc//:grpc_disallow_exceptions (016b1f6)\n@com_github_grpc_grpc//:grpc_no_ares (016b1f6)\n@com_github_grpc_grpc//:remote_execution (016b1f6)\n@com_github_grpc_grpc//:use_strict_warning (016b1f6)\n@com_github_grpc_grpc//:windows (016b1f6)\n@com_github_grpc_grpc//:windows_msvc (016b1f6)"
  "@com_github_grpc_grpc//src/compiler:grpc_plugin_support (016b1f6)" -> "@com_github_grpc_grpc//src/compiler:config.h (null)\n@com_github_grpc_grpc//src/compiler:config_protobuf.h (null)\n@com_github_grpc_grpc//src/compiler:cpp_generator.cc (null)\n@com_github_grpc_grpc//src/compiler:cpp_generator.h (null)\n@com_github_grpc_grpc//src/compiler:cpp_generator_helpers.h (null)\n@com_github_grpc_grpc//src/compiler:cpp_plugin.h (null)\n@com_github_grpc_grpc//src/compiler:csharp_generator.cc (null)\n...and 23 more items"
  "@com_github_grpc_grpc//src/compiler:config.h (null)\n@com_github_grpc_grpc//src/compiler:config_protobuf.h (null)\n@com_github_grpc_grpc//src/compiler:cpp_generator.cc (null)\n@com_github_grpc_grpc//src/compiler:cpp_generator.h (null)\n@com_github_grpc_grpc//src/compiler:cpp_generator_helpers.h (null)\n@com_github_grpc_grpc//src/compiler:cpp_plugin.h (null)\n@com_github_grpc_grpc//src/compiler:csharp_generator.cc (null)\n...and 23 more items"
  "@com_github_grpc_grpc//:grpc++_config_proto (016b1f6)"
  "@com_github_grpc_grpc//:grpc++_config_proto (016b1f6)" -> "//external:protobuf_headers (016b1f6)"
  "@com_github_grpc_grpc//:grpc++_config_proto (016b1f6)" -> "@com_github_grpc_grpc//:grpc_allow_exceptions (016b1f6)\n@com_github_grpc_grpc//:grpc_disallow_exceptions (016b1f6)\n@com_github_grpc_grpc//:grpc_no_ares (016b1f6)\n@com_github_grpc_grpc//:remote_execution (016b1f6)\n@com_github_grpc_grpc//:use_strict_warning (016b1f6)\n@com_github_grpc_grpc//:windows (016b1f6)\n@com_github_grpc_grpc//:windows_msvc (016b1f6)"
  "@com_github_grpc_grpc//:grpc++_config_proto (016b1f6)" -> "@com_github_grpc_grpc//:include/grpc++/impl/codegen/config_protobuf.h (null)\n@com_github_grpc_grpc//:include/grpcpp/impl/codegen/config_protobuf.h (null)"
  "@com_github_grpc_grpc//:include/grpc++/impl/codegen/config_protobuf.h (null)\n@com_github_grpc_grpc//:include/grpcpp/impl/codegen/config_protobuf.h (null)"
  "@com_github_grpc_grpc//:grpc_allow_exceptions (016b1f6)\n@com_github_grpc_grpc//:grpc_disallow_exceptions (016b1f6)\n@com_github_grpc_grpc//:grpc_no_ares (016b1f6)\n@com_github_grpc_grpc//:remote_execution (016b1f6)\n@com_github_grpc_grpc//:use_strict_warning (016b1f6)\n@com_github_grpc_grpc//:windows (016b1f6)\n@com_github_grpc_grpc//:windows_msvc (016b1f6)"
  "@com_github_grpc_grpc//src/compiler:cpp_plugin.cc (null)"
  "//proto/collector:collector_proto (4e67ca8)"
  "//proto/collector:collector_proto (4e67ca8)" -> "//proto/collector:collector.proto (null)"
  "//proto/collector:collector.proto (null)"
  "//external:protobuf_headers (4e67ca8)"
  "//external:protobuf_headers (4e67ca8)" -> "@com_google_protobuf//:protobuf_headers (4e67ca8)"
  "//external:protobuf_headers (4e67ca8)" -> "@local_config_platform//:host (4e67ca8)"
  "@local_config_platform//:host (4e67ca8)"
  "@local_config_platform//:host (4e67ca8)" -> "@platforms//cpu:x86_64 (4e67ca8)"
  "@local_config_platform//:host (4e67ca8)" -> "@platforms//os:linux (4e67ca8)"
  "@platforms//os:linux (4e67ca8)"
  "@platforms//os:linux (4e67ca8)" -> "@platforms//os:os (4e67ca8)"
  "@platforms//os:os (4e67ca8)"
  "@platforms//cpu:x86_64 (4e67ca8)"
  "@platforms//cpu:x86_64 (4e67ca8)" -> "@platforms//cpu:cpu (4e67ca8)"
  "@platforms//cpu:cpu (4e67ca8)"
  "@com_google_protobuf//:protobuf_headers (4e67ca8)"
  "@com_google_protobuf//:protobuf_headers (4e67ca8)" -> "@com_google_protobuf//:src/google/protobuf/any.h (null)\n@com_google_protobuf//:src/google/protobuf/any.pb.h (null)\n@com_google_protobuf//:src/google/protobuf/api.pb.h (null)\n@com_google_protobuf//:src/google/protobuf/arena.h (null)\n@com_google_protobuf//:src/google/protobuf/arena_impl.h (null)\n@com_google_protobuf//:src/google/protobuf/arena_test_util.h (null)\n@com_google_protobuf//:src/google/protobuf/arenastring.h (null)\n...and 234 more items"
  "//external:protobuf_headers (016b1f6)"
  "//external:protobuf_headers (016b1f6)" -> "@com_google_protobuf//:protobuf_headers (016b1f6)"
  "//external:protobuf_headers (016b1f6)" -> "@local_config_platform//:host (016b1f6)"
  "@com_google_protobuf//:protobuf_headers (016b1f6)"
  "@com_google_protobuf//:protobuf_headers (016b1f6)" -> "@com_google_protobuf//:src/google/protobuf/any.h (null)\n@com_google_protobuf//:src/google/protobuf/any.pb.h (null)\n@com_google_protobuf//:src/google/protobuf/api.pb.h (null)\n@com_google_protobuf//:src/google/protobuf/arena.h (null)\n@com_google_protobuf//:src/google/protobuf/arena_impl.h (null)\n@com_google_protobuf//:src/google/protobuf/arena_test_util.h (null)\n@com_google_protobuf//:src/google/protobuf/arenastring.h (null)\n...and 234 more items"
  "//external:protobuf_clib (016b1f6)"
  "//external:protobuf_clib (016b1f6)" -> "@com_google_protobuf//:protoc_lib (016b1f6)"
  "//external:protobuf_clib (016b1f6)" -> "@local_config_platform//:host (016b1f6)"
  "@local_config_platform//:host (016b1f6)"
  "@local_config_platform//:host (016b1f6)" -> "@platforms//cpu:x86_64 (016b1f6)"
  "@local_config_platform//:host (016b1f6)" -> "@platforms//os:linux (016b1f6)"
  "@platforms//os:linux (016b1f6)"
  "@platforms//os:linux (016b1f6)" -> "@platforms//os:os (016b1f6)"
  "@platforms//os:os (016b1f6)"
  "@platforms//cpu:x86_64 (016b1f6)"
  "@platforms//cpu:x86_64 (016b1f6)" -> "@platforms//cpu:cpu (016b1f6)"
  "@platforms//cpu:cpu (016b1f6)"
  "@com_google_protobuf//:protoc_lib (016b1f6)"
  "@com_google_protobuf//:protoc_lib (016b1f6)" -> "@com_google_protobuf//:android (016b1f6)\n@com_google_protobuf//:android-default (016b1f6)\n@com_google_protobuf//:android-gnu-libstdcpp (016b1f6)\n@com_google_protobuf//:android-libcpp (016b1f6)\n@com_google_protobuf//:android-stlport (016b1f6)"
  "@com_google_protobuf//:protoc_lib (016b1f6)" -> "@com_google_protobuf//:msvc (016b1f6)"
  "@com_google_protobuf//:protoc_lib (016b1f6)" -> "@com_google_protobuf//:protobuf (016b1f6)"
  "@com_google_protobuf//:protoc_lib (016b1f6)" -> "@com_google_protobuf//:src/google/protobuf/compiler/code_generator.cc (null)\n@com_google_protobuf//:src/google/protobuf/compiler/command_line_interface.cc (null)\n@com_google_protobuf//:src/google/protobuf/compiler/cpp/cpp_enum.cc (null)\n@com_google_protobuf//:src/google/protobuf/compiler/cpp/cpp_enum_field.cc (null)\n@com_google_protobuf//:src/google/protobuf/compiler/cpp/cpp_extension.cc (null)\n@com_google_protobuf//:src/google/protobuf/compiler/cpp/cpp_field.cc (null)\n...and 77 more items"
  "@com_google_protobuf//:src/google/protobuf/compiler/code_generator.cc (null)\n@com_google_protobuf//:src/google/protobuf/compiler/command_line_interface.cc (null)\n@com_google_protobuf//:src/google/protobuf/compiler/cpp/cpp_enum.cc (null)\n@com_google_protobuf//:src/google/protobuf/compiler/cpp/cpp_enum_field.cc (null)\n@com_google_protobuf//:src/google/protobuf/compiler/cpp/cpp_extension.cc (null)\n@com_google_protobuf//:src/google/protobuf/compiler/cpp/cpp_field.cc (null)\n...and 77 more items"
  "@com_google_protobuf//:protobuf (016b1f6)"
  "@com_google_protobuf//:protobuf (016b1f6)" -> "@com_google_protobuf//:android (016b1f6)\n@com_google_protobuf//:android-default (016b1f6)\n@com_google_protobuf//:android-gnu-libstdcpp (016b1f6)\n@com_google_protobuf//:android-libcpp (016b1f6)\n@com_google_protobuf//:android-stlport (016b1f6)"
  "@com_google_protobuf//:protobuf (016b1f6)" -> "@com_google_protobuf//:msvc (016b1f6)"
  "@com_google_protobuf//:protobuf (016b1f6)" -> "@com_google_protobuf//:protobuf_lite (016b1f6)"
  "@com_google_protobuf//:protobuf (016b1f6)" -> "@com_google_protobuf//:src/google/protobuf/any.cc (null)\n@com_google_protobuf//:src/google/protobuf/any.pb.cc (null)\n@com_google_protobuf//:src/google/protobuf/api.pb.cc (null)\n@com_google_protobuf//:src/google/protobuf/compiler/importer.cc (null)\n@com_google_protobuf//:src/google/protobuf/compiler/parser.cc (null)\n@com_google_protobuf//:src/google/protobuf/descriptor.cc (null)\n@com_google_protobuf//:src/google/protobuf/descriptor.pb.cc (null)\n...and 46 more items"
  "@com_google_protobuf//:protobuf (016b1f6)" -> "@com_google_protobuf//:src/google/protobuf/any.h (null)\n@com_google_protobuf//:src/google/protobuf/any.pb.h (null)\n@com_google_protobuf//:src/google/protobuf/api.pb.h (null)\n@com_google_protobuf//:src/google/protobuf/arena.h (null)\n@com_google_protobuf//:src/google/protobuf/arena_impl.h (null)\n@com_google_protobuf//:src/google/protobuf/arena_test_util.h (null)\n@com_google_protobuf//:src/google/protobuf/arenastring.h (null)\n...and 234 more items"
  "@com_google_protobuf//:protobuf (016b1f6)" -> "@zlib//:zlib (016b1f6)"
  "@zlib//:zlib (016b1f6)"
  "@zlib//:zlib (016b1f6)" -> "@zlib//:adler32.c (null)\n@zlib//:compress.c (null)\n@zlib//:crc32.c (null)\n@zlib//:crc32.h (null)\n@zlib//:deflate.c (null)\n@zlib//:deflate.h (null)\n@zlib//:gzguts.h (null)\n@zlib//:infback.c (null)\n@zlib//:inffast.c (null)\n@zlib//:inffast.h (null)\n@zlib//:inffixed.h (null)\n@zlib//:inflate.c (null)\n@zlib//:inflate.h (null)\n@zlib//:inftrees.c (null)\n@zlib//:inftrees.h (null)\n@zlib//:trees.c (null)\n@zlib//:trees.h (null)\n@zlib//:uncompr.c (null)\n@zlib//:zconf.h (null)\n...and 3 more items"
  "@zlib//:adler32.c (null)\n@zlib//:compress.c (null)\n@zlib//:crc32.c (null)\n@zlib//:crc32.h (null)\n@zlib//:deflate.c (null)\n@zlib//:deflate.h (null)\n@zlib//:gzguts.h (null)\n@zlib//:infback.c (null)\n@zlib//:inffast.c (null)\n@zlib//:inffast.h (null)\n@zlib//:inffixed.h (null)\n@zlib//:inflate.c (null)\n@zlib//:inflate.h (null)\n@zlib//:inftrees.c (null)\n@zlib//:inftrees.h (null)\n@zlib//:trees.c (null)\n@zlib//:trees.h (null)\n@zlib//:uncompr.c (null)\n@zlib//:zconf.h (null)\n...and 3 more items"
  "@com_google_protobuf//:src/google/protobuf/any.cc (null)\n@com_google_protobuf//:src/google/protobuf/any.pb.cc (null)\n@com_google_protobuf//:src/google/protobuf/api.pb.cc (null)\n@com_google_protobuf//:src/google/protobuf/compiler/importer.cc (null)\n@com_google_protobuf//:src/google/protobuf/compiler/parser.cc (null)\n@com_google_protobuf//:src/google/protobuf/descriptor.cc (null)\n@com_google_protobuf//:src/google/protobuf/descriptor.pb.cc (null)\n...and 46 more items"
  "@com_google_protobuf//:protobuf_lite (016b1f6)"
  "@com_google_protobuf//:protobuf_lite (016b1f6)" -> "@com_google_protobuf//:android (016b1f6)\n@com_google_protobuf//:android-default (016b1f6)\n@com_google_protobuf//:android-gnu-libstdcpp (016b1f6)\n@com_google_protobuf//:android-libcpp (016b1f6)\n@com_google_protobuf//:android-stlport (016b1f6)"
  "@com_google_protobuf//:protobuf_lite (016b1f6)" -> "@com_google_protobuf//:msvc (016b1f6)"
  "@com_google_protobuf//:protobuf_lite (016b1f6)" -> "@com_google_protobuf//:src/google/protobuf/any.h (null)\n@com_google_protobuf//:src/google/protobuf/any.pb.h (null)\n@com_google_protobuf//:src/google/protobuf/api.pb.h (null)\n@com_google_protobuf//:src/google/protobuf/arena.h (null)\n@com_google_protobuf//:src/google/protobuf/arena_impl.h (null)\n@com_google_protobuf//:src/google/protobuf/arena_test_util.h (null)\n@com_google_protobuf//:src/google/protobuf/arenastring.h (null)\n...and 234 more items"
  "@com_google_protobuf//:protobuf_lite (016b1f6)" -> "@com_google_protobuf//:src/google/protobuf/any_lite.cc (null)\n@com_google_protobuf//:src/google/protobuf/arena.cc (null)\n@com_google_protobuf//:src/google/protobuf/arenastring.cc (null)\n@com_google_protobuf//:src/google/protobuf/extension_set.cc (null)\n@com_google_protobuf//:src/google/protobuf/generated_enum_util.cc (null)\n@com_google_protobuf//:src/google/protobuf/generated_message_table_driven_lite.cc (null)\n...and 26 more items"
  "@com_google_protobuf//:src/google/protobuf/any_lite.cc (null)\n@com_google_protobuf//:src/google/protobuf/arena.cc (null)\n@com_google_protobuf//:src/google/protobuf/arenastring.cc (null)\n@com_google_protobuf//:src/google/protobuf/extension_set.cc (null)\n@com_google_protobuf//:src/google/protobuf/generated_enum_util.cc (null)\n@com_google_protobuf//:src/google/protobuf/generated_message_table_driven_lite.cc (null)\n...and 26 more items"
  "@com_google_protobuf//:src/google/protobuf/any.h (null)\n@com_google_protobuf//:src/google/protobuf/any.pb.h (null)\n@com_google_protobuf//:src/google/protobuf/api.pb.h (null)\n@com_google_protobuf//:src/google/protobuf/arena.h (null)\n@com_google_protobuf//:src/google/protobuf/arena_impl.h (null)\n@com_google_protobuf//:src/google/protobuf/arena_test_util.h (null)\n@com_google_protobuf//:src/google/protobuf/arenastring.h (null)\n...and 234 more items"
  "@com_google_protobuf//:msvc (016b1f6)"
  "@com_google_protobuf//:msvc (016b1f6)" -> "@bazel_tools//tools/cpp:compiler (016b1f6)"
  "@bazel_tools//tools/cpp:compiler (016b1f6)"
  "@com_google_protobuf//:android (016b1f6)\n@com_google_protobuf//:android-default (016b1f6)\n@com_google_protobuf//:android-gnu-libstdcpp (016b1f6)\n@com_google_protobuf//:android-libcpp (016b1f6)\n@com_google_protobuf//:android-stlport (016b1f6)"
}
