digraph mygraph {
  node [shape=box];
  "//:string_view_test (6953f50)"
  "//:string_view_test (6953f50)" -> "//:string_view (4e67ca8)"
  "//:string_view_test (6953f50)" -> "//:test/string_view_test.cc (null)"
  "//:string_view_test (6953f50)" -> "@com_google_googletest//:gtest_main (4e67ca8)"
  "//:string_view_test (6953f50)" -> "@local_config_cc//:cc-compiler-k8 (4e67ca8)"
  "//:test/string_view_test.cc (null)"
  "//:stack_line_reader_test (6953f50)"
  "//:stack_line_reader_test (6953f50)" -> "//:cpu_features_macros (4e67ca8)"
  "//:stack_line_reader_test (6953f50)" -> "//:filesystem_for_testing (4e67ca8)"
  "//:stack_line_reader_test (6953f50)" -> "//:include/internal/stack_line_reader.h (null)\n//:src/stack_line_reader.c (null)"
  "//:stack_line_reader_test (6953f50)" -> "//:string_view (4e67ca8)"
  "//:stack_line_reader_test (6953f50)" -> "//:test/stack_line_reader_test.cc (null)"
  "//:stack_line_reader_test (6953f50)" -> "@com_google_googletest//:gtest_main (4e67ca8)"
  "//:stack_line_reader_test (6953f50)" -> "@local_config_cc//:cc-compiler-k8 (4e67ca8)"
  "//:test/stack_line_reader_test.cc (null)"
  "//:ndk_compat (4e67ca8)"
  "//:ndk_compat (4e67ca8)" -> "//:cpu_features_macros (4e67ca8)"
  "//:ndk_compat (4e67ca8)" -> "//:cpuinfo (4e67ca8)"
  "//:ndk_compat (4e67ca8)" -> "//:filesystem (4e67ca8)"
  "//:ndk_compat (4e67ca8)" -> "//:ndk_compat/cpu-features.c (null)\n//:ndk_compat/cpu-features.h (null)"
  "//:ndk_compat (4e67ca8)" -> "//:stack_line_reader (4e67ca8)"
  "//:ndk_compat (4e67ca8)" -> "//:string_view (4e67ca8)"
  "//:ndk_compat/cpu-features.c (null)\n//:ndk_compat/cpu-features.h (null)"
  "//:list_cpu_features (4e67ca8)"
  "//:list_cpu_features (4e67ca8)" -> "//:bit_utils (4e67ca8)"
  "//:list_cpu_features (4e67ca8)" -> "//:cpu_features_macros (4e67ca8)"
  "//:list_cpu_features (4e67ca8)" -> "//:cpuinfo (4e67ca8)"
  "//:list_cpu_features (4e67ca8)" -> "//:src/utils/list_cpu_features.c (null)"
  "//:src/utils/list_cpu_features.c (null)"
  "//:cpuinfo_test (6953f50)"
  "//:cpuinfo_test (6953f50)" -> "//:cpuinfo_for_testing (4e67ca8)"
  "//:cpuinfo_test (6953f50)" -> "//:filesystem_for_testing (4e67ca8)"
  "//:cpuinfo_test (6953f50)" -> "//:hwcaps_for_testing (4e67ca8)"
  "//:cpuinfo_test (6953f50)" -> "//:string_view (4e67ca8)"
  "//:cpuinfo_test (6953f50)" -> "//:test/cpuinfo_x86_test.cc (null)"
  "//:cpuinfo_test (6953f50)" -> "@com_google_googletest//:gtest_main (4e67ca8)"
  "//:cpuinfo_test (6953f50)" -> "@local_config_cc//:cc-compiler-k8 (4e67ca8)"
  "//:cpuinfo_test (6953f50)" -> "@platforms//cpu:arm (6953f50)"
  "//:cpuinfo_test (6953f50)" -> "@platforms//cpu:arm64 (6953f50)"
  "//:cpuinfo_test (6953f50)" -> "@platforms//cpu:mips64 (6953f50)\n@platforms//cpu:ppc (6953f50)\n@platforms//cpu:riscv32 (6953f50)\n@platforms//cpu:riscv64 (6953f50)\n@platforms//cpu:x86_64 (6953f50)"
  "@platforms//cpu:mips64 (6953f50)\n@platforms//cpu:ppc (6953f50)\n@platforms//cpu:riscv32 (6953f50)\n@platforms//cpu:riscv64 (6953f50)\n@platforms//cpu:x86_64 (6953f50)"
  "@platforms//cpu:mips64 (6953f50)\n@platforms//cpu:ppc (6953f50)\n@platforms//cpu:riscv32 (6953f50)\n@platforms//cpu:riscv64 (6953f50)\n@platforms//cpu:x86_64 (6953f50)" -> "@platforms//cpu:cpu (4e67ca8)"
  "@platforms//cpu:arm64 (6953f50)"
  "@platforms//cpu:arm64 (6953f50)" -> "@platforms//cpu:aarch64 (4e67ca8)"
  "@platforms//cpu:arm (6953f50)"
  "@platforms//cpu:arm (6953f50)" -> "@platforms//cpu:aarch32 (4e67ca8)"
  "//:test/cpuinfo_x86_test.cc (null)"
  "//:cpuinfo_for_testing (4e67ca8)"
  "//:cpuinfo_for_testing (4e67ca8)" -> "//:bit_utils (4e67ca8)"
  "//:cpuinfo_for_testing (4e67ca8)" -> "//:cpu_features_cache_info (4e67ca8)"
  "//:cpuinfo_for_testing (4e67ca8)" -> "//:cpu_features_macros (4e67ca8)"
  "//:cpuinfo_for_testing (4e67ca8)" -> "//:filesystem_for_testing (4e67ca8)"
  "//:cpuinfo_for_testing (4e67ca8)" -> "//:hwcaps_for_testing (4e67ca8)"
  "//:cpuinfo_for_testing (4e67ca8)" -> "//:include/cpuinfo_x86.h (null)\n//:include/internal/cpuid_x86.h (null)\n//:include/internal/windows_utils.h (null)\n//:src/define_introspection.inl (null)\n//:src/define_introspection_and_hwcaps.inl (null)\n//:src/impl_x86__base_implementation.inl (null)\n//:src/impl_x86_freebsd.c (null)\n//:src/impl_x86_linux_or_android.c (null)\n//:src/impl_x86_macos.c (null)\n//:src/impl_x86_windows.c (null)"
  "//:cpuinfo_for_testing (4e67ca8)" -> "//:memory_utils (4e67ca8)"
  "//:cpuinfo_for_testing (4e67ca8)" -> "//:stack_line_reader_to_use_with_filesystem_for_testing (4e67ca8)"
  "//:cpuinfo_for_testing (4e67ca8)" -> "//:string_view (4e67ca8)"
  "//:cpuinfo_for_testing (4e67ca8)" -> "@platforms//cpu:arm (4e67ca8)"
  "//:cpuinfo_for_testing (4e67ca8)" -> "@platforms//cpu:arm64 (4e67ca8)"
  "//:cpuinfo_for_testing (4e67ca8)" -> "@platforms//cpu:mips64 (4e67ca8)\n@platforms//cpu:ppc (4e67ca8)\n@platforms//cpu:riscv32 (4e67ca8)\n@platforms//cpu:riscv64 (4e67ca8)\n@platforms//cpu:x86_64 (4e67ca8)"
  "//:stack_line_reader_to_use_with_filesystem_for_testing (4e67ca8)"
  "//:stack_line_reader_to_use_with_filesystem_for_testing (4e67ca8)" -> "//:cpu_features_macros (4e67ca8)"
  "//:stack_line_reader_to_use_with_filesystem_for_testing (4e67ca8)" -> "//:filesystem_for_testing (4e67ca8)"
  "//:stack_line_reader_to_use_with_filesystem_for_testing (4e67ca8)" -> "//:include/internal/stack_line_reader.h (null)\n//:src/stack_line_reader.c (null)"
  "//:stack_line_reader_to_use_with_filesystem_for_testing (4e67ca8)" -> "//:string_view (4e67ca8)"
  "//:hwcaps_for_testing (4e67ca8)"
  "//:hwcaps_for_testing (4e67ca8)" -> "//:cpu_features_macros (4e67ca8)"
  "//:hwcaps_for_testing (4e67ca8)" -> "//:filesystem_for_testing (4e67ca8)"
  "//:hwcaps_for_testing (4e67ca8)" -> "//:include/internal/hwcaps.h (null)\n//:src/hwcaps.c (null)"
  "//:hwcaps_for_testing (4e67ca8)" -> "//:string_view (4e67ca8)"
  "//:hwcaps_for_testing (4e67ca8)" -> "//:test/hwcaps_for_testing.cc (null)\n//:test/hwcaps_for_testing.h (null)"
  "//:test/hwcaps_for_testing.cc (null)\n//:test/hwcaps_for_testing.h (null)"
  "//:filesystem_for_testing (4e67ca8)"
  "//:filesystem_for_testing (4e67ca8)" -> "//:cpu_features_macros (4e67ca8)"
  "//:filesystem_for_testing (4e67ca8)" -> "//:include/internal/filesystem.h (null)\n//:src/filesystem.c (null)"
  "//:filesystem_for_testing (4e67ca8)" -> "//:test/filesystem_for_testing.cc (null)\n//:test/filesystem_for_testing.h (null)"
  "//:test/filesystem_for_testing.cc (null)\n//:test/filesystem_for_testing.h (null)"
  "//:cpuinfo (4e67ca8)"
  "//:cpuinfo (4e67ca8)" -> "//:bit_utils (4e67ca8)"
  "//:cpuinfo (4e67ca8)" -> "//:cpu_features_cache_info (4e67ca8)"
  "//:cpuinfo (4e67ca8)" -> "//:cpu_features_macros (4e67ca8)"
  "//:cpuinfo (4e67ca8)" -> "//:filesystem (4e67ca8)"
  "//:cpuinfo (4e67ca8)" -> "//:hwcaps (4e67ca8)"
  "//:cpuinfo (4e67ca8)" -> "//:include/cpuinfo_x86.h (null)\n//:include/internal/cpuid_x86.h (null)\n//:include/internal/windows_utils.h (null)\n//:src/define_introspection.inl (null)\n//:src/define_introspection_and_hwcaps.inl (null)\n//:src/impl_x86__base_implementation.inl (null)\n//:src/impl_x86_freebsd.c (null)\n//:src/impl_x86_linux_or_android.c (null)\n//:src/impl_x86_macos.c (null)\n//:src/impl_x86_windows.c (null)"
  "//:cpuinfo (4e67ca8)" -> "//:memory_utils (4e67ca8)"
  "//:cpuinfo (4e67ca8)" -> "//:stack_line_reader (4e67ca8)"
  "//:cpuinfo (4e67ca8)" -> "//:string_view (4e67ca8)"
  "//:cpuinfo (4e67ca8)" -> "@platforms//cpu:arm (4e67ca8)"
  "//:cpuinfo (4e67ca8)" -> "@platforms//cpu:arm64 (4e67ca8)"
  "//:cpuinfo (4e67ca8)" -> "@platforms//cpu:mips64 (4e67ca8)\n@platforms//cpu:ppc (4e67ca8)\n@platforms//cpu:riscv32 (4e67ca8)\n@platforms//cpu:riscv64 (4e67ca8)\n@platforms//cpu:x86_64 (4e67ca8)"
  "@platforms//cpu:mips64 (4e67ca8)\n@platforms//cpu:ppc (4e67ca8)\n@platforms//cpu:riscv32 (4e67ca8)\n@platforms//cpu:riscv64 (4e67ca8)\n@platforms//cpu:x86_64 (4e67ca8)"
  "@platforms//cpu:mips64 (4e67ca8)\n@platforms//cpu:ppc (4e67ca8)\n@platforms//cpu:riscv32 (4e67ca8)\n@platforms//cpu:riscv64 (4e67ca8)\n@platforms//cpu:x86_64 (4e67ca8)" -> "@platforms//cpu:cpu (4e67ca8)"
  "@platforms//cpu:arm64 (4e67ca8)"
  "@platforms//cpu:arm64 (4e67ca8)" -> "@platforms//cpu:aarch64 (4e67ca8)"
  "@platforms//cpu:aarch64 (4e67ca8)"
  "@platforms//cpu:aarch64 (4e67ca8)" -> "@platforms//cpu:cpu (4e67ca8)"
  "@platforms//cpu:arm (4e67ca8)"
  "@platforms//cpu:arm (4e67ca8)" -> "@platforms//cpu:aarch32 (4e67ca8)"
  "@platforms//cpu:aarch32 (4e67ca8)"
  "@platforms//cpu:aarch32 (4e67ca8)" -> "@platforms//cpu:cpu (4e67ca8)"
  "@platforms//cpu:cpu (4e67ca8)"
  "//:stack_line_reader (4e67ca8)"
  "//:stack_line_reader (4e67ca8)" -> "//:cpu_features_macros (4e67ca8)"
  "//:stack_line_reader (4e67ca8)" -> "//:filesystem (4e67ca8)"
  "//:stack_line_reader (4e67ca8)" -> "//:include/internal/stack_line_reader.h (null)\n//:src/stack_line_reader.c (null)"
  "//:stack_line_reader (4e67ca8)" -> "//:string_view (4e67ca8)"
  "//:include/internal/stack_line_reader.h (null)\n//:src/stack_line_reader.c (null)"
  "//:include/cpuinfo_x86.h (null)\n//:include/internal/cpuid_x86.h (null)\n//:include/internal/windows_utils.h (null)\n//:src/define_introspection.inl (null)\n//:src/define_introspection_and_hwcaps.inl (null)\n//:src/impl_x86__base_implementation.inl (null)\n//:src/impl_x86_freebsd.c (null)\n//:src/impl_x86_linux_or_android.c (null)\n//:src/impl_x86_macos.c (null)\n//:src/impl_x86_windows.c (null)"
  "//:hwcaps (4e67ca8)"
  "//:hwcaps (4e67ca8)" -> "//:cpu_features_macros (4e67ca8)"
  "//:hwcaps (4e67ca8)" -> "//:filesystem (4e67ca8)"
  "//:hwcaps (4e67ca8)" -> "//:include/internal/hwcaps.h (null)\n//:src/hwcaps.c (null)"
  "//:hwcaps (4e67ca8)" -> "//:string_view (4e67ca8)"
  "//:string_view (4e67ca8)"
  "//:string_view (4e67ca8)" -> "//:cpu_features_macros (4e67ca8)"
  "//:string_view (4e67ca8)" -> "//:include/internal/string_view.h (null)\n//:src/string_view.c (null)"
  "//:string_view (4e67ca8)" -> "//:memory_utils (4e67ca8)"
  "//:memory_utils (4e67ca8)"
  "//:memory_utils (4e67ca8)" -> "//:src/copy.inl (null)\n//:src/equals.inl (null)"
  "//:src/copy.inl (null)\n//:src/equals.inl (null)"
  "//:include/internal/string_view.h (null)\n//:src/string_view.c (null)"
  "//:include/internal/hwcaps.h (null)\n//:src/hwcaps.c (null)"
  "//:filesystem (4e67ca8)"
  "//:filesystem (4e67ca8)" -> "//:cpu_features_macros (4e67ca8)"
  "//:filesystem (4e67ca8)" -> "//:include/internal/filesystem.h (null)\n//:src/filesystem.c (null)"
  "//:include/internal/filesystem.h (null)\n//:src/filesystem.c (null)"
  "//:cpu_features_cache_info (4e67ca8)"
  "//:cpu_features_cache_info (4e67ca8)" -> "//:cpu_features_macros (4e67ca8)"
  "//:cpu_features_cache_info (4e67ca8)" -> "//:include/cpu_features_cache_info.h (null)"
  "//:include/cpu_features_cache_info.h (null)"
  "//:bit_utils_test (6953f50)"
  "//:bit_utils_test (6953f50)" -> "//:bit_utils (4e67ca8)"
  "//:bit_utils_test (6953f50)" -> "//:test/bit_utils_test.cc (null)"
  "//:bit_utils_test (6953f50)" -> "@com_google_googletest//:gtest_main (4e67ca8)"
  "//:bit_utils_test (6953f50)" -> "@local_config_cc//:cc-compiler-k8 (4e67ca8)"
  "@local_config_cc//:cc-compiler-k8 (4e67ca8)"
  "@local_config_cc//:cc-compiler-k8 (4e67ca8)" -> "@local_config_cc//:compiler_deps (016b1f6)"
  "@local_config_cc//:cc-compiler-k8 (4e67ca8)" -> "@local_config_cc//:empty (016b1f6)\n@local_config_cc//:local (4e67ca8)"
  "@local_config_cc//:empty (016b1f6)\n@local_config_cc//:local (4e67ca8)"
  "@local_config_cc//:compiler_deps (016b1f6)"
  "@local_config_cc//:compiler_deps (016b1f6)" -> "@local_config_cc//:builtin_include_directory_paths (null)"
  "@local_config_cc//:builtin_include_directory_paths (null)"
  "@com_google_googletest//:gtest_main (4e67ca8)"
  "@com_google_googletest//:gtest_main (4e67ca8)" -> "@com_google_googletest//:googlemock/src/gmock_main.cc (null)"
  "@com_google_googletest//:gtest_main (4e67ca8)" -> "@com_google_googletest//:gtest (4e67ca8)"
  "@com_google_googletest//:gtest_main (4e67ca8)" -> "@com_google_googletest//:windows (4e67ca8)"
  "@com_google_googletest//:gtest (4e67ca8)"
  "@com_google_googletest//:gtest (4e67ca8)" -> "@com_google_googletest//:googlemock/include/gmock/gmock-actions.h (null)\n@com_google_googletest//:googlemock/include/gmock/gmock-cardinalities.h (null)\n@com_google_googletest//:googlemock/include/gmock/gmock-function-mocker.h (null)\n@com_google_googletest//:googlemock/include/gmock/gmock-matchers.h (null)\n@com_google_googletest//:googlemock/include/gmock/gmock-more-actions.h (null)\n@com_google_googletest//:googlemock/include/gmock/gmock-more-matchers.h (null)\n...and 46 more items"
  "@com_google_googletest//:gtest (4e67ca8)" -> "@com_google_googletest//:windows (4e67ca8)"
  "@com_google_googletest//:windows (4e67ca8)"
  "@com_google_googletest//:windows (4e67ca8)" -> "@platforms//os:windows (4e67ca8)"
  "@platforms//os:windows (4e67ca8)"
  "@platforms//os:windows (4e67ca8)" -> "@platforms//os:os (4e67ca8)"
  "@platforms//os:os (4e67ca8)"
  "@com_google_googletest//:googlemock/include/gmock/gmock-actions.h (null)\n@com_google_googletest//:googlemock/include/gmock/gmock-cardinalities.h (null)\n@com_google_googletest//:googlemock/include/gmock/gmock-function-mocker.h (null)\n@com_google_googletest//:googlemock/include/gmock/gmock-matchers.h (null)\n@com_google_googletest//:googlemock/include/gmock/gmock-more-actions.h (null)\n@com_google_googletest//:googlemock/include/gmock/gmock-more-matchers.h (null)\n...and 46 more items"
  "@com_google_googletest//:googlemock/src/gmock_main.cc (null)"
  "//:test/bit_utils_test.cc (null)"
  "//:bit_utils (4e67ca8)"
  "//:bit_utils (4e67ca8)" -> "//:cpu_features_macros (4e67ca8)"
  "//:bit_utils (4e67ca8)" -> "//:include/internal/bit_utils.h (null)"
  "//:include/internal/bit_utils.h (null)"
  "//:cpu_features_macros (4e67ca8)"
  "//:cpu_features_macros (4e67ca8)" -> "//:include/cpu_features_macros.h (null)"
  "//:include/cpu_features_macros.h (null)"
}
