digraph mygraph {
  node [shape=box];
  "//:worker_service_java_proto (4e67ca8)"
  "//:worker_service_java_proto (4e67ca8)" -> "//:worker_service_proto (4e67ca8)"
  "//:worker_service_proto (4e67ca8)"
  "//:worker_service_proto (4e67ca8)" -> "//:control_proto (4e67ca8)"
  "//:worker_service_proto (4e67ca8)" -> "//:grpc/testing/worker_service.proto (null)"
  "//:service_config_proto (4e67ca8)"
  "//:service_config_proto (4e67ca8)" -> "//:grpc/service_config/service_config.proto (null)"
  "//:service_config_proto (4e67ca8)" -> "//:rls_config_proto (4e67ca8)"
  "//:service_config_proto (4e67ca8)" -> "@com_google_googleapis//google/rpc:code_proto (4e67ca8)"
  "//:service_config_proto (4e67ca8)" -> "@com_google_protobuf//:duration_proto (4e67ca8)"
  "//:service_config_proto (4e67ca8)" -> "@com_google_protobuf//:struct_proto (4e67ca8)"
  "//:service_config_proto (4e67ca8)" -> "@com_google_protobuf//:wrappers_proto (4e67ca8)"
  "@com_google_protobuf//:struct_proto (4e67ca8)"
  "@com_google_protobuf//:struct_proto (4e67ca8)" -> "@com_google_protobuf//:src/google/protobuf/struct.proto (null)"
  "@com_google_protobuf//:src/google/protobuf/struct.proto (null)"
  "@com_google_googleapis//google/rpc:code_proto (4e67ca8)"
  "@com_google_googleapis//google/rpc:code_proto (4e67ca8)" -> "@com_google_googleapis//google/rpc:code.proto (null)"
  "@com_google_googleapis//google/rpc:code.proto (null)"
  "//:rls_java_proto (4e67ca8)"
  "//:rls_java_proto (4e67ca8)" -> "//:rls_proto (4e67ca8)"
  "//:rls_proto (4e67ca8)"
  "//:rls_proto (4e67ca8)" -> "//:grpc/lookup/v1/rls.proto (null)"
  "//:rls_config_java_proto (4e67ca8)"
  "//:rls_config_java_proto (4e67ca8)" -> "//:rls_config_proto (4e67ca8)"
  "//:rls_config_proto (4e67ca8)"
  "//:rls_config_proto (4e67ca8)" -> "//:grpc/lookup/v1/rls_config.proto (null)"
  "//:rls_config_proto (4e67ca8)" -> "@com_google_protobuf//:duration_proto (4e67ca8)"
  "//:report_qps_scenario_service_java_proto (4e67ca8)"
  "//:report_qps_scenario_service_java_proto (4e67ca8)" -> "//:report_qps_scenario_service_proto (4e67ca8)"
  "//:report_qps_scenario_service_proto (4e67ca8)"
  "//:report_qps_scenario_service_proto (4e67ca8)" -> "//:control_proto (4e67ca8)"
  "//:report_qps_scenario_service_proto (4e67ca8)" -> "//:grpc/testing/report_qps_scenario_service.proto (null)"
  "//:reflection_java_proto_deprecated (4e67ca8)"
  "//:reflection_java_proto_deprecated (4e67ca8)" -> "//:reflection_proto_deprecated (4e67ca8)"
  "//:reflection_proto_deprecated (4e67ca8)"
  "//:reflection_proto_deprecated (4e67ca8)" -> "//:grpc/reflection/v1alpha/reflection.proto (null)"
  "//:reflection_java_proto (4e67ca8)"
  "//:reflection_java_proto (4e67ca8)" -> "//:reflection_proto (4e67ca8)"
  "//:reflection_proto (4e67ca8)"
  "//:reflection_proto (4e67ca8)" -> "//:grpc/reflection/v1/reflection.proto (null)"
  "//:messages_java_proto (4e67ca8)"
  "//:messages_java_proto (4e67ca8)" -> "//:messages_proto (4e67ca8)"
  "//:health_java_proto (4e67ca8)"
  "//:health_java_proto (4e67ca8)" -> "//:health_proto (4e67ca8)"
  "//:health_proto (4e67ca8)"
  "//:health_proto (4e67ca8)" -> "//:grpc/health/v1/health.proto (null)"
  "//:grpclb_load_reporter_proto (4e67ca8)"
  "//:grpclb_load_reporter_proto (4e67ca8)" -> "//:grpc/lb/v1/load_reporter.proto (null)"
  "//:grpclb_load_reporter_proto (4e67ca8)" -> "@com_google_protobuf//:duration_proto (4e67ca8)"
  "//:grpclb_load_reporter_proto (4e67ca8)" -> "@com_google_protobuf//:timestamp_proto (4e67ca8)"
  "//:grpclb_load_balancer_java_proto (4e67ca8)"
  "//:grpclb_load_balancer_java_proto (4e67ca8)" -> "//:grpclb_load_balancer_proto (4e67ca8)"
  "//:grpclb_load_balancer_proto (4e67ca8)"
  "//:grpclb_load_balancer_proto (4e67ca8)" -> "//:grpc/lb/v1/load_balancer.proto (null)"
  "//:grpclb_load_balancer_proto (4e67ca8)" -> "@com_google_protobuf//:duration_proto (4e67ca8)"
  "//:grpclb_load_balancer_proto (4e67ca8)" -> "@com_google_protobuf//:timestamp_proto (4e67ca8)"
  "//:grpc/testing/worker_service.proto (null)"
  "//:grpc/testing/report_qps_scenario_service.proto (null)"
  "//:grpc/service_config/service_config.proto (null)"
  "//:grpc/reflection/v1alpha/reflection.proto (null)"
  "//:grpc/reflection/v1/reflection.proto (null)"
  "//:grpc/lookup/v1/rls_config.proto (null)"
  "//:grpc/lookup/v1/rls.proto (null)"
  "//:grpc/lb/v1/load_reporter.proto (null)"
  "//:grpc/lb/v1/load_balancer.proto (null)"
  "//:grpc/health/v1/health.proto (null)"
  "//:control_java_proto (4e67ca8)"
  "//:control_java_proto (4e67ca8)" -> "//:control_proto (4e67ca8)"
  "//:control_proto (4e67ca8)"
  "//:control_proto (4e67ca8)" -> "//:grpc/testing/control.proto (null)\n//:grpc/testing/payloads.proto (null)\n//:grpc/testing/stats.proto (null)"
  "//:control_proto (4e67ca8)" -> "//:stats_proto (4e67ca8)"
  "//:control_proto (4e67ca8)" -> "@com_google_protobuf//:timestamp_proto (4e67ca8)"
  "//:stats_proto (4e67ca8)"
  "//:stats_proto (4e67ca8)" -> "//:grpc/core/stats.proto (null)"
  "//:grpc/core/stats.proto (null)"
  "//:grpc/testing/control.proto (null)\n//:grpc/testing/payloads.proto (null)\n//:grpc/testing/stats.proto (null)"
  "//:channelz_java_proto (4e67ca8)"
  "//:channelz_java_proto (4e67ca8)" -> "//:channelz_proto (4e67ca8)"
  "//:channelz_proto (4e67ca8)"
  "//:channelz_proto (4e67ca8)" -> "//:grpc/channelz/v1/channelz.proto (null)"
  "//:channelz_proto (4e67ca8)" -> "@com_google_protobuf//:any_proto (4e67ca8)"
  "//:channelz_proto (4e67ca8)" -> "@com_google_protobuf//:duration_proto (4e67ca8)"
  "//:channelz_proto (4e67ca8)" -> "@com_google_protobuf//:timestamp_proto (4e67ca8)"
  "//:channelz_proto (4e67ca8)" -> "@com_google_protobuf//:wrappers_proto (4e67ca8)"
  "@com_google_protobuf//:wrappers_proto (4e67ca8)"
  "@com_google_protobuf//:wrappers_proto (4e67ca8)" -> "@com_google_protobuf//:src/google/protobuf/wrappers.proto (null)"
  "@com_google_protobuf//:src/google/protobuf/wrappers.proto (null)"
  "@com_google_protobuf//:any_proto (4e67ca8)"
  "@com_google_protobuf//:any_proto (4e67ca8)" -> "@com_google_protobuf//:src/google/protobuf/any.proto (null)"
  "@com_google_protobuf//:src/google/protobuf/any.proto (null)"
  "//:grpc/channelz/v1/channelz.proto (null)"
  "//:binarylog_java_proto (4e67ca8)"
  "//:binarylog_java_proto (4e67ca8)" -> "//:binarylog_proto (4e67ca8)"
  "//:binarylog_proto (4e67ca8)"
  "//:binarylog_proto (4e67ca8)" -> "//:grpc/binlog/v1/binarylog.proto (null)"
  "//:binarylog_proto (4e67ca8)" -> "@com_google_protobuf//:duration_proto (4e67ca8)"
  "//:binarylog_proto (4e67ca8)" -> "@com_google_protobuf//:timestamp_proto (4e67ca8)"
  "@com_google_protobuf//:timestamp_proto (4e67ca8)"
  "@com_google_protobuf//:timestamp_proto (4e67ca8)" -> "@com_google_protobuf//:src/google/protobuf/timestamp.proto (null)"
  "@com_google_protobuf//:src/google/protobuf/timestamp.proto (null)"
  "@com_google_protobuf//:duration_proto (4e67ca8)"
  "@com_google_protobuf//:duration_proto (4e67ca8)" -> "@com_google_protobuf//:src/google/protobuf/duration.proto (null)"
  "@com_google_protobuf//:src/google/protobuf/duration.proto (null)"
  "//:grpc/binlog/v1/binarylog.proto (null)"
  "//:benchmark_service_java_proto (4e67ca8)"
  "//:benchmark_service_java_proto (4e67ca8)" -> "//:benchmark_service_proto (4e67ca8)"
  "//:benchmark_service_proto (4e67ca8)"
  "//:benchmark_service_proto (4e67ca8)" -> "//:grpc/testing/benchmark_service.proto (null)"
  "//:benchmark_service_proto (4e67ca8)" -> "//:messages_proto (4e67ca8)"
  "//:messages_proto (4e67ca8)"
  "//:messages_proto (4e67ca8)" -> "//:grpc/testing/messages.proto (null)"
  "//:grpc/testing/messages.proto (null)"
  "//:grpc/testing/benchmark_service.proto (null)"
  "//:alts_handshaker_java_proto (4e67ca8)"
  "//:alts_handshaker_java_proto (4e67ca8)" -> "//:alts_handshaker_proto (4e67ca8)"
  "//:alts_handshaker_proto (4e67ca8)"
  "//:alts_handshaker_proto (4e67ca8)" -> "//:grpc/gcp/altscontext.proto (null)\n//:grpc/gcp/handshaker.proto (null)\n//:grpc/gcp/transport_security_common.proto (null)"
  "//:grpc/gcp/altscontext.proto (null)\n//:grpc/gcp/handshaker.proto (null)\n//:grpc/gcp/transport_security_common.proto (null)"
}
